2024-06-29 20:21:22,808 [INFO] MainUpdater:2873 - connection check result : 10
2024-06-29 20:21:22,976 [INFO] McuFinderGlobals:76 - Set McuFinderConnectedMode to true
2024-06-29 20:21:22,981 [INFO] MultiScanPanel:200 - Auto-refresh data requested => check proxy status ongoing
2024-06-29 20:21:22,982 [INFO] FinderPluginLoader:95 - Searching for filters in installed packs
2024-06-29 20:21:24,354 [INFO] LoadUrlFilesThread:185 - End of LoadServerUrlFiles without Thread
2024-06-29 20:21:24,354 [INFO] DetailPanel:341 - Set advertising image to C:/Users/nikns/STM32Cube/Repository/\en.prom-stm32h7rs-mcu-finder.jpg
2024-06-29 20:21:54,472 [INFO] MainUpdater:2873 - connection check result : 10
2024-06-29 20:21:54,472 [INFO] MainUpdater:2873 - connection check result : 10
2024-06-29 20:21:54,562 [INFO] MicroXplorer:468 - Change Database Path : 
2024-06-29 20:21:54,562 [INFO] MicroXplorer:498 - Change Database Version : DB.6.0.111
2024-06-29 20:21:54,592 [ERROR] ProjectManagerView:394 - 
java.lang.NullPointerException: Cannot invoke "javax.swing.JTextField.getText()" because the return value of "java.util.List.get(int)" is null
	at com.st.microxplorer.plugins.projectmanager.gui.ProjectChoiceTab$10.caretUpdate(ProjectChoiceTab.java:2504) ~[filemanager.jar:?]
	at javax.swing.text.JTextComponent.fireCaretUpdate(JTextComponent.java:412) ~[?:?]
	at javax.swing.text.JTextComponent$MutableCaretEvent.fire(JTextComponent.java:4491) ~[?:?]
	at javax.swing.text.JTextComponent$MutableCaretEvent.stateChanged(JTextComponent.java:4513) ~[?:?]
	at javax.swing.text.DefaultCaret.fireStateChanged(DefaultCaret.java:842) ~[?:?]
	at javax.swing.text.DefaultCaret.changeCaretPosition(DefaultCaret.java:1313) ~[?:?]
	at javax.swing.text.DefaultCaret.handleSetDot(DefaultCaret.java:1212) ~[?:?]
	at javax.swing.text.DefaultCaret.setDot(DefaultCaret.java:1193) ~[?:?]
	at javax.swing.text.DefaultCaret$Handler.insertUpdate(DefaultCaret.java:1789) ~[?:?]
	at javax.swing.text.AbstractDocument.fireInsertUpdate(AbstractDocument.java:226) ~[?:?]
	at javax.swing.text.AbstractDocument.handleInsertString(AbstractDocument.java:780) ~[?:?]
	at javax.swing.text.AbstractDocument.insertString(AbstractDocument.java:739) ~[?:?]
	at javax.swing.text.PlainDocument.insertString(PlainDocument.java:131) ~[?:?]
	at javax.swing.text.AbstractDocument.replace(AbstractDocument.java:698) ~[?:?]
	at javax.swing.text.JTextComponent.setText(JTextComponent.java:1729) ~[?:?]
	at com.st.microxplorer.plugins.projectmanager.gui.ProjectChoiceTab.createHeapStackFields(ProjectChoiceTab.java:944) ~[filemanager.jar:?]
	at com.st.microxplorer.plugins.projectmanager.gui.ProjectChoiceTab.buildLinkSettingsPanel(ProjectChoiceTab.java:3475) ~[filemanager.jar:?]
	at com.st.microxplorer.plugins.projectmanager.gui.ProjectChoiceTab.defineWindowsFields(ProjectChoiceTab.java:1816) ~[filemanager.jar:?]
	at com.st.microxplorer.plugins.projectmanager.gui.ProjectChoiceTab.updateSettings(ProjectChoiceTab.java:544) ~[filemanager.jar:?]
	at com.st.microxplorer.plugins.projectmanager.gui.ProjectSettingsPanel.UpdateDialog(ProjectSettingsPanel.java:245) ~[filemanager.jar:?]
	at com.st.microxplorer.plugins.projectmanager.ProjectManagerView.propertyChange(ProjectManagerView.java:391) ~[filemanager.jar:?]
	at java.beans.PropertyChangeSupport.fire(PropertyChangeSupport.java:343) ~[?:?]
	at java.beans.PropertyChangeSupport.firePropertyChange(PropertyChangeSupport.java:335) ~[?:?]
	at java.beans.PropertyChangeSupport.firePropertyChange(PropertyChangeSupport.java:268) ~[?:?]
	at com.st.microxplorer.util.MXPropertyChangeSupport.firePropertyChange(MXPropertyChangeSupport.java:54) ~[STM32CubeMX.jar:?]
	at com.st.microxplorer.mxsystem.MxSystem.closeConfig(MxSystem.java:900) ~[STM32CubeMX.jar:?]
	at com.st.microxplorer.maingui.MainPanel.closeConfig(MainPanel.java:776) ~[STM32CubeMX.jar:?]
	at com.st.microxplorer.plugins.filemanager.engine.OpenFileManager.loadConfigurationFile(OpenFileManager.java:245) ~[filemanager.jar:?]
	at com.st.microxplorer.plugins.filemanager.engine.MainFileManager.userLoadConfig(MainFileManager.java:315) ~[filemanager.jar:?]
	at com.st.microxplorer.plugins.filemanager.engine.MainFileManager.userLoadConfig(MainFileManager.java:293) ~[filemanager.jar:?]
	at com.st.microxplorer.plugins.filemanager.FileManagerView.getSpecificTask(FileManagerView.java:247) ~[filemanager.jar:?]
	at com.st.stm32cube.common.mx.editor.CubeMxEditor.getMxTabbedPaneInstance(CubeMxEditor.java:1198) ~[com.st.stm32cube.common.mx_6.11.1.202404110753/:?]
	at com.st.stm32cube.common.mx.editor.CubeMxEditor$12$1.createSwingComponent(CubeMxEditor.java:1068) ~[com.st.stm32cube.common.mx_6.11.1.202404110753/:?]
	at com.st.stm32cube.common.mx.oss.core.awtswtbridge.EmbeddedSwingComposite.doComponentCreation(EmbeddedSwingComposite.java:492) ~[com.st.stm32cube.common.mx.oss_6.11.1.202404110753/:?]
	at com.st.stm32cube.common.mx.oss.core.awtswtbridge.EmbeddedSwingComposite$4.run(EmbeddedSwingComposite.java:291) ~[com.st.stm32cube.common.mx.oss_6.11.1.202404110753/:?]
	at com.st.stm32cube.common.mx.oss.core.awtswtbridge.AwtEnvironment$2.run(AwtEnvironment.java:166) ~[com.st.stm32cube.common.mx.oss_6.11.1.202404110753/:?]
	at java.awt.event.InvocationEvent.dispatch(InvocationEvent.java:318) ~[?:?]
	at java.awt.EventQueue.dispatchEventImpl(EventQueue.java:773) ~[?:?]
	at java.awt.EventQueue$4.run(EventQueue.java:720) ~[?:?]
	at java.awt.EventQueue$4.run(EventQueue.java:714) ~[?:?]
	at java.security.AccessController.doPrivileged(AccessController.java:399) ~[?:?]
	at java.security.ProtectionDomain$JavaSecurityAccessImpl.doIntersectionPrivilege(ProtectionDomain.java:86) ~[?:?]
	at java.awt.EventQueue.dispatchEvent(EventQueue.java:742) ~[?:?]
	at java.awt.EventDispatchThread.pumpOneEventForFilters(EventDispatchThread.java:203) ~[?:?]
	at java.awt.EventDispatchThread.pumpEventsForFilter(EventDispatchThread.java:124) ~[?:?]
	at java.awt.EventDispatchThread.pumpEventsForHierarchy(EventDispatchThread.java:113) ~[?:?]
	at java.awt.EventDispatchThread.pumpEvents(EventDispatchThread.java:109) ~[?:?]
	at java.awt.EventDispatchThread.pumpEvents(EventDispatchThread.java:101) ~[?:?]
	at java.awt.EventDispatchThread.run(EventDispatchThread.java:90) ~[?:?]
2024-06-29 20:21:54,594 [WARN] ThirdParty:871 - waiting for thirdparty lock release [close project]
2024-06-29 20:21:54,595 [INFO] ThirdParty:873 - entering critical section [close project]
2024-06-29 20:21:54,595 [INFO] ThirdParty:883 - exiting critical section [close project]
2024-06-29 20:21:54,597 [INFO] PinOutPanel:1561 - setPackage(No Configuration,No Configuration)
2024-06-29 20:21:54,606 [WARN] IpParametersView:151 - Warning: This peripheral hasn't parameters
2024-06-29 20:21:54,611 [WARN] MainPanel:272 - <html><b><center>Warning: This peripheral has no parameters to be configured<br></b></html>
2024-06-29 20:21:54,615 [INFO] UtilMem:75 - Begin LoadConfig() Used Memory: 599897392 Bytes (922746880)
2024-06-29 20:21:54,616 [INFO] MicroXplorer:468 - Change Database Path : 
2024-06-29 20:21:54,616 [INFO] MicroXplorer:498 - Change Database Version : DB.6.0.111
2024-06-29 20:21:54,616 [INFO] OpenFileManager:312 - Change cursor
2024-06-29 20:21:54,661 [INFO] RulesReader:64 - Compatibility file has been processed (297 Rules)
2024-06-29 20:21:54,690 [INFO] Mcu:2021 - Initializing MCU STM32F401CCUx STM32F401CCUx STM32F401CCU6
2024-06-29 20:21:56,263 [INFO] Context:663 - Trying to add GPIOservice into a context  which must be forbidden
2024-06-29 20:21:56,664 [INFO] ImportTextPane:194 - (OptionalMessage_ERROR) Unable to find key (Mcu.ThirdPartyNb) in loaded IOC file
2024-06-29 20:21:56,666 [INFO] ImportTextPane:194 - (OptionalMessage_ERROR) Unable to find key (Mcu.PinsNb) in loaded IOC file
2024-06-29 20:21:56,666 [INFO] ImportTextPane:194 - (OptionalMessage_ERROR) Unable to find key (Mcu.IPNb) in loaded IOC file
2024-06-29 20:21:56,735 [INFO] RtosManager:555 - Registered RTOS mode: class=CMSIS, group=RTOS, mode=CMSIS_V1, owner=FREERTOS
2024-06-29 20:21:56,735 [INFO] RtosManager:555 - Registered RTOS mode: class=CMSIS, group=RTOS2, mode=CMSIS_V2, owner=FREERTOS
2024-06-29 20:21:56,735 [INFO] RtosManager:555 - Registered RTOS mode: class=RTOS, group=Core, mode=CMSIS_V1, owner=FREERTOS
2024-06-29 20:21:56,735 [INFO] RtosManager:555 - Registered RTOS mode: class=RTOS, group=Core, mode=CMSIS_V2, owner=FREERTOS
2024-06-29 20:21:56,735 [WARN] ModelIntegratedComponent:184 - Missing modes for component STMicroelectronics:FreeRTOS:0.0.1:STMicroelectronics:RTOS:FreeRTOS:Core:::10.2.0:
2024-06-29 20:21:56,745 [WARN] ModelIntegratedComponent:182 - Modes not found for component STMicroelectronics:USB_HOST:1.0.0:STMicroelectronics:USB::USB Host:Audio HS::1.0:USB_HOST_1_0_RESTRICTED_HS
2024-06-29 20:21:56,745 [WARN] ModelIntegratedComponent:188 - Modes not found for component STMicroelectronics:USB_HOST:1.0.0:STMicroelectronics:USB::USB Host:Audio HS::1.0:USB_HOST_1_0_RESTRICTED_HS
2024-06-29 20:21:56,745 [WARN] ModelIntegratedComponent:182 - Modes not found for component STMicroelectronics:USB_HOST:1.0.0:STMicroelectronics:USB::USB Host:CDC HS::1.0:USB_HOST_1_0_RESTRICTED_HS
2024-06-29 20:21:56,745 [WARN] ModelIntegratedComponent:188 - Modes not found for component STMicroelectronics:USB_HOST:1.0.0:STMicroelectronics:USB::USB Host:CDC HS::1.0:USB_HOST_1_0_RESTRICTED_HS
2024-06-29 20:21:56,745 [WARN] ModelIntegratedComponent:182 - Modes not found for component STMicroelectronics:USB_HOST:1.0.0:STMicroelectronics:USB::USB Host:MSC HS::1.0:USB_HOST_1_0_RESTRICTED_HS
2024-06-29 20:21:56,745 [WARN] ModelIntegratedComponent:188 - Modes not found for component STMicroelectronics:USB_HOST:1.0.0:STMicroelectronics:USB::USB Host:MSC HS::1.0:USB_HOST_1_0_RESTRICTED_HS
2024-06-29 20:21:56,745 [WARN] ModelIntegratedComponent:182 - Modes not found for component STMicroelectronics:USB_HOST:1.0.0:STMicroelectronics:USB::USB Host:HID HS::1.0:USB_HOST_1_0_RESTRICTED_HS
2024-06-29 20:21:56,746 [WARN] ModelIntegratedComponent:188 - Modes not found for component STMicroelectronics:USB_HOST:1.0.0:STMicroelectronics:USB::USB Host:HID HS::1.0:USB_HOST_1_0_RESTRICTED_HS
2024-06-29 20:21:56,746 [WARN] ModelIntegratedComponent:182 - Modes not found for component STMicroelectronics:USB_HOST:1.0.0:STMicroelectronics:USB::USB Host:MTP HS::1.0:USB_HOST_1_0_RESTRICTED_HS
2024-06-29 20:21:56,746 [WARN] ModelIntegratedComponent:188 - Modes not found for component STMicroelectronics:USB_HOST:1.0.0:STMicroelectronics:USB::USB Host:MTP HS::1.0:USB_HOST_1_0_RESTRICTED_HS
2024-06-29 20:21:56,751 [WARN] ModelIntegratedComponent:63 - No mode defined for component null
2024-06-29 20:21:56,751 [WARN] ModelIntegratedComponent:63 - No mode defined for component null
2024-06-29 20:21:56,751 [WARN] ModelIntegratedComponent:63 - No mode defined for component null
2024-06-29 20:21:56,751 [WARN] ModelIntegratedComponent:63 - No mode defined for component null
2024-06-29 20:21:56,751 [WARN] ModelIntegratedComponent:63 - No mode defined for component null
2024-06-29 20:21:56,751 [WARN] ModelIntegratedComponent:63 - No mode defined for component null
2024-06-29 20:21:56,751 [WARN] ModelIntegratedComponent:63 - No mode defined for component null
2024-06-29 20:21:56,751 [WARN] ModelIntegratedComponent:63 - No mode defined for component null
2024-06-29 20:21:56,751 [WARN] ModelIntegratedComponent:63 - No mode defined for component null
2024-06-29 20:21:56,752 [WARN] ModelIntegratedComponent:63 - No mode defined for component null
2024-06-29 20:21:56,752 [WARN] ModelIntegratedComponent:63 - No mode defined for component null
2024-06-29 20:21:56,752 [WARN] ModelIntegratedComponent:63 - No mode defined for component null
2024-06-29 20:21:56,752 [WARN] ModelIntegratedComponent:63 - No mode defined for component null
2024-06-29 20:21:56,752 [WARN] ModelIntegratedComponent:63 - No mode defined for component null
2024-06-29 20:21:56,752 [WARN] ModelIntegratedComponent:63 - No mode defined for component null
2024-06-29 20:21:56,752 [WARN] ModelIntegratedComponent:63 - No mode defined for component null
2024-06-29 20:21:56,752 [WARN] ModelIntegratedComponent:63 - No mode defined for component null
2024-06-29 20:21:56,752 [WARN] ModelIntegratedComponent:63 - No mode defined for component null
2024-06-29 20:21:56,752 [WARN] ModelIntegratedComponent:63 - No mode defined for component null
2024-06-29 20:21:56,752 [WARN] ModelIntegratedComponent:63 - No mode defined for component null
2024-06-29 20:21:56,752 [WARN] ModelIntegratedComponent:63 - No mode defined for component null
2024-06-29 20:21:56,752 [WARN] ModelIntegratedComponent:63 - No mode defined for component null
2024-06-29 20:21:56,752 [WARN] ModelIntegratedComponent:63 - No mode defined for component null
2024-06-29 20:21:56,752 [WARN] ModelIntegratedComponent:63 - No mode defined for component null
2024-06-29 20:21:56,752 [WARN] ModelIntegratedComponent:63 - No mode defined for component null
2024-06-29 20:21:56,752 [WARN] ModelIntegratedComponent:63 - No mode defined for component null
2024-06-29 20:21:56,752 [WARN] ModelIntegratedComponent:63 - No mode defined for component null
2024-06-29 20:21:56,753 [WARN] ModelIntegratedComponent:63 - No mode defined for component null
2024-06-29 20:21:56,753 [WARN] ModelIntegratedComponent:63 - No mode defined for component null
2024-06-29 20:21:56,753 [WARN] ModelIntegratedComponent:63 - No mode defined for component null
2024-06-29 20:21:56,753 [WARN] ModelIntegratedComponent:63 - No mode defined for component null
2024-06-29 20:21:56,753 [WARN] ModelIntegratedComponent:63 - No mode defined for component null
2024-06-29 20:21:56,753 [WARN] ModelIntegratedComponent:63 - No mode defined for component null
2024-06-29 20:21:56,753 [WARN] ModelIntegratedComponent:63 - No mode defined for component null
2024-06-29 20:21:57,063 [WARN] ModelIntegratedComponent:182 - Modes not found for component STMicroelectronics:USB_DEVICE:1.0.0:STMicroelectronics:USB::USB Device:Audio HS::1.0:USB_DEVICE_1_0_RESTRICTED_HS
2024-06-29 20:21:57,064 [WARN] ModelIntegratedComponent:188 - Modes not found for component STMicroelectronics:USB_DEVICE:1.0.0:STMicroelectronics:USB::USB Device:Audio HS::1.0:USB_DEVICE_1_0_RESTRICTED_HS
2024-06-29 20:21:57,064 [WARN] ModelIntegratedComponent:182 - Modes not found for component STMicroelectronics:USB_DEVICE:1.0.0:STMicroelectronics:USB::USB Device:CDC HS::1.0:USB_DEVICE_1_0_RESTRICTED_HS
2024-06-29 20:21:57,064 [WARN] ModelIntegratedComponent:188 - Modes not found for component STMicroelectronics:USB_DEVICE:1.0.0:STMicroelectronics:USB::USB Device:CDC HS::1.0:USB_DEVICE_1_0_RESTRICTED_HS
2024-06-29 20:21:57,064 [WARN] ModelIntegratedComponent:182 - Modes not found for component STMicroelectronics:USB_DEVICE:1.0.0:STMicroelectronics:USB::USB Device:DFU HS::1.0:USB_DEVICE_1_0_RESTRICTED_HS
2024-06-29 20:21:57,064 [WARN] ModelIntegratedComponent:188 - Modes not found for component STMicroelectronics:USB_DEVICE:1.0.0:STMicroelectronics:USB::USB Device:DFU HS::1.0:USB_DEVICE_1_0_RESTRICTED_HS
2024-06-29 20:21:57,064 [WARN] ModelIntegratedComponent:182 - Modes not found for component STMicroelectronics:USB_DEVICE:1.0.0:STMicroelectronics:USB::USB Device:HID HS::1.0:USB_DEVICE_1_0_RESTRICTED_HS
2024-06-29 20:21:57,064 [WARN] ModelIntegratedComponent:188 - Modes not found for component STMicroelectronics:USB_DEVICE:1.0.0:STMicroelectronics:USB::USB Device:HID HS::1.0:USB_DEVICE_1_0_RESTRICTED_HS
2024-06-29 20:21:57,065 [WARN] ModelIntegratedComponent:182 - Modes not found for component STMicroelectronics:USB_DEVICE:1.0.0:STMicroelectronics:USB::USB Device:Custom HID HS::1.0:USB_DEVICE_1_0_RESTRICTED_HS
2024-06-29 20:21:57,065 [WARN] ModelIntegratedComponent:188 - Modes not found for component STMicroelectronics:USB_DEVICE:1.0.0:STMicroelectronics:USB::USB Device:Custom HID HS::1.0:USB_DEVICE_1_0_RESTRICTED_HS
2024-06-29 20:21:57,065 [WARN] ModelIntegratedComponent:182 - Modes not found for component STMicroelectronics:USB_DEVICE:1.0.0:STMicroelectronics:USB::USB Device:MSC HS::1.0:USB_DEVICE_1_0_RESTRICTED_HS
2024-06-29 20:21:57,065 [WARN] ModelIntegratedComponent:188 - Modes not found for component STMicroelectronics:USB_DEVICE:1.0.0:STMicroelectronics:USB::USB Device:MSC HS::1.0:USB_DEVICE_1_0_RESTRICTED_HS
2024-06-29 20:21:57,098 [INFO] ThirdPartyModel:298 - Start build external matchings
2024-06-29 20:21:58,216 [INFO] ThirdPartyModel:316 - End build external matchings
2024-06-29 20:21:58,448 [INFO] UtilMem:75 - End LoadConfig() Used Memory: 455386768 Bytes (922746880)
2024-06-29 20:21:58,479 [WARN] ThirdParty:833 - waiting for thirdparty lock release [change project]
2024-06-29 20:21:58,479 [INFO] ThirdParty:835 - entering critical section [change project]
2024-06-29 20:21:58,480 [INFO] ThirdParty:1030 - CMSIS Pack Vendor :STMicroelectronics USBPD 4.1
2024-06-29 20:21:58,480 [INFO] ThirdParty:1030 - CMSIS Pack Vendor :STMicroelectronics X-CUBE-GNSS1 6.0.0
2024-06-29 20:21:58,480 [INFO] ThirdParty:1030 - CMSIS Pack Vendor :STMicroelectronics USB_HOST 2.0.0
2024-06-29 20:21:58,480 [INFO] ThirdParty:1030 - CMSIS Pack Vendor :STMicroelectronics FP-SNS-MOTENVWB1 1.4.0
2024-06-29 20:21:58,480 [INFO] ThirdParty:1030 - CMSIS Pack Vendor :STMicroelectronics X-CUBE-AZRTOS-F4 1.1.0
2024-06-29 20:21:58,480 [INFO] ThirdParty:1030 - CMSIS Pack Vendor :STMicroelectronics LIBJPEG 8.0.0
2024-06-29 20:21:58,480 [INFO] ThirdParty:1030 - CMSIS Pack Vendor :STMicroelectronics X-CUBE-SMBUS 2.1.0
2024-06-29 20:21:58,480 [INFO] ThirdParty:1030 - CMSIS Pack Vendor :STMicroelectronics USB_DEVICE 3.0.0
2024-06-29 20:21:58,480 [INFO] ThirdParty:1030 - CMSIS Pack Vendor :STMicroelectronics X-CUBE-TCPP 4.1.0
2024-06-29 20:21:58,480 [INFO] ThirdParty:1030 - CMSIS Pack Vendor :STMicroelectronics X-CUBE-FREERTOS 1.2.0
2024-06-29 20:21:58,480 [INFO] ThirdParty:1030 - CMSIS Pack Vendor :STMicroelectronics X-CUBE-AZRTOS-WB 2.0.0
2024-06-29 20:21:58,480 [INFO] ThirdParty:1030 - CMSIS Pack Vendor :STMicroelectronics X-CUBE-TOUCHGFX 4.23.2
2024-06-29 20:21:58,480 [INFO] ThirdParty:1030 - CMSIS Pack Vendor :STMicroelectronics X-CUBE-AZRTOS-F7 1.1.0
2024-06-29 20:21:58,480 [INFO] ThirdParty:1030 - CMSIS Pack Vendor :STMicroelectronics X-CUBE-AZRTOS-L5 2.0.0
2024-06-29 20:21:58,480 [INFO] ThirdParty:1030 - CMSIS Pack Vendor :STMicroelectronics USB_DEVICE 2.0.0
2024-06-29 20:21:58,480 [INFO] ThirdParty:1030 - CMSIS Pack Vendor :STMicroelectronics X-CUBE-NFC6 3.1.0
2024-06-29 20:21:58,480 [INFO] ThirdParty:1030 - CMSIS Pack Vendor :STMicroelectronics FreeRTOS 0.0.1
2024-06-29 20:21:58,480 [INFO] ThirdParty:1030 - CMSIS Pack Vendor :STMicroelectronics X-CUBE-AZRTOS-G0 1.1.0
2024-06-29 20:21:58,480 [INFO] ThirdParty:1030 - CMSIS Pack Vendor :STMicroelectronics X-CUBE-SAFEA1 1.2.2
2024-06-29 20:21:58,480 [INFO] ThirdParty:1030 - CMSIS Pack Vendor :STMicroelectronics X-CUBE-NFC4 3.0.0
2024-06-29 20:21:58,480 [INFO] ThirdParty:1030 - CMSIS Pack Vendor :STMicroelectronics X-CUBE-SUBG2 5.0.0
2024-06-29 20:21:58,480 [INFO] ThirdParty:1030 - CMSIS Pack Vendor :STMicroelectronics STM32_WPAN 1.0.0
2024-06-29 20:21:58,481 [INFO] ThirdParty:1030 - CMSIS Pack Vendor :STMicroelectronics lwIP 2.0.3
2024-06-29 20:21:58,481 [INFO] ThirdParty:1030 - CMSIS Pack Vendor :STMicroelectronics FP-SNS-FLIGHT1 5.0.2
2024-06-29 20:21:58,481 [INFO] ThirdParty:1030 - CMSIS Pack Vendor :Cesanta I-CUBE-Mongoose 7.13.0
2024-06-29 20:21:58,481 [INFO] ThirdParty:1030 - CMSIS Pack Vendor :STMicroelectronics USB_HOST 1.0.0
2024-06-29 20:21:58,481 [INFO] ThirdParty:1030 - CMSIS Pack Vendor :STMicroelectronics X-CUBE-AI 9.0.0
2024-06-29 20:21:58,481 [INFO] ThirdParty:1030 - CMSIS Pack Vendor :STMicroelectronics X-CUBE-AZRTOS-G4 2.0.0
2024-06-29 20:21:58,481 [INFO] ThirdParty:1030 - CMSIS Pack Vendor :STMicroelectronics PDM2PCM 3.1.0
2024-06-29 20:21:58,481 [INFO] ThirdParty:1030 - CMSIS Pack Vendor :STMicroelectronics PDM2PCM 3.3.0
2024-06-29 20:21:58,481 [INFO] ThirdParty:1030 - CMSIS Pack Vendor :STMicroelectronics X-CUBE-DISPLAY 3.0.0
2024-06-29 20:21:58,481 [INFO] ThirdParty:1030 - CMSIS Pack Vendor :wolfSSL I-CUBE-wolfSSL 5.7.0
2024-06-29 20:21:58,481 [INFO] ThirdParty:1030 - CMSIS Pack Vendor :STMicroelectronics X-CUBE-BLE1 7.0.0
2024-06-29 20:21:58,481 [INFO] ThirdParty:1030 - CMSIS Pack Vendor :STMicroelectronics FP-ATR-SIGFOX1 3.2.0
2024-06-29 20:21:58,481 [INFO] ThirdParty:1030 - CMSIS Pack Vendor :STMicroelectronics X-CUBE-ISPU 2.0.0
2024-06-29 20:21:58,481 [INFO] ThirdParty:1030 - CMSIS Pack Vendor :STMicroelectronics X-CUBE-EEPRMA1 5.1.0
2024-06-29 20:21:58,481 [INFO] ThirdParty:1030 - CMSIS Pack Vendor :STMicroelectronics HAL Drivers 0.0.0
2024-06-29 20:21:58,481 [INFO] ThirdParty:1030 - CMSIS Pack Vendor :STMicroelectronics MBEDTLS 2.16.2
2024-06-29 20:21:58,481 [INFO] ThirdParty:1030 - CMSIS Pack Vendor :STMicroelectronics X-CUBE-ALS 1.0.2
2024-06-29 20:21:58,481 [INFO] ThirdParty:1030 - CMSIS Pack Vendor :emotas I-CUBE-CANOPEN 1.3.0
2024-06-29 20:21:58,481 [INFO] ThirdParty:1030 - CMSIS Pack Vendor :STMicroelectronics X-CUBE-MEMS1 10.0.0
2024-06-29 20:21:58,481 [INFO] ThirdParty:1030 - CMSIS Pack Vendor :STMicroelectronics X-CUBE-NFC7 1.0.1
2024-06-29 20:21:58,481 [INFO] ThirdParty:1030 - CMSIS Pack Vendor :STMicroelectronics MBEDTLS 2.14.1
2024-06-29 20:21:58,481 [INFO] ThirdParty:1030 - CMSIS Pack Vendor :STMicroelectronics X-CUBE-TOUCHGFX 4.24.0
2024-06-29 20:21:58,482 [INFO] ThirdParty:1030 - CMSIS Pack Vendor :ITTIA_DB I-CUBE-ITTIADB 8.9.0
2024-06-29 20:21:58,482 [INFO] ThirdParty:1030 - CMSIS Pack Vendor :portGmbH I-Cube-SoM-uGOAL 1.1.0
2024-06-29 20:21:58,482 [INFO] ThirdParty:1030 - CMSIS Pack Vendor :STMicroelectronics X-CUBE-BLEMGR 3.1.0
2024-06-29 20:21:58,482 [INFO] ThirdParty:1030 - CMSIS Pack Vendor :STMicroelectronics ThreadX 1.0.0
2024-06-29 20:21:58,482 [INFO] ThirdParty:1030 - CMSIS Pack Vendor :STMicroelectronics FP-SNS-SMARTAG2 1.2.0
2024-06-29 20:21:58,482 [INFO] ThirdParty:1030 - CMSIS Pack Vendor :STMicroelectronics X-CUBE-AZRTOS-WL 2.0.0
2024-06-29 20:21:58,482 [INFO] ThirdParty:1030 - CMSIS Pack Vendor :SEGGER I-CUBE-embOS 1.3.1
2024-06-29 20:21:58,482 [INFO] ThirdParty:1030 - CMSIS Pack Vendor :STMicroelectronics X-CUBE-ALGOBUILD 1.4.0
2024-06-29 20:21:58,482 [INFO] ThirdParty:1030 - CMSIS Pack Vendor :STMicroelectronics FP-SNS-MOTENV1 5.0.0
2024-06-29 20:21:58,482 [INFO] ThirdParty:1030 - CMSIS Pack Vendor :STMicroelectronics USB_DEVICE 1.0.0
2024-06-29 20:21:58,482 [INFO] ThirdParty:1030 - CMSIS Pack Vendor :STMicroelectronics X-CUBE-AZRTOS-H7RS 1.0.0
2024-06-29 20:21:58,482 [INFO] ThirdParty:1030 - CMSIS Pack Vendor :wolfSSL I-CUBE-wolfMQTT 1.19.0
2024-06-29 20:21:58,482 [INFO] ThirdParty:1030 - CMSIS Pack Vendor :STMicroelectronics X-CUBE-AZRTOS-L4 2.0.0
2024-06-29 20:21:58,482 [INFO] ThirdParty:1030 - CMSIS Pack Vendor :STMicroelectronics ThreadX 0.0.2
2024-06-29 20:21:58,482 [INFO] ThirdParty:1030 - CMSIS Pack Vendor :WES I-CUBE-Cesium 1.3.0
2024-06-29 20:21:58,482 [INFO] ThirdParty:1030 - CMSIS Pack Vendor :STMicroelectronics FP-ATR-ASTRA1 2.0.0
2024-06-29 20:21:58,482 [INFO] ThirdParty:1030 - CMSIS Pack Vendor :STMicroelectronics lwIP 2.1.2
2024-06-29 20:21:58,482 [INFO] ThirdParty:1030 - CMSIS Pack Vendor :STMicroelectronics X-CUBE-SFXS2LP1 4.0.0
2024-06-29 20:21:58,482 [INFO] ThirdParty:1030 - CMSIS Pack Vendor :STMicroelectronics X-CUBE-BLE2 3.3.0
2024-06-29 20:21:58,482 [INFO] ThirdParty:1030 - CMSIS Pack Vendor :STMicroelectronics X-CUBE-TOF1 3.4.1
2024-06-29 20:21:58,482 [INFO] ThirdParty:1030 - CMSIS Pack Vendor :STMicroelectronics X-CUBE-AZRTOS-H7 3.2.0
2024-06-29 20:21:58,483 [INFO] ThirdParty:1030 - CMSIS Pack Vendor :Infineon AIROC-Wi-Fi-Bluetooth-STM32 1.6.0
2024-06-29 20:21:58,483 [INFO] ThirdParty:1030 - CMSIS Pack Vendor :STMicroelectronics PDM2PCM 3.2.0
2024-06-29 20:21:58,483 [INFO] ThirdParty:841 - exiting critical section [change project]
2024-06-29 20:21:58,695 [INFO] PinOutPanel:1561 - setPackage(No Configuration,No Configuration)
2024-06-29 20:21:58,696 [INFO] PinOutPanel:1561 - setPackage(STM32F401CCUx,UFQFPN48)
2024-06-29 20:21:58,868 [INFO] UtilMem:75 - Before build in PCC Used Memory: 565073768 Bytes (922746880)
2024-06-29 20:21:59,242 [INFO] UtilMem:75 - After build in PCC Used Memory: 610162536 Bytes (922746880)
2024-06-29 20:21:59,272 [INFO] IPUIPlugin:80 - create IPUIPlugin
2024-06-29 20:21:59,273 [INFO] IPUIPlugin:80 - create IPUIPlugin
2024-06-29 20:21:59,273 [INFO] IPUIPlugin:80 - create IPUIPlugin
2024-06-29 20:21:59,273 [INFO] IPUIPlugin:80 - create IPUIPlugin
2024-06-29 20:21:59,273 [INFO] IPUIPlugin:80 - create IPUIPlugin
2024-06-29 20:21:59,273 [INFO] IPUIPlugin:80 - create IPUIPlugin
2024-06-29 20:21:59,273 [INFO] IPUIPlugin:80 - create IPUIPlugin
2024-06-29 20:21:59,273 [INFO] IPUIPlugin:80 - create IPUIPlugin
2024-06-29 20:21:59,274 [INFO] IPUIPlugin:80 - create IPUIPlugin
2024-06-29 20:21:59,274 [INFO] IPUIPlugin:80 - create IPUIPlugin
2024-06-29 20:21:59,274 [INFO] IPUIPlugin:80 - create IPUIPlugin
2024-06-29 20:21:59,274 [INFO] IPUIPlugin:80 - create IPUIPlugin
2024-06-29 20:21:59,275 [INFO] IPUIPlugin:80 - create IPUIPlugin
2024-06-29 20:21:59,275 [INFO] IPUIPlugin:80 - create IPUIPlugin
2024-06-29 20:21:59,276 [INFO] IPUIPlugin:80 - create IPUIPlugin
2024-06-29 20:21:59,277 [INFO] IPUIPlugin:80 - create IPUIPlugin
2024-06-29 20:21:59,277 [INFO] IPUIPlugin:80 - create IPUIPlugin
2024-06-29 20:21:59,277 [INFO] IPUIPlugin:80 - create IPUIPlugin
2024-06-29 20:21:59,277 [INFO] IPUIPlugin:80 - create IPUIPlugin
2024-06-29 20:21:59,278 [INFO] IPUIPlugin:80 - create IPUIPlugin
2024-06-29 20:21:59,278 [INFO] IPUIPlugin:80 - create IPUIPlugin
2024-06-29 20:21:59,278 [INFO] IPUIPlugin:80 - create IPUIPlugin
2024-06-29 20:21:59,278 [INFO] IPUIPlugin:80 - create IPUIPlugin
2024-06-29 20:21:59,279 [INFO] IPUIPlugin:80 - create IPUIPlugin
2024-06-29 20:21:59,279 [INFO] IPUIPlugin:80 - create IPUIPlugin
2024-06-29 20:21:59,279 [INFO] IPUIPlugin:80 - create IPUIPlugin
2024-06-29 20:21:59,280 [INFO] IPUIPlugin:80 - create IPUIPlugin
2024-06-29 20:21:59,280 [INFO] IPUIPlugin:80 - create IPUIPlugin
2024-06-29 20:21:59,281 [INFO] IPUIPlugin:80 - create IPUIPlugin
2024-06-29 20:21:59,281 [INFO] IPUIPlugin:80 - create IPUIPlugin
2024-06-29 20:21:59,281 [INFO] IPUIPlugin:80 - create IPUIPlugin
2024-06-29 20:21:59,281 [INFO] IPUIPlugin:80 - create IPUIPlugin
2024-06-29 20:21:59,282 [INFO] IPUIPlugin:80 - create IPUIPlugin
2024-06-29 20:21:59,282 [INFO] IPUIPlugin:80 - create IPUIPlugin
2024-06-29 20:21:59,282 [INFO] IPUIPlugin:80 - create IPUIPlugin
2024-06-29 20:21:59,283 [INFO] IPUIPlugin:80 - create IPUIPlugin
2024-06-29 20:21:59,283 [INFO] IPUIPlugin:80 - create IPUIPlugin
2024-06-29 20:21:59,316 [INFO] ApiDbMcu:508 - Load IP Config File for PDM2PCM
2024-06-29 20:21:59,349 [INFO] CADModel:165 - CPN selected for project levelSTM32F401CCU6
2024-06-29 20:21:59,349 [INFO] CADModel:114 - Register for checkConnection events
2024-06-29 20:21:59,409 [INFO] OpenFileManager:343 - Restore cursor
2024-06-29 20:22:00,508 [INFO] UtilMem:75 - End SaveConfig() Used Memory: 672550760 Bytes (922746880)
2024-06-29 20:22:00,603 [INFO] UtilMem:75 - End SaveConfig() Used Memory: 685660008 Bytes (922746880)
2024-06-29 20:22:00,853 [INFO] BlockDiagram:2759 - set Specific Code input for plugin: NVIC
2024-06-29 20:22:00,853 [INFO] BlockDiagram:2759 - set Specific Code input for plugin: RCC
2024-06-29 20:22:00,854 [INFO] CodeGenerator:807 - code generatio: config db path: C:\ST\STM32CubeIDE_1.15.1\STM32CubeIDE\plugins\com.st.stm32cube.common.mx_6.11.1.202404110753\\db\
2024-06-29 20:22:01,160 [INFO] CodeEngine:255 - oldGeneratedFile, D:\Sachin_code\Techoscripts\STM32F407\STMPrograms\006_LED_sw_Interupt\MXTmpFiles\license.tmp_save
2024-06-29 20:22:01,294 [INFO] CodeEngine:279 - Generated code: D:\Sachin_code\Techoscripts\STM32F407\STMPrograms\006_LED_sw_Interupt\MXTmpFiles\license.tmp
2024-06-29 20:22:01,332 [INFO] CodeEngine:255 - oldGeneratedFile, D:\Sachin_code\Techoscripts\STM32F407\STMPrograms\006_LED_sw_Interupt\Core\Src\stm32f4xx_it.c_save
2024-06-29 20:22:01,590 [INFO] CodeEngine:279 - Generated code: D:\Sachin_code\Techoscripts\STM32F407\STMPrograms\006_LED_sw_Interupt\Core\Src\stm32f4xx_it.c
2024-06-29 20:22:01,600 [INFO] CodeEngine:255 - oldGeneratedFile, D:\Sachin_code\Techoscripts\STM32F407\STMPrograms\006_LED_sw_Interupt\Core\Inc\stm32f4xx_it.h_save
2024-06-29 20:22:01,746 [INFO] CodeEngine:279 - Generated code: D:\Sachin_code\Techoscripts\STM32F407\STMPrograms\006_LED_sw_Interupt\Core\Inc\stm32f4xx_it.h
2024-06-29 20:22:01,837 [INFO] CodeEngine:255 - oldGeneratedFile, D:\Sachin_code\Techoscripts\STM32F407\STMPrograms\006_LED_sw_Interupt\Core\Src\stm32f4xx_hal_msp.c_save
2024-06-29 20:22:01,975 [INFO] CodeEngine:279 - Generated code: D:\Sachin_code\Techoscripts\STM32F407\STMPrograms\006_LED_sw_Interupt\Core\Src\stm32f4xx_hal_msp.c
2024-06-29 20:22:01,997 [INFO] CodeEngine:255 - oldGeneratedFile, D:\Sachin_code\Techoscripts\STM32F407\STMPrograms\006_LED_sw_Interupt\MXTmpFiles\system.tmp_save
2024-06-29 20:22:02,106 [INFO] CodeEngine:279 - Generated code: D:\Sachin_code\Techoscripts\STM32F407\STMPrograms\006_LED_sw_Interupt\MXTmpFiles\system.tmp
2024-06-29 20:22:02,134 [INFO] CodeEngine:311 - oldGeneratedFile, D:\Sachin_code\Techoscripts\STM32F407\STMPrograms\006_LED_sw_Interupt\Core\Inc\stm32f4xx_hal_conf.h_save
2024-06-29 20:22:02,284 [INFO] CodeEngine:335 - Generated code: D:\Sachin_code\Techoscripts\STM32F407\STMPrograms\006_LED_sw_Interupt\Core\Inc\stm32f4xx_hal_conf.h
2024-06-29 20:22:02,398 [INFO] CodeEngine:255 - oldGeneratedFile, D:\Sachin_code\Techoscripts\STM32F407\STMPrograms\006_LED_sw_Interupt\Core\Inc\main.h_save
2024-06-29 20:22:02,653 [INFO] CodeEngine:279 - Generated code: D:\Sachin_code\Techoscripts\STM32F407\STMPrograms\006_LED_sw_Interupt\Core\Inc\main.h
2024-06-29 20:22:02,673 [INFO] CodeEngine:255 - oldGeneratedFile, D:\Sachin_code\Techoscripts\STM32F407\STMPrograms\006_LED_sw_Interupt\Core\Src\main.c_save
2024-06-29 20:22:02,790 [INFO] CodeEngine:279 - Generated code: D:\Sachin_code\Techoscripts\STM32F407\STMPrograms\006_LED_sw_Interupt\Core\Src\main.c
2024-06-29 20:22:03,183 [INFO] ProjectBuilder:3163 - Time for Copy HAL[1] : 200mS.
2024-06-29 20:22:03,187 [INFO] ProjectBuilder:4736 - Project Generator version: 4.3.0-B58
2024-06-29 20:22:03,271 [INFO] ConfigFileManager:1503 - The Die is : DIE423
2024-06-29 20:22:03,289 [INFO] ApiDbMcu:508 - Load IP Config File for FATFS
2024-06-29 20:22:03,330 [INFO] ApiDbMcu:508 - Load IP Config File for FREERTOS
2024-06-29 20:22:03,344 [INFO] ApiDbMcu:508 - Load IP Config File for LIBJPEG
2024-06-29 20:22:03,401 [INFO] ApiDbMcu:508 - Load IP Config File for MBEDTLS
2024-06-29 20:22:03,454 [INFO] ApiDbMcu:508 - Load IP Config File for USB_DEVICE
2024-06-29 20:22:03,477 [INFO] ApiDbMcu:508 - Load IP Config File for USB_HOST
2024-06-29 20:22:05,872 [INFO] ProjectBuilder:5002 - Time for Generating toolchain IDE Files: 2685mS.
2024-06-29 20:22:05,873 [INFO] ProjectBuilder:3034 - Time for Copy CMSIS : 1mS.
2024-06-29 20:22:05,875 [INFO] ProjectBuilder:3034 - Time for Copy CMSIS : 0mS.
2024-06-29 20:22:06,674 [INFO] McuFinderGlobals:76 - Set McuFinderConnectedMode to true
2024-06-29 20:22:06,676 [INFO] ApiDb:448 - Save user favorites file C:\Users\nikns/.stm32cubeide/favorites.mcus.txt: 2 item(s)
2024-06-29 20:22:06,676 [INFO] ApiDb:452 - User favorites MCUs=[STM32F401CCU6, STM32F407VGT6]
2024-06-29 20:26:03,104 [INFO] Gpio:277 - dependency for GPIO []
2024-06-29 20:30:48,432 [INFO] UtilMem:75 - End SaveConfig() Used Memory: 690626776 Bytes (922746880)
2024-06-29 20:30:51,880 [INFO] UtilMem:75 - End SaveConfig() Used Memory: 709870448 Bytes (922746880)
2024-06-29 20:30:53,194 [INFO] UtilMem:75 - End SaveConfig() Used Memory: 769117040 Bytes (922746880)
2024-06-29 20:30:53,506 [INFO] BlockDiagram:2759 - set Specific Code input for plugin: NVIC
2024-06-29 20:30:53,507 [INFO] BlockDiagram:2759 - set Specific Code input for plugin: GPIO
2024-06-29 20:30:53,507 [INFO] BlockDiagram:2759 - set Specific Code input for plugin: RCC
2024-06-29 20:30:53,509 [INFO] CodeGenerator:807 - code generatio: config db path: C:\ST\STM32CubeIDE_1.15.1\STM32CubeIDE\plugins\com.st.stm32cube.common.mx_6.11.1.202404110753\\db\
2024-06-29 20:30:53,737 [INFO] CodeEngine:255 - oldGeneratedFile, D:\Sachin_code\Techoscripts\STM32F407\STMPrograms\006_LED_sw_Interupt\MXTmpFiles\license.tmp_save
2024-06-29 20:30:53,949 [INFO] CodeEngine:279 - Generated code: D:\Sachin_code\Techoscripts\STM32F407\STMPrograms\006_LED_sw_Interupt\MXTmpFiles\license.tmp
2024-06-29 20:30:54,055 [INFO] CodeEngine:255 - oldGeneratedFile, D:\Sachin_code\Techoscripts\STM32F407\STMPrograms\006_LED_sw_Interupt\MXTmpFiles\gpio.tmp_save
2024-06-29 20:30:54,286 [INFO] CodeEngine:279 - Generated code: D:\Sachin_code\Techoscripts\STM32F407\STMPrograms\006_LED_sw_Interupt\MXTmpFiles\gpio.tmp
2024-06-29 20:30:54,323 [INFO] CodeEngine:255 - oldGeneratedFile, D:\Sachin_code\Techoscripts\STM32F407\STMPrograms\006_LED_sw_Interupt\Core\Src\stm32f4xx_it.c_save
2024-06-29 20:30:54,511 [INFO] CodeEngine:279 - Generated code: D:\Sachin_code\Techoscripts\STM32F407\STMPrograms\006_LED_sw_Interupt\Core\Src\stm32f4xx_it.c
2024-06-29 20:30:54,520 [INFO] CodeEngine:255 - oldGeneratedFile, D:\Sachin_code\Techoscripts\STM32F407\STMPrograms\006_LED_sw_Interupt\Core\Inc\stm32f4xx_it.h_save
2024-06-29 20:30:54,635 [INFO] CodeEngine:279 - Generated code: D:\Sachin_code\Techoscripts\STM32F407\STMPrograms\006_LED_sw_Interupt\Core\Inc\stm32f4xx_it.h
2024-06-29 20:30:54,687 [INFO] CodeEngine:255 - oldGeneratedFile, D:\Sachin_code\Techoscripts\STM32F407\STMPrograms\006_LED_sw_Interupt\Core\Src\stm32f4xx_hal_msp.c_save
2024-06-29 20:30:54,896 [INFO] CodeEngine:279 - Generated code: D:\Sachin_code\Techoscripts\STM32F407\STMPrograms\006_LED_sw_Interupt\Core\Src\stm32f4xx_hal_msp.c
2024-06-29 20:30:54,903 [INFO] CodeEngine:255 - oldGeneratedFile, D:\Sachin_code\Techoscripts\STM32F407\STMPrograms\006_LED_sw_Interupt\MXTmpFiles\system.tmp_save
2024-06-29 20:30:55,033 [INFO] CodeEngine:279 - Generated code: D:\Sachin_code\Techoscripts\STM32F407\STMPrograms\006_LED_sw_Interupt\MXTmpFiles\system.tmp
2024-06-29 20:30:55,071 [INFO] CodeEngine:311 - oldGeneratedFile, D:\Sachin_code\Techoscripts\STM32F407\STMPrograms\006_LED_sw_Interupt\Core\Inc\stm32f4xx_hal_conf.h_save
2024-06-29 20:30:55,286 [INFO] CodeEngine:335 - Generated code: D:\Sachin_code\Techoscripts\STM32F407\STMPrograms\006_LED_sw_Interupt\Core\Inc\stm32f4xx_hal_conf.h
2024-06-29 20:30:55,399 [INFO] CodeEngine:255 - oldGeneratedFile, D:\Sachin_code\Techoscripts\STM32F407\STMPrograms\006_LED_sw_Interupt\Core\Inc\main.h_save
2024-06-29 20:30:55,590 [INFO] CodeEngine:279 - Generated code: D:\Sachin_code\Techoscripts\STM32F407\STMPrograms\006_LED_sw_Interupt\Core\Inc\main.h
2024-06-29 20:30:55,616 [INFO] CodeEngine:255 - oldGeneratedFile, D:\Sachin_code\Techoscripts\STM32F407\STMPrograms\006_LED_sw_Interupt\Core\Src\main.c_save
2024-06-29 20:30:55,901 [INFO] CodeEngine:279 - Generated code: D:\Sachin_code\Techoscripts\STM32F407\STMPrograms\006_LED_sw_Interupt\Core\Src\main.c
2024-06-29 20:30:56,730 [INFO] ProjectBuilder:3163 - Time for Copy HAL[1] : 348mS.
2024-06-29 20:30:56,736 [INFO] ProjectBuilder:4736 - Project Generator version: 4.3.0-B58
2024-06-29 20:30:56,910 [INFO] ConfigFileManager:1503 - The Die is : DIE423
2024-06-29 20:30:58,206 [INFO] ProjectBuilder:5002 - Time for Generating toolchain IDE Files: 1471mS.
2024-06-29 20:30:58,207 [INFO] ProjectBuilder:3034 - Time for Copy CMSIS : 0mS.
2024-06-29 20:30:58,210 [INFO] ProjectBuilder:3034 - Time for Copy CMSIS : 0mS.
2024-06-29 20:32:02,158 [INFO] NvicIntPanel:101 - NVIC parent = com.st.microxplorer.plugins.ip.nvic.MultiNvicIntPanel[,2,27,399x488,layout=javax.swing.BoxLayout,alignmentX=0.0,alignmentY=0.0,border=,flags=9,maximumSize=,minimumSize=,preferredSize=]
2024-06-29 20:32:03,529 [INFO] Gpio:277 - dependency for GPIO []
2024-06-29 20:32:06,133 [INFO] UtilMem:75 - End SaveConfig() Used Memory: 655483064 Bytes (922746880)
2024-06-29 20:32:08,828 [INFO] UtilMem:75 - End SaveConfig() Used Memory: 673308856 Bytes (922746880)
2024-06-29 20:32:09,477 [INFO] UtilMem:75 - End SaveConfig() Used Memory: 698474680 Bytes (922746880)
2024-06-29 20:32:09,671 [INFO] BlockDiagram:2759 - set Specific Code input for plugin: NVIC
2024-06-29 20:32:09,672 [INFO] BlockDiagram:2759 - set Specific Code input for plugin: GPIO
2024-06-29 20:32:09,672 [INFO] BlockDiagram:2759 - set Specific Code input for plugin: RCC
2024-06-29 20:32:09,673 [INFO] CodeGenerator:807 - code generatio: config db path: C:\ST\STM32CubeIDE_1.15.1\STM32CubeIDE\plugins\com.st.stm32cube.common.mx_6.11.1.202404110753\\db\
2024-06-29 20:32:09,845 [INFO] CodeEngine:255 - oldGeneratedFile, D:\Sachin_code\Techoscripts\STM32F407\STMPrograms\006_LED_sw_Interupt\MXTmpFiles\license.tmp_save
2024-06-29 20:32:10,098 [INFO] CodeEngine:279 - Generated code: D:\Sachin_code\Techoscripts\STM32F407\STMPrograms\006_LED_sw_Interupt\MXTmpFiles\license.tmp
2024-06-29 20:32:10,157 [INFO] CodeEngine:255 - oldGeneratedFile, D:\Sachin_code\Techoscripts\STM32F407\STMPrograms\006_LED_sw_Interupt\MXTmpFiles\gpio.tmp_save
2024-06-29 20:32:10,455 [INFO] CodeEngine:279 - Generated code: D:\Sachin_code\Techoscripts\STM32F407\STMPrograms\006_LED_sw_Interupt\MXTmpFiles\gpio.tmp
2024-06-29 20:32:10,515 [INFO] CodeEngine:255 - oldGeneratedFile, D:\Sachin_code\Techoscripts\STM32F407\STMPrograms\006_LED_sw_Interupt\Core\Src\stm32f4xx_it.c_save
2024-06-29 20:32:10,836 [INFO] CodeEngine:279 - Generated code: D:\Sachin_code\Techoscripts\STM32F407\STMPrograms\006_LED_sw_Interupt\Core\Src\stm32f4xx_it.c
2024-06-29 20:32:10,849 [INFO] CodeEngine:255 - oldGeneratedFile, D:\Sachin_code\Techoscripts\STM32F407\STMPrograms\006_LED_sw_Interupt\Core\Inc\stm32f4xx_it.h_save
2024-06-29 20:32:11,024 [INFO] CodeEngine:279 - Generated code: D:\Sachin_code\Techoscripts\STM32F407\STMPrograms\006_LED_sw_Interupt\Core\Inc\stm32f4xx_it.h
2024-06-29 20:32:11,085 [INFO] CodeEngine:255 - oldGeneratedFile, D:\Sachin_code\Techoscripts\STM32F407\STMPrograms\006_LED_sw_Interupt\Core\Src\stm32f4xx_hal_msp.c_save
2024-06-29 20:32:11,356 [INFO] CodeEngine:279 - Generated code: D:\Sachin_code\Techoscripts\STM32F407\STMPrograms\006_LED_sw_Interupt\Core\Src\stm32f4xx_hal_msp.c
2024-06-29 20:32:11,363 [INFO] CodeEngine:255 - oldGeneratedFile, D:\Sachin_code\Techoscripts\STM32F407\STMPrograms\006_LED_sw_Interupt\MXTmpFiles\system.tmp_save
2024-06-29 20:32:11,525 [INFO] CodeEngine:279 - Generated code: D:\Sachin_code\Techoscripts\STM32F407\STMPrograms\006_LED_sw_Interupt\MXTmpFiles\system.tmp
2024-06-29 20:32:11,565 [INFO] CodeEngine:311 - oldGeneratedFile, D:\Sachin_code\Techoscripts\STM32F407\STMPrograms\006_LED_sw_Interupt\Core\Inc\stm32f4xx_hal_conf.h_save
2024-06-29 20:32:11,756 [INFO] CodeEngine:335 - Generated code: D:\Sachin_code\Techoscripts\STM32F407\STMPrograms\006_LED_sw_Interupt\Core\Inc\stm32f4xx_hal_conf.h
2024-06-29 20:32:11,830 [INFO] CodeEngine:255 - oldGeneratedFile, D:\Sachin_code\Techoscripts\STM32F407\STMPrograms\006_LED_sw_Interupt\Core\Inc\main.h_save
2024-06-29 20:32:11,926 [INFO] CodeEngine:279 - Generated code: D:\Sachin_code\Techoscripts\STM32F407\STMPrograms\006_LED_sw_Interupt\Core\Inc\main.h
2024-06-29 20:32:11,943 [INFO] CodeEngine:255 - oldGeneratedFile, D:\Sachin_code\Techoscripts\STM32F407\STMPrograms\006_LED_sw_Interupt\Core\Src\main.c_save
2024-06-29 20:32:12,083 [INFO] CodeEngine:279 - Generated code: D:\Sachin_code\Techoscripts\STM32F407\STMPrograms\006_LED_sw_Interupt\Core\Src\main.c
2024-06-29 20:32:12,464 [INFO] ProjectBuilder:3163 - Time for Copy HAL[1] : 180mS.
2024-06-29 20:32:12,468 [INFO] ProjectBuilder:4736 - Project Generator version: 4.3.0-B58
2024-06-29 20:32:12,569 [INFO] ConfigFileManager:1503 - The Die is : DIE423
2024-06-29 20:32:13,590 [INFO] ProjectBuilder:5002 - Time for Generating toolchain IDE Files: 1122mS.
2024-06-29 20:32:13,591 [INFO] ProjectBuilder:3034 - Time for Copy CMSIS : 1mS.
2024-06-29 20:32:13,594 [INFO] ProjectBuilder:3034 - Time for Copy CMSIS : 0mS.
2024-06-29 20:45:45,601 [INFO] UtilMem:75 - End SaveConfig() Used Memory: 296570232 Bytes (922746880)
2024-06-29 20:45:47,106 [INFO] UtilMem:75 - End SaveConfig() Used Memory: 326075200 Bytes (922746880)
2024-06-29 20:45:47,547 [INFO] UtilMem:75 - End SaveConfig() Used Memory: 379030336 Bytes (922746880)
2024-06-29 20:45:47,680 [INFO] BlockDiagram:2759 - set Specific Code input for plugin: NVIC
2024-06-29 20:45:47,680 [INFO] BlockDiagram:2759 - set Specific Code input for plugin: GPIO
2024-06-29 20:45:47,681 [INFO] BlockDiagram:2759 - set Specific Code input for plugin: RCC
2024-06-29 20:45:47,682 [INFO] CodeGenerator:807 - code generatio: config db path: C:\ST\STM32CubeIDE_1.15.1\STM32CubeIDE\plugins\com.st.stm32cube.common.mx_6.11.1.202404110753\\db\
2024-06-29 20:45:47,820 [INFO] CodeEngine:255 - oldGeneratedFile, D:\Sachin_code\Techoscripts\STM32F407\STMPrograms\006_LED_sw_Interupt\MXTmpFiles\license.tmp_save
2024-06-29 20:45:48,002 [INFO] CodeEngine:279 - Generated code: D:\Sachin_code\Techoscripts\STM32F407\STMPrograms\006_LED_sw_Interupt\MXTmpFiles\license.tmp
2024-06-29 20:45:48,021 [INFO] CodeEngine:255 - oldGeneratedFile, D:\Sachin_code\Techoscripts\STM32F407\STMPrograms\006_LED_sw_Interupt\MXTmpFiles\gpio.tmp_save
2024-06-29 20:45:48,168 [INFO] CodeEngine:279 - Generated code: D:\Sachin_code\Techoscripts\STM32F407\STMPrograms\006_LED_sw_Interupt\MXTmpFiles\gpio.tmp
2024-06-29 20:45:48,195 [INFO] CodeEngine:255 - oldGeneratedFile, D:\Sachin_code\Techoscripts\STM32F407\STMPrograms\006_LED_sw_Interupt\Core\Src\stm32f4xx_it.c_save
2024-06-29 20:45:48,381 [INFO] CodeEngine:279 - Generated code: D:\Sachin_code\Techoscripts\STM32F407\STMPrograms\006_LED_sw_Interupt\Core\Src\stm32f4xx_it.c
2024-06-29 20:45:48,387 [INFO] CodeEngine:255 - oldGeneratedFile, D:\Sachin_code\Techoscripts\STM32F407\STMPrograms\006_LED_sw_Interupt\Core\Inc\stm32f4xx_it.h_save
2024-06-29 20:45:48,449 [INFO] CodeEngine:279 - Generated code: D:\Sachin_code\Techoscripts\STM32F407\STMPrograms\006_LED_sw_Interupt\Core\Inc\stm32f4xx_it.h
2024-06-29 20:45:48,480 [INFO] CodeEngine:255 - oldGeneratedFile, D:\Sachin_code\Techoscripts\STM32F407\STMPrograms\006_LED_sw_Interupt\Core\Src\stm32f4xx_hal_msp.c_save
2024-06-29 20:45:48,587 [INFO] CodeEngine:279 - Generated code: D:\Sachin_code\Techoscripts\STM32F407\STMPrograms\006_LED_sw_Interupt\Core\Src\stm32f4xx_hal_msp.c
2024-06-29 20:45:48,590 [INFO] CodeEngine:255 - oldGeneratedFile, D:\Sachin_code\Techoscripts\STM32F407\STMPrograms\006_LED_sw_Interupt\MXTmpFiles\system.tmp_save
2024-06-29 20:45:48,657 [INFO] CodeEngine:279 - Generated code: D:\Sachin_code\Techoscripts\STM32F407\STMPrograms\006_LED_sw_Interupt\MXTmpFiles\system.tmp
2024-06-29 20:45:48,681 [INFO] CodeEngine:311 - oldGeneratedFile, D:\Sachin_code\Techoscripts\STM32F407\STMPrograms\006_LED_sw_Interupt\Core\Inc\stm32f4xx_hal_conf.h_save
2024-06-29 20:45:48,800 [INFO] CodeEngine:335 - Generated code: D:\Sachin_code\Techoscripts\STM32F407\STMPrograms\006_LED_sw_Interupt\Core\Inc\stm32f4xx_hal_conf.h
2024-06-29 20:45:48,861 [INFO] CodeEngine:255 - oldGeneratedFile, D:\Sachin_code\Techoscripts\STM32F407\STMPrograms\006_LED_sw_Interupt\Core\Inc\main.h_save
2024-06-29 20:45:48,955 [INFO] CodeEngine:279 - Generated code: D:\Sachin_code\Techoscripts\STM32F407\STMPrograms\006_LED_sw_Interupt\Core\Inc\main.h
2024-06-29 20:45:48,977 [INFO] CodeEngine:255 - oldGeneratedFile, D:\Sachin_code\Techoscripts\STM32F407\STMPrograms\006_LED_sw_Interupt\Core\Src\main.c_save
2024-06-29 20:45:49,087 [INFO] CodeEngine:279 - Generated code: D:\Sachin_code\Techoscripts\STM32F407\STMPrograms\006_LED_sw_Interupt\Core\Src\main.c
2024-06-29 20:45:49,374 [INFO] ProjectBuilder:3163 - Time for Copy HAL[1] : 127mS.
2024-06-29 20:45:49,376 [INFO] ProjectBuilder:4736 - Project Generator version: 4.3.0-B58
2024-06-29 20:45:49,446 [INFO] ConfigFileManager:1503 - The Die is : DIE423
2024-06-29 20:45:50,210 [INFO] ProjectBuilder:5002 - Time for Generating toolchain IDE Files: 834mS.
2024-06-29 20:45:50,211 [INFO] ProjectBuilder:3034 - Time for Copy CMSIS : 1mS.
2024-06-29 20:45:50,214 [INFO] ProjectBuilder:3034 - Time for Copy CMSIS : 1mS.
2024-06-29 20:52:08,544 [INFO] UtilMem:75 - End SaveConfig() Used Memory: 403810048 Bytes (922746880)
2024-06-29 20:52:10,898 [INFO] UtilMem:75 - End SaveConfig() Used Memory: 444161048 Bytes (922746880)
2024-06-29 20:52:11,311 [INFO] UtilMem:75 - End SaveConfig() Used Memory: 473521176 Bytes (922746880)
2024-06-29 20:52:11,405 [INFO] BlockDiagram:2759 - set Specific Code input for plugin: NVIC
2024-06-29 20:52:11,406 [INFO] BlockDiagram:2759 - set Specific Code input for plugin: GPIO
2024-06-29 20:52:11,406 [INFO] BlockDiagram:2759 - set Specific Code input for plugin: RCC
2024-06-29 20:52:11,406 [INFO] CodeGenerator:807 - code generatio: config db path: C:\ST\STM32CubeIDE_1.15.1\STM32CubeIDE\plugins\com.st.stm32cube.common.mx_6.11.1.202404110753\\db\
2024-06-29 20:52:11,473 [INFO] CodeEngine:255 - oldGeneratedFile, D:\Sachin_code\Techoscripts\STM32F407\STMPrograms\006_LED_sw_Interupt\MXTmpFiles\license.tmp_save
2024-06-29 20:52:11,563 [INFO] CodeEngine:279 - Generated code: D:\Sachin_code\Techoscripts\STM32F407\STMPrograms\006_LED_sw_Interupt\MXTmpFiles\license.tmp
2024-06-29 20:52:11,588 [INFO] CodeEngine:255 - oldGeneratedFile, D:\Sachin_code\Techoscripts\STM32F407\STMPrograms\006_LED_sw_Interupt\MXTmpFiles\gpio.tmp_save
2024-06-29 20:52:11,704 [INFO] CodeEngine:279 - Generated code: D:\Sachin_code\Techoscripts\STM32F407\STMPrograms\006_LED_sw_Interupt\MXTmpFiles\gpio.tmp
2024-06-29 20:52:11,728 [INFO] CodeEngine:255 - oldGeneratedFile, D:\Sachin_code\Techoscripts\STM32F407\STMPrograms\006_LED_sw_Interupt\Core\Src\stm32f4xx_it.c_save
2024-06-29 20:52:11,805 [INFO] CodeEngine:279 - Generated code: D:\Sachin_code\Techoscripts\STM32F407\STMPrograms\006_LED_sw_Interupt\Core\Src\stm32f4xx_it.c
2024-06-29 20:52:11,810 [INFO] CodeEngine:255 - oldGeneratedFile, D:\Sachin_code\Techoscripts\STM32F407\STMPrograms\006_LED_sw_Interupt\Core\Inc\stm32f4xx_it.h_save
2024-06-29 20:52:11,863 [INFO] CodeEngine:279 - Generated code: D:\Sachin_code\Techoscripts\STM32F407\STMPrograms\006_LED_sw_Interupt\Core\Inc\stm32f4xx_it.h
2024-06-29 20:52:11,888 [INFO] CodeEngine:255 - oldGeneratedFile, D:\Sachin_code\Techoscripts\STM32F407\STMPrograms\006_LED_sw_Interupt\Core\Src\stm32f4xx_hal_msp.c_save
2024-06-29 20:52:11,980 [INFO] CodeEngine:279 - Generated code: D:\Sachin_code\Techoscripts\STM32F407\STMPrograms\006_LED_sw_Interupt\Core\Src\stm32f4xx_hal_msp.c
2024-06-29 20:52:11,983 [INFO] CodeEngine:255 - oldGeneratedFile, D:\Sachin_code\Techoscripts\STM32F407\STMPrograms\006_LED_sw_Interupt\MXTmpFiles\system.tmp_save
2024-06-29 20:52:12,039 [INFO] CodeEngine:279 - Generated code: D:\Sachin_code\Techoscripts\STM32F407\STMPrograms\006_LED_sw_Interupt\MXTmpFiles\system.tmp
2024-06-29 20:52:12,058 [INFO] CodeEngine:311 - oldGeneratedFile, D:\Sachin_code\Techoscripts\STM32F407\STMPrograms\006_LED_sw_Interupt\Core\Inc\stm32f4xx_hal_conf.h_save
2024-06-29 20:52:12,165 [INFO] CodeEngine:335 - Generated code: D:\Sachin_code\Techoscripts\STM32F407\STMPrograms\006_LED_sw_Interupt\Core\Inc\stm32f4xx_hal_conf.h
2024-06-29 20:52:12,218 [INFO] CodeEngine:255 - oldGeneratedFile, D:\Sachin_code\Techoscripts\STM32F407\STMPrograms\006_LED_sw_Interupt\Core\Inc\main.h_save
2024-06-29 20:52:12,289 [INFO] CodeEngine:279 - Generated code: D:\Sachin_code\Techoscripts\STM32F407\STMPrograms\006_LED_sw_Interupt\Core\Inc\main.h
2024-06-29 20:52:12,301 [INFO] CodeEngine:255 - oldGeneratedFile, D:\Sachin_code\Techoscripts\STM32F407\STMPrograms\006_LED_sw_Interupt\Core\Src\main.c_save
2024-06-29 20:52:12,401 [INFO] CodeEngine:279 - Generated code: D:\Sachin_code\Techoscripts\STM32F407\STMPrograms\006_LED_sw_Interupt\Core\Src\main.c
2024-06-29 20:52:12,680 [INFO] ProjectBuilder:3163 - Time for Copy HAL[1] : 121mS.
2024-06-29 20:52:12,682 [INFO] ProjectBuilder:4736 - Project Generator version: 4.3.0-B58
2024-06-29 20:52:12,752 [INFO] ConfigFileManager:1503 - The Die is : DIE423
2024-06-29 20:52:13,432 [INFO] ProjectBuilder:5002 - Time for Generating toolchain IDE Files: 750mS.
2024-06-29 20:52:13,433 [INFO] ProjectBuilder:3034 - Time for Copy CMSIS : 0mS.
2024-06-29 20:52:13,435 [INFO] ProjectBuilder:3034 - Time for Copy CMSIS : 0mS.
2024-06-29 20:53:40,999 [INFO] UtilMem:75 - End SaveConfig() Used Memory: 678617368 Bytes (922746880)
2024-06-29 20:53:44,580 [INFO] UtilMem:75 - End SaveConfig() Used Memory: 728278136 Bytes (922746880)
2024-06-29 20:53:45,027 [INFO] UtilMem:75 - End SaveConfig() Used Memory: 761310328 Bytes (922746880)
2024-06-29 20:53:45,173 [INFO] BlockDiagram:2759 - set Specific Code input for plugin: NVIC
2024-06-29 20:53:45,173 [INFO] BlockDiagram:2759 - set Specific Code input for plugin: GPIO
2024-06-29 20:53:45,173 [INFO] BlockDiagram:2759 - set Specific Code input for plugin: RCC
2024-06-29 20:53:45,174 [INFO] CodeGenerator:807 - code generatio: config db path: C:\ST\STM32CubeIDE_1.15.1\STM32CubeIDE\plugins\com.st.stm32cube.common.mx_6.11.1.202404110753\\db\
2024-06-29 20:53:45,299 [INFO] CodeEngine:255 - oldGeneratedFile, D:\Sachin_code\Techoscripts\STM32F407\STMPrograms\006_LED_sw_Interupt\MXTmpFiles\license.tmp_save
2024-06-29 20:53:45,453 [INFO] CodeEngine:279 - Generated code: D:\Sachin_code\Techoscripts\STM32F407\STMPrograms\006_LED_sw_Interupt\MXTmpFiles\license.tmp
2024-06-29 20:53:45,478 [INFO] CodeEngine:255 - oldGeneratedFile, D:\Sachin_code\Techoscripts\STM32F407\STMPrograms\006_LED_sw_Interupt\MXTmpFiles\gpio.tmp_save
2024-06-29 20:53:45,593 [INFO] CodeEngine:279 - Generated code: D:\Sachin_code\Techoscripts\STM32F407\STMPrograms\006_LED_sw_Interupt\MXTmpFiles\gpio.tmp
2024-06-29 20:53:45,621 [INFO] CodeEngine:255 - oldGeneratedFile, D:\Sachin_code\Techoscripts\STM32F407\STMPrograms\006_LED_sw_Interupt\Core\Src\stm32f4xx_it.c_save
2024-06-29 20:53:45,712 [INFO] CodeEngine:279 - Generated code: D:\Sachin_code\Techoscripts\STM32F407\STMPrograms\006_LED_sw_Interupt\Core\Src\stm32f4xx_it.c
2024-06-29 20:53:45,717 [INFO] CodeEngine:255 - oldGeneratedFile, D:\Sachin_code\Techoscripts\STM32F407\STMPrograms\006_LED_sw_Interupt\Core\Inc\stm32f4xx_it.h_save
2024-06-29 20:53:45,778 [INFO] CodeEngine:279 - Generated code: D:\Sachin_code\Techoscripts\STM32F407\STMPrograms\006_LED_sw_Interupt\Core\Inc\stm32f4xx_it.h
2024-06-29 20:53:45,810 [INFO] CodeEngine:255 - oldGeneratedFile, D:\Sachin_code\Techoscripts\STM32F407\STMPrograms\006_LED_sw_Interupt\Core\Src\stm32f4xx_hal_msp.c_save
2024-06-29 20:53:45,903 [INFO] CodeEngine:279 - Generated code: D:\Sachin_code\Techoscripts\STM32F407\STMPrograms\006_LED_sw_Interupt\Core\Src\stm32f4xx_hal_msp.c
2024-06-29 20:53:45,907 [INFO] CodeEngine:255 - oldGeneratedFile, D:\Sachin_code\Techoscripts\STM32F407\STMPrograms\006_LED_sw_Interupt\MXTmpFiles\system.tmp_save
2024-06-29 20:53:45,960 [INFO] CodeEngine:279 - Generated code: D:\Sachin_code\Techoscripts\STM32F407\STMPrograms\006_LED_sw_Interupt\MXTmpFiles\system.tmp
2024-06-29 20:53:45,983 [INFO] CodeEngine:311 - oldGeneratedFile, D:\Sachin_code\Techoscripts\STM32F407\STMPrograms\006_LED_sw_Interupt\Core\Inc\stm32f4xx_hal_conf.h_save
2024-06-29 20:53:46,179 [INFO] CodeEngine:335 - Generated code: D:\Sachin_code\Techoscripts\STM32F407\STMPrograms\006_LED_sw_Interupt\Core\Inc\stm32f4xx_hal_conf.h
2024-06-29 20:53:46,279 [INFO] CodeEngine:255 - oldGeneratedFile, D:\Sachin_code\Techoscripts\STM32F407\STMPrograms\006_LED_sw_Interupt\Core\Inc\main.h_save
2024-06-29 20:53:46,440 [INFO] CodeEngine:279 - Generated code: D:\Sachin_code\Techoscripts\STM32F407\STMPrograms\006_LED_sw_Interupt\Core\Inc\main.h
2024-06-29 20:53:46,463 [INFO] CodeEngine:255 - oldGeneratedFile, D:\Sachin_code\Techoscripts\STM32F407\STMPrograms\006_LED_sw_Interupt\Core\Src\main.c_save
2024-06-29 20:53:46,631 [INFO] CodeEngine:279 - Generated code: D:\Sachin_code\Techoscripts\STM32F407\STMPrograms\006_LED_sw_Interupt\Core\Src\main.c
2024-06-29 20:53:47,165 [INFO] ProjectBuilder:3163 - Time for Copy HAL[1] : 238mS.
2024-06-29 20:53:47,169 [INFO] ProjectBuilder:4736 - Project Generator version: 4.3.0-B58
2024-06-29 20:53:47,317 [INFO] ConfigFileManager:1503 - The Die is : DIE423
2024-06-29 20:53:48,209 [INFO] ProjectBuilder:5002 - Time for Generating toolchain IDE Files: 1040mS.
2024-06-29 20:53:48,211 [INFO] ProjectBuilder:3034 - Time for Copy CMSIS : 0mS.
2024-06-29 20:53:48,213 [INFO] ProjectBuilder:3034 - Time for Copy CMSIS : 0mS.
2024-06-29 20:55:16,360 [INFO] UtilMem:75 - End SaveConfig() Used Memory: 511429752 Bytes (922746880)
2024-06-29 20:55:17,899 [INFO] UtilMem:75 - End SaveConfig() Used Memory: 541453016 Bytes (922746880)
2024-06-29 20:55:18,326 [INFO] UtilMem:75 - End SaveConfig() Used Memory: 571724920 Bytes (922746880)
2024-06-29 20:55:18,444 [INFO] BlockDiagram:2759 - set Specific Code input for plugin: NVIC
2024-06-29 20:55:18,445 [INFO] BlockDiagram:2759 - set Specific Code input for plugin: GPIO
2024-06-29 20:55:18,445 [INFO] BlockDiagram:2759 - set Specific Code input for plugin: RCC
2024-06-29 20:55:18,445 [INFO] CodeGenerator:807 - code generatio: config db path: C:\ST\STM32CubeIDE_1.15.1\STM32CubeIDE\plugins\com.st.stm32cube.common.mx_6.11.1.202404110753\\db\
2024-06-29 20:55:18,543 [INFO] CodeEngine:255 - oldGeneratedFile, D:\Sachin_code\Techoscripts\STM32F407\STMPrograms\006_LED_sw_Interupt\MXTmpFiles\license.tmp_save
2024-06-29 20:55:18,715 [INFO] CodeEngine:279 - Generated code: D:\Sachin_code\Techoscripts\STM32F407\STMPrograms\006_LED_sw_Interupt\MXTmpFiles\license.tmp
2024-06-29 20:55:18,742 [INFO] CodeEngine:255 - oldGeneratedFile, D:\Sachin_code\Techoscripts\STM32F407\STMPrograms\006_LED_sw_Interupt\MXTmpFiles\gpio.tmp_save
2024-06-29 20:55:18,868 [INFO] CodeEngine:279 - Generated code: D:\Sachin_code\Techoscripts\STM32F407\STMPrograms\006_LED_sw_Interupt\MXTmpFiles\gpio.tmp
2024-06-29 20:55:18,886 [INFO] CodeEngine:255 - oldGeneratedFile, D:\Sachin_code\Techoscripts\STM32F407\STMPrograms\006_LED_sw_Interupt\Core\Src\stm32f4xx_it.c_save
2024-06-29 20:55:18,967 [INFO] CodeEngine:279 - Generated code: D:\Sachin_code\Techoscripts\STM32F407\STMPrograms\006_LED_sw_Interupt\Core\Src\stm32f4xx_it.c
2024-06-29 20:55:18,971 [INFO] CodeEngine:255 - oldGeneratedFile, D:\Sachin_code\Techoscripts\STM32F407\STMPrograms\006_LED_sw_Interupt\Core\Inc\stm32f4xx_it.h_save
2024-06-29 20:55:19,026 [INFO] CodeEngine:279 - Generated code: D:\Sachin_code\Techoscripts\STM32F407\STMPrograms\006_LED_sw_Interupt\Core\Inc\stm32f4xx_it.h
2024-06-29 20:55:19,056 [INFO] CodeEngine:255 - oldGeneratedFile, D:\Sachin_code\Techoscripts\STM32F407\STMPrograms\006_LED_sw_Interupt\Core\Src\stm32f4xx_hal_msp.c_save
2024-06-29 20:55:19,150 [INFO] CodeEngine:279 - Generated code: D:\Sachin_code\Techoscripts\STM32F407\STMPrograms\006_LED_sw_Interupt\Core\Src\stm32f4xx_hal_msp.c
2024-06-29 20:55:19,152 [INFO] CodeEngine:255 - oldGeneratedFile, D:\Sachin_code\Techoscripts\STM32F407\STMPrograms\006_LED_sw_Interupt\MXTmpFiles\system.tmp_save
2024-06-29 20:55:19,205 [INFO] CodeEngine:279 - Generated code: D:\Sachin_code\Techoscripts\STM32F407\STMPrograms\006_LED_sw_Interupt\MXTmpFiles\system.tmp
2024-06-29 20:55:19,221 [INFO] CodeEngine:311 - oldGeneratedFile, D:\Sachin_code\Techoscripts\STM32F407\STMPrograms\006_LED_sw_Interupt\Core\Inc\stm32f4xx_hal_conf.h_save
2024-06-29 20:55:19,333 [INFO] CodeEngine:335 - Generated code: D:\Sachin_code\Techoscripts\STM32F407\STMPrograms\006_LED_sw_Interupt\Core\Inc\stm32f4xx_hal_conf.h
2024-06-29 20:55:19,384 [INFO] CodeEngine:255 - oldGeneratedFile, D:\Sachin_code\Techoscripts\STM32F407\STMPrograms\006_LED_sw_Interupt\Core\Inc\main.h_save
2024-06-29 20:55:19,468 [INFO] CodeEngine:279 - Generated code: D:\Sachin_code\Techoscripts\STM32F407\STMPrograms\006_LED_sw_Interupt\Core\Inc\main.h
2024-06-29 20:55:19,484 [INFO] CodeEngine:255 - oldGeneratedFile, D:\Sachin_code\Techoscripts\STM32F407\STMPrograms\006_LED_sw_Interupt\Core\Src\main.c_save
2024-06-29 20:55:19,562 [INFO] CodeEngine:279 - Generated code: D:\Sachin_code\Techoscripts\STM32F407\STMPrograms\006_LED_sw_Interupt\Core\Src\main.c
2024-06-29 20:55:19,834 [INFO] ProjectBuilder:3163 - Time for Copy HAL[1] : 122mS.
2024-06-29 20:55:19,836 [INFO] ProjectBuilder:4736 - Project Generator version: 4.3.0-B58
2024-06-29 20:55:19,905 [INFO] ConfigFileManager:1503 - The Die is : DIE423
2024-06-29 20:55:20,649 [INFO] ProjectBuilder:5002 - Time for Generating toolchain IDE Files: 813mS.
2024-06-29 20:55:20,650 [INFO] ProjectBuilder:3034 - Time for Copy CMSIS : 1mS.
2024-06-29 20:55:20,652 [INFO] ProjectBuilder:3034 - Time for Copy CMSIS : 0mS.
2024-06-29 21:02:39,010 [INFO] UtilMem:75 - End SaveConfig() Used Memory: 707853184 Bytes (922746880)
2024-06-29 21:02:40,790 [INFO] UtilMem:75 - End SaveConfig() Used Memory: 724763584 Bytes (922746880)
2024-06-29 21:02:41,671 [INFO] UtilMem:75 - End SaveConfig() Used Memory: 779678592 Bytes (922746880)
2024-06-29 21:02:41,922 [INFO] BlockDiagram:2759 - set Specific Code input for plugin: NVIC
2024-06-29 21:02:41,922 [INFO] BlockDiagram:2759 - set Specific Code input for plugin: GPIO
2024-06-29 21:02:41,922 [INFO] BlockDiagram:2759 - set Specific Code input for plugin: RCC
2024-06-29 21:02:41,923 [INFO] CodeGenerator:807 - code generatio: config db path: C:\ST\STM32CubeIDE_1.15.1\STM32CubeIDE\plugins\com.st.stm32cube.common.mx_6.11.1.202404110753\\db\
2024-06-29 21:02:42,147 [INFO] CodeEngine:255 - oldGeneratedFile, D:\Sachin_code\Techoscripts\STM32F407\STMPrograms\006_LED_sw_Interupt\MXTmpFiles\license.tmp_save
2024-06-29 21:02:42,365 [INFO] CodeEngine:279 - Generated code: D:\Sachin_code\Techoscripts\STM32F407\STMPrograms\006_LED_sw_Interupt\MXTmpFiles\license.tmp
2024-06-29 21:02:42,411 [INFO] CodeEngine:255 - oldGeneratedFile, D:\Sachin_code\Techoscripts\STM32F407\STMPrograms\006_LED_sw_Interupt\MXTmpFiles\gpio.tmp_save
2024-06-29 21:02:42,642 [INFO] CodeEngine:279 - Generated code: D:\Sachin_code\Techoscripts\STM32F407\STMPrograms\006_LED_sw_Interupt\MXTmpFiles\gpio.tmp
2024-06-29 21:02:42,692 [INFO] CodeEngine:255 - oldGeneratedFile, D:\Sachin_code\Techoscripts\STM32F407\STMPrograms\006_LED_sw_Interupt\Core\Src\stm32f4xx_it.c_save
2024-06-29 21:02:42,888 [INFO] CodeEngine:279 - Generated code: D:\Sachin_code\Techoscripts\STM32F407\STMPrograms\006_LED_sw_Interupt\Core\Src\stm32f4xx_it.c
2024-06-29 21:02:42,897 [INFO] CodeEngine:255 - oldGeneratedFile, D:\Sachin_code\Techoscripts\STM32F407\STMPrograms\006_LED_sw_Interupt\Core\Inc\stm32f4xx_it.h_save
2024-06-29 21:02:43,059 [INFO] CodeEngine:279 - Generated code: D:\Sachin_code\Techoscripts\STM32F407\STMPrograms\006_LED_sw_Interupt\Core\Inc\stm32f4xx_it.h
2024-06-29 21:02:43,111 [INFO] CodeEngine:255 - oldGeneratedFile, D:\Sachin_code\Techoscripts\STM32F407\STMPrograms\006_LED_sw_Interupt\Core\Src\stm32f4xx_hal_msp.c_save
2024-06-29 21:02:43,361 [INFO] CodeEngine:279 - Generated code: D:\Sachin_code\Techoscripts\STM32F407\STMPrograms\006_LED_sw_Interupt\Core\Src\stm32f4xx_hal_msp.c
2024-06-29 21:02:43,367 [INFO] CodeEngine:255 - oldGeneratedFile, D:\Sachin_code\Techoscripts\STM32F407\STMPrograms\006_LED_sw_Interupt\MXTmpFiles\system.tmp_save
2024-06-29 21:02:43,503 [INFO] CodeEngine:279 - Generated code: D:\Sachin_code\Techoscripts\STM32F407\STMPrograms\006_LED_sw_Interupt\MXTmpFiles\system.tmp
2024-06-29 21:02:43,542 [INFO] CodeEngine:311 - oldGeneratedFile, D:\Sachin_code\Techoscripts\STM32F407\STMPrograms\006_LED_sw_Interupt\Core\Inc\stm32f4xx_hal_conf.h_save
2024-06-29 21:02:43,798 [INFO] CodeEngine:335 - Generated code: D:\Sachin_code\Techoscripts\STM32F407\STMPrograms\006_LED_sw_Interupt\Core\Inc\stm32f4xx_hal_conf.h
2024-06-29 21:02:43,909 [INFO] CodeEngine:255 - oldGeneratedFile, D:\Sachin_code\Techoscripts\STM32F407\STMPrograms\006_LED_sw_Interupt\Core\Inc\main.h_save
2024-06-29 21:02:44,094 [INFO] CodeEngine:279 - Generated code: D:\Sachin_code\Techoscripts\STM32F407\STMPrograms\006_LED_sw_Interupt\Core\Inc\main.h
2024-06-29 21:02:44,119 [INFO] CodeEngine:255 - oldGeneratedFile, D:\Sachin_code\Techoscripts\STM32F407\STMPrograms\006_LED_sw_Interupt\Core\Src\main.c_save
2024-06-29 21:02:44,370 [INFO] CodeEngine:279 - Generated code: D:\Sachin_code\Techoscripts\STM32F407\STMPrograms\006_LED_sw_Interupt\Core\Src\main.c
2024-06-29 21:02:45,203 [INFO] ProjectBuilder:3163 - Time for Copy HAL[1] : 369mS.
2024-06-29 21:02:45,210 [INFO] ProjectBuilder:4736 - Project Generator version: 4.3.0-B58
2024-06-29 21:02:45,407 [INFO] ConfigFileManager:1503 - The Die is : DIE423
2024-06-29 21:02:46,805 [INFO] ProjectBuilder:5002 - Time for Generating toolchain IDE Files: 1594mS.
2024-06-29 21:02:46,806 [INFO] ProjectBuilder:3034 - Time for Copy CMSIS : 1mS.
2024-06-29 21:02:46,809 [INFO] ProjectBuilder:3034 - Time for Copy CMSIS : 0mS.
2024-06-29 21:04:00,849 [INFO] UtilMem:75 - End SaveConfig() Used Memory: 606214920 Bytes (922746880)
2024-06-29 21:04:02,583 [INFO] UtilMem:75 - End SaveConfig() Used Memory: 622574968 Bytes (922746880)
2024-06-29 21:04:03,021 [INFO] UtilMem:75 - End SaveConfig() Used Memory: 646587144 Bytes (922746880)
2024-06-29 21:04:03,177 [INFO] BlockDiagram:2759 - set Specific Code input for plugin: NVIC
2024-06-29 21:04:03,177 [INFO] BlockDiagram:2759 - set Specific Code input for plugin: GPIO
2024-06-29 21:04:03,177 [INFO] BlockDiagram:2759 - set Specific Code input for plugin: RCC
2024-06-29 21:04:03,180 [INFO] CodeGenerator:807 - code generatio: config db path: C:\ST\STM32CubeIDE_1.15.1\STM32CubeIDE\plugins\com.st.stm32cube.common.mx_6.11.1.202404110753\\db\
2024-06-29 21:04:03,327 [INFO] CodeEngine:255 - oldGeneratedFile, D:\Sachin_code\Techoscripts\STM32F407\STMPrograms\006_LED_sw_Interupt\MXTmpFiles\license.tmp_save
2024-06-29 21:04:03,489 [INFO] CodeEngine:279 - Generated code: D:\Sachin_code\Techoscripts\STM32F407\STMPrograms\006_LED_sw_Interupt\MXTmpFiles\license.tmp
2024-06-29 21:04:03,512 [INFO] CodeEngine:255 - oldGeneratedFile, D:\Sachin_code\Techoscripts\STM32F407\STMPrograms\006_LED_sw_Interupt\MXTmpFiles\gpio.tmp_save
2024-06-29 21:04:03,617 [INFO] CodeEngine:279 - Generated code: D:\Sachin_code\Techoscripts\STM32F407\STMPrograms\006_LED_sw_Interupt\MXTmpFiles\gpio.tmp
2024-06-29 21:04:03,636 [INFO] CodeEngine:255 - oldGeneratedFile, D:\Sachin_code\Techoscripts\STM32F407\STMPrograms\006_LED_sw_Interupt\Core\Src\stm32f4xx_it.c_save
2024-06-29 21:04:03,709 [INFO] CodeEngine:279 - Generated code: D:\Sachin_code\Techoscripts\STM32F407\STMPrograms\006_LED_sw_Interupt\Core\Src\stm32f4xx_it.c
2024-06-29 21:04:03,714 [INFO] CodeEngine:255 - oldGeneratedFile, D:\Sachin_code\Techoscripts\STM32F407\STMPrograms\006_LED_sw_Interupt\Core\Inc\stm32f4xx_it.h_save
2024-06-29 21:04:03,767 [INFO] CodeEngine:279 - Generated code: D:\Sachin_code\Techoscripts\STM32F407\STMPrograms\006_LED_sw_Interupt\Core\Inc\stm32f4xx_it.h
2024-06-29 21:04:03,791 [INFO] CodeEngine:255 - oldGeneratedFile, D:\Sachin_code\Techoscripts\STM32F407\STMPrograms\006_LED_sw_Interupt\Core\Src\stm32f4xx_hal_msp.c_save
2024-06-29 21:04:03,879 [INFO] CodeEngine:279 - Generated code: D:\Sachin_code\Techoscripts\STM32F407\STMPrograms\006_LED_sw_Interupt\Core\Src\stm32f4xx_hal_msp.c
2024-06-29 21:04:03,882 [INFO] CodeEngine:255 - oldGeneratedFile, D:\Sachin_code\Techoscripts\STM32F407\STMPrograms\006_LED_sw_Interupt\MXTmpFiles\system.tmp_save
2024-06-29 21:04:03,948 [INFO] CodeEngine:279 - Generated code: D:\Sachin_code\Techoscripts\STM32F407\STMPrograms\006_LED_sw_Interupt\MXTmpFiles\system.tmp
2024-06-29 21:04:03,970 [INFO] CodeEngine:311 - oldGeneratedFile, D:\Sachin_code\Techoscripts\STM32F407\STMPrograms\006_LED_sw_Interupt\Core\Inc\stm32f4xx_hal_conf.h_save
2024-06-29 21:04:04,076 [INFO] CodeEngine:335 - Generated code: D:\Sachin_code\Techoscripts\STM32F407\STMPrograms\006_LED_sw_Interupt\Core\Inc\stm32f4xx_hal_conf.h
2024-06-29 21:04:04,127 [INFO] CodeEngine:255 - oldGeneratedFile, D:\Sachin_code\Techoscripts\STM32F407\STMPrograms\006_LED_sw_Interupt\Core\Inc\main.h_save
2024-06-29 21:04:04,213 [INFO] CodeEngine:279 - Generated code: D:\Sachin_code\Techoscripts\STM32F407\STMPrograms\006_LED_sw_Interupt\Core\Inc\main.h
2024-06-29 21:04:04,226 [INFO] CodeEngine:255 - oldGeneratedFile, D:\Sachin_code\Techoscripts\STM32F407\STMPrograms\006_LED_sw_Interupt\Core\Src\main.c_save
2024-06-29 21:04:04,310 [INFO] CodeEngine:279 - Generated code: D:\Sachin_code\Techoscripts\STM32F407\STMPrograms\006_LED_sw_Interupt\Core\Src\main.c
2024-06-29 21:04:04,591 [INFO] ProjectBuilder:3163 - Time for Copy HAL[1] : 131mS.
2024-06-29 21:04:04,594 [INFO] ProjectBuilder:4736 - Project Generator version: 4.3.0-B58
2024-06-29 21:04:04,664 [INFO] ConfigFileManager:1503 - The Die is : DIE423
2024-06-29 21:04:05,372 [INFO] ProjectBuilder:5002 - Time for Generating toolchain IDE Files: 778mS.
2024-06-29 21:04:05,373 [INFO] ProjectBuilder:3034 - Time for Copy CMSIS : 1mS.
2024-06-29 21:04:05,375 [INFO] ProjectBuilder:3034 - Time for Copy CMSIS : 0mS.
