2024-07-19 16:52:56,919 [INFO] Activator:176 - 


2024-07-19 16:52:56,936 [INFO] Activator:177 - !SESSION log4j initialized
2024-07-19 16:53:11,588 [INFO] LogOutputStream:77 - [STDOUT_REDIRECT] 
2024-07-19 16:53:27,635 [INFO] ApplicationProperties:184 - Using Application install path: C:\ST\STM32CubeIDE_1.15.1\STM32CubeIDE\plugins\com.st.stm32cube.common.mx_6.11.1.202404110753
2024-07-19 16:53:27,684 [INFO] DbMcusXml:78 - Set database path to: C:\ST\STM32CubeIDE_1.15.1\STM32CubeIDE\plugins\com.st.stm32cube.common.mx_6.11.1.202404110753\\db\/mcu/
2024-07-19 16:53:27,685 [INFO] ApiDb:274 - Set plugin database path to: C:\ST\STM32CubeIDE_1.15.1\STM32CubeIDE\plugins\com.st.stm32cube.common.mx_6.11.1.202404110753\\db\/plugins/boardmanager/
2024-07-19 16:53:27,686 [WARN] ApiDb:259 - Overriding images path with different value:  => C:\ST\STM32CubeIDE_1.15.1\STM32CubeIDE\plugins\com.st.stm32cube.common.mx_6.11.1.202404110753\\db\/plugins/mcufinder/images/
2024-07-19 16:53:27,732 [INFO] ApiDb:250 - Set database path to: C:\Users\nikns\.stmcufinder\plugins\mcufinder//mcu/
2024-07-19 16:53:27,735 [INFO] DbMcusAds:125 - Set database path to: C:\Users\nikns\.stmcufinder\plugins\mcufinder//mcu/
2024-07-19 16:53:27,751 [INFO] CrossReferenceDbSqlite:203 - Set database path to: C:\Users\nikns\.stmcufinder\plugins\mcufinder//mcu/cs/
2024-07-19 16:53:28,115 [INFO] RulesReader:64 - Compatibility file has been processed (297 Rules)
2024-07-19 16:53:28,262 [INFO] DbMcusXml:78 - Set database path to: C:\ST\STM32CubeIDE_1.15.1\STM32CubeIDE\plugins\com.st.stm32cube.common.mx_6.11.1.202404110753\\db\/mcu/
2024-07-19 16:53:28,263 [INFO] ApiDb:274 - Set plugin database path to: C:\ST\STM32CubeIDE_1.15.1\STM32CubeIDE\plugins\com.st.stm32cube.common.mx_6.11.1.202404110753\\db\/plugins/boardmanager/
2024-07-19 16:53:28,263 [INFO] ApiDb:261 - Set plugin images path to: C:\ST\STM32CubeIDE_1.15.1\STM32CubeIDE\plugins\com.st.stm32cube.common.mx_6.11.1.202404110753\\db\/plugins/mcufinder/images/
2024-07-19 16:53:28,263 [WARN] DbFile:41 - Overriding database path with different value: C:\Users\nikns\.stmcufinder\plugins\mcufinder/ => C:\Users\nikns\.stmcufinder\plugins\mcufinder
2024-07-19 16:53:28,263 [INFO] ApiDb:250 - Set database path to: C:\Users\nikns\.stmcufinder\plugins\mcufinder//mcu/
2024-07-19 16:53:28,263 [WARN] DbFile:41 - Overriding database path with different value: C:\Users\nikns\.stmcufinder\plugins\mcufinder/ => C:\Users\nikns\.stmcufinder\plugins\mcufinder
2024-07-19 16:53:28,263 [INFO] DbMcusAds:125 - Set database path to: C:\Users\nikns\.stmcufinder\plugins\mcufinder//mcu/
2024-07-19 16:53:28,263 [WARN] DbFile:41 - Overriding database path with different value: C:\Users\nikns\.stmcufinder\plugins\mcufinder/ => C:\Users\nikns\.stmcufinder\plugins\mcufinder
2024-07-19 16:53:28,264 [WARN] DbFile:41 - Overriding database path with different value: C:\Users\nikns\.stmcufinder\plugins\mcufinder/ => C:\Users\nikns\.stmcufinder\plugins\mcufinder
2024-07-19 16:53:28,264 [INFO] CrossReferenceDbSqlite:203 - Set database path to: C:\Users\nikns\.stmcufinder\plugins\mcufinder//mcu/cs/
2024-07-19 16:53:28,368 [INFO] MainPanel:264 - HeapMemory: 268435456
2024-07-19 16:53:28,512 [INFO] DbMcusXml:78 - Set database path to: C:\ST\STM32CubeIDE_1.15.1\STM32CubeIDE\plugins\com.st.stm32cube.common.mx_6.11.1.202404110753\\db\/mcu/
2024-07-19 16:53:28,512 [INFO] ApiDb:274 - Set plugin database path to: C:\ST\STM32CubeIDE_1.15.1\STM32CubeIDE\plugins\com.st.stm32cube.common.mx_6.11.1.202404110753\\db\/plugins/boardmanager/
2024-07-19 16:53:28,512 [INFO] ApiDb:261 - Set plugin images path to: C:\ST\STM32CubeIDE_1.15.1\STM32CubeIDE\plugins\com.st.stm32cube.common.mx_6.11.1.202404110753\\db\/plugins/mcufinder/images/
2024-07-19 16:53:28,512 [WARN] DbFile:41 - Overriding database path with different value: C:\Users\nikns\.stmcufinder\plugins\mcufinder/ => C:\Users\nikns\.stmcufinder\plugins\mcufinder
2024-07-19 16:53:28,513 [INFO] ApiDb:250 - Set database path to: C:\Users\nikns\.stmcufinder\plugins\mcufinder//mcu/
2024-07-19 16:53:28,513 [WARN] DbFile:41 - Overriding database path with different value: C:\Users\nikns\.stmcufinder\plugins\mcufinder/ => C:\Users\nikns\.stmcufinder\plugins\mcufinder
2024-07-19 16:53:28,513 [INFO] DbMcusAds:125 - Set database path to: C:\Users\nikns\.stmcufinder\plugins\mcufinder//mcu/
2024-07-19 16:53:28,513 [WARN] DbFile:41 - Overriding database path with different value: C:\Users\nikns\.stmcufinder\plugins\mcufinder/ => C:\Users\nikns\.stmcufinder\plugins\mcufinder
2024-07-19 16:53:28,514 [WARN] DbFile:41 - Overriding database path with different value: C:\Users\nikns\.stmcufinder\plugins\mcufinder/ => C:\Users\nikns\.stmcufinder\plugins\mcufinder
2024-07-19 16:53:28,514 [INFO] CrossReferenceDbSqlite:203 - Set database path to: C:\Users\nikns\.stmcufinder\plugins\mcufinder//mcu/cs/
2024-07-19 16:53:28,539 [INFO] ApplicationProperties:184 - Using Application install path: C:\ST\STM32CubeIDE_1.15.1\STM32CubeIDE\plugins\com.st.stm32cube.common.mx_6.11.1.202404110753
2024-07-19 16:53:28,542 [INFO] PluginManage:196 - Search for loadable plugins [exclusion list=, ]
2024-07-19 16:53:28,543 [INFO] PluginManage:310 - Check plugin analytics
2024-07-19 16:53:33,476 [INFO] AnalyticsPlugin:253 - Accepted Software Licenses: STM32CubeMX.6.11.1
2024-07-19 16:53:33,477 [INFO] AnalyticsPlugin:255 - Accepted CMSIS Pack Licenses: 
2024-07-19 16:53:33,477 [INFO] AnalyticsPlugin:257 - Accepted Firmware Licenses: FW.F4.1.28.0
2024-07-19 16:53:33,481 [INFO] PluginManage:359 - Loaded plugin analytics (category:tool,tabindex:-1)
2024-07-19 16:53:33,481 [INFO] PluginManage:310 - Check plugin cadmodel
2024-07-19 16:53:33,498 [INFO] CADModel:105 - Init CAD model plugin
2024-07-19 16:53:33,499 [INFO] PluginManage:359 - Loaded plugin cadmodel (category:power,tabindex:5)
2024-07-19 16:53:33,499 [INFO] PluginManage:310 - Check plugin clock
2024-07-19 16:53:33,523 [INFO] PluginManage:359 - Loaded plugin clock (category:base,tabindex:2)
2024-07-19 16:53:33,523 [INFO] PluginManage:310 - Check plugin ddr
2024-07-19 16:53:33,525 [INFO] PluginManage:359 - Loaded plugin ddr (category:tool,tabindex:6)
2024-07-19 16:53:33,526 [INFO] PluginManage:310 - Check plugin filemanager
2024-07-19 16:53:33,737 [INFO] PluginManage:359 - Loaded plugin filemanager (category:base,tabindex:10)
2024-07-19 16:53:33,738 [INFO] PluginManage:310 - Check plugin ipmanager
2024-07-19 16:53:33,746 [INFO] PluginManage:359 - Loaded plugin ipmanager (category:base,tabindex:5)
2024-07-19 16:53:33,746 [INFO] PluginManage:310 - Check plugin lpbam
2024-07-19 16:53:33,767 [INFO] PluginManage:359 - Loaded plugin lpbam (category:base,tabindex:0)
2024-07-19 16:53:33,767 [INFO] PluginManage:310 - Check plugin memorymap
2024-07-19 16:53:33,798 [INFO] PluginManage:359 - Loaded plugin memorymap (category:base,tabindex:4)
2024-07-19 16:53:33,799 [INFO] PluginManage:310 - Check plugin pinoutandconfiguration
2024-07-19 16:53:33,819 [INFO] PluginManage:359 - Loaded plugin pinoutandconfiguration (category:base,tabindex:1)
2024-07-19 16:53:33,819 [INFO] PluginManage:310 - Check plugin pinoutconfig
2024-07-19 16:53:33,954 [WARN] SupportedApi:132 - Cannot load RTOS API schema: s4s-elt-must-match.1: The content of 'definitions' must match (annotation?, (simpleType | complexType)?, (unique | key | keyref)*)). A problem was found starting at: attribute.
2024-07-19 16:53:34,154 [INFO] PluginManage:359 - Loaded plugin pinoutconfig (category:base,tabindex:0)
2024-07-19 16:53:34,154 [INFO] PluginManage:310 - Check plugin power
2024-07-19 16:53:34,183 [INFO] PluginManage:359 - Loaded plugin power (category:power,tabindex:4)
2024-07-19 16:53:34,183 [INFO] PluginManage:310 - Check plugin projectmanager
2024-07-19 16:53:34,211 [INFO] PluginManage:359 - Loaded plugin projectmanager (category:projectmanager,tabindex:3)
2024-07-19 16:53:34,211 [INFO] PluginManage:310 - Check plugin thirdparty
2024-07-19 16:53:34,601 [INFO] PluginManage:359 - Loaded plugin thirdparty (category:base,tabindex:-1)
2024-07-19 16:53:34,601 [WARN] IntegrityCheckThread:84 - waiting for thirdparty lock release [integrity check]
2024-07-19 16:53:34,602 [INFO] PluginManage:310 - Check plugin tools
2024-07-19 16:53:34,602 [INFO] IntegrityCheckThread:86 - entering critical section [integrity check]
2024-07-19 16:53:34,602 [INFO] ThirdPartyUpdaterWithRetryManager:70 - Updater plugin not ready yet. [1/15]
2024-07-19 16:53:34,644 [INFO] PluginManage:359 - Loaded plugin tools (category:base,tabindex:7)
2024-07-19 16:53:34,644 [INFO] PluginManage:310 - Check plugin tutovideos
2024-07-19 16:53:34,909 [INFO] PluginManage:359 - Loaded plugin tutovideos (category:base,tabindex:-1)
2024-07-19 16:53:34,909 [INFO] PluginManage:310 - Check plugin updater
2024-07-19 16:53:34,925 [INFO] PluginManage:359 - Loaded plugin updater (category:base,tabindex:12)
2024-07-19 16:53:34,925 [INFO] PluginManage:310 - Check plugin userauth
2024-07-19 16:53:34,933 [INFO] UserAuth:114 - Init User Auth plugin
2024-07-19 16:53:34,933 [INFO] PluginManage:359 - Loaded plugin userauth (category:base,tabindex:14)
2024-07-19 16:53:34,934 [INFO] PluginManage:283 - PluginManage : Loaded plugins [17]
2024-07-19 16:53:35,255 [INFO] PinOutPanel:1561 - setPackage(No Configuration,No Configuration)
2024-07-19 16:53:35,370 [INFO] CADModel:165 - CPN selected for project level
2024-07-19 16:53:35,371 [INFO] CADModel:114 - Register for checkConnection events
2024-07-19 16:53:35,401 [INFO] IPUIPlugin:80 - create IPUIPlugin
2024-07-19 16:53:35,401 [INFO] PluginManager:220 - loadIPPluginJar : add adc
2024-07-19 16:53:35,468 [INFO] IPUIPlugin:80 - create IPUIPlugin
2024-07-19 16:53:35,469 [INFO] PluginManager:220 - loadIPPluginJar : add aes
2024-07-19 16:53:35,528 [INFO] IPUIPlugin:80 - create IPUIPlugin
2024-07-19 16:53:35,529 [INFO] PluginManager:220 - loadIPPluginJar : add can
2024-07-19 16:53:35,581 [INFO] IPUIPlugin:80 - create IPUIPlugin
2024-07-19 16:53:35,582 [INFO] PluginManager:220 - loadIPPluginJar : add comp
2024-07-19 16:53:35,624 [INFO] IPUIPlugin:80 - create IPUIPlugin
2024-07-19 16:53:35,624 [INFO] PluginManager:220 - loadIPPluginJar : add cryp
2024-07-19 16:53:35,662 [INFO] IPUIPlugin:80 - create IPUIPlugin
2024-07-19 16:53:35,663 [INFO] PluginManager:220 - loadIPPluginJar : add dfsdm
2024-07-19 16:53:35,679 [INFO] IPUIPlugin:80 - create IPUIPlugin
2024-07-19 16:53:35,680 [INFO] PluginManager:220 - loadIPPluginJar : add dma
2024-07-19 16:53:35,736 [INFO] IPUIPlugin:80 - create IPUIPlugin
2024-07-19 16:53:35,736 [INFO] PluginManager:220 - loadIPPluginJar : add dma3
2024-07-19 16:53:35,791 [INFO] IPUIPlugin:80 - create IPUIPlugin
2024-07-19 16:53:35,791 [INFO] PluginManager:220 - loadIPPluginJar : add extmemmanager
2024-07-19 16:53:35,814 [INFO] IPUIPlugin:80 - create IPUIPlugin
2024-07-19 16:53:35,814 [INFO] PluginManager:220 - loadIPPluginJar : add fatfs
2024-07-19 16:53:35,868 [INFO] IPUIPlugin:80 - create IPUIPlugin
2024-07-19 16:53:35,868 [INFO] PluginManager:220 - loadIPPluginJar : add fmc
2024-07-19 16:53:35,884 [INFO] IPUIPlugin:80 - create IPUIPlugin
2024-07-19 16:53:35,884 [INFO] PluginManager:220 - loadIPPluginJar : add freertos
2024-07-19 16:53:35,907 [INFO] IPUIPlugin:80 - create IPUIPlugin
2024-07-19 16:53:35,907 [INFO] PluginManager:220 - loadIPPluginJar : add genericplugin
2024-07-19 16:53:36,033 [INFO] IPUIPlugin:80 - create IPUIPlugin
2024-07-19 16:53:36,034 [INFO] PluginManager:220 - loadIPPluginJar : add gfxmmu
2024-07-19 16:53:36,188 [INFO] IPUIPlugin:80 - create IPUIPlugin
2024-07-19 16:53:36,188 [INFO] PluginManager:220 - loadIPPluginJar : add gic
2024-07-19 16:53:36,203 [INFO] IPUIPlugin:80 - create IPUIPlugin
2024-07-19 16:53:36,203 [INFO] PluginManager:220 - loadIPPluginJar : add gpio
2024-07-19 16:53:36,311 [INFO] IPUIPlugin:80 - create IPUIPlugin
2024-07-19 16:53:36,312 [INFO] PluginManager:220 - loadIPPluginJar : add gtzc
2024-07-19 16:53:36,349 [INFO] IPUIPlugin:80 - create IPUIPlugin
2024-07-19 16:53:36,349 [INFO] PluginManager:220 - loadIPPluginJar : add hash
2024-07-19 16:53:36,410 [INFO] IPUIPlugin:80 - create IPUIPlugin
2024-07-19 16:53:36,410 [INFO] PluginManager:220 - loadIPPluginJar : add i2c
2024-07-19 16:53:36,458 [INFO] IPUIPlugin:80 - create IPUIPlugin
2024-07-19 16:53:36,459 [INFO] PluginManager:220 - loadIPPluginJar : add i2s
2024-07-19 16:53:36,507 [INFO] IPUIPlugin:80 - create IPUIPlugin
2024-07-19 16:53:36,507 [INFO] PluginManager:220 - loadIPPluginJar : add i3c
2024-07-19 16:53:36,634 [INFO] IPUIPlugin:80 - create IPUIPlugin
2024-07-19 16:53:36,634 [INFO] PluginManager:220 - loadIPPluginJar : add ipddr
2024-07-19 16:53:36,751 [INFO] IPUIPlugin:80 - create IPUIPlugin
2024-07-19 16:53:36,751 [INFO] PluginManager:220 - loadIPPluginJar : add linkedlist
2024-07-19 16:53:36,796 [INFO] IPUIPlugin:80 - create IPUIPlugin
2024-07-19 16:53:36,797 [INFO] PluginManager:220 - loadIPPluginJar : add lorawan
2024-07-19 16:53:36,850 [INFO] IPUIPlugin:80 - create IPUIPlugin
2024-07-19 16:53:36,850 [INFO] PluginManager:220 - loadIPPluginJar : add ltdc
2024-07-19 16:53:36,867 [INFO] IPUIPlugin:80 - create IPUIPlugin
2024-07-19 16:53:36,867 [INFO] PluginManager:220 - loadIPPluginJar : add mdma
2024-07-19 16:53:36,900 [INFO] IPUIPlugin:80 - create IPUIPlugin
2024-07-19 16:53:36,901 [INFO] PluginManager:220 - loadIPPluginJar : add nvic
2024-07-19 16:53:36,962 [INFO] IPUIPlugin:80 - create IPUIPlugin
2024-07-19 16:53:36,962 [INFO] PluginManager:220 - loadIPPluginJar : add opamp
2024-07-19 16:53:37,039 [INFO] IPUIPlugin:80 - create IPUIPlugin
2024-07-19 16:53:37,039 [INFO] PluginManager:220 - loadIPPluginJar : add openamp
2024-07-19 16:53:37,096 [INFO] IPUIPlugin:80 - create IPUIPlugin
2024-07-19 16:53:37,096 [INFO] PluginManager:220 - loadIPPluginJar : add pdm2pcm
2024-07-19 16:53:37,113 [INFO] IPUIPlugin:80 - create IPUIPlugin
2024-07-19 16:53:37,115 [INFO] PluginManager:220 - loadIPPluginJar : add plateformsettings
2024-07-19 16:53:37,141 [INFO] IPUIPlugin:80 - create IPUIPlugin
2024-07-19 16:53:37,141 [INFO] PluginManager:220 - loadIPPluginJar : add quadspi
2024-07-19 16:53:37,154 [INFO] IPUIPlugin:80 - create IPUIPlugin
2024-07-19 16:53:37,154 [INFO] PluginManager:220 - loadIPPluginJar : add resmgrutility
2024-07-19 16:53:37,210 [INFO] IPUIPlugin:80 - create IPUIPlugin
2024-07-19 16:53:37,210 [INFO] PluginManager:220 - loadIPPluginJar : add sai
2024-07-19 16:53:37,251 [INFO] IPUIPlugin:80 - create IPUIPlugin
2024-07-19 16:53:37,251 [INFO] PluginManager:220 - loadIPPluginJar : add spi
2024-07-19 16:53:37,328 [INFO] IPUIPlugin:80 - create IPUIPlugin
2024-07-19 16:53:37,328 [INFO] PluginManager:220 - loadIPPluginJar : add stm32_wpan
2024-07-19 16:53:37,359 [INFO] IPUIPlugin:80 - create IPUIPlugin
2024-07-19 16:53:37,359 [INFO] PluginManager:220 - loadIPPluginJar : add tim
2024-07-19 16:53:37,493 [INFO] IPUIPlugin:80 - create IPUIPlugin
2024-07-19 16:53:37,493 [INFO] PluginManager:220 - loadIPPluginJar : add touchsensing
2024-07-19 16:53:37,522 [INFO] IPUIPlugin:80 - create IPUIPlugin
2024-07-19 16:53:37,522 [INFO] PluginManager:220 - loadIPPluginJar : add tracer_emb
2024-07-19 16:53:37,548 [INFO] IPUIPlugin:80 - create IPUIPlugin
2024-07-19 16:53:37,548 [INFO] PluginManager:220 - loadIPPluginJar : add ts
2024-07-19 16:53:37,574 [INFO] IPUIPlugin:80 - create IPUIPlugin
2024-07-19 16:53:37,574 [INFO] PluginManager:220 - loadIPPluginJar : add tsc
2024-07-19 16:53:37,600 [INFO] IPUIPlugin:80 - create IPUIPlugin
2024-07-19 16:53:37,600 [INFO] PluginManager:220 - loadIPPluginJar : add ucpd
2024-07-19 16:53:37,603 [INFO] ThirdPartyUpdaterWithRetryManager:70 - Updater plugin not ready yet. [2/15]
2024-07-19 16:53:37,674 [INFO] IPUIPlugin:80 - create IPUIPlugin
2024-07-19 16:53:37,674 [INFO] PluginManager:220 - loadIPPluginJar : add usart
2024-07-19 16:53:37,756 [INFO] IPUIPlugin:80 - create IPUIPlugin
2024-07-19 16:53:37,756 [INFO] PluginManager:220 - loadIPPluginJar : add usbx
2024-07-19 16:53:37,911 [INFO] CADModel:165 - CPN selected for project level
2024-07-19 16:53:37,911 [INFO] CADModel:114 - Register for checkConnection events
2024-07-19 16:53:37,911 [FATAL] Updater:308 - Updater called before beeing initialized
2024-07-19 16:53:37,912 [ERROR] CADModel:125 - Updater not yet initialized, retry later 
2024-07-19 16:53:38,327 [INFO] CADModel:165 - CPN selected for project level
2024-07-19 16:53:38,327 [INFO] CADModel:114 - Register for checkConnection events
2024-07-19 16:53:38,327 [FATAL] Updater:308 - Updater called before beeing initialized
2024-07-19 16:53:38,327 [ERROR] CADModel:125 - Updater not yet initialized, retry later 
2024-07-19 16:53:38,333 [FATAL] Updater:308 - Updater called before beeing initialized
2024-07-19 16:53:38,535 [FATAL] Updater:308 - Updater called before beeing initialized
2024-07-19 16:53:38,547 [INFO] DbMcusAds:53 - JSON generation date=Thu May 16 14:52:00 IST 2024 (1715851320667)
2024-07-19 16:53:38,547 [FATAL] Updater:308 - Updater called before beeing initialized
2024-07-19 16:53:38,646 [WARN] DetailPanel:346 - Failed to get advertising image, set to default
2024-07-19 16:53:38,756 [FATAL] Updater:308 - Updater called before beeing initialized
2024-07-19 16:53:38,760 [FATAL] Updater:308 - Updater called before beeing initialized
2024-07-19 16:53:38,760 [FATAL] Updater:308 - Updater called before beeing initialized
2024-07-19 16:53:38,760 [WARN] DetailPanel:346 - Failed to get advertising image, set to default
2024-07-19 16:53:38,761 [FATAL] Updater:308 - Updater called before beeing initialized
2024-07-19 16:53:38,850 [ERROR] Updater:1120 - MainUpdater not yet initialized. External WinMGr cannot be set.
2024-07-19 16:53:38,862 [INFO] Updater:1056 - Updater Version found : 6.11.1
2024-07-19 16:53:38,894 [INFO] ApplicationProperties:184 - Using Application install path: C:\ST\STM32CubeIDE_1.15.1\STM32CubeIDE\plugins\com.st.stm32cube.common.mx_6.11.1.202404110753
2024-07-19 16:53:40,501 [ERROR] LogOutputStream:75 - [STDERR_REDIRECT] Jul 19, 2024 4:53:40 PM java.util.prefs.WindowsPreferences <init>
2024-07-19 16:53:40,509 [ERROR] LogOutputStream:75 - [STDERR_REDIRECT] WARNING: Could not open/create prefs root node Software\JavaSoft\Prefs at root 0xffffffff80000002. Windows RegCreateKeyEx(...) returned error code 5.
2024-07-19 16:53:40,511 [ERROR] LogOutputStream:75 - [STDERR_REDIRECT] 
2024-07-19 16:53:40,605 [INFO] ThirdPartyUpdaterWithRetryManager:70 - Updater plugin not ready yet. [3/15]
2024-07-19 16:53:43,126 [INFO] MainUpdater:2873 - connection check result : 10
2024-07-19 16:53:43,127 [INFO] MainUpdater:3567 - Updater definition file requires update
2024-07-19 16:53:43,129 [INFO] MainUpdater:290 - Updater Check For Update Now.
2024-07-19 16:53:43,130 [INFO] MicroXplorer:498 - Change Database Version : DB.6.0.111
2024-07-19 16:53:43,171 [INFO] McuFinderGlobals:63 - Set McuFinder mode to 2 (CubeIDE integrated)
2024-07-19 16:53:43,196 [INFO] UserAuth:415 - Internet connection configuration mode: 1
2024-07-19 16:53:43,250 [INFO] JxBrowserEngine:152 - Initiate JxBrowser Engine with user profile folder
2024-07-19 16:53:43,607 [WARN] MainUpdater:1194 - Updater busy. Cannot search thirdparties
2024-07-19 16:53:43,608 [INFO] ThirdPartyUpdaterWithRetryManager:96 - Updater plugin is busy. [1/15]
2024-07-19 16:53:44,887 [INFO] ServerAccessManage:473 - Download File updaters.zip
2024-07-19 16:53:45,219 [INFO] FileExtend:240 - Unzip File : updaters.zip
2024-07-19 16:53:45,220 [INFO] FileExtend:255 - Standard Zip Deflate
2024-07-19 16:53:46,623 [WARN] MainUpdater:1194 - Updater busy. Cannot search thirdparties
2024-07-19 16:53:46,623 [INFO] ThirdPartyUpdaterWithRetryManager:96 - Updater plugin is busy. [2/15]
2024-07-19 16:53:48,201 [INFO] ServerAccessManage:473 - Download File PacksControlFlags.xml
2024-07-19 16:53:49,626 [WARN] MainUpdater:1194 - Updater busy. Cannot search thirdparties
2024-07-19 16:53:49,626 [INFO] ThirdPartyUpdaterWithRetryManager:96 - Updater plugin is busy. [3/15]
2024-07-19 16:53:50,469 [INFO] ServerAccessManage:473 - Download File cubemx.pidx
2024-07-19 16:53:52,628 [WARN] MainUpdater:1194 - Updater busy. Cannot search thirdparties
2024-07-19 16:53:52,628 [INFO] ThirdPartyUpdaterWithRetryManager:96 - Updater plugin is busy. [4/15]
2024-07-19 16:53:52,774 [INFO] ServerAccessManage:473 - Download File STMicroelectronics.FP-SNS-STBOX1.pdsc
2024-07-19 16:53:55,252 [INFO] ServerAccessManage:473 - Download File STMicroelectronics.X-CUBE-DPOWER.pdsc
2024-07-19 16:53:55,630 [WARN] MainUpdater:1194 - Updater busy. Cannot search thirdparties
2024-07-19 16:53:55,630 [INFO] ThirdPartyUpdaterWithRetryManager:96 - Updater plugin is busy. [5/15]
2024-07-19 16:53:56,305 [INFO] WebApp:161 - Instantiating new browser for Auth
2024-07-19 16:53:56,963 [ERROR] ServerAccessManage:1089 - Problem, file not found on Server
2024-07-19 16:53:57,839 [INFO] WebApp:779 - Register for checkConnection events
2024-07-19 16:53:57,840 [INFO] WebApp:414 - Apply proxy settings
2024-07-19 16:53:57,840 [INFO] WebApp:499 - Chromium requires no authentication
2024-07-19 16:53:57,872 [INFO] WebApp:442 - Direct internet connection detected
2024-07-19 16:53:57,912 [ERROR] ServerAccessManage:1089 - Problem, file not found on Server
2024-07-19 16:53:58,394 [INFO] WebApp:192 - Starting web application
2024-07-19 16:53:58,394 [INFO] WebApp:544 - Web application path used C:\ST\STM32CubeIDE_1.15.1\STM32CubeIDE\plugins\com.st.stm32cube.common.mx_6.11.1.202404110753\db\plugins\mcufinder\reactClient1\index.html
2024-07-19 16:53:58,631 [WARN] MainUpdater:1194 - Updater busy. Cannot search thirdparties
2024-07-19 16:53:58,631 [INFO] ThirdPartyUpdaterWithRetryManager:96 - Updater plugin is busy. [6/15]
2024-07-19 16:53:59,155 [ERROR] ServerAccessManage:1089 - Problem, file not found on Server
2024-07-19 16:53:59,888 [ERROR] ServerAccessManage:1089 - Problem, file not found on Server
2024-07-19 16:54:00,862 [ERROR] ServerAccessManage:1089 - Problem, file not found on Server
2024-07-19 16:54:01,634 [WARN] MainUpdater:1194 - Updater busy. Cannot search thirdparties
2024-07-19 16:54:01,634 [INFO] ThirdPartyUpdaterWithRetryManager:96 - Updater plugin is busy. [7/15]
2024-07-19 16:54:02,120 [ERROR] ServerAccessManage:1089 - Problem, file not found on Server
2024-07-19 16:54:03,356 [ERROR] ServerAccessManage:1089 - Problem, file not found on Server
2024-07-19 16:54:03,849 [ERROR] ServerAccessManage:1089 - Problem, file not found on Server
2024-07-19 16:54:04,636 [WARN] MainUpdater:1194 - Updater busy. Cannot search thirdparties
2024-07-19 16:54:04,636 [INFO] ThirdPartyUpdaterWithRetryManager:96 - Updater plugin is busy. [8/15]
2024-07-19 16:54:04,737 [ERROR] ServerAccessManage:1089 - Problem, file not found on Server
2024-07-19 16:54:05,577 [ERROR] ServerAccessManage:1089 - Problem, file not found on Server
2024-07-19 16:54:06,453 [ERROR] ServerAccessManage:1089 - Problem, file not found on Server
2024-07-19 16:54:07,647 [WARN] MainUpdater:1194 - Updater busy. Cannot search thirdparties
2024-07-19 16:54:07,648 [INFO] ThirdPartyUpdaterWithRetryManager:96 - Updater plugin is busy. [9/15]
2024-07-19 16:54:10,652 [WARN] MainUpdater:1194 - Updater busy. Cannot search thirdparties
2024-07-19 16:54:10,653 [INFO] ThirdPartyUpdaterWithRetryManager:96 - Updater plugin is busy. [10/15]
2024-07-19 16:54:10,889 [INFO] ServerAccessManage:473 - Download File wolfSSL.I-CUBE-wolfTPM.pdsc
2024-07-19 16:54:13,654 [WARN] MainUpdater:1194 - Updater busy. Cannot search thirdparties
2024-07-19 16:54:13,655 [INFO] ThirdPartyUpdaterWithRetryManager:96 - Updater plugin is busy. [11/15]
2024-07-19 16:54:13,683 [INFO] ServerAccessManage:473 - Download File wolfSSL.I-CUBE-wolfSSH.pdsc
2024-07-19 16:54:16,655 [WARN] MainUpdater:1194 - Updater busy. Cannot search thirdparties
2024-07-19 16:54:16,655 [INFO] ThirdPartyUpdaterWithRetryManager:96 - Updater plugin is busy. [12/15]
2024-07-19 16:54:18,424 [INFO] ServerAccessManage:473 - Download File RealThread.X-CUBE-RT-Thread_Nano.pdsc
2024-07-19 16:54:19,657 [WARN] MainUpdater:1194 - Updater busy. Cannot search thirdparties
2024-07-19 16:54:19,657 [INFO] ThirdPartyUpdaterWithRetryManager:96 - Updater plugin is busy. [13/15]
2024-07-19 16:54:21,769 [INFO] ServerAccessManage:473 - Download File EmbeddedOffice.I-CUBE-FS-RTOS.pdsc
2024-07-19 16:54:22,658 [WARN] MainUpdater:1194 - Updater busy. Cannot search thirdparties
2024-07-19 16:54:22,659 [INFO] ThirdPartyUpdaterWithRetryManager:96 - Updater plugin is busy. [14/15]
2024-07-19 16:54:23,157 [WARN] PackLoader:240 - Cannot read IP mode file for STMicroelectronics.FP-SNS-STBOX1.2.0.0
2024-07-19 16:54:23,228 [WARN] PackLoader:240 - Cannot read IP mode file for STMicroelectronics.X-CUBE-DPower.1.2.0
2024-07-19 16:54:23,240 [WARN] PackLoader:240 - Cannot read IP mode file for wolfSSL.I-CUBE-wolfTPM.3.2.0
2024-07-19 16:54:23,249 [WARN] PackLoader:240 - Cannot read IP mode file for wolfSSL.I-CUBE-wolfSSH.1.4.17
2024-07-19 16:54:23,267 [WARN] PackLoader:240 - Cannot read IP mode file for RealThread.X-CUBE-RT-Thread_Nano.4.1.1
2024-07-19 16:54:23,302 [WARN] PackLoader:240 - Cannot read IP mode file for EmbeddedOffice.I-CUBE-FS-RTOS.1.0.1
2024-07-19 16:54:23,303 [ERROR] ConditionMgr:805 - Attr not supported : Dmpu
2024-07-19 16:54:23,303 [ERROR] ConditionMgr:805 - Attr not supported : Dmpu
2024-07-19 16:54:23,303 [ERROR] ConditionMgr:805 - Attr not supported : Dmpu
2024-07-19 16:54:23,304 [ERROR] ConditionMgr:805 - Attr not supported : Dmpu
2024-07-19 16:54:23,304 [ERROR] ConditionMgr:805 - Attr not supported : Dmpu
2024-07-19 16:54:23,304 [ERROR] ConditionMgr:805 - Attr not supported : Dmpu
2024-07-19 16:54:23,304 [ERROR] ConditionMgr:805 - Attr not supported : Dmpu
2024-07-19 16:54:23,304 [ERROR] ConditionMgr:805 - Attr not supported : Dmpu
2024-07-19 16:54:23,305 [ERROR] ConditionMgr:805 - Attr not supported : Dmpu
2024-07-19 16:54:23,305 [ERROR] ConditionMgr:805 - Attr not supported : Dmpu
2024-07-19 16:54:23,305 [ERROR] ConditionMgr:805 - Attr not supported : Dmpu
2024-07-19 16:54:23,305 [ERROR] ConditionMgr:805 - Attr not supported : Dmpu
2024-07-19 16:54:23,305 [ERROR] ConditionMgr:805 - Attr not supported : Dmpu
2024-07-19 16:54:23,306 [ERROR] ConditionMgr:805 - Attr not supported : Dmpu
2024-07-19 16:54:23,306 [ERROR] ConditionMgr:805 - Attr not supported : Dmpu
2024-07-19 16:54:23,306 [ERROR] ConditionMgr:805 - Attr not supported : Dmpu
2024-07-19 16:54:23,306 [ERROR] ConditionMgr:805 - Attr not supported : Dmpu
2024-07-19 16:54:23,306 [ERROR] ConditionMgr:805 - Attr not supported : Dmpu
2024-07-19 16:54:23,307 [ERROR] ConditionMgr:805 - Attr not supported : Dmpu
2024-07-19 16:54:23,307 [ERROR] ConditionMgr:805 - Attr not supported : Dmpu
2024-07-19 16:54:23,307 [ERROR] ConditionMgr:805 - Attr not supported : Dmpu
2024-07-19 16:54:23,307 [ERROR] ConditionMgr:805 - Attr not supported : Dmpu
2024-07-19 16:54:23,307 [ERROR] ConditionMgr:805 - Attr not supported : Dmpu
2024-07-19 16:54:23,307 [ERROR] ConditionMgr:805 - Attr not supported : Dmpu
2024-07-19 16:54:23,308 [ERROR] ConditionMgr:805 - Attr not supported : Dmpu
2024-07-19 16:54:23,308 [ERROR] ConditionMgr:805 - Attr not supported : Dmpu
2024-07-19 16:54:23,308 [ERROR] ConditionMgr:805 - Attr not supported : Dmpu
2024-07-19 16:54:23,308 [ERROR] ConditionMgr:805 - Attr not supported : Dmpu
2024-07-19 16:54:23,308 [ERROR] ConditionMgr:805 - Attr not supported : Dmpu
2024-07-19 16:54:23,309 [ERROR] ConditionMgr:805 - Attr not supported : Dmpu
2024-07-19 16:54:23,309 [ERROR] ConditionMgr:805 - Attr not supported : Dmpu
2024-07-19 16:54:23,309 [ERROR] ConditionMgr:805 - Attr not supported : Dmpu
2024-07-19 16:54:23,309 [ERROR] ConditionMgr:805 - Attr not supported : Dmpu
2024-07-19 16:54:23,309 [ERROR] ConditionMgr:805 - Attr not supported : Dmpu
2024-07-19 16:54:23,309 [ERROR] ConditionMgr:805 - Attr not supported : Dmpu
2024-07-19 16:54:23,310 [ERROR] ConditionMgr:805 - Attr not supported : Dmpu
2024-07-19 16:54:23,310 [ERROR] ConditionMgr:805 - Attr not supported : Dmpu
2024-07-19 16:54:23,310 [ERROR] ConditionMgr:805 - Attr not supported : Dmpu
2024-07-19 16:54:23,310 [ERROR] ConditionMgr:805 - Attr not supported : Dmpu
2024-07-19 16:54:23,311 [ERROR] ConditionMgr:805 - Attr not supported : Dmpu
2024-07-19 16:54:23,311 [ERROR] ConditionMgr:805 - Attr not supported : Dmpu
2024-07-19 16:54:23,311 [ERROR] ConditionMgr:805 - Attr not supported : Dmpu
2024-07-19 16:54:23,311 [ERROR] ConditionMgr:805 - Attr not supported : Dmpu
2024-07-19 16:54:23,311 [ERROR] ConditionMgr:805 - Attr not supported : Dmpu
2024-07-19 16:54:23,312 [ERROR] ConditionMgr:805 - Attr not supported : Dmpu
2024-07-19 16:54:23,312 [ERROR] ConditionMgr:805 - Attr not supported : Dmpu
2024-07-19 16:54:23,313 [ERROR] ConditionMgr:805 - Attr not supported : Dmpu
2024-07-19 16:54:23,315 [ERROR] ConditionMgr:805 - Attr not supported : Dmpu
2024-07-19 16:54:23,315 [ERROR] ConditionMgr:805 - Attr not supported : Dmpu
2024-07-19 16:54:23,315 [ERROR] ConditionMgr:805 - Attr not supported : Dmpu
2024-07-19 16:54:23,315 [ERROR] ConditionMgr:805 - Attr not supported : Dmpu
2024-07-19 16:54:23,315 [ERROR] ConditionMgr:805 - Attr not supported : Dmpu
2024-07-19 16:54:23,315 [ERROR] ConditionMgr:805 - Attr not supported : Dmpu
2024-07-19 16:54:23,316 [ERROR] ConditionMgr:805 - Attr not supported : Dmpu
2024-07-19 16:54:23,316 [ERROR] ConditionMgr:805 - Attr not supported : Dmpu
2024-07-19 16:54:23,316 [ERROR] ConditionMgr:805 - Attr not supported : Dmpu
2024-07-19 16:54:23,316 [ERROR] ConditionMgr:805 - Attr not supported : Dmpu
2024-07-19 16:54:23,316 [ERROR] ConditionMgr:805 - Attr not supported : Dmpu
2024-07-19 16:54:23,317 [ERROR] ConditionMgr:805 - Attr not supported : Dmpu
2024-07-19 16:54:23,317 [ERROR] ConditionMgr:805 - Attr not supported : Dmpu
2024-07-19 16:54:23,317 [ERROR] ConditionMgr:805 - Attr not supported : Dmpu
2024-07-19 16:54:23,317 [ERROR] ConditionMgr:805 - Attr not supported : Dmpu
2024-07-19 16:54:23,318 [ERROR] ConditionMgr:805 - Attr not supported : Dmpu
2024-07-19 16:54:23,318 [ERROR] ConditionMgr:805 - Attr not supported : Dmpu
2024-07-19 16:54:23,319 [INFO] PopulateThirdPartyThread:66 - Ending populate Thread
2024-07-19 16:54:23,322 [INFO] ThirdParty:1030 - CMSIS Pack Vendor :STMicroelectronics FP-SNS-STBOX1 2.0.0
2024-07-19 16:54:23,322 [INFO] ThirdParty:1030 - CMSIS Pack Vendor :EmbeddedOffice I-CUBE-FS-RTOS 1.0.1
2024-07-19 16:54:23,323 [INFO] ThirdParty:1030 - CMSIS Pack Vendor :RealThread X-CUBE-RT-Thread_Nano 4.1.1
2024-07-19 16:54:23,323 [INFO] ThirdParty:1030 - CMSIS Pack Vendor :wolfSSL I-CUBE-wolfTPM 3.2.0
2024-07-19 16:54:23,323 [INFO] ThirdParty:1030 - CMSIS Pack Vendor :STMicroelectronics X-CUBE-DPower 1.2.0
2024-07-19 16:54:23,323 [INFO] ThirdParty:1030 - CMSIS Pack Vendor :wolfSSL I-CUBE-wolfSSH 1.4.17
2024-07-19 16:54:23,323 [INFO] LoadServerUpdatesThread:375 - End of LoadServerUpdate Thread
2024-07-19 16:54:23,362 [INFO] CheckServerUpdateThread:120 - End of CheckServer Thread
2024-07-19 16:54:26,264 [WARN] PackLoader:240 - Cannot read IP mode file for STMicroelectronics.FP-SNS-MOTENVWB1.1.4.0
2024-07-19 16:54:26,300 [WARN] PackLoader:240 - Cannot read IP mode file for STMicroelectronics.X-CUBE-SMBUS.2.1.0
2024-07-19 16:54:26,333 [WARN] PackLoader:240 - Cannot read IP mode file for STMicroelectronics.X-CUBE-TOUCHGFX.4.23.2
2024-07-19 16:54:26,514 [WARN] PackLoader:240 - Cannot read IP mode file for STMicroelectronics.X-CUBE-AZRTOS-F7.1.1.0
2024-07-19 16:54:26,539 [WARN] PackLoader:240 - Cannot read IP mode file for STMicroelectronics.FP-SNS-FLIGHT1.5.0.2
2024-07-19 16:54:26,590 [WARN] PackLoader:240 - Cannot read IP mode file for STMicroelectronics.X-CUBE-DISPLAY.3.0.0
2024-07-19 16:54:26,636 [WARN] PackLoader:240 - Cannot read IP mode file for STMicroelectronics.X-CUBE-BLE1.7.0.0
2024-07-19 16:54:26,671 [WARN] PackLoader:240 - Cannot read IP mode file for emotas.I-CUBE-CANOPEN.1.3.0
2024-07-19 16:54:26,726 [WARN] PackLoader:240 - Cannot read IP mode file for STMicroelectronics.X-CUBE-BLEMGR.3.1.0
2024-07-19 16:54:26,771 [WARN] PackLoader:240 - Cannot read IP mode file for STMicroelectronics.FP-SNS-SMARTAG2.1.2.0
2024-07-19 16:54:26,834 [INFO] LogOutputStream:77 - [STDOUT_REDIRECT] 1 : Invalid condition id : UX_CORESTACK_Condition cause : null
2024-07-19 16:54:26,836 [INFO] LogOutputStream:77 - [STDOUT_REDIRECT] 1 : Invalid condition id : UX_CORESTACK_Condition cause : null
2024-07-19 16:54:26,839 [INFO] LogOutputStream:77 - [STDOUT_REDIRECT] 1 : Invalid condition id : UX_CORESTACK_Condition cause : null
2024-07-19 16:54:26,844 [INFO] LogOutputStream:77 - [STDOUT_REDIRECT] 1 : Invalid condition id : UX_CORESTACK_Condition cause : null
2024-07-19 16:54:26,846 [INFO] LogOutputStream:77 - [STDOUT_REDIRECT] 1 : Invalid condition id : UX_CORESTACK_Condition cause : null
2024-07-19 16:54:26,854 [WARN] PackLoader:240 - Cannot read IP mode file for STMicroelectronics.X-CUBE-AZRTOS-WL.2.0.0
2024-07-19 16:54:26,903 [WARN] PackLoader:240 - Cannot read IP mode file for STMicroelectronics.FP-SNS-MOTENV1.5.0.0
2024-07-19 16:54:26,923 [WARN] PackLoader:240 - Cannot read IP mode file for wolfSSL.I-CUBE-wolfMQTT.1.19.0
2024-07-19 16:54:26,976 [WARN] PackLoader:240 - Cannot read IP mode file for WES.I-CUBE-Cesium.1.3.0
2024-07-19 16:54:27,020 [WARN] PackLoader:240 - Cannot read IP mode file for STMicroelectronics.X-CUBE-BLE2.3.3.0
2024-07-19 16:54:27,101 [WARN] PackLoader:240 - Cannot read IP mode file for STMicroelectronics.X-CUBE-TCPP.4.1.0
2024-07-19 16:54:27,196 [WARN] PackLoader:240 - Cannot read IP mode file for STMicroelectronics.X-CUBE-AZRTOS-G0.1.1.0
2024-07-19 16:54:27,243 [WARN] PackLoader:240 - Cannot read IP mode file for STMicroelectronics.X-CUBE-SAFEA1.1.2.2
2024-07-19 16:54:27,284 [WARN] PackLoader:240 - Cannot read IP mode file for STMicroelectronics.X-CUBE-NFC4.3.0.0
2024-07-19 16:54:27,311 [WARN] PackLoader:240 - Cannot read IP mode file for EmbeddedOffice.I-CUBE-FS-RTOS.1.0.1
2024-07-19 16:54:27,311 [ERROR] ConditionMgr:805 - Attr not supported : Dmpu
2024-07-19 16:54:27,312 [ERROR] ConditionMgr:805 - Attr not supported : Dmpu
2024-07-19 16:54:27,312 [ERROR] ConditionMgr:805 - Attr not supported : Dmpu
2024-07-19 16:54:27,312 [ERROR] ConditionMgr:805 - Attr not supported : Dmpu
2024-07-19 16:54:27,312 [ERROR] ConditionMgr:805 - Attr not supported : Dmpu
2024-07-19 16:54:27,312 [ERROR] ConditionMgr:805 - Attr not supported : Dmpu
2024-07-19 16:54:27,313 [ERROR] ConditionMgr:805 - Attr not supported : Dmpu
2024-07-19 16:54:27,313 [ERROR] ConditionMgr:805 - Attr not supported : Dmpu
2024-07-19 16:54:27,313 [ERROR] ConditionMgr:805 - Attr not supported : Dmpu
2024-07-19 16:54:27,314 [ERROR] ConditionMgr:805 - Attr not supported : Dmpu
2024-07-19 16:54:27,314 [ERROR] ConditionMgr:805 - Attr not supported : Dmpu
2024-07-19 16:54:27,315 [ERROR] ConditionMgr:805 - Attr not supported : Dmpu
2024-07-19 16:54:27,315 [ERROR] ConditionMgr:805 - Attr not supported : Dmpu
2024-07-19 16:54:27,315 [ERROR] ConditionMgr:805 - Attr not supported : Dmpu
2024-07-19 16:54:27,315 [ERROR] ConditionMgr:805 - Attr not supported : Dmpu
2024-07-19 16:54:27,315 [ERROR] ConditionMgr:805 - Attr not supported : Dmpu
2024-07-19 16:54:27,316 [ERROR] ConditionMgr:805 - Attr not supported : Dmpu
2024-07-19 16:54:27,316 [ERROR] ConditionMgr:805 - Attr not supported : Dmpu
2024-07-19 16:54:27,316 [ERROR] ConditionMgr:805 - Attr not supported : Dmpu
2024-07-19 16:54:27,316 [ERROR] ConditionMgr:805 - Attr not supported : Dmpu
2024-07-19 16:54:27,316 [ERROR] ConditionMgr:805 - Attr not supported : Dmpu
2024-07-19 16:54:27,317 [ERROR] ConditionMgr:805 - Attr not supported : Dmpu
2024-07-19 16:54:27,317 [ERROR] ConditionMgr:805 - Attr not supported : Dmpu
2024-07-19 16:54:27,317 [ERROR] ConditionMgr:805 - Attr not supported : Dmpu
2024-07-19 16:54:27,317 [ERROR] ConditionMgr:805 - Attr not supported : Dmpu
2024-07-19 16:54:27,317 [ERROR] ConditionMgr:805 - Attr not supported : Dmpu
2024-07-19 16:54:27,318 [ERROR] ConditionMgr:805 - Attr not supported : Dmpu
2024-07-19 16:54:27,318 [ERROR] ConditionMgr:805 - Attr not supported : Dmpu
2024-07-19 16:54:27,318 [ERROR] ConditionMgr:805 - Attr not supported : Dmpu
2024-07-19 16:54:27,318 [ERROR] ConditionMgr:805 - Attr not supported : Dmpu
2024-07-19 16:54:27,318 [ERROR] ConditionMgr:805 - Attr not supported : Dmpu
2024-07-19 16:54:27,319 [ERROR] ConditionMgr:805 - Attr not supported : Dmpu
2024-07-19 16:54:27,319 [ERROR] ConditionMgr:805 - Attr not supported : Dmpu
2024-07-19 16:54:27,319 [ERROR] ConditionMgr:805 - Attr not supported : Dmpu
2024-07-19 16:54:27,320 [ERROR] ConditionMgr:805 - Attr not supported : Dmpu
2024-07-19 16:54:27,320 [ERROR] ConditionMgr:805 - Attr not supported : Dmpu
2024-07-19 16:54:27,320 [ERROR] ConditionMgr:805 - Attr not supported : Dmpu
2024-07-19 16:54:27,321 [ERROR] ConditionMgr:805 - Attr not supported : Dmpu
2024-07-19 16:54:27,321 [ERROR] ConditionMgr:805 - Attr not supported : Dmpu
2024-07-19 16:54:27,321 [ERROR] ConditionMgr:805 - Attr not supported : Dmpu
2024-07-19 16:54:27,321 [ERROR] ConditionMgr:805 - Attr not supported : Dmpu
2024-07-19 16:54:27,322 [ERROR] ConditionMgr:805 - Attr not supported : Dmpu
2024-07-19 16:54:27,322 [ERROR] ConditionMgr:805 - Attr not supported : Dmpu
2024-07-19 16:54:27,323 [ERROR] ConditionMgr:805 - Attr not supported : Dmpu
2024-07-19 16:54:27,326 [ERROR] ConditionMgr:805 - Attr not supported : Dmpu
2024-07-19 16:54:27,326 [ERROR] ConditionMgr:805 - Attr not supported : Dmpu
2024-07-19 16:54:27,327 [ERROR] ConditionMgr:805 - Attr not supported : Dmpu
2024-07-19 16:54:27,327 [ERROR] ConditionMgr:805 - Attr not supported : Dmpu
2024-07-19 16:54:27,327 [ERROR] ConditionMgr:805 - Attr not supported : Dmpu
2024-07-19 16:54:27,327 [ERROR] ConditionMgr:805 - Attr not supported : Dmpu
2024-07-19 16:54:27,327 [ERROR] ConditionMgr:805 - Attr not supported : Dmpu
2024-07-19 16:54:27,328 [ERROR] ConditionMgr:805 - Attr not supported : Dmpu
2024-07-19 16:54:27,328 [ERROR] ConditionMgr:805 - Attr not supported : Dmpu
2024-07-19 16:54:27,328 [ERROR] ConditionMgr:805 - Attr not supported : Dmpu
2024-07-19 16:54:27,329 [ERROR] ConditionMgr:805 - Attr not supported : Dmpu
2024-07-19 16:54:27,329 [ERROR] ConditionMgr:805 - Attr not supported : Dmpu
2024-07-19 16:54:27,329 [ERROR] ConditionMgr:805 - Attr not supported : Dmpu
2024-07-19 16:54:27,329 [ERROR] ConditionMgr:805 - Attr not supported : Dmpu
2024-07-19 16:54:27,329 [ERROR] ConditionMgr:805 - Attr not supported : Dmpu
2024-07-19 16:54:27,329 [ERROR] ConditionMgr:805 - Attr not supported : Dmpu
2024-07-19 16:54:27,330 [ERROR] ConditionMgr:805 - Attr not supported : Dmpu
2024-07-19 16:54:27,330 [ERROR] ConditionMgr:805 - Attr not supported : Dmpu
2024-07-19 16:54:27,330 [ERROR] ConditionMgr:805 - Attr not supported : Dmpu
2024-07-19 16:54:27,330 [ERROR] ConditionMgr:805 - Attr not supported : Dmpu
2024-07-19 16:54:27,343 [WARN] PackLoader:240 - Cannot read IP mode file for RealThread.X-CUBE-RT-Thread_Nano.4.1.1
2024-07-19 16:54:27,373 [WARN] PackLoader:240 - Cannot read IP mode file for wolfSSL.I-CUBE-wolfSSL.5.7.0
2024-07-19 16:54:27,385 [WARN] PackLoader:240 - Cannot read IP mode file for STMicroelectronics.FP-ATR-SIGFOX1.3.2.0
2024-07-19 16:54:27,422 [WARN] PackLoader:240 - Cannot read IP mode file for STMicroelectronics.X-CUBE-EEPRMA1.5.1.0
2024-07-19 16:54:27,466 [WARN] PackLoader:240 - Cannot read IP mode file for ITTIA_DB.I-CUBE-ITTIADB.8.9.0
2024-07-19 16:54:27,574 [WARN] PackLoader:240 - Cannot read IP mode file for SEGGER.I-CUBE-embOS.1.3.1
2024-07-19 16:54:27,730 [WARN] PackLoader:240 - Cannot read IP mode file for STMicroelectronics.X-CUBE-ALGOBUILD.1.4.0
2024-07-19 16:54:27,768 [WARN] PackLoader:240 - Cannot read IP mode file for STMicroelectronics.X-CUBE-GNSS1.6.0.0
2024-07-19 16:54:27,851 [WARN] PackLoader:240 - Cannot read IP mode file for STMicroelectronics.X-CUBE-AZRTOS-F4.1.1.0
2024-07-19 16:54:27,889 [WARN] PackLoader:240 - Cannot read IP mode file for STMicroelectronics.X-CUBE-FREERTOS.1.2.0
2024-07-19 16:54:27,969 [WARN] PackLoader:240 - Cannot read IP mode file for STMicroelectronics.X-CUBE-AZRTOS-L5.2.0.0
2024-07-19 16:54:28,021 [WARN] PackLoader:240 - Cannot read IP mode file for STMicroelectronics.X-CUBE-NFC6.3.1.0
2024-07-19 16:54:28,043 [WARN] PackLoader:240 - Cannot read IP mode file for STMicroelectronics.X-CUBE-DPower.1.2.0
2024-07-19 16:54:28,079 [WARN] PackLoader:240 - Cannot read IP mode file for STMicroelectronics.X-CUBE-AI.9.0.0
2024-07-19 16:54:28,114 [WARN] PackLoader:240 - Cannot read IP mode file for STMicroelectronics.X-CUBE-NFC7.1.0.1
2024-07-19 16:54:28,123 [WARN] PackLoader:240 - Cannot read IP mode file for wolfSSL.I-CUBE-wolfTPM.3.2.0
2024-07-19 16:54:28,207 [WARN] ConditionMgr:438 - getConditionDescription Invalid condition id : LAN8742 Phy interface Condition cause : null
2024-07-19 16:54:28,210 [WARN] PackLoader:240 - Cannot read IP mode file for STMicroelectronics.X-CUBE-AZRTOS-L4.2.0.0
2024-07-19 16:54:28,214 [WARN] ConditionMgr:1039 - genDependencies : Invalid condition id : LAN8742 Phy interface Condition cause : null
2024-07-19 16:54:28,214 [WARN] ConditionMgr:1039 - genDependencies : Invalid condition id : LAN8742 Phy interface Condition cause : null
2024-07-19 16:54:28,216 [WARN] ConditionMgr:1039 - genDependencies : Invalid condition id : LAN8742 Phy interface Condition cause : null
2024-07-19 16:54:28,258 [WARN] PackLoader:240 - Cannot read IP mode file for STMicroelectronics.X-CUBE-SFXS2LP1.4.0.0
2024-07-19 16:54:28,327 [WARN] ConditionMgr:438 - getConditionDescription Invalid condition id : UX DEVICE CLASS RTOS Condition cause : null
2024-07-19 16:54:28,328 [WARN] ConditionMgr:438 - getConditionDescription Invalid condition id : UX DEVICE CLASS RTOS Condition cause : null
2024-07-19 16:54:28,334 [WARN] PackLoader:240 - Cannot read IP mode file for STMicroelectronics.X-CUBE-AZRTOS-WB.2.0.0
2024-07-19 16:54:28,336 [WARN] ConditionMgr:1039 - genDependencies : Invalid condition id : UX DEVICE CLASS RTOS Condition cause : null
2024-07-19 16:54:28,336 [WARN] ConditionMgr:1039 - genDependencies : Invalid condition id : UX DEVICE CLASS RTOS Condition cause : null
2024-07-19 16:54:28,337 [WARN] ConditionMgr:1039 - genDependencies : Invalid condition id : UX DEVICE CLASS RTOS Condition cause : null
2024-07-19 16:54:28,338 [WARN] ConditionMgr:1039 - genDependencies : Invalid condition id : UX DEVICE CLASS RTOS Condition cause : null
2024-07-19 16:54:28,338 [WARN] ConditionMgr:1039 - genDependencies : Invalid condition id : UX DEVICE CLASS RTOS Condition cause : null
2024-07-19 16:54:28,355 [WARN] PackLoader:240 - Cannot read IP mode file for STMicroelectronics.FP-SNS-STBOX1.2.0.0
2024-07-19 16:54:28,409 [WARN] PackLoader:240 - Cannot read IP mode file for STMicroelectronics.X-CUBE-SUBG2.5.0.0
2024-07-19 16:54:28,436 [WARN] PackLoader:240 - Cannot read IP mode file for Cesanta.I-CUBE-Mongoose.7.13.0
2024-07-19 16:54:28,508 [WARN] PackLoader:240 - Cannot read IP mode file for STMicroelectronics.X-CUBE-AZRTOS-G4.2.0.0
2024-07-19 16:54:28,547 [WARN] PackLoader:240 - Cannot read IP mode file for STMicroelectronics.X-CUBE-ISPU.2.0.0
2024-07-19 16:54:28,580 [WARN] PackLoader:240 - Cannot read IP mode file for STMicroelectronics.X-CUBE-ALS.1.0.2
2024-07-19 16:54:28,748 [WARN] PackLoader:240 - Cannot read IP mode file for STMicroelectronics.X-CUBE-MEMS1.10.0.0
2024-07-19 16:54:29,121 [WARN] PackLoader:240 - Cannot read IP mode file for STMicroelectronics.X-CUBE-TOUCHGFX.4.24.0
2024-07-19 16:54:29,161 [WARN] PackLoader:240 - Cannot read IP mode file for portGmbH.I-Cube-SoM-uGOAL.1.1.0
2024-07-19 16:54:29,251 [WARN] PackLoader:240 - Cannot read IP mode file for STMicroelectronics.X-CUBE-AZRTOS-H7RS.1.0.0
2024-07-19 16:54:29,269 [WARN] PackLoader:240 - Cannot read IP mode file for STMicroelectronics.FP-ATR-ASTRA1.2.0.0
2024-07-19 16:54:29,326 [WARN] PackLoader:240 - Cannot read IP mode file for STMicroelectronics.X-CUBE-TOF1.3.4.1
2024-07-19 16:54:29,445 [WARN] PackLoader:240 - Cannot read IP mode file for STMicroelectronics.X-CUBE-AZRTOS-H7.3.2.0
2024-07-19 16:54:29,518 [WARN] PackLoader:240 - Cannot read IP mode file for Infineon.AIROC-Wi-Fi-Bluetooth-STM32.1.6.0
2024-07-19 16:54:29,539 [WARN] PackLoader:240 - Cannot read IP mode file for wolfSSL.I-CUBE-wolfSSH.1.4.17
2024-07-19 16:54:29,541 [INFO] ThirdParty:978 - Integrity check success = true
2024-07-19 16:54:29,541 [INFO] IntegrityCheckThread:100 - exiting critical section [integrity check]
2024-07-19 16:54:29,541 [INFO] IntegrityCheckThread:103 - End integrity checks thread
