2024-06-28 20:14:20,244 [INFO] MainUpdater:2873 - connection check result : 10
2024-06-28 20:14:20,453 [INFO] McuFinderGlobals:76 - Set McuFinderConnectedMode to true
2024-06-28 20:14:20,458 [INFO] MultiScanPanel:200 - Auto-refresh data requested => check proxy status ongoing
2024-06-28 20:14:20,459 [INFO] FinderPluginLoader:95 - Searching for filters in installed packs
2024-06-28 20:14:21,839 [INFO] LoadUrlFilesThread:185 - End of LoadServerUrlFiles without Thread
2024-06-28 20:14:21,839 [INFO] DetailPanel:341 - Set advertising image to C:/Users/nikns/STM32Cube/Repository/\en.prom-stm32h7rs-mcu-finder.jpg
2024-06-28 20:14:27,895 [INFO] ApiDb:581 - Connected to CubeFinder SQLite database (C:\Users\nikns\.stmcufinder\plugins\mcufinder\mcu\cube-finder-db.db)
2024-06-28 20:15:15,405 [INFO] MainUpdater:2873 - connection check result : 10
2024-06-28 20:15:15,405 [INFO] MainUpdater:2873 - connection check result : 10
2024-06-28 20:15:15,506 [INFO] MicroXplorer:468 - Change Database Path : 
2024-06-28 20:15:15,506 [INFO] MicroXplorer:498 - Change Database Version : DB.6.0.111
2024-06-28 20:15:15,538 [ERROR] ProjectManagerView:394 - 
java.lang.NullPointerException: Cannot invoke "javax.swing.JTextField.getText()" because the return value of "java.util.List.get(int)" is null
	at com.st.microxplorer.plugins.projectmanager.gui.ProjectChoiceTab$10.caretUpdate(ProjectChoiceTab.java:2504) ~[filemanager.jar:?]
	at javax.swing.text.JTextComponent.fireCaretUpdate(JTextComponent.java:412) ~[?:?]
	at javax.swing.text.JTextComponent$MutableCaretEvent.fire(JTextComponent.java:4491) ~[?:?]
	at javax.swing.text.JTextComponent$MutableCaretEvent.stateChanged(JTextComponent.java:4513) ~[?:?]
	at javax.swing.text.DefaultCaret.fireStateChanged(DefaultCaret.java:842) ~[?:?]
	at javax.swing.text.DefaultCaret.changeCaretPosition(DefaultCaret.java:1313) ~[?:?]
	at javax.swing.text.DefaultCaret.handleSetDot(DefaultCaret.java:1212) ~[?:?]
	at javax.swing.text.DefaultCaret.setDot(DefaultCaret.java:1193) ~[?:?]
	at javax.swing.text.DefaultCaret$Handler.insertUpdate(DefaultCaret.java:1789) ~[?:?]
	at javax.swing.text.AbstractDocument.fireInsertUpdate(AbstractDocument.java:226) ~[?:?]
	at javax.swing.text.AbstractDocument.handleInsertString(AbstractDocument.java:780) ~[?:?]
	at javax.swing.text.AbstractDocument.insertString(AbstractDocument.java:739) ~[?:?]
	at javax.swing.text.PlainDocument.insertString(PlainDocument.java:131) ~[?:?]
	at javax.swing.text.AbstractDocument.replace(AbstractDocument.java:698) ~[?:?]
	at javax.swing.text.JTextComponent.setText(JTextComponent.java:1729) ~[?:?]
	at com.st.microxplorer.plugins.projectmanager.gui.ProjectChoiceTab.createHeapStackFields(ProjectChoiceTab.java:944) ~[filemanager.jar:?]
	at com.st.microxplorer.plugins.projectmanager.gui.ProjectChoiceTab.buildLinkSettingsPanel(ProjectChoiceTab.java:3475) ~[filemanager.jar:?]
	at com.st.microxplorer.plugins.projectmanager.gui.ProjectChoiceTab.defineWindowsFields(ProjectChoiceTab.java:1816) ~[filemanager.jar:?]
	at com.st.microxplorer.plugins.projectmanager.gui.ProjectChoiceTab.updateSettings(ProjectChoiceTab.java:544) ~[filemanager.jar:?]
	at com.st.microxplorer.plugins.projectmanager.gui.ProjectSettingsPanel.UpdateDialog(ProjectSettingsPanel.java:245) ~[filemanager.jar:?]
	at com.st.microxplorer.plugins.projectmanager.ProjectManagerView.propertyChange(ProjectManagerView.java:391) ~[filemanager.jar:?]
	at java.beans.PropertyChangeSupport.fire(PropertyChangeSupport.java:343) ~[?:?]
	at java.beans.PropertyChangeSupport.firePropertyChange(PropertyChangeSupport.java:335) ~[?:?]
	at java.beans.PropertyChangeSupport.firePropertyChange(PropertyChangeSupport.java:268) ~[?:?]
	at com.st.microxplorer.util.MXPropertyChangeSupport.firePropertyChange(MXPropertyChangeSupport.java:54) ~[STM32CubeMX.jar:?]
	at com.st.microxplorer.mxsystem.MxSystem.closeConfig(MxSystem.java:900) ~[STM32CubeMX.jar:?]
	at com.st.microxplorer.maingui.MainPanel.closeConfig(MainPanel.java:776) ~[STM32CubeMX.jar:?]
	at com.st.microxplorer.plugins.filemanager.engine.OpenFileManager.loadConfigurationFile(OpenFileManager.java:245) ~[filemanager.jar:?]
	at com.st.microxplorer.plugins.filemanager.engine.MainFileManager.userLoadConfig(MainFileManager.java:315) ~[filemanager.jar:?]
	at com.st.microxplorer.plugins.filemanager.engine.MainFileManager.userLoadConfig(MainFileManager.java:293) ~[filemanager.jar:?]
	at com.st.microxplorer.plugins.filemanager.FileManagerView.getSpecificTask(FileManagerView.java:247) ~[filemanager.jar:?]
	at com.st.stm32cube.common.mx.editor.CubeMxEditor.getMxTabbedPaneInstance(CubeMxEditor.java:1198) ~[com.st.stm32cube.common.mx_6.11.1.202404110753/:?]
	at com.st.stm32cube.common.mx.editor.CubeMxEditor$12$1.createSwingComponent(CubeMxEditor.java:1068) ~[com.st.stm32cube.common.mx_6.11.1.202404110753/:?]
	at com.st.stm32cube.common.mx.oss.core.awtswtbridge.EmbeddedSwingComposite.doComponentCreation(EmbeddedSwingComposite.java:492) ~[com.st.stm32cube.common.mx.oss_6.11.1.202404110753/:?]
	at com.st.stm32cube.common.mx.oss.core.awtswtbridge.EmbeddedSwingComposite$4.run(EmbeddedSwingComposite.java:291) ~[com.st.stm32cube.common.mx.oss_6.11.1.202404110753/:?]
	at com.st.stm32cube.common.mx.oss.core.awtswtbridge.AwtEnvironment$2.run(AwtEnvironment.java:166) ~[com.st.stm32cube.common.mx.oss_6.11.1.202404110753/:?]
	at java.awt.event.InvocationEvent.dispatch(InvocationEvent.java:318) ~[?:?]
	at java.awt.EventQueue.dispatchEventImpl(EventQueue.java:773) ~[?:?]
	at java.awt.EventQueue$4.run(EventQueue.java:720) ~[?:?]
	at java.awt.EventQueue$4.run(EventQueue.java:714) ~[?:?]
	at java.security.AccessController.doPrivileged(AccessController.java:399) ~[?:?]
	at java.security.ProtectionDomain$JavaSecurityAccessImpl.doIntersectionPrivilege(ProtectionDomain.java:86) ~[?:?]
	at java.awt.EventQueue.dispatchEvent(EventQueue.java:742) ~[?:?]
	at java.awt.EventDispatchThread.pumpOneEventForFilters(EventDispatchThread.java:203) ~[?:?]
	at java.awt.EventDispatchThread.pumpEventsForFilter(EventDispatchThread.java:124) ~[?:?]
	at java.awt.EventDispatchThread.pumpEventsForHierarchy(EventDispatchThread.java:113) ~[?:?]
	at java.awt.EventDispatchThread.pumpEvents(EventDispatchThread.java:109) ~[?:?]
	at java.awt.EventDispatchThread.pumpEvents(EventDispatchThread.java:101) ~[?:?]
	at java.awt.EventDispatchThread.run(EventDispatchThread.java:90) ~[?:?]
2024-06-28 20:15:15,545 [WARN] ThirdParty:871 - waiting for thirdparty lock release [close project]
2024-06-28 20:15:15,545 [INFO] ThirdParty:873 - entering critical section [close project]
2024-06-28 20:15:15,545 [INFO] ThirdParty:883 - exiting critical section [close project]
2024-06-28 20:15:15,548 [INFO] PinOutPanel:1561 - setPackage(No Configuration,No Configuration)
2024-06-28 20:15:15,560 [WARN] IpParametersView:151 - Warning: This peripheral hasn't parameters
2024-06-28 20:15:15,568 [WARN] MainPanel:272 - <html><b><center>Warning: This peripheral has no parameters to be configured<br></b></html>
2024-06-28 20:15:15,573 [INFO] UtilMem:75 - Begin LoadConfig() Used Memory: 402857352 Bytes (922746880)
2024-06-28 20:15:15,574 [INFO] MicroXplorer:468 - Change Database Path : 
2024-06-28 20:15:15,574 [INFO] MicroXplorer:498 - Change Database Version : DB.6.0.111
2024-06-28 20:15:15,574 [INFO] OpenFileManager:312 - Change cursor
2024-06-28 20:15:15,614 [INFO] RulesReader:64 - Compatibility file has been processed (297 Rules)
2024-06-28 20:15:15,635 [INFO] Mcu:2021 - Initializing MCU STM32F401CCUx STM32F401CCUx STM32F401CCU6
2024-06-28 20:15:16,609 [INFO] Context:663 - Trying to add GPIOservice into a context  which must be forbidden
2024-06-28 20:15:16,856 [INFO] ImportTextPane:194 - (OptionalMessage_ERROR) Unable to find key (Mcu.ThirdPartyNb) in loaded IOC file
2024-06-28 20:15:16,856 [INFO] ImportTextPane:194 - (OptionalMessage_ERROR) Unable to find key (Mcu.PinsNb) in loaded IOC file
2024-06-28 20:15:16,857 [INFO] ImportTextPane:194 - (OptionalMessage_ERROR) Unable to find key (Mcu.IPNb) in loaded IOC file
2024-06-28 20:15:16,877 [INFO] RtosManager:555 - Registered RTOS mode: class=CMSIS, group=RTOS, mode=CMSIS_V1, owner=FREERTOS
2024-06-28 20:15:16,877 [INFO] RtosManager:555 - Registered RTOS mode: class=CMSIS, group=RTOS2, mode=CMSIS_V2, owner=FREERTOS
2024-06-28 20:15:16,877 [INFO] RtosManager:555 - Registered RTOS mode: class=RTOS, group=Core, mode=CMSIS_V1, owner=FREERTOS
2024-06-28 20:15:16,877 [INFO] RtosManager:555 - Registered RTOS mode: class=RTOS, group=Core, mode=CMSIS_V2, owner=FREERTOS
2024-06-28 20:15:16,877 [WARN] ModelIntegratedComponent:184 - Missing modes for component STMicroelectronics:FreeRTOS:0.0.1:STMicroelectronics:RTOS:FreeRTOS:Core:::10.2.0:
2024-06-28 20:15:16,881 [WARN] ModelIntegratedComponent:182 - Modes not found for component STMicroelectronics:USB_HOST:1.0.0:STMicroelectronics:USB::USB Host:Audio HS::1.0:USB_HOST_1_0_RESTRICTED_HS
2024-06-28 20:15:16,881 [WARN] ModelIntegratedComponent:188 - Modes not found for component STMicroelectronics:USB_HOST:1.0.0:STMicroelectronics:USB::USB Host:Audio HS::1.0:USB_HOST_1_0_RESTRICTED_HS
2024-06-28 20:15:16,881 [WARN] ModelIntegratedComponent:182 - Modes not found for component STMicroelectronics:USB_HOST:1.0.0:STMicroelectronics:USB::USB Host:CDC HS::1.0:USB_HOST_1_0_RESTRICTED_HS
2024-06-28 20:15:16,881 [WARN] ModelIntegratedComponent:188 - Modes not found for component STMicroelectronics:USB_HOST:1.0.0:STMicroelectronics:USB::USB Host:CDC HS::1.0:USB_HOST_1_0_RESTRICTED_HS
2024-06-28 20:15:16,881 [WARN] ModelIntegratedComponent:182 - Modes not found for component STMicroelectronics:USB_HOST:1.0.0:STMicroelectronics:USB::USB Host:MSC HS::1.0:USB_HOST_1_0_RESTRICTED_HS
2024-06-28 20:15:16,881 [WARN] ModelIntegratedComponent:188 - Modes not found for component STMicroelectronics:USB_HOST:1.0.0:STMicroelectronics:USB::USB Host:MSC HS::1.0:USB_HOST_1_0_RESTRICTED_HS
2024-06-28 20:15:16,881 [WARN] ModelIntegratedComponent:182 - Modes not found for component STMicroelectronics:USB_HOST:1.0.0:STMicroelectronics:USB::USB Host:HID HS::1.0:USB_HOST_1_0_RESTRICTED_HS
2024-06-28 20:15:16,881 [WARN] ModelIntegratedComponent:188 - Modes not found for component STMicroelectronics:USB_HOST:1.0.0:STMicroelectronics:USB::USB Host:HID HS::1.0:USB_HOST_1_0_RESTRICTED_HS
2024-06-28 20:15:16,881 [WARN] ModelIntegratedComponent:182 - Modes not found for component STMicroelectronics:USB_HOST:1.0.0:STMicroelectronics:USB::USB Host:MTP HS::1.0:USB_HOST_1_0_RESTRICTED_HS
2024-06-28 20:15:16,882 [WARN] ModelIntegratedComponent:188 - Modes not found for component STMicroelectronics:USB_HOST:1.0.0:STMicroelectronics:USB::USB Host:MTP HS::1.0:USB_HOST_1_0_RESTRICTED_HS
2024-06-28 20:15:16,885 [WARN] ModelIntegratedComponent:63 - No mode defined for component null
2024-06-28 20:15:16,885 [WARN] ModelIntegratedComponent:63 - No mode defined for component null
2024-06-28 20:15:16,885 [WARN] ModelIntegratedComponent:63 - No mode defined for component null
2024-06-28 20:15:16,885 [WARN] ModelIntegratedComponent:63 - No mode defined for component null
2024-06-28 20:15:16,885 [WARN] ModelIntegratedComponent:63 - No mode defined for component null
2024-06-28 20:15:16,885 [WARN] ModelIntegratedComponent:63 - No mode defined for component null
2024-06-28 20:15:16,886 [WARN] ModelIntegratedComponent:63 - No mode defined for component null
2024-06-28 20:15:16,886 [WARN] ModelIntegratedComponent:63 - No mode defined for component null
2024-06-28 20:15:16,886 [WARN] ModelIntegratedComponent:63 - No mode defined for component null
2024-06-28 20:15:16,886 [WARN] ModelIntegratedComponent:63 - No mode defined for component null
2024-06-28 20:15:16,886 [WARN] ModelIntegratedComponent:63 - No mode defined for component null
2024-06-28 20:15:16,886 [WARN] ModelIntegratedComponent:63 - No mode defined for component null
2024-06-28 20:15:16,886 [WARN] ModelIntegratedComponent:63 - No mode defined for component null
2024-06-28 20:15:16,886 [WARN] ModelIntegratedComponent:63 - No mode defined for component null
2024-06-28 20:15:16,886 [WARN] ModelIntegratedComponent:63 - No mode defined for component null
2024-06-28 20:15:16,886 [WARN] ModelIntegratedComponent:63 - No mode defined for component null
2024-06-28 20:15:16,886 [WARN] ModelIntegratedComponent:63 - No mode defined for component null
2024-06-28 20:15:16,886 [WARN] ModelIntegratedComponent:63 - No mode defined for component null
2024-06-28 20:15:16,886 [WARN] ModelIntegratedComponent:63 - No mode defined for component null
2024-06-28 20:15:16,886 [WARN] ModelIntegratedComponent:63 - No mode defined for component null
2024-06-28 20:15:16,886 [WARN] ModelIntegratedComponent:63 - No mode defined for component null
2024-06-28 20:15:16,886 [WARN] ModelIntegratedComponent:63 - No mode defined for component null
2024-06-28 20:15:16,886 [WARN] ModelIntegratedComponent:63 - No mode defined for component null
2024-06-28 20:15:16,886 [WARN] ModelIntegratedComponent:63 - No mode defined for component null
2024-06-28 20:15:16,886 [WARN] ModelIntegratedComponent:63 - No mode defined for component null
2024-06-28 20:15:16,886 [WARN] ModelIntegratedComponent:63 - No mode defined for component null
2024-06-28 20:15:16,886 [WARN] ModelIntegratedComponent:63 - No mode defined for component null
2024-06-28 20:15:16,886 [WARN] ModelIntegratedComponent:63 - No mode defined for component null
2024-06-28 20:15:16,887 [WARN] ModelIntegratedComponent:63 - No mode defined for component null
2024-06-28 20:15:16,887 [WARN] ModelIntegratedComponent:63 - No mode defined for component null
2024-06-28 20:15:16,887 [WARN] ModelIntegratedComponent:63 - No mode defined for component null
2024-06-28 20:15:16,887 [WARN] ModelIntegratedComponent:63 - No mode defined for component null
2024-06-28 20:15:16,887 [WARN] ModelIntegratedComponent:63 - No mode defined for component null
2024-06-28 20:15:16,887 [WARN] ModelIntegratedComponent:63 - No mode defined for component null
2024-06-28 20:15:17,075 [WARN] ModelIntegratedComponent:182 - Modes not found for component STMicroelectronics:USB_DEVICE:1.0.0:STMicroelectronics:USB::USB Device:Audio HS::1.0:USB_DEVICE_1_0_RESTRICTED_HS
2024-06-28 20:15:17,075 [WARN] ModelIntegratedComponent:188 - Modes not found for component STMicroelectronics:USB_DEVICE:1.0.0:STMicroelectronics:USB::USB Device:Audio HS::1.0:USB_DEVICE_1_0_RESTRICTED_HS
2024-06-28 20:15:17,075 [WARN] ModelIntegratedComponent:182 - Modes not found for component STMicroelectronics:USB_DEVICE:1.0.0:STMicroelectronics:USB::USB Device:CDC HS::1.0:USB_DEVICE_1_0_RESTRICTED_HS
2024-06-28 20:15:17,075 [WARN] ModelIntegratedComponent:188 - Modes not found for component STMicroelectronics:USB_DEVICE:1.0.0:STMicroelectronics:USB::USB Device:CDC HS::1.0:USB_DEVICE_1_0_RESTRICTED_HS
2024-06-28 20:15:17,075 [WARN] ModelIntegratedComponent:182 - Modes not found for component STMicroelectronics:USB_DEVICE:1.0.0:STMicroelectronics:USB::USB Device:DFU HS::1.0:USB_DEVICE_1_0_RESTRICTED_HS
2024-06-28 20:15:17,075 [WARN] ModelIntegratedComponent:188 - Modes not found for component STMicroelectronics:USB_DEVICE:1.0.0:STMicroelectronics:USB::USB Device:DFU HS::1.0:USB_DEVICE_1_0_RESTRICTED_HS
2024-06-28 20:15:17,075 [WARN] ModelIntegratedComponent:182 - Modes not found for component STMicroelectronics:USB_DEVICE:1.0.0:STMicroelectronics:USB::USB Device:HID HS::1.0:USB_DEVICE_1_0_RESTRICTED_HS
2024-06-28 20:15:17,075 [WARN] ModelIntegratedComponent:188 - Modes not found for component STMicroelectronics:USB_DEVICE:1.0.0:STMicroelectronics:USB::USB Device:HID HS::1.0:USB_DEVICE_1_0_RESTRICTED_HS
2024-06-28 20:15:17,075 [WARN] ModelIntegratedComponent:182 - Modes not found for component STMicroelectronics:USB_DEVICE:1.0.0:STMicroelectronics:USB::USB Device:Custom HID HS::1.0:USB_DEVICE_1_0_RESTRICTED_HS
2024-06-28 20:15:17,075 [WARN] ModelIntegratedComponent:188 - Modes not found for component STMicroelectronics:USB_DEVICE:1.0.0:STMicroelectronics:USB::USB Device:Custom HID HS::1.0:USB_DEVICE_1_0_RESTRICTED_HS
2024-06-28 20:15:17,076 [WARN] ModelIntegratedComponent:182 - Modes not found for component STMicroelectronics:USB_DEVICE:1.0.0:STMicroelectronics:USB::USB Device:MSC HS::1.0:USB_DEVICE_1_0_RESTRICTED_HS
2024-06-28 20:15:17,076 [WARN] ModelIntegratedComponent:188 - Modes not found for component STMicroelectronics:USB_DEVICE:1.0.0:STMicroelectronics:USB::USB Device:MSC HS::1.0:USB_DEVICE_1_0_RESTRICTED_HS
2024-06-28 20:15:17,089 [INFO] ThirdPartyModel:298 - Start build external matchings
2024-06-28 20:15:17,815 [INFO] ThirdPartyModel:316 - End build external matchings
2024-06-28 20:15:18,156 [INFO] UtilMem:75 - End LoadConfig() Used Memory: 650757664 Bytes (922746880)
2024-06-28 20:15:18,199 [WARN] ThirdParty:833 - waiting for thirdparty lock release [change project]
2024-06-28 20:15:18,199 [INFO] ThirdParty:835 - entering critical section [change project]
2024-06-28 20:15:18,200 [INFO] ThirdParty:1030 - CMSIS Pack Vendor :STMicroelectronics USBPD 4.1
2024-06-28 20:15:18,200 [INFO] ThirdParty:1030 - CMSIS Pack Vendor :STMicroelectronics X-CUBE-GNSS1 6.0.0
2024-06-28 20:15:18,200 [INFO] ThirdParty:1030 - CMSIS Pack Vendor :STMicroelectronics USB_HOST 2.0.0
2024-06-28 20:15:18,200 [INFO] ThirdParty:1030 - CMSIS Pack Vendor :STMicroelectronics FP-SNS-MOTENVWB1 1.4.0
2024-06-28 20:15:18,200 [INFO] ThirdParty:1030 - CMSIS Pack Vendor :STMicroelectronics X-CUBE-AZRTOS-F4 1.1.0
2024-06-28 20:15:18,200 [INFO] ThirdParty:1030 - CMSIS Pack Vendor :STMicroelectronics LIBJPEG 8.0.0
2024-06-28 20:15:18,200 [INFO] ThirdParty:1030 - CMSIS Pack Vendor :STMicroelectronics X-CUBE-SMBUS 2.1.0
2024-06-28 20:15:18,200 [INFO] ThirdParty:1030 - CMSIS Pack Vendor :STMicroelectronics USB_DEVICE 3.0.0
2024-06-28 20:15:18,200 [INFO] ThirdParty:1030 - CMSIS Pack Vendor :STMicroelectronics X-CUBE-TCPP 4.1.0
2024-06-28 20:15:18,201 [INFO] ThirdParty:1030 - CMSIS Pack Vendor :STMicroelectronics X-CUBE-FREERTOS 1.2.0
2024-06-28 20:15:18,201 [INFO] ThirdParty:1030 - CMSIS Pack Vendor :STMicroelectronics X-CUBE-AZRTOS-WB 2.0.0
2024-06-28 20:15:18,201 [INFO] ThirdParty:1030 - CMSIS Pack Vendor :STMicroelectronics X-CUBE-TOUCHGFX 4.23.2
2024-06-28 20:15:18,201 [INFO] ThirdParty:1030 - CMSIS Pack Vendor :STMicroelectronics X-CUBE-AZRTOS-F7 1.1.0
2024-06-28 20:15:18,201 [INFO] ThirdParty:1030 - CMSIS Pack Vendor :STMicroelectronics X-CUBE-AZRTOS-L5 2.0.0
2024-06-28 20:15:18,201 [INFO] ThirdParty:1030 - CMSIS Pack Vendor :STMicroelectronics USB_DEVICE 2.0.0
2024-06-28 20:15:18,201 [INFO] ThirdParty:1030 - CMSIS Pack Vendor :STMicroelectronics X-CUBE-NFC6 3.1.0
2024-06-28 20:15:18,201 [INFO] ThirdParty:1030 - CMSIS Pack Vendor :STMicroelectronics FreeRTOS 0.0.1
2024-06-28 20:15:18,201 [INFO] ThirdParty:1030 - CMSIS Pack Vendor :STMicroelectronics X-CUBE-AZRTOS-G0 1.1.0
2024-06-28 20:15:18,201 [INFO] ThirdParty:1030 - CMSIS Pack Vendor :STMicroelectronics X-CUBE-SAFEA1 1.2.2
2024-06-28 20:15:18,201 [INFO] ThirdParty:1030 - CMSIS Pack Vendor :STMicroelectronics X-CUBE-NFC4 3.0.0
2024-06-28 20:15:18,202 [INFO] ThirdParty:1030 - CMSIS Pack Vendor :STMicroelectronics X-CUBE-SUBG2 5.0.0
2024-06-28 20:15:18,202 [INFO] ThirdParty:1030 - CMSIS Pack Vendor :STMicroelectronics STM32_WPAN 1.0.0
2024-06-28 20:15:18,202 [INFO] ThirdParty:1030 - CMSIS Pack Vendor :STMicroelectronics lwIP 2.0.3
2024-06-28 20:15:18,202 [INFO] ThirdParty:1030 - CMSIS Pack Vendor :STMicroelectronics FP-SNS-FLIGHT1 5.0.2
2024-06-28 20:15:18,202 [INFO] ThirdParty:1030 - CMSIS Pack Vendor :Cesanta I-CUBE-Mongoose 7.13.0
2024-06-28 20:15:18,202 [INFO] ThirdParty:1030 - CMSIS Pack Vendor :STMicroelectronics USB_HOST 1.0.0
2024-06-28 20:15:18,202 [INFO] ThirdParty:1030 - CMSIS Pack Vendor :STMicroelectronics X-CUBE-AI 9.0.0
2024-06-28 20:15:18,202 [INFO] ThirdParty:1030 - CMSIS Pack Vendor :STMicroelectronics X-CUBE-AZRTOS-G4 2.0.0
2024-06-28 20:15:18,202 [INFO] ThirdParty:1030 - CMSIS Pack Vendor :STMicroelectronics PDM2PCM 3.1.0
2024-06-28 20:15:18,202 [INFO] ThirdParty:1030 - CMSIS Pack Vendor :STMicroelectronics PDM2PCM 3.3.0
2024-06-28 20:15:18,202 [INFO] ThirdParty:1030 - CMSIS Pack Vendor :STMicroelectronics X-CUBE-DISPLAY 3.0.0
2024-06-28 20:15:18,203 [INFO] ThirdParty:1030 - CMSIS Pack Vendor :wolfSSL I-CUBE-wolfSSL 5.7.0
2024-06-28 20:15:18,203 [INFO] ThirdParty:1030 - CMSIS Pack Vendor :STMicroelectronics X-CUBE-BLE1 7.0.0
2024-06-28 20:15:18,203 [INFO] ThirdParty:1030 - CMSIS Pack Vendor :STMicroelectronics FP-ATR-SIGFOX1 3.2.0
2024-06-28 20:15:18,203 [INFO] ThirdParty:1030 - CMSIS Pack Vendor :STMicroelectronics X-CUBE-ISPU 2.0.0
2024-06-28 20:15:18,203 [INFO] ThirdParty:1030 - CMSIS Pack Vendor :STMicroelectronics X-CUBE-EEPRMA1 5.1.0
2024-06-28 20:15:18,203 [INFO] ThirdParty:1030 - CMSIS Pack Vendor :STMicroelectronics HAL Drivers 0.0.0
2024-06-28 20:15:18,203 [INFO] ThirdParty:1030 - CMSIS Pack Vendor :STMicroelectronics MBEDTLS 2.16.2
2024-06-28 20:15:18,203 [INFO] ThirdParty:1030 - CMSIS Pack Vendor :STMicroelectronics X-CUBE-ALS 1.0.2
2024-06-28 20:15:18,203 [INFO] ThirdParty:1030 - CMSIS Pack Vendor :emotas I-CUBE-CANOPEN 1.3.0
2024-06-28 20:15:18,203 [INFO] ThirdParty:1030 - CMSIS Pack Vendor :STMicroelectronics X-CUBE-MEMS1 10.0.0
2024-06-28 20:15:18,204 [INFO] ThirdParty:1030 - CMSIS Pack Vendor :STMicroelectronics X-CUBE-NFC7 1.0.1
2024-06-28 20:15:18,204 [INFO] ThirdParty:1030 - CMSIS Pack Vendor :STMicroelectronics MBEDTLS 2.14.1
2024-06-28 20:15:18,204 [INFO] ThirdParty:1030 - CMSIS Pack Vendor :STMicroelectronics X-CUBE-TOUCHGFX 4.24.0
2024-06-28 20:15:18,204 [INFO] ThirdParty:1030 - CMSIS Pack Vendor :ITTIA_DB I-CUBE-ITTIADB 8.9.0
2024-06-28 20:15:18,204 [INFO] ThirdParty:1030 - CMSIS Pack Vendor :portGmbH I-Cube-SoM-uGOAL 1.1.0
2024-06-28 20:15:18,204 [INFO] ThirdParty:1030 - CMSIS Pack Vendor :STMicroelectronics X-CUBE-BLEMGR 3.1.0
2024-06-28 20:15:18,204 [INFO] ThirdParty:1030 - CMSIS Pack Vendor :STMicroelectronics ThreadX 1.0.0
2024-06-28 20:15:18,204 [INFO] ThirdParty:1030 - CMSIS Pack Vendor :STMicroelectronics FP-SNS-SMARTAG2 1.2.0
2024-06-28 20:15:18,204 [INFO] ThirdParty:1030 - CMSIS Pack Vendor :STMicroelectronics X-CUBE-AZRTOS-WL 2.0.0
2024-06-28 20:15:18,204 [INFO] ThirdParty:1030 - CMSIS Pack Vendor :SEGGER I-CUBE-embOS 1.3.1
2024-06-28 20:15:18,205 [INFO] ThirdParty:1030 - CMSIS Pack Vendor :STMicroelectronics X-CUBE-ALGOBUILD 1.4.0
2024-06-28 20:15:18,205 [INFO] ThirdParty:1030 - CMSIS Pack Vendor :STMicroelectronics FP-SNS-MOTENV1 5.0.0
2024-06-28 20:15:18,205 [INFO] ThirdParty:1030 - CMSIS Pack Vendor :STMicroelectronics USB_DEVICE 1.0.0
2024-06-28 20:15:18,205 [INFO] ThirdParty:1030 - CMSIS Pack Vendor :STMicroelectronics X-CUBE-AZRTOS-H7RS 1.0.0
2024-06-28 20:15:18,205 [INFO] ThirdParty:1030 - CMSIS Pack Vendor :wolfSSL I-CUBE-wolfMQTT 1.19.0
2024-06-28 20:15:18,205 [INFO] ThirdParty:1030 - CMSIS Pack Vendor :STMicroelectronics X-CUBE-AZRTOS-L4 2.0.0
2024-06-28 20:15:18,205 [INFO] ThirdParty:1030 - CMSIS Pack Vendor :STMicroelectronics ThreadX 0.0.2
2024-06-28 20:15:18,205 [INFO] ThirdParty:1030 - CMSIS Pack Vendor :WES I-CUBE-Cesium 1.3.0
2024-06-28 20:15:18,206 [INFO] ThirdParty:1030 - CMSIS Pack Vendor :STMicroelectronics FP-ATR-ASTRA1 2.0.0
2024-06-28 20:15:18,206 [INFO] ThirdParty:1030 - CMSIS Pack Vendor :STMicroelectronics lwIP 2.1.2
2024-06-28 20:15:18,206 [INFO] ThirdParty:1030 - CMSIS Pack Vendor :STMicroelectronics X-CUBE-SFXS2LP1 4.0.0
2024-06-28 20:15:18,206 [INFO] ThirdParty:1030 - CMSIS Pack Vendor :STMicroelectronics X-CUBE-BLE2 3.3.0
2024-06-28 20:15:18,206 [INFO] ThirdParty:1030 - CMSIS Pack Vendor :STMicroelectronics X-CUBE-TOF1 3.4.1
2024-06-28 20:15:18,206 [INFO] ThirdParty:1030 - CMSIS Pack Vendor :STMicroelectronics X-CUBE-AZRTOS-H7 3.2.0
2024-06-28 20:15:18,206 [INFO] ThirdParty:1030 - CMSIS Pack Vendor :Infineon AIROC-Wi-Fi-Bluetooth-STM32 1.6.0
2024-06-28 20:15:18,206 [INFO] ThirdParty:1030 - CMSIS Pack Vendor :STMicroelectronics PDM2PCM 3.2.0
2024-06-28 20:15:18,207 [INFO] ThirdParty:841 - exiting critical section [change project]
2024-06-28 20:15:18,556 [INFO] PinOutPanel:1561 - setPackage(No Configuration,No Configuration)
2024-06-28 20:15:18,560 [INFO] PinOutPanel:1561 - setPackage(STM32F401CCUx,UFQFPN48)
2024-06-28 20:15:18,964 [INFO] UtilMem:75 - Before build in PCC Used Memory: 363922800 Bytes (922746880)
2024-06-28 20:15:19,244 [INFO] UtilMem:75 - After build in PCC Used Memory: 396954992 Bytes (922746880)
2024-06-28 20:15:19,261 [INFO] IPUIPlugin:80 - create IPUIPlugin
2024-06-28 20:15:19,262 [INFO] IPUIPlugin:80 - create IPUIPlugin
2024-06-28 20:15:19,262 [INFO] IPUIPlugin:80 - create IPUIPlugin
2024-06-28 20:15:19,262 [INFO] IPUIPlugin:80 - create IPUIPlugin
2024-06-28 20:15:19,262 [INFO] IPUIPlugin:80 - create IPUIPlugin
2024-06-28 20:15:19,263 [INFO] IPUIPlugin:80 - create IPUIPlugin
2024-06-28 20:15:19,263 [INFO] IPUIPlugin:80 - create IPUIPlugin
2024-06-28 20:15:19,263 [INFO] IPUIPlugin:80 - create IPUIPlugin
2024-06-28 20:15:19,263 [INFO] IPUIPlugin:80 - create IPUIPlugin
2024-06-28 20:15:19,263 [INFO] IPUIPlugin:80 - create IPUIPlugin
2024-06-28 20:15:19,263 [INFO] IPUIPlugin:80 - create IPUIPlugin
2024-06-28 20:15:19,263 [INFO] IPUIPlugin:80 - create IPUIPlugin
2024-06-28 20:15:19,263 [INFO] IPUIPlugin:80 - create IPUIPlugin
2024-06-28 20:15:19,263 [INFO] IPUIPlugin:80 - create IPUIPlugin
2024-06-28 20:15:19,264 [INFO] IPUIPlugin:80 - create IPUIPlugin
2024-06-28 20:15:19,264 [INFO] IPUIPlugin:80 - create IPUIPlugin
2024-06-28 20:15:19,264 [INFO] IPUIPlugin:80 - create IPUIPlugin
2024-06-28 20:15:19,264 [INFO] IPUIPlugin:80 - create IPUIPlugin
2024-06-28 20:15:19,264 [INFO] IPUIPlugin:80 - create IPUIPlugin
2024-06-28 20:15:19,264 [INFO] IPUIPlugin:80 - create IPUIPlugin
2024-06-28 20:15:19,265 [INFO] IPUIPlugin:80 - create IPUIPlugin
2024-06-28 20:15:19,265 [INFO] IPUIPlugin:80 - create IPUIPlugin
2024-06-28 20:15:19,265 [INFO] IPUIPlugin:80 - create IPUIPlugin
2024-06-28 20:15:19,265 [INFO] IPUIPlugin:80 - create IPUIPlugin
2024-06-28 20:15:19,266 [INFO] IPUIPlugin:80 - create IPUIPlugin
2024-06-28 20:15:19,266 [INFO] IPUIPlugin:80 - create IPUIPlugin
2024-06-28 20:15:19,266 [INFO] IPUIPlugin:80 - create IPUIPlugin
2024-06-28 20:15:19,266 [INFO] IPUIPlugin:80 - create IPUIPlugin
2024-06-28 20:15:19,266 [INFO] IPUIPlugin:80 - create IPUIPlugin
2024-06-28 20:15:19,266 [INFO] IPUIPlugin:80 - create IPUIPlugin
2024-06-28 20:15:19,267 [INFO] IPUIPlugin:80 - create IPUIPlugin
2024-06-28 20:15:19,267 [INFO] IPUIPlugin:80 - create IPUIPlugin
2024-06-28 20:15:19,267 [INFO] IPUIPlugin:80 - create IPUIPlugin
2024-06-28 20:15:19,268 [INFO] IPUIPlugin:80 - create IPUIPlugin
2024-06-28 20:15:19,268 [INFO] IPUIPlugin:80 - create IPUIPlugin
2024-06-28 20:15:19,268 [INFO] IPUIPlugin:80 - create IPUIPlugin
2024-06-28 20:15:19,268 [INFO] IPUIPlugin:80 - create IPUIPlugin
2024-06-28 20:15:19,291 [INFO] ApiDbMcu:508 - Load IP Config File for PDM2PCM
2024-06-28 20:15:19,316 [INFO] CADModel:165 - CPN selected for project levelSTM32F401CCU6
2024-06-28 20:15:19,316 [INFO] CADModel:114 - Register for checkConnection events
2024-06-28 20:15:19,363 [INFO] OpenFileManager:343 - Restore cursor
2024-06-28 20:15:19,718 [INFO] UtilMem:75 - End SaveConfig() Used Memory: 460391792 Bytes (922746880)
2024-06-28 20:15:19,769 [INFO] UtilMem:75 - End SaveConfig() Used Memory: 473501040 Bytes (922746880)
2024-06-28 20:15:19,881 [INFO] BlockDiagram:2759 - set Specific Code input for plugin: NVIC
2024-06-28 20:15:19,881 [INFO] BlockDiagram:2759 - set Specific Code input for plugin: RCC
2024-06-28 20:15:19,881 [INFO] CodeGenerator:807 - code generatio: config db path: C:\ST\STM32CubeIDE_1.15.1\STM32CubeIDE\plugins\com.st.stm32cube.common.mx_6.11.1.202404110753\\db\
2024-06-28 20:15:20,030 [INFO] CodeEngine:255 - oldGeneratedFile, D:\Sachin_code\Techoscripts\STM32F407\STMPrograms\005_7Segment_3x4Keypad\MXTmpFiles\license.tmp_save
2024-06-28 20:15:20,153 [INFO] CodeEngine:279 - Generated code: D:\Sachin_code\Techoscripts\STM32F407\STMPrograms\005_7Segment_3x4Keypad\MXTmpFiles\license.tmp
2024-06-28 20:15:20,174 [INFO] CodeEngine:255 - oldGeneratedFile, D:\Sachin_code\Techoscripts\STM32F407\STMPrograms\005_7Segment_3x4Keypad\Core\Src\stm32f4xx_it.c_save
2024-06-28 20:15:20,330 [INFO] CodeEngine:279 - Generated code: D:\Sachin_code\Techoscripts\STM32F407\STMPrograms\005_7Segment_3x4Keypad\Core\Src\stm32f4xx_it.c
2024-06-28 20:15:20,335 [INFO] CodeEngine:255 - oldGeneratedFile, D:\Sachin_code\Techoscripts\STM32F407\STMPrograms\005_7Segment_3x4Keypad\Core\Inc\stm32f4xx_it.h_save
2024-06-28 20:15:20,401 [INFO] CodeEngine:279 - Generated code: D:\Sachin_code\Techoscripts\STM32F407\STMPrograms\005_7Segment_3x4Keypad\Core\Inc\stm32f4xx_it.h
2024-06-28 20:15:20,464 [INFO] CodeEngine:255 - oldGeneratedFile, D:\Sachin_code\Techoscripts\STM32F407\STMPrograms\005_7Segment_3x4Keypad\Core\Src\stm32f4xx_hal_msp.c_save
2024-06-28 20:15:20,563 [INFO] CodeEngine:279 - Generated code: D:\Sachin_code\Techoscripts\STM32F407\STMPrograms\005_7Segment_3x4Keypad\Core\Src\stm32f4xx_hal_msp.c
2024-06-28 20:15:20,574 [INFO] CodeEngine:255 - oldGeneratedFile, D:\Sachin_code\Techoscripts\STM32F407\STMPrograms\005_7Segment_3x4Keypad\MXTmpFiles\system.tmp_save
2024-06-28 20:15:20,631 [INFO] CodeEngine:279 - Generated code: D:\Sachin_code\Techoscripts\STM32F407\STMPrograms\005_7Segment_3x4Keypad\MXTmpFiles\system.tmp
2024-06-28 20:15:20,649 [INFO] CodeEngine:311 - oldGeneratedFile, D:\Sachin_code\Techoscripts\STM32F407\STMPrograms\005_7Segment_3x4Keypad\Core\Inc\stm32f4xx_hal_conf.h_save
2024-06-28 20:15:20,772 [INFO] CodeEngine:335 - Generated code: D:\Sachin_code\Techoscripts\STM32F407\STMPrograms\005_7Segment_3x4Keypad\Core\Inc\stm32f4xx_hal_conf.h
2024-06-28 20:15:20,868 [INFO] CodeEngine:255 - oldGeneratedFile, D:\Sachin_code\Techoscripts\STM32F407\STMPrograms\005_7Segment_3x4Keypad\Core\Inc\main.h_save
2024-06-28 20:15:20,989 [INFO] CodeEngine:279 - Generated code: D:\Sachin_code\Techoscripts\STM32F407\STMPrograms\005_7Segment_3x4Keypad\Core\Inc\main.h
2024-06-28 20:15:21,001 [INFO] CodeEngine:255 - oldGeneratedFile, D:\Sachin_code\Techoscripts\STM32F407\STMPrograms\005_7Segment_3x4Keypad\Core\Src\main.c_save
2024-06-28 20:15:21,144 [INFO] CodeEngine:279 - Generated code: D:\Sachin_code\Techoscripts\STM32F407\STMPrograms\005_7Segment_3x4Keypad\Core\Src\main.c
2024-06-28 20:15:21,550 [INFO] ProjectBuilder:3163 - Time for Copy HAL[1] : 205mS.
2024-06-28 20:15:21,554 [INFO] ProjectBuilder:4736 - Project Generator version: 4.3.0-B58
2024-06-28 20:15:21,634 [INFO] ConfigFileManager:1503 - The Die is : DIE423
2024-06-28 20:15:21,653 [INFO] ApiDbMcu:508 - Load IP Config File for FATFS
2024-06-28 20:15:21,696 [INFO] ApiDbMcu:508 - Load IP Config File for FREERTOS
2024-06-28 20:15:21,709 [INFO] ApiDbMcu:508 - Load IP Config File for LIBJPEG
2024-06-28 20:15:21,765 [INFO] ApiDbMcu:508 - Load IP Config File for MBEDTLS
2024-06-28 20:15:21,817 [INFO] ApiDbMcu:508 - Load IP Config File for USB_DEVICE
2024-06-28 20:15:21,838 [INFO] ApiDbMcu:508 - Load IP Config File for USB_HOST
2024-06-28 20:15:24,848 [INFO] ProjectBuilder:5002 - Time for Generating toolchain IDE Files: 3294mS.
2024-06-28 20:15:24,849 [INFO] ProjectBuilder:3034 - Time for Copy CMSIS : 0mS.
2024-06-28 20:15:24,852 [INFO] ProjectBuilder:3034 - Time for Copy CMSIS : 0mS.
2024-06-28 20:15:25,653 [INFO] McuFinderGlobals:76 - Set McuFinderConnectedMode to true
2024-06-28 20:15:25,655 [INFO] ApiDb:448 - Save user favorites file C:\Users\nikns/.stm32cubeide/favorites.mcus.txt: 2 item(s)
2024-06-28 20:15:25,655 [INFO] ApiDb:452 - User favorites MCUs=[STM32F401CCU6, STM32F407VGT6]
2024-06-28 20:15:36,370 [INFO] UtilMem:75 - End SaveConfig() Used Memory: 491401240 Bytes (916455424)
2024-06-28 20:15:36,535 [INFO] BlockDiagram:2759 - set Specific Code input for plugin: NVIC
2024-06-28 20:15:36,535 [INFO] BlockDiagram:2759 - set Specific Code input for plugin: RCC
2024-06-28 20:15:36,535 [INFO] CodeGenerator:807 - code generatio: config db path: C:\ST\STM32CubeIDE_1.15.1\STM32CubeIDE\plugins\com.st.stm32cube.common.mx_6.11.1.202404110753\\db\
2024-06-28 20:15:36,655 [INFO] CodeEngine:255 - oldGeneratedFile, D:\Sachin_code\Techoscripts\STM32F407\STMPrograms\005_7Segment_3x4Keypad\MXTmpFiles\license.tmp_save
2024-06-28 20:15:36,776 [INFO] CodeEngine:279 - Generated code: D:\Sachin_code\Techoscripts\STM32F407\STMPrograms\005_7Segment_3x4Keypad\MXTmpFiles\license.tmp
2024-06-28 20:15:36,806 [INFO] CodeEngine:255 - oldGeneratedFile, D:\Sachin_code\Techoscripts\STM32F407\STMPrograms\005_7Segment_3x4Keypad\Core\Src\stm32f4xx_it.c_save
2024-06-28 20:15:36,889 [INFO] CodeEngine:279 - Generated code: D:\Sachin_code\Techoscripts\STM32F407\STMPrograms\005_7Segment_3x4Keypad\Core\Src\stm32f4xx_it.c
2024-06-28 20:15:36,893 [INFO] CodeEngine:255 - oldGeneratedFile, D:\Sachin_code\Techoscripts\STM32F407\STMPrograms\005_7Segment_3x4Keypad\Core\Inc\stm32f4xx_it.h_save
2024-06-28 20:15:36,946 [INFO] CodeEngine:279 - Generated code: D:\Sachin_code\Techoscripts\STM32F407\STMPrograms\005_7Segment_3x4Keypad\Core\Inc\stm32f4xx_it.h
2024-06-28 20:15:36,971 [INFO] CodeEngine:255 - oldGeneratedFile, D:\Sachin_code\Techoscripts\STM32F407\STMPrograms\005_7Segment_3x4Keypad\Core\Src\stm32f4xx_hal_msp.c_save
2024-06-28 20:15:37,058 [INFO] CodeEngine:279 - Generated code: D:\Sachin_code\Techoscripts\STM32F407\STMPrograms\005_7Segment_3x4Keypad\Core\Src\stm32f4xx_hal_msp.c
2024-06-28 20:15:37,061 [INFO] CodeEngine:255 - oldGeneratedFile, D:\Sachin_code\Techoscripts\STM32F407\STMPrograms\005_7Segment_3x4Keypad\MXTmpFiles\system.tmp_save
2024-06-28 20:15:37,116 [INFO] CodeEngine:279 - Generated code: D:\Sachin_code\Techoscripts\STM32F407\STMPrograms\005_7Segment_3x4Keypad\MXTmpFiles\system.tmp
2024-06-28 20:15:37,132 [INFO] CodeEngine:311 - oldGeneratedFile, D:\Sachin_code\Techoscripts\STM32F407\STMPrograms\005_7Segment_3x4Keypad\Core\Inc\stm32f4xx_hal_conf.h_save
2024-06-28 20:15:37,236 [INFO] CodeEngine:335 - Generated code: D:\Sachin_code\Techoscripts\STM32F407\STMPrograms\005_7Segment_3x4Keypad\Core\Inc\stm32f4xx_hal_conf.h
2024-06-28 20:15:37,289 [INFO] CodeEngine:255 - oldGeneratedFile, D:\Sachin_code\Techoscripts\STM32F407\STMPrograms\005_7Segment_3x4Keypad\Core\Inc\main.h_save
2024-06-28 20:15:37,369 [INFO] CodeEngine:279 - Generated code: D:\Sachin_code\Techoscripts\STM32F407\STMPrograms\005_7Segment_3x4Keypad\Core\Inc\main.h
2024-06-28 20:15:37,381 [INFO] CodeEngine:255 - oldGeneratedFile, D:\Sachin_code\Techoscripts\STM32F407\STMPrograms\005_7Segment_3x4Keypad\Core\Src\main.c_save
2024-06-28 20:15:37,458 [INFO] CodeEngine:279 - Generated code: D:\Sachin_code\Techoscripts\STM32F407\STMPrograms\005_7Segment_3x4Keypad\Core\Src\main.c
2024-06-28 20:15:37,759 [INFO] ProjectBuilder:3163 - Time for Copy HAL[1] : 149mS.
2024-06-28 20:15:37,762 [INFO] ProjectBuilder:4736 - Project Generator version: 4.3.0-B58
2024-06-28 20:15:37,840 [INFO] ConfigFileManager:1503 - The Die is : DIE423
2024-06-28 20:15:38,651 [INFO] ProjectBuilder:5002 - Time for Generating toolchain IDE Files: 888mS.
2024-06-28 20:15:38,652 [INFO] ProjectBuilder:3034 - Time for Copy CMSIS : 1mS.
2024-06-28 20:15:38,654 [INFO] ProjectBuilder:3034 - Time for Copy CMSIS : 0mS.
