2024-07-04 20:17:55,699 [INFO] MainUpdater:2873 - connection check result : 10
2024-07-04 20:17:55,914 [INFO] McuFinderGlobals:76 - Set McuFinderConnectedMode to true
2024-07-04 20:17:55,919 [INFO] MultiScanPanel:200 - Auto-refresh data requested => check proxy status ongoing
2024-07-04 20:17:55,920 [INFO] FinderPluginLoader:95 - Searching for filters in installed packs
2024-07-04 20:17:57,495 [INFO] LoadUrlFilesThread:185 - End of LoadServerUrlFiles without Thread
2024-07-04 20:17:57,496 [INFO] DetailPanel:341 - Set advertising image to C:/Users/nikns/STM32Cube/Repository/\en.prom-stm32h7rs-mcu-finder.jpg
2024-07-04 20:21:43,059 [INFO] MainUpdater:2873 - connection check result : 10
2024-07-04 20:21:43,059 [INFO] MainUpdater:2873 - connection check result : 10
2024-07-04 20:21:43,156 [INFO] MicroXplorer:468 - Change Database Path : 
2024-07-04 20:21:43,156 [INFO] MicroXplorer:498 - Change Database Version : DB.6.0.111
2024-07-04 20:21:43,183 [ERROR] ProjectManagerView:394 - 
java.lang.NullPointerException: Cannot invoke "javax.swing.JTextField.getText()" because the return value of "java.util.List.get(int)" is null
	at com.st.microxplorer.plugins.projectmanager.gui.ProjectChoiceTab$10.caretUpdate(ProjectChoiceTab.java:2504) ~[filemanager.jar:?]
	at javax.swing.text.JTextComponent.fireCaretUpdate(JTextComponent.java:412) ~[?:?]
	at javax.swing.text.JTextComponent$MutableCaretEvent.fire(JTextComponent.java:4491) ~[?:?]
	at javax.swing.text.JTextComponent$MutableCaretEvent.stateChanged(JTextComponent.java:4513) ~[?:?]
	at javax.swing.text.DefaultCaret.fireStateChanged(DefaultCaret.java:842) ~[?:?]
	at javax.swing.text.DefaultCaret.changeCaretPosition(DefaultCaret.java:1313) ~[?:?]
	at javax.swing.text.DefaultCaret.handleSetDot(DefaultCaret.java:1212) ~[?:?]
	at javax.swing.text.DefaultCaret.setDot(DefaultCaret.java:1193) ~[?:?]
	at javax.swing.text.DefaultCaret$Handler.insertUpdate(DefaultCaret.java:1789) ~[?:?]
	at javax.swing.text.AbstractDocument.fireInsertUpdate(AbstractDocument.java:226) ~[?:?]
	at javax.swing.text.AbstractDocument.handleInsertString(AbstractDocument.java:780) ~[?:?]
	at javax.swing.text.AbstractDocument.insertString(AbstractDocument.java:739) ~[?:?]
	at javax.swing.text.PlainDocument.insertString(PlainDocument.java:131) ~[?:?]
	at javax.swing.text.AbstractDocument.replace(AbstractDocument.java:698) ~[?:?]
	at javax.swing.text.JTextComponent.setText(JTextComponent.java:1729) ~[?:?]
	at com.st.microxplorer.plugins.projectmanager.gui.ProjectChoiceTab.createHeapStackFields(ProjectChoiceTab.java:944) ~[filemanager.jar:?]
	at com.st.microxplorer.plugins.projectmanager.gui.ProjectChoiceTab.buildLinkSettingsPanel(ProjectChoiceTab.java:3475) ~[filemanager.jar:?]
	at com.st.microxplorer.plugins.projectmanager.gui.ProjectChoiceTab.defineWindowsFields(ProjectChoiceTab.java:1816) ~[filemanager.jar:?]
	at com.st.microxplorer.plugins.projectmanager.gui.ProjectChoiceTab.updateSettings(ProjectChoiceTab.java:544) ~[filemanager.jar:?]
	at com.st.microxplorer.plugins.projectmanager.gui.ProjectSettingsPanel.UpdateDialog(ProjectSettingsPanel.java:245) ~[filemanager.jar:?]
	at com.st.microxplorer.plugins.projectmanager.ProjectManagerView.propertyChange(ProjectManagerView.java:391) ~[filemanager.jar:?]
	at java.beans.PropertyChangeSupport.fire(PropertyChangeSupport.java:343) ~[?:?]
	at java.beans.PropertyChangeSupport.firePropertyChange(PropertyChangeSupport.java:335) ~[?:?]
	at java.beans.PropertyChangeSupport.firePropertyChange(PropertyChangeSupport.java:268) ~[?:?]
	at com.st.microxplorer.util.MXPropertyChangeSupport.firePropertyChange(MXPropertyChangeSupport.java:54) ~[STM32CubeMX.jar:?]
	at com.st.microxplorer.mxsystem.MxSystem.closeConfig(MxSystem.java:900) ~[STM32CubeMX.jar:?]
	at com.st.microxplorer.maingui.MainPanel.closeConfig(MainPanel.java:776) ~[STM32CubeMX.jar:?]
	at com.st.microxplorer.plugins.filemanager.engine.OpenFileManager.loadConfigurationFile(OpenFileManager.java:245) ~[filemanager.jar:?]
	at com.st.microxplorer.plugins.filemanager.engine.MainFileManager.userLoadConfig(MainFileManager.java:315) ~[filemanager.jar:?]
	at com.st.microxplorer.plugins.filemanager.engine.MainFileManager.userLoadConfig(MainFileManager.java:293) ~[filemanager.jar:?]
	at com.st.microxplorer.plugins.filemanager.FileManagerView.getSpecificTask(FileManagerView.java:247) ~[filemanager.jar:?]
	at com.st.stm32cube.common.mx.editor.CubeMxEditor.getMxTabbedPaneInstance(CubeMxEditor.java:1198) ~[com.st.stm32cube.common.mx_6.11.1.202404110753/:?]
	at com.st.stm32cube.common.mx.editor.CubeMxEditor$12$1.createSwingComponent(CubeMxEditor.java:1068) ~[com.st.stm32cube.common.mx_6.11.1.202404110753/:?]
	at com.st.stm32cube.common.mx.oss.core.awtswtbridge.EmbeddedSwingComposite.doComponentCreation(EmbeddedSwingComposite.java:492) ~[com.st.stm32cube.common.mx.oss_6.11.1.202404110753/:?]
	at com.st.stm32cube.common.mx.oss.core.awtswtbridge.EmbeddedSwingComposite$4.run(EmbeddedSwingComposite.java:291) ~[com.st.stm32cube.common.mx.oss_6.11.1.202404110753/:?]
	at com.st.stm32cube.common.mx.oss.core.awtswtbridge.AwtEnvironment$2.run(AwtEnvironment.java:166) ~[com.st.stm32cube.common.mx.oss_6.11.1.202404110753/:?]
	at java.awt.event.InvocationEvent.dispatch(InvocationEvent.java:318) ~[?:?]
	at java.awt.EventQueue.dispatchEventImpl(EventQueue.java:773) ~[?:?]
	at java.awt.EventQueue$4.run(EventQueue.java:720) ~[?:?]
	at java.awt.EventQueue$4.run(EventQueue.java:714) ~[?:?]
	at java.security.AccessController.doPrivileged(AccessController.java:399) ~[?:?]
	at java.security.ProtectionDomain$JavaSecurityAccessImpl.doIntersectionPrivilege(ProtectionDomain.java:86) ~[?:?]
	at java.awt.EventQueue.dispatchEvent(EventQueue.java:742) ~[?:?]
	at java.awt.EventDispatchThread.pumpOneEventForFilters(EventDispatchThread.java:203) ~[?:?]
	at java.awt.EventDispatchThread.pumpEventsForFilter(EventDispatchThread.java:124) ~[?:?]
	at java.awt.EventDispatchThread.pumpEventsForHierarchy(EventDispatchThread.java:113) ~[?:?]
	at java.awt.EventDispatchThread.pumpEvents(EventDispatchThread.java:109) ~[?:?]
	at java.awt.EventDispatchThread.pumpEvents(EventDispatchThread.java:101) ~[?:?]
	at java.awt.EventDispatchThread.run(EventDispatchThread.java:90) ~[?:?]
2024-07-04 20:21:43,186 [WARN] ThirdParty:871 - waiting for thirdparty lock release [close project]
2024-07-04 20:21:43,186 [INFO] ThirdParty:873 - entering critical section [close project]
2024-07-04 20:21:43,186 [INFO] ThirdParty:883 - exiting critical section [close project]
2024-07-04 20:21:43,189 [INFO] PinOutPanel:1561 - setPackage(No Configuration,No Configuration)
2024-07-04 20:21:43,197 [WARN] IpParametersView:151 - Warning: This peripheral hasn't parameters
2024-07-04 20:21:43,201 [WARN] MainPanel:272 - <html><b><center>Warning: This peripheral has no parameters to be configured<br></b></html>
2024-07-04 20:21:43,205 [INFO] UtilMem:75 - Begin LoadConfig() Used Memory: 822237200 Bytes (1073741824)
2024-07-04 20:21:43,205 [INFO] MicroXplorer:468 - Change Database Path : 
2024-07-04 20:21:43,205 [INFO] MicroXplorer:498 - Change Database Version : DB.6.0.111
2024-07-04 20:21:43,205 [INFO] OpenFileManager:312 - Change cursor
2024-07-04 20:21:43,242 [INFO] RulesReader:64 - Compatibility file has been processed (297 Rules)
2024-07-04 20:21:43,262 [INFO] Mcu:2021 - Initializing MCU STM32F401CCUx STM32F401CCUx STM32F401CCU6
2024-07-04 20:21:44,459 [INFO] Context:663 - Trying to add GPIOservice into a context  which must be forbidden
2024-07-04 20:21:44,981 [INFO] ImportTextPane:194 - (OptionalMessage_ERROR) Unable to find key (Mcu.ThirdPartyNb) in loaded IOC file
2024-07-04 20:21:44,982 [INFO] ImportTextPane:194 - (OptionalMessage_ERROR) Unable to find key (Mcu.PinsNb) in loaded IOC file
2024-07-04 20:21:44,982 [INFO] ImportTextPane:194 - (OptionalMessage_ERROR) Unable to find key (Mcu.IPNb) in loaded IOC file
2024-07-04 20:21:45,025 [INFO] RtosManager:555 - Registered RTOS mode: class=CMSIS, group=RTOS, mode=CMSIS_V1, owner=FREERTOS
2024-07-04 20:21:45,026 [INFO] RtosManager:555 - Registered RTOS mode: class=CMSIS, group=RTOS2, mode=CMSIS_V2, owner=FREERTOS
2024-07-04 20:21:45,026 [INFO] RtosManager:555 - Registered RTOS mode: class=RTOS, group=Core, mode=CMSIS_V1, owner=FREERTOS
2024-07-04 20:21:45,026 [INFO] RtosManager:555 - Registered RTOS mode: class=RTOS, group=Core, mode=CMSIS_V2, owner=FREERTOS
2024-07-04 20:21:45,026 [WARN] ModelIntegratedComponent:184 - Missing modes for component STMicroelectronics:FreeRTOS:0.0.1:STMicroelectronics:RTOS:FreeRTOS:Core:::10.2.0:
2024-07-04 20:21:45,037 [WARN] ModelIntegratedComponent:182 - Modes not found for component STMicroelectronics:USB_HOST:1.0.0:STMicroelectronics:USB::USB Host:Audio HS::1.0:USB_HOST_1_0_RESTRICTED_HS
2024-07-04 20:21:45,037 [WARN] ModelIntegratedComponent:188 - Modes not found for component STMicroelectronics:USB_HOST:1.0.0:STMicroelectronics:USB::USB Host:Audio HS::1.0:USB_HOST_1_0_RESTRICTED_HS
2024-07-04 20:21:45,037 [WARN] ModelIntegratedComponent:182 - Modes not found for component STMicroelectronics:USB_HOST:1.0.0:STMicroelectronics:USB::USB Host:CDC HS::1.0:USB_HOST_1_0_RESTRICTED_HS
2024-07-04 20:21:45,037 [WARN] ModelIntegratedComponent:188 - Modes not found for component STMicroelectronics:USB_HOST:1.0.0:STMicroelectronics:USB::USB Host:CDC HS::1.0:USB_HOST_1_0_RESTRICTED_HS
2024-07-04 20:21:45,037 [WARN] ModelIntegratedComponent:182 - Modes not found for component STMicroelectronics:USB_HOST:1.0.0:STMicroelectronics:USB::USB Host:MSC HS::1.0:USB_HOST_1_0_RESTRICTED_HS
2024-07-04 20:21:45,037 [WARN] ModelIntegratedComponent:188 - Modes not found for component STMicroelectronics:USB_HOST:1.0.0:STMicroelectronics:USB::USB Host:MSC HS::1.0:USB_HOST_1_0_RESTRICTED_HS
2024-07-04 20:21:45,037 [WARN] ModelIntegratedComponent:182 - Modes not found for component STMicroelectronics:USB_HOST:1.0.0:STMicroelectronics:USB::USB Host:HID HS::1.0:USB_HOST_1_0_RESTRICTED_HS
2024-07-04 20:21:45,038 [WARN] ModelIntegratedComponent:188 - Modes not found for component STMicroelectronics:USB_HOST:1.0.0:STMicroelectronics:USB::USB Host:HID HS::1.0:USB_HOST_1_0_RESTRICTED_HS
2024-07-04 20:21:45,038 [WARN] ModelIntegratedComponent:182 - Modes not found for component STMicroelectronics:USB_HOST:1.0.0:STMicroelectronics:USB::USB Host:MTP HS::1.0:USB_HOST_1_0_RESTRICTED_HS
2024-07-04 20:21:45,038 [WARN] ModelIntegratedComponent:188 - Modes not found for component STMicroelectronics:USB_HOST:1.0.0:STMicroelectronics:USB::USB Host:MTP HS::1.0:USB_HOST_1_0_RESTRICTED_HS
2024-07-04 20:21:45,046 [WARN] ModelIntegratedComponent:63 - No mode defined for component null
2024-07-04 20:21:45,046 [WARN] ModelIntegratedComponent:63 - No mode defined for component null
2024-07-04 20:21:45,046 [WARN] ModelIntegratedComponent:63 - No mode defined for component null
2024-07-04 20:21:45,046 [WARN] ModelIntegratedComponent:63 - No mode defined for component null
2024-07-04 20:21:45,046 [WARN] ModelIntegratedComponent:63 - No mode defined for component null
2024-07-04 20:21:45,047 [WARN] ModelIntegratedComponent:63 - No mode defined for component null
2024-07-04 20:21:45,047 [WARN] ModelIntegratedComponent:63 - No mode defined for component null
2024-07-04 20:21:45,047 [WARN] ModelIntegratedComponent:63 - No mode defined for component null
2024-07-04 20:21:45,047 [WARN] ModelIntegratedComponent:63 - No mode defined for component null
2024-07-04 20:21:45,047 [WARN] ModelIntegratedComponent:63 - No mode defined for component null
2024-07-04 20:21:45,047 [WARN] ModelIntegratedComponent:63 - No mode defined for component null
2024-07-04 20:21:45,047 [WARN] ModelIntegratedComponent:63 - No mode defined for component null
2024-07-04 20:21:45,047 [WARN] ModelIntegratedComponent:63 - No mode defined for component null
2024-07-04 20:21:45,047 [WARN] ModelIntegratedComponent:63 - No mode defined for component null
2024-07-04 20:21:45,048 [WARN] ModelIntegratedComponent:63 - No mode defined for component null
2024-07-04 20:21:45,048 [WARN] ModelIntegratedComponent:63 - No mode defined for component null
2024-07-04 20:21:45,048 [WARN] ModelIntegratedComponent:63 - No mode defined for component null
2024-07-04 20:21:45,048 [WARN] ModelIntegratedComponent:63 - No mode defined for component null
2024-07-04 20:21:45,048 [WARN] ModelIntegratedComponent:63 - No mode defined for component null
2024-07-04 20:21:45,048 [WARN] ModelIntegratedComponent:63 - No mode defined for component null
2024-07-04 20:21:45,048 [WARN] ModelIntegratedComponent:63 - No mode defined for component null
2024-07-04 20:21:45,048 [WARN] ModelIntegratedComponent:63 - No mode defined for component null
2024-07-04 20:21:45,048 [WARN] ModelIntegratedComponent:63 - No mode defined for component null
2024-07-04 20:21:45,048 [WARN] ModelIntegratedComponent:63 - No mode defined for component null
2024-07-04 20:21:45,048 [WARN] ModelIntegratedComponent:63 - No mode defined for component null
2024-07-04 20:21:45,049 [WARN] ModelIntegratedComponent:63 - No mode defined for component null
2024-07-04 20:21:45,049 [WARN] ModelIntegratedComponent:63 - No mode defined for component null
2024-07-04 20:21:45,049 [WARN] ModelIntegratedComponent:63 - No mode defined for component null
2024-07-04 20:21:45,049 [WARN] ModelIntegratedComponent:63 - No mode defined for component null
2024-07-04 20:21:45,049 [WARN] ModelIntegratedComponent:63 - No mode defined for component null
2024-07-04 20:21:45,049 [WARN] ModelIntegratedComponent:63 - No mode defined for component null
2024-07-04 20:21:45,049 [WARN] ModelIntegratedComponent:63 - No mode defined for component null
2024-07-04 20:21:45,049 [WARN] ModelIntegratedComponent:63 - No mode defined for component null
2024-07-04 20:21:45,049 [WARN] ModelIntegratedComponent:63 - No mode defined for component null
2024-07-04 20:21:45,262 [WARN] ModelIntegratedComponent:182 - Modes not found for component STMicroelectronics:USB_DEVICE:1.0.0:STMicroelectronics:USB::USB Device:Audio HS::1.0:USB_DEVICE_1_0_RESTRICTED_HS
2024-07-04 20:21:45,262 [WARN] ModelIntegratedComponent:188 - Modes not found for component STMicroelectronics:USB_DEVICE:1.0.0:STMicroelectronics:USB::USB Device:Audio HS::1.0:USB_DEVICE_1_0_RESTRICTED_HS
2024-07-04 20:21:45,262 [WARN] ModelIntegratedComponent:182 - Modes not found for component STMicroelectronics:USB_DEVICE:1.0.0:STMicroelectronics:USB::USB Device:CDC HS::1.0:USB_DEVICE_1_0_RESTRICTED_HS
2024-07-04 20:21:45,262 [WARN] ModelIntegratedComponent:188 - Modes not found for component STMicroelectronics:USB_DEVICE:1.0.0:STMicroelectronics:USB::USB Device:CDC HS::1.0:USB_DEVICE_1_0_RESTRICTED_HS
2024-07-04 20:21:45,262 [WARN] ModelIntegratedComponent:182 - Modes not found for component STMicroelectronics:USB_DEVICE:1.0.0:STMicroelectronics:USB::USB Device:DFU HS::1.0:USB_DEVICE_1_0_RESTRICTED_HS
2024-07-04 20:21:45,263 [WARN] ModelIntegratedComponent:188 - Modes not found for component STMicroelectronics:USB_DEVICE:1.0.0:STMicroelectronics:USB::USB Device:DFU HS::1.0:USB_DEVICE_1_0_RESTRICTED_HS
2024-07-04 20:21:45,263 [WARN] ModelIntegratedComponent:182 - Modes not found for component STMicroelectronics:USB_DEVICE:1.0.0:STMicroelectronics:USB::USB Device:HID HS::1.0:USB_DEVICE_1_0_RESTRICTED_HS
2024-07-04 20:21:45,263 [WARN] ModelIntegratedComponent:188 - Modes not found for component STMicroelectronics:USB_DEVICE:1.0.0:STMicroelectronics:USB::USB Device:HID HS::1.0:USB_DEVICE_1_0_RESTRICTED_HS
2024-07-04 20:21:45,263 [WARN] ModelIntegratedComponent:182 - Modes not found for component STMicroelectronics:USB_DEVICE:1.0.0:STMicroelectronics:USB::USB Device:Custom HID HS::1.0:USB_DEVICE_1_0_RESTRICTED_HS
2024-07-04 20:21:45,263 [WARN] ModelIntegratedComponent:188 - Modes not found for component STMicroelectronics:USB_DEVICE:1.0.0:STMicroelectronics:USB::USB Device:Custom HID HS::1.0:USB_DEVICE_1_0_RESTRICTED_HS
2024-07-04 20:21:45,263 [WARN] ModelIntegratedComponent:182 - Modes not found for component STMicroelectronics:USB_DEVICE:1.0.0:STMicroelectronics:USB::USB Device:MSC HS::1.0:USB_DEVICE_1_0_RESTRICTED_HS
2024-07-04 20:21:45,263 [WARN] ModelIntegratedComponent:188 - Modes not found for component STMicroelectronics:USB_DEVICE:1.0.0:STMicroelectronics:USB::USB Device:MSC HS::1.0:USB_DEVICE_1_0_RESTRICTED_HS
2024-07-04 20:21:45,287 [INFO] ThirdPartyModel:298 - Start build external matchings
2024-07-04 20:21:46,035 [INFO] ThirdPartyModel:316 - End build external matchings
2024-07-04 20:21:46,358 [INFO] UtilMem:75 - End LoadConfig() Used Memory: 822246264 Bytes (1073741824)
2024-07-04 20:21:46,373 [WARN] ThirdParty:833 - waiting for thirdparty lock release [change project]
2024-07-04 20:21:46,374 [INFO] ThirdParty:835 - entering critical section [change project]
2024-07-04 20:21:46,375 [INFO] ThirdParty:1030 - CMSIS Pack Vendor :STMicroelectronics USBPD 4.1
2024-07-04 20:21:46,375 [INFO] ThirdParty:1030 - CMSIS Pack Vendor :STMicroelectronics X-CUBE-GNSS1 6.0.0
2024-07-04 20:21:46,375 [INFO] ThirdParty:1030 - CMSIS Pack Vendor :STMicroelectronics USB_HOST 2.0.0
2024-07-04 20:21:46,375 [INFO] ThirdParty:1030 - CMSIS Pack Vendor :STMicroelectronics FP-SNS-MOTENVWB1 1.4.0
2024-07-04 20:21:46,375 [INFO] ThirdParty:1030 - CMSIS Pack Vendor :STMicroelectronics X-CUBE-AZRTOS-F4 1.1.0
2024-07-04 20:21:46,376 [INFO] ThirdParty:1030 - CMSIS Pack Vendor :STMicroelectronics LIBJPEG 8.0.0
2024-07-04 20:21:46,376 [INFO] ThirdParty:1030 - CMSIS Pack Vendor :STMicroelectronics X-CUBE-SMBUS 2.1.0
2024-07-04 20:21:46,376 [INFO] ThirdParty:1030 - CMSIS Pack Vendor :STMicroelectronics USB_DEVICE 3.0.0
2024-07-04 20:21:46,376 [INFO] ThirdParty:1030 - CMSIS Pack Vendor :STMicroelectronics X-CUBE-TCPP 4.1.0
2024-07-04 20:21:46,376 [INFO] ThirdParty:1030 - CMSIS Pack Vendor :STMicroelectronics X-CUBE-FREERTOS 1.2.0
2024-07-04 20:21:46,376 [INFO] ThirdParty:1030 - CMSIS Pack Vendor :STMicroelectronics X-CUBE-AZRTOS-WB 2.0.0
2024-07-04 20:21:46,376 [INFO] ThirdParty:1030 - CMSIS Pack Vendor :STMicroelectronics X-CUBE-TOUCHGFX 4.23.2
2024-07-04 20:21:46,376 [INFO] ThirdParty:1030 - CMSIS Pack Vendor :STMicroelectronics X-CUBE-AZRTOS-F7 1.1.0
2024-07-04 20:21:46,376 [INFO] ThirdParty:1030 - CMSIS Pack Vendor :STMicroelectronics X-CUBE-AZRTOS-L5 2.0.0
2024-07-04 20:21:46,376 [INFO] ThirdParty:1030 - CMSIS Pack Vendor :STMicroelectronics USB_DEVICE 2.0.0
2024-07-04 20:21:46,376 [INFO] ThirdParty:1030 - CMSIS Pack Vendor :STMicroelectronics X-CUBE-NFC6 3.1.0
2024-07-04 20:21:46,376 [INFO] ThirdParty:1030 - CMSIS Pack Vendor :STMicroelectronics FreeRTOS 0.0.1
2024-07-04 20:21:46,377 [INFO] ThirdParty:1030 - CMSIS Pack Vendor :STMicroelectronics X-CUBE-AZRTOS-G0 1.1.0
2024-07-04 20:21:46,377 [INFO] ThirdParty:1030 - CMSIS Pack Vendor :STMicroelectronics X-CUBE-SAFEA1 1.2.2
2024-07-04 20:21:46,377 [INFO] ThirdParty:1030 - CMSIS Pack Vendor :STMicroelectronics X-CUBE-NFC4 3.0.0
2024-07-04 20:21:46,377 [INFO] ThirdParty:1030 - CMSIS Pack Vendor :STMicroelectronics X-CUBE-SUBG2 5.0.0
2024-07-04 20:21:46,377 [INFO] ThirdParty:1030 - CMSIS Pack Vendor :STMicroelectronics STM32_WPAN 1.0.0
2024-07-04 20:21:46,377 [INFO] ThirdParty:1030 - CMSIS Pack Vendor :STMicroelectronics lwIP 2.0.3
2024-07-04 20:21:46,377 [INFO] ThirdParty:1030 - CMSIS Pack Vendor :STMicroelectronics FP-SNS-FLIGHT1 5.0.2
2024-07-04 20:21:46,377 [INFO] ThirdParty:1030 - CMSIS Pack Vendor :Cesanta I-CUBE-Mongoose 7.13.0
2024-07-04 20:21:46,377 [INFO] ThirdParty:1030 - CMSIS Pack Vendor :STMicroelectronics USB_HOST 1.0.0
2024-07-04 20:21:46,377 [INFO] ThirdParty:1030 - CMSIS Pack Vendor :STMicroelectronics X-CUBE-AI 9.0.0
2024-07-04 20:21:46,377 [INFO] ThirdParty:1030 - CMSIS Pack Vendor :STMicroelectronics X-CUBE-AZRTOS-G4 2.0.0
2024-07-04 20:21:46,377 [INFO] ThirdParty:1030 - CMSIS Pack Vendor :STMicroelectronics PDM2PCM 3.1.0
2024-07-04 20:21:46,377 [INFO] ThirdParty:1030 - CMSIS Pack Vendor :STMicroelectronics PDM2PCM 3.3.0
2024-07-04 20:21:46,377 [INFO] ThirdParty:1030 - CMSIS Pack Vendor :STMicroelectronics X-CUBE-DISPLAY 3.0.0
2024-07-04 20:21:46,377 [INFO] ThirdParty:1030 - CMSIS Pack Vendor :wolfSSL I-CUBE-wolfSSL 5.7.0
2024-07-04 20:21:46,377 [INFO] ThirdParty:1030 - CMSIS Pack Vendor :STMicroelectronics X-CUBE-BLE1 7.0.0
2024-07-04 20:21:46,377 [INFO] ThirdParty:1030 - CMSIS Pack Vendor :STMicroelectronics FP-ATR-SIGFOX1 3.2.0
2024-07-04 20:21:46,377 [INFO] ThirdParty:1030 - CMSIS Pack Vendor :STMicroelectronics X-CUBE-ISPU 2.0.0
2024-07-04 20:21:46,377 [INFO] ThirdParty:1030 - CMSIS Pack Vendor :STMicroelectronics X-CUBE-EEPRMA1 5.1.0
2024-07-04 20:21:46,377 [INFO] ThirdParty:1030 - CMSIS Pack Vendor :STMicroelectronics HAL Drivers 0.0.0
2024-07-04 20:21:46,377 [INFO] ThirdParty:1030 - CMSIS Pack Vendor :STMicroelectronics MBEDTLS 2.16.2
2024-07-04 20:21:46,377 [INFO] ThirdParty:1030 - CMSIS Pack Vendor :STMicroelectronics X-CUBE-ALS 1.0.2
2024-07-04 20:21:46,377 [INFO] ThirdParty:1030 - CMSIS Pack Vendor :emotas I-CUBE-CANOPEN 1.3.0
2024-07-04 20:21:46,377 [INFO] ThirdParty:1030 - CMSIS Pack Vendor :STMicroelectronics X-CUBE-MEMS1 10.0.0
2024-07-04 20:21:46,378 [INFO] ThirdParty:1030 - CMSIS Pack Vendor :STMicroelectronics X-CUBE-NFC7 1.0.1
2024-07-04 20:21:46,378 [INFO] ThirdParty:1030 - CMSIS Pack Vendor :STMicroelectronics MBEDTLS 2.14.1
2024-07-04 20:21:46,378 [INFO] ThirdParty:1030 - CMSIS Pack Vendor :STMicroelectronics X-CUBE-TOUCHGFX 4.24.0
2024-07-04 20:21:46,378 [INFO] ThirdParty:1030 - CMSIS Pack Vendor :ITTIA_DB I-CUBE-ITTIADB 8.9.0
2024-07-04 20:21:46,378 [INFO] ThirdParty:1030 - CMSIS Pack Vendor :portGmbH I-Cube-SoM-uGOAL 1.1.0
2024-07-04 20:21:46,378 [INFO] ThirdParty:1030 - CMSIS Pack Vendor :STMicroelectronics X-CUBE-BLEMGR 3.1.0
2024-07-04 20:21:46,378 [INFO] ThirdParty:1030 - CMSIS Pack Vendor :STMicroelectronics ThreadX 1.0.0
2024-07-04 20:21:46,378 [INFO] ThirdParty:1030 - CMSIS Pack Vendor :STMicroelectronics FP-SNS-SMARTAG2 1.2.0
2024-07-04 20:21:46,378 [INFO] ThirdParty:1030 - CMSIS Pack Vendor :STMicroelectronics X-CUBE-AZRTOS-WL 2.0.0
2024-07-04 20:21:46,378 [INFO] ThirdParty:1030 - CMSIS Pack Vendor :SEGGER I-CUBE-embOS 1.3.1
2024-07-04 20:21:46,378 [INFO] ThirdParty:1030 - CMSIS Pack Vendor :STMicroelectronics X-CUBE-ALGOBUILD 1.4.0
2024-07-04 20:21:46,378 [INFO] ThirdParty:1030 - CMSIS Pack Vendor :STMicroelectronics FP-SNS-MOTENV1 5.0.0
2024-07-04 20:21:46,378 [INFO] ThirdParty:1030 - CMSIS Pack Vendor :STMicroelectronics USB_DEVICE 1.0.0
2024-07-04 20:21:46,378 [INFO] ThirdParty:1030 - CMSIS Pack Vendor :STMicroelectronics X-CUBE-AZRTOS-H7RS 1.0.0
2024-07-04 20:21:46,378 [INFO] ThirdParty:1030 - CMSIS Pack Vendor :wolfSSL I-CUBE-wolfMQTT 1.19.0
2024-07-04 20:21:46,378 [INFO] ThirdParty:1030 - CMSIS Pack Vendor :STMicroelectronics X-CUBE-AZRTOS-L4 2.0.0
2024-07-04 20:21:46,378 [INFO] ThirdParty:1030 - CMSIS Pack Vendor :STMicroelectronics ThreadX 0.0.2
2024-07-04 20:21:46,378 [INFO] ThirdParty:1030 - CMSIS Pack Vendor :WES I-CUBE-Cesium 1.3.0
2024-07-04 20:21:46,378 [INFO] ThirdParty:1030 - CMSIS Pack Vendor :STMicroelectronics FP-ATR-ASTRA1 2.0.0
2024-07-04 20:21:46,378 [INFO] ThirdParty:1030 - CMSIS Pack Vendor :STMicroelectronics lwIP 2.1.2
2024-07-04 20:21:46,378 [INFO] ThirdParty:1030 - CMSIS Pack Vendor :STMicroelectronics X-CUBE-SFXS2LP1 4.0.0
2024-07-04 20:21:46,378 [INFO] ThirdParty:1030 - CMSIS Pack Vendor :STMicroelectronics X-CUBE-BLE2 3.3.0
2024-07-04 20:21:46,378 [INFO] ThirdParty:1030 - CMSIS Pack Vendor :STMicroelectronics X-CUBE-TOF1 3.4.1
2024-07-04 20:21:46,378 [INFO] ThirdParty:1030 - CMSIS Pack Vendor :STMicroelectronics X-CUBE-AZRTOS-H7 3.2.0
2024-07-04 20:21:46,379 [INFO] ThirdParty:1030 - CMSIS Pack Vendor :Infineon AIROC-Wi-Fi-Bluetooth-STM32 1.6.0
2024-07-04 20:21:46,379 [INFO] ThirdParty:1030 - CMSIS Pack Vendor :STMicroelectronics PDM2PCM 3.2.0
2024-07-04 20:21:46,379 [INFO] ThirdParty:841 - exiting critical section [change project]
2024-07-04 20:21:46,549 [INFO] PinOutPanel:1561 - setPackage(No Configuration,No Configuration)
2024-07-04 20:21:46,550 [INFO] PinOutPanel:1561 - setPackage(STM32F401CCUx,UFQFPN48)
2024-07-04 20:21:46,936 [INFO] UtilMem:75 - Before build in PCC Used Memory: 668953128 Bytes (1073741824)
2024-07-04 20:21:47,360 [INFO] UtilMem:75 - After build in PCC Used Memory: 712130096 Bytes (1073741824)
2024-07-04 20:21:47,402 [INFO] IPUIPlugin:80 - create IPUIPlugin
2024-07-04 20:21:47,402 [INFO] IPUIPlugin:80 - create IPUIPlugin
2024-07-04 20:21:47,402 [INFO] IPUIPlugin:80 - create IPUIPlugin
2024-07-04 20:21:47,403 [INFO] IPUIPlugin:80 - create IPUIPlugin
2024-07-04 20:21:47,403 [INFO] IPUIPlugin:80 - create IPUIPlugin
2024-07-04 20:21:47,403 [INFO] IPUIPlugin:80 - create IPUIPlugin
2024-07-04 20:21:47,403 [INFO] IPUIPlugin:80 - create IPUIPlugin
2024-07-04 20:21:47,403 [INFO] IPUIPlugin:80 - create IPUIPlugin
2024-07-04 20:21:47,403 [INFO] IPUIPlugin:80 - create IPUIPlugin
2024-07-04 20:21:47,403 [INFO] IPUIPlugin:80 - create IPUIPlugin
2024-07-04 20:21:47,404 [INFO] IPUIPlugin:80 - create IPUIPlugin
2024-07-04 20:21:47,404 [INFO] IPUIPlugin:80 - create IPUIPlugin
2024-07-04 20:21:47,407 [INFO] IPUIPlugin:80 - create IPUIPlugin
2024-07-04 20:21:47,408 [INFO] IPUIPlugin:80 - create IPUIPlugin
2024-07-04 20:21:47,408 [INFO] IPUIPlugin:80 - create IPUIPlugin
2024-07-04 20:21:47,409 [INFO] IPUIPlugin:80 - create IPUIPlugin
2024-07-04 20:21:47,409 [INFO] IPUIPlugin:80 - create IPUIPlugin
2024-07-04 20:21:47,409 [INFO] IPUIPlugin:80 - create IPUIPlugin
2024-07-04 20:21:47,410 [INFO] IPUIPlugin:80 - create IPUIPlugin
2024-07-04 20:21:47,410 [INFO] IPUIPlugin:80 - create IPUIPlugin
2024-07-04 20:21:47,410 [INFO] IPUIPlugin:80 - create IPUIPlugin
2024-07-04 20:21:47,411 [INFO] IPUIPlugin:80 - create IPUIPlugin
2024-07-04 20:21:47,411 [INFO] IPUIPlugin:80 - create IPUIPlugin
2024-07-04 20:21:47,411 [INFO] IPUIPlugin:80 - create IPUIPlugin
2024-07-04 20:21:47,411 [INFO] IPUIPlugin:80 - create IPUIPlugin
2024-07-04 20:21:47,412 [INFO] IPUIPlugin:80 - create IPUIPlugin
2024-07-04 20:21:47,412 [INFO] IPUIPlugin:80 - create IPUIPlugin
2024-07-04 20:21:47,413 [INFO] IPUIPlugin:80 - create IPUIPlugin
2024-07-04 20:21:47,414 [INFO] IPUIPlugin:80 - create IPUIPlugin
2024-07-04 20:21:47,414 [INFO] IPUIPlugin:80 - create IPUIPlugin
2024-07-04 20:21:47,415 [INFO] IPUIPlugin:80 - create IPUIPlugin
2024-07-04 20:21:47,416 [INFO] IPUIPlugin:80 - create IPUIPlugin
2024-07-04 20:21:47,416 [INFO] IPUIPlugin:80 - create IPUIPlugin
2024-07-04 20:21:47,417 [INFO] IPUIPlugin:80 - create IPUIPlugin
2024-07-04 20:21:47,417 [INFO] IPUIPlugin:80 - create IPUIPlugin
2024-07-04 20:21:47,418 [INFO] IPUIPlugin:80 - create IPUIPlugin
2024-07-04 20:21:47,418 [INFO] IPUIPlugin:80 - create IPUIPlugin
2024-07-04 20:21:47,468 [INFO] ApiDbMcu:508 - Load IP Config File for PDM2PCM
2024-07-04 20:21:47,536 [INFO] CADModel:165 - CPN selected for project levelSTM32F401CCU6
2024-07-04 20:21:47,536 [INFO] CADModel:114 - Register for checkConnection events
2024-07-04 20:21:47,591 [INFO] OpenFileManager:343 - Restore cursor
2024-07-04 20:21:48,451 [INFO] UtilMem:75 - End SaveConfig() Used Memory: 774913952 Bytes (1073741824)
2024-07-04 20:21:48,547 [INFO] UtilMem:75 - End SaveConfig() Used Memory: 788829992 Bytes (1073741824)
2024-07-04 20:21:48,808 [INFO] BlockDiagram:2759 - set Specific Code input for plugin: NVIC
2024-07-04 20:21:48,809 [INFO] BlockDiagram:2759 - set Specific Code input for plugin: RCC
2024-07-04 20:21:48,810 [INFO] CodeGenerator:807 - code generatio: config db path: C:\ST\STM32CubeIDE_1.15.1\STM32CubeIDE\plugins\com.st.stm32cube.common.mx_6.11.1.202404110753\\db\
2024-07-04 20:21:48,989 [INFO] CodeEngine:255 - oldGeneratedFile, D:\Sachin_code\Techoscripts\STM32F407\STMPrograms\010_PWM\MXTmpFiles\license.tmp_save
2024-07-04 20:21:49,123 [INFO] CodeEngine:279 - Generated code: D:\Sachin_code\Techoscripts\STM32F407\STMPrograms\010_PWM\MXTmpFiles\license.tmp
2024-07-04 20:21:49,147 [INFO] CodeEngine:255 - oldGeneratedFile, D:\Sachin_code\Techoscripts\STM32F407\STMPrograms\010_PWM\Core\Src\stm32f4xx_it.c_save
2024-07-04 20:21:49,431 [INFO] CodeEngine:279 - Generated code: D:\Sachin_code\Techoscripts\STM32F407\STMPrograms\010_PWM\Core\Src\stm32f4xx_it.c
2024-07-04 20:21:49,447 [INFO] CodeEngine:255 - oldGeneratedFile, D:\Sachin_code\Techoscripts\STM32F407\STMPrograms\010_PWM\Core\Inc\stm32f4xx_it.h_save
2024-07-04 20:21:49,598 [INFO] CodeEngine:279 - Generated code: D:\Sachin_code\Techoscripts\STM32F407\STMPrograms\010_PWM\Core\Inc\stm32f4xx_it.h
2024-07-04 20:21:49,715 [INFO] CodeEngine:255 - oldGeneratedFile, D:\Sachin_code\Techoscripts\STM32F407\STMPrograms\010_PWM\Core\Src\stm32f4xx_hal_msp.c_save
2024-07-04 20:21:49,911 [INFO] CodeEngine:279 - Generated code: D:\Sachin_code\Techoscripts\STM32F407\STMPrograms\010_PWM\Core\Src\stm32f4xx_hal_msp.c
2024-07-04 20:21:49,935 [INFO] CodeEngine:255 - oldGeneratedFile, D:\Sachin_code\Techoscripts\STM32F407\STMPrograms\010_PWM\MXTmpFiles\system.tmp_save
2024-07-04 20:21:50,006 [INFO] CodeEngine:279 - Generated code: D:\Sachin_code\Techoscripts\STM32F407\STMPrograms\010_PWM\MXTmpFiles\system.tmp
2024-07-04 20:21:50,026 [INFO] CodeEngine:311 - oldGeneratedFile, D:\Sachin_code\Techoscripts\STM32F407\STMPrograms\010_PWM\Core\Inc\stm32f4xx_hal_conf.h_save
2024-07-04 20:21:50,146 [INFO] CodeEngine:335 - Generated code: D:\Sachin_code\Techoscripts\STM32F407\STMPrograms\010_PWM\Core\Inc\stm32f4xx_hal_conf.h
2024-07-04 20:21:50,227 [INFO] CodeEngine:255 - oldGeneratedFile, D:\Sachin_code\Techoscripts\STM32F407\STMPrograms\010_PWM\Core\Inc\main.h_save
2024-07-04 20:21:50,528 [INFO] CodeEngine:279 - Generated code: D:\Sachin_code\Techoscripts\STM32F407\STMPrograms\010_PWM\Core\Inc\main.h
2024-07-04 20:21:50,555 [INFO] CodeEngine:255 - oldGeneratedFile, D:\Sachin_code\Techoscripts\STM32F407\STMPrograms\010_PWM\Core\Src\main.c_save
2024-07-04 20:21:50,818 [INFO] CodeEngine:279 - Generated code: D:\Sachin_code\Techoscripts\STM32F407\STMPrograms\010_PWM\Core\Src\main.c
2024-07-04 20:21:51,643 [INFO] ProjectBuilder:3163 - Time for Copy HAL[1] : 369mS.
2024-07-04 20:21:51,652 [INFO] ProjectBuilder:4736 - Project Generator version: 4.3.0-B58
2024-07-04 20:21:51,860 [INFO] ConfigFileManager:1503 - The Die is : DIE423
2024-07-04 20:21:51,880 [INFO] ApiDbMcu:508 - Load IP Config File for FATFS
2024-07-04 20:21:51,910 [INFO] ApiDbMcu:508 - Load IP Config File for FREERTOS
2024-07-04 20:21:51,927 [INFO] ApiDbMcu:508 - Load IP Config File for LIBJPEG
2024-07-04 20:21:51,954 [INFO] ApiDbMcu:508 - Load IP Config File for MBEDTLS
2024-07-04 20:21:51,986 [INFO] ApiDbMcu:508 - Load IP Config File for USB_DEVICE
2024-07-04 20:21:52,005 [INFO] ApiDbMcu:508 - Load IP Config File for USB_HOST
2024-07-04 20:21:54,549 [INFO] ProjectBuilder:5002 - Time for Generating toolchain IDE Files: 2896mS.
2024-07-04 20:21:54,549 [INFO] ProjectBuilder:3034 - Time for Copy CMSIS : 0mS.
2024-07-04 20:21:54,551 [INFO] ProjectBuilder:3034 - Time for Copy CMSIS : 1mS.
2024-07-04 20:21:55,349 [INFO] McuFinderGlobals:76 - Set McuFinderConnectedMode to true
2024-07-04 20:21:55,353 [INFO] ApiDb:448 - Save user favorites file C:\Users\nikns/.stm32cubeide/favorites.mcus.txt: 2 item(s)
2024-07-04 20:21:55,354 [INFO] ApiDb:452 - User favorites MCUs=[STM32F401CCU6, STM32F407VGT6]
2024-07-04 20:35:20,943 [INFO] NvicIntPanel:101 - NVIC parent = com.st.microxplorer.plugins.ip.nvic.MultiNvicIntPanel[,0,0,0x0,invalid,layout=javax.swing.BoxLayout,alignmentX=0.0,alignmentY=0.0,border=,flags=9,maximumSize=,minimumSize=,preferredSize=]
2024-07-04 20:35:32,941 [INFO] NvicIntPanel:101 - NVIC parent = com.st.microxplorer.plugins.ip.nvic.MultiNvicIntPanel[,0,0,0x0,invalid,layout=javax.swing.BoxLayout,alignmentX=0.0,alignmentY=0.0,border=,flags=9,maximumSize=,minimumSize=,preferredSize=]
2024-07-04 20:35:55,354 [INFO] UtilMem:75 - End SaveConfig() Used Memory: 1041667424 Bytes (1073741824)
2024-07-04 20:35:57,821 [INFO] UtilMem:75 - End SaveConfig() Used Memory: 1061978288 Bytes (1073741824)
2024-07-04 20:36:00,414 [INFO] UtilMem:75 - End SaveConfig() Used Memory: 656195928 Bytes (1073741824)
2024-07-04 20:36:00,613 [INFO] BlockDiagram:2759 - set Specific Code input for plugin: NVIC
2024-07-04 20:36:00,613 [INFO] BlockDiagram:2759 - set Specific Code input for plugin: TIM1_8
2024-07-04 20:36:00,613 [INFO] BlockDiagram:2759 - set Specific Code input for plugin: SYS
2024-07-04 20:36:00,614 [INFO] BlockDiagram:2759 - set Specific Code input for plugin: GPIO
2024-07-04 20:36:00,614 [INFO] BlockDiagram:2759 - set Specific Code input for plugin: RCC
2024-07-04 20:36:00,615 [INFO] CodeGenerator:807 - code generatio: config db path: C:\ST\STM32CubeIDE_1.15.1\STM32CubeIDE\plugins\com.st.stm32cube.common.mx_6.11.1.202404110753\\db\
2024-07-04 20:36:00,771 [INFO] CodeEngine:255 - oldGeneratedFile, D:\Sachin_code\Techoscripts\STM32F407\STMPrograms\010_PWM\MXTmpFiles\license.tmp_save
2024-07-04 20:36:00,933 [INFO] CodeEngine:279 - Generated code: D:\Sachin_code\Techoscripts\STM32F407\STMPrograms\010_PWM\MXTmpFiles\license.tmp
2024-07-04 20:36:01,014 [INFO] CodeEngine:255 - oldGeneratedFile, D:\Sachin_code\Techoscripts\STM32F407\STMPrograms\010_PWM\MXTmpFiles\gpio.tmp_save
2024-07-04 20:36:01,166 [INFO] CodeEngine:279 - Generated code: D:\Sachin_code\Techoscripts\STM32F407\STMPrograms\010_PWM\MXTmpFiles\gpio.tmp
2024-07-04 20:36:01,250 [INFO] CodeEngine:255 - oldGeneratedFile, D:\Sachin_code\Techoscripts\STM32F407\STMPrograms\010_PWM\Core\Src\stm32f4xx_it.c_save
2024-07-04 20:36:01,495 [INFO] CodeEngine:279 - Generated code: D:\Sachin_code\Techoscripts\STM32F407\STMPrograms\010_PWM\Core\Src\stm32f4xx_it.c
2024-07-04 20:36:01,500 [INFO] CodeEngine:255 - oldGeneratedFile, D:\Sachin_code\Techoscripts\STM32F407\STMPrograms\010_PWM\Core\Inc\stm32f4xx_it.h_save
2024-07-04 20:36:01,565 [INFO] CodeEngine:279 - Generated code: D:\Sachin_code\Techoscripts\STM32F407\STMPrograms\010_PWM\Core\Inc\stm32f4xx_it.h
2024-07-04 20:36:01,592 [INFO] CodeEngine:255 - oldGeneratedFile, D:\Sachin_code\Techoscripts\STM32F407\STMPrograms\010_PWM\Core\Src\stm32f4xx_hal_msp.c_save
2024-07-04 20:36:01,762 [INFO] CodeEngine:279 - Generated code: D:\Sachin_code\Techoscripts\STM32F407\STMPrograms\010_PWM\Core\Src\stm32f4xx_hal_msp.c
2024-07-04 20:36:01,767 [INFO] CodeEngine:255 - oldGeneratedFile, D:\Sachin_code\Techoscripts\STM32F407\STMPrograms\010_PWM\MXTmpFiles\system.tmp_save
2024-07-04 20:36:01,835 [INFO] CodeEngine:279 - Generated code: D:\Sachin_code\Techoscripts\STM32F407\STMPrograms\010_PWM\MXTmpFiles\system.tmp
2024-07-04 20:36:01,860 [INFO] CodeEngine:311 - oldGeneratedFile, D:\Sachin_code\Techoscripts\STM32F407\STMPrograms\010_PWM\Core\Inc\stm32f4xx_hal_conf.h_save
2024-07-04 20:36:01,966 [INFO] CodeEngine:335 - Generated code: D:\Sachin_code\Techoscripts\STM32F407\STMPrograms\010_PWM\Core\Inc\stm32f4xx_hal_conf.h
2024-07-04 20:36:01,998 [WARN] IPConfigManager:3513 - IP not found : TIM
2024-07-04 20:36:01,999 [WARN] CodeGenerator:3951 - IP not found : null
2024-07-04 20:36:02,017 [INFO] CodeEngine:255 - oldGeneratedFile, D:\Sachin_code\Techoscripts\STM32F407\STMPrograms\010_PWM\Core\Inc\main.h_save
2024-07-04 20:36:02,140 [INFO] CodeEngine:279 - Generated code: D:\Sachin_code\Techoscripts\STM32F407\STMPrograms\010_PWM\Core\Inc\main.h
2024-07-04 20:36:02,152 [INFO] CodeEngine:255 - oldGeneratedFile, D:\Sachin_code\Techoscripts\STM32F407\STMPrograms\010_PWM\Core\Src\main.c_save
2024-07-04 20:36:02,295 [INFO] CodeEngine:279 - Generated code: D:\Sachin_code\Techoscripts\STM32F407\STMPrograms\010_PWM\Core\Src\main.c
2024-07-04 20:36:02,658 [INFO] ProjectBuilder:3163 - Time for Copy HAL[1] : 170mS.
2024-07-04 20:36:02,661 [INFO] ProjectBuilder:4736 - Project Generator version: 4.3.0-B58
2024-07-04 20:36:02,777 [INFO] ConfigFileManager:1503 - The Die is : DIE423
2024-07-04 20:36:03,828 [INFO] ProjectBuilder:5002 - Time for Generating toolchain IDE Files: 1167mS.
2024-07-04 20:36:03,829 [INFO] ProjectBuilder:3034 - Time for Copy CMSIS : 0mS.
2024-07-04 20:36:03,831 [INFO] ProjectBuilder:3034 - Time for Copy CMSIS : 0mS.
2024-07-04 20:46:39,688 [INFO] NvicIntPanel:101 - NVIC parent = com.st.microxplorer.plugins.ip.nvic.MultiNvicIntPanel[,0,0,0x0,invalid,layout=javax.swing.BoxLayout,alignmentX=0.0,alignmentY=0.0,border=,flags=9,maximumSize=,minimumSize=,preferredSize=]
2024-07-04 20:46:42,465 [INFO] UtilMem:75 - End SaveConfig() Used Memory: 878726792 Bytes (1073741824)
2024-07-04 20:46:44,160 [INFO] UtilMem:75 - End SaveConfig() Used Memory: 896013144 Bytes (1073741824)
2024-07-04 20:46:46,896 [INFO] UtilMem:75 - End SaveConfig() Used Memory: 685339480 Bytes (1073741824)
2024-07-04 20:46:47,251 [INFO] BlockDiagram:2759 - set Specific Code input for plugin: NVIC
2024-07-04 20:46:47,251 [INFO] BlockDiagram:2759 - set Specific Code input for plugin: TIM1_8
2024-07-04 20:46:47,251 [INFO] BlockDiagram:2759 - set Specific Code input for plugin: SYS
2024-07-04 20:46:47,251 [INFO] BlockDiagram:2759 - set Specific Code input for plugin: GPIO
2024-07-04 20:46:47,251 [INFO] BlockDiagram:2759 - set Specific Code input for plugin: RCC
2024-07-04 20:46:47,253 [INFO] CodeGenerator:807 - code generatio: config db path: C:\ST\STM32CubeIDE_1.15.1\STM32CubeIDE\plugins\com.st.stm32cube.common.mx_6.11.1.202404110753\\db\
2024-07-04 20:46:47,493 [INFO] CodeEngine:255 - oldGeneratedFile, D:\Sachin_code\Techoscripts\STM32F407\STMPrograms\010_PWM\MXTmpFiles\license.tmp_save
2024-07-04 20:46:47,825 [INFO] CodeEngine:279 - Generated code: D:\Sachin_code\Techoscripts\STM32F407\STMPrograms\010_PWM\MXTmpFiles\license.tmp
2024-07-04 20:46:47,854 [INFO] CodeEngine:255 - oldGeneratedFile, D:\Sachin_code\Techoscripts\STM32F407\STMPrograms\010_PWM\MXTmpFiles\gpio.tmp_save
2024-07-04 20:46:48,127 [INFO] CodeEngine:279 - Generated code: D:\Sachin_code\Techoscripts\STM32F407\STMPrograms\010_PWM\MXTmpFiles\gpio.tmp
2024-07-04 20:46:48,245 [INFO] CodeEngine:255 - oldGeneratedFile, D:\Sachin_code\Techoscripts\STM32F407\STMPrograms\010_PWM\Core\Src\stm32f4xx_it.c_save
2024-07-04 20:46:48,726 [INFO] CodeEngine:279 - Generated code: D:\Sachin_code\Techoscripts\STM32F407\STMPrograms\010_PWM\Core\Src\stm32f4xx_it.c
2024-07-04 20:46:48,737 [INFO] CodeEngine:255 - oldGeneratedFile, D:\Sachin_code\Techoscripts\STM32F407\STMPrograms\010_PWM\Core\Inc\stm32f4xx_it.h_save
2024-07-04 20:46:48,905 [INFO] CodeEngine:279 - Generated code: D:\Sachin_code\Techoscripts\STM32F407\STMPrograms\010_PWM\Core\Inc\stm32f4xx_it.h
2024-07-04 20:46:48,950 [INFO] CodeEngine:255 - oldGeneratedFile, D:\Sachin_code\Techoscripts\STM32F407\STMPrograms\010_PWM\Core\Src\stm32f4xx_hal_msp.c_save
2024-07-04 20:46:49,220 [INFO] CodeEngine:279 - Generated code: D:\Sachin_code\Techoscripts\STM32F407\STMPrograms\010_PWM\Core\Src\stm32f4xx_hal_msp.c
2024-07-04 20:46:49,227 [INFO] CodeEngine:255 - oldGeneratedFile, D:\Sachin_code\Techoscripts\STM32F407\STMPrograms\010_PWM\MXTmpFiles\system.tmp_save
2024-07-04 20:46:49,351 [INFO] CodeEngine:279 - Generated code: D:\Sachin_code\Techoscripts\STM32F407\STMPrograms\010_PWM\MXTmpFiles\system.tmp
2024-07-04 20:46:49,390 [INFO] CodeEngine:311 - oldGeneratedFile, D:\Sachin_code\Techoscripts\STM32F407\STMPrograms\010_PWM\Core\Inc\stm32f4xx_hal_conf.h_save
2024-07-04 20:46:49,629 [INFO] CodeEngine:335 - Generated code: D:\Sachin_code\Techoscripts\STM32F407\STMPrograms\010_PWM\Core\Inc\stm32f4xx_hal_conf.h
2024-07-04 20:46:49,677 [WARN] IPConfigManager:3513 - IP not found : TIM
2024-07-04 20:46:49,679 [WARN] CodeGenerator:3951 - IP not found : null
2024-07-04 20:46:49,711 [INFO] CodeEngine:255 - oldGeneratedFile, D:\Sachin_code\Techoscripts\STM32F407\STMPrograms\010_PWM\Core\Inc\main.h_save
2024-07-04 20:46:49,971 [INFO] CodeEngine:279 - Generated code: D:\Sachin_code\Techoscripts\STM32F407\STMPrograms\010_PWM\Core\Inc\main.h
2024-07-04 20:46:50,000 [INFO] CodeEngine:255 - oldGeneratedFile, D:\Sachin_code\Techoscripts\STM32F407\STMPrograms\010_PWM\Core\Src\main.c_save
2024-07-04 20:46:50,265 [INFO] CodeEngine:279 - Generated code: D:\Sachin_code\Techoscripts\STM32F407\STMPrograms\010_PWM\Core\Src\main.c
2024-07-04 20:46:51,019 [INFO] ProjectBuilder:3163 - Time for Copy HAL[1] : 299mS.
2024-07-04 20:46:51,024 [INFO] ProjectBuilder:4736 - Project Generator version: 4.3.0-B58
2024-07-04 20:46:51,227 [INFO] ConfigFileManager:1503 - The Die is : DIE423
2024-07-04 20:46:53,167 [INFO] ProjectBuilder:5002 - Time for Generating toolchain IDE Files: 2143mS.
2024-07-04 20:46:53,171 [INFO] ProjectBuilder:3034 - Time for Copy CMSIS : 1mS.
2024-07-04 20:46:53,178 [INFO] ProjectBuilder:3034 - Time for Copy CMSIS : 0mS.
2024-07-04 20:53:01,640 [INFO] NvicIntPanel:101 - NVIC parent = com.st.microxplorer.plugins.ip.nvic.MultiNvicIntPanel[,0,0,0x0,invalid,layout=javax.swing.BoxLayout,alignmentX=0.0,alignmentY=0.0,border=,flags=9,maximumSize=,minimumSize=,preferredSize=]
2024-07-04 20:53:09,185 [INFO] UtilMem:75 - End SaveConfig() Used Memory: 689715848 Bytes (1073741824)
2024-07-04 20:53:14,038 [INFO] UtilMem:75 - End SaveConfig() Used Memory: 717495328 Bytes (1073741824)
2024-07-04 20:53:16,035 [INFO] UtilMem:75 - End SaveConfig() Used Memory: 748955328 Bytes (1073741824)
2024-07-04 20:53:16,142 [INFO] BlockDiagram:2759 - set Specific Code input for plugin: NVIC
2024-07-04 20:53:16,142 [INFO] BlockDiagram:2759 - set Specific Code input for plugin: TIM1_8
2024-07-04 20:53:16,142 [INFO] BlockDiagram:2759 - set Specific Code input for plugin: SYS
2024-07-04 20:53:16,142 [INFO] BlockDiagram:2759 - set Specific Code input for plugin: GPIO
2024-07-04 20:53:16,142 [INFO] BlockDiagram:2759 - set Specific Code input for plugin: RCC
2024-07-04 20:53:16,143 [INFO] CodeGenerator:807 - code generatio: config db path: C:\ST\STM32CubeIDE_1.15.1\STM32CubeIDE\plugins\com.st.stm32cube.common.mx_6.11.1.202404110753\\db\
2024-07-04 20:53:16,226 [INFO] CodeEngine:255 - oldGeneratedFile, D:\Sachin_code\Techoscripts\STM32F407\STMPrograms\010_PWM\MXTmpFiles\license.tmp_save
2024-07-04 20:53:16,336 [INFO] CodeEngine:279 - Generated code: D:\Sachin_code\Techoscripts\STM32F407\STMPrograms\010_PWM\MXTmpFiles\license.tmp
2024-07-04 20:53:16,349 [INFO] CodeEngine:255 - oldGeneratedFile, D:\Sachin_code\Techoscripts\STM32F407\STMPrograms\010_PWM\MXTmpFiles\gpio.tmp_save
2024-07-04 20:53:16,436 [INFO] CodeEngine:279 - Generated code: D:\Sachin_code\Techoscripts\STM32F407\STMPrograms\010_PWM\MXTmpFiles\gpio.tmp
2024-07-04 20:53:16,483 [INFO] CodeEngine:255 - oldGeneratedFile, D:\Sachin_code\Techoscripts\STM32F407\STMPrograms\010_PWM\Core\Src\stm32f4xx_it.c_save
2024-07-04 20:53:16,556 [INFO] CodeEngine:279 - Generated code: D:\Sachin_code\Techoscripts\STM32F407\STMPrograms\010_PWM\Core\Src\stm32f4xx_it.c
2024-07-04 20:53:16,559 [INFO] CodeEngine:255 - oldGeneratedFile, D:\Sachin_code\Techoscripts\STM32F407\STMPrograms\010_PWM\Core\Inc\stm32f4xx_it.h_save
2024-07-04 20:53:16,611 [INFO] CodeEngine:279 - Generated code: D:\Sachin_code\Techoscripts\STM32F407\STMPrograms\010_PWM\Core\Inc\stm32f4xx_it.h
2024-07-04 20:53:16,633 [INFO] CodeEngine:255 - oldGeneratedFile, D:\Sachin_code\Techoscripts\STM32F407\STMPrograms\010_PWM\Core\Src\stm32f4xx_hal_msp.c_save
2024-07-04 20:53:16,711 [INFO] CodeEngine:279 - Generated code: D:\Sachin_code\Techoscripts\STM32F407\STMPrograms\010_PWM\Core\Src\stm32f4xx_hal_msp.c
2024-07-04 20:53:16,714 [INFO] CodeEngine:255 - oldGeneratedFile, D:\Sachin_code\Techoscripts\STM32F407\STMPrograms\010_PWM\MXTmpFiles\system.tmp_save
2024-07-04 20:53:16,789 [INFO] CodeEngine:279 - Generated code: D:\Sachin_code\Techoscripts\STM32F407\STMPrograms\010_PWM\MXTmpFiles\system.tmp
2024-07-04 20:53:16,808 [INFO] CodeEngine:311 - oldGeneratedFile, D:\Sachin_code\Techoscripts\STM32F407\STMPrograms\010_PWM\Core\Inc\stm32f4xx_hal_conf.h_save
2024-07-04 20:53:16,914 [INFO] CodeEngine:335 - Generated code: D:\Sachin_code\Techoscripts\STM32F407\STMPrograms\010_PWM\Core\Inc\stm32f4xx_hal_conf.h
2024-07-04 20:53:16,935 [WARN] IPConfigManager:3513 - IP not found : TIM
2024-07-04 20:53:16,935 [WARN] CodeGenerator:3951 - IP not found : null
2024-07-04 20:53:16,956 [INFO] CodeEngine:255 - oldGeneratedFile, D:\Sachin_code\Techoscripts\STM32F407\STMPrograms\010_PWM\Core\Inc\main.h_save
2024-07-04 20:53:17,039 [INFO] CodeEngine:279 - Generated code: D:\Sachin_code\Techoscripts\STM32F407\STMPrograms\010_PWM\Core\Inc\main.h
2024-07-04 20:53:17,054 [INFO] CodeEngine:255 - oldGeneratedFile, D:\Sachin_code\Techoscripts\STM32F407\STMPrograms\010_PWM\Core\Src\main.c_save
2024-07-04 20:53:17,175 [INFO] CodeEngine:279 - Generated code: D:\Sachin_code\Techoscripts\STM32F407\STMPrograms\010_PWM\Core\Src\main.c
2024-07-04 20:53:17,528 [INFO] ProjectBuilder:3163 - Time for Copy HAL[1] : 145mS.
2024-07-04 20:53:17,533 [INFO] ProjectBuilder:4736 - Project Generator version: 4.3.0-B58
2024-07-04 20:53:17,631 [INFO] ConfigFileManager:1503 - The Die is : DIE423
2024-07-04 20:53:18,708 [INFO] ProjectBuilder:5002 - Time for Generating toolchain IDE Files: 1175mS.
2024-07-04 20:53:18,710 [INFO] ProjectBuilder:3034 - Time for Copy CMSIS : 0mS.
2024-07-04 20:53:18,718 [INFO] ProjectBuilder:3034 - Time for Copy CMSIS : 1mS.
2024-07-04 22:43:56,190 [INFO] NvicIntPanel:101 - NVIC parent = com.st.microxplorer.plugins.ip.nvic.MultiNvicIntPanel[,0,0,450x221,layout=javax.swing.BoxLayout,alignmentX=0.0,alignmentY=0.0,border=,flags=9,maximumSize=,minimumSize=,preferredSize=]
2024-07-04 22:45:44,132 [INFO] UtilMem:75 - End SaveConfig() Used Memory: 829865136 Bytes (1073741824)
2024-07-04 22:45:58,232 [INFO] UtilMem:75 - End SaveConfig() Used Memory: 958725232 Bytes (1073741824)
2024-07-04 22:45:58,486 [INFO] BlockDiagram:2759 - set Specific Code input for plugin: NVIC
2024-07-04 22:45:58,486 [INFO] BlockDiagram:2759 - set Specific Code input for plugin: TIM1_8
2024-07-04 22:45:58,487 [INFO] BlockDiagram:2759 - set Specific Code input for plugin: SYS
2024-07-04 22:45:58,487 [INFO] BlockDiagram:2759 - set Specific Code input for plugin: GPIO
2024-07-04 22:45:58,487 [INFO] BlockDiagram:2759 - set Specific Code input for plugin: RCC
2024-07-04 22:45:58,488 [INFO] CodeGenerator:807 - code generatio: config db path: C:\ST\STM32CubeIDE_1.15.1\STM32CubeIDE\plugins\com.st.stm32cube.common.mx_6.11.1.202404110753\\db\
2024-07-04 22:45:58,659 [INFO] CodeEngine:255 - oldGeneratedFile, D:\Sachin_code\Techoscripts\STM32F407\STMPrograms\010_PWM\MXTmpFiles\license.tmp_save
2024-07-04 22:45:58,859 [INFO] CodeEngine:279 - Generated code: D:\Sachin_code\Techoscripts\STM32F407\STMPrograms\010_PWM\MXTmpFiles\license.tmp
2024-07-04 22:45:58,872 [INFO] CodeEngine:255 - oldGeneratedFile, D:\Sachin_code\Techoscripts\STM32F407\STMPrograms\010_PWM\MXTmpFiles\gpio.tmp_save
2024-07-04 22:45:58,995 [INFO] CodeEngine:279 - Generated code: D:\Sachin_code\Techoscripts\STM32F407\STMPrograms\010_PWM\MXTmpFiles\gpio.tmp
2024-07-04 22:45:59,046 [INFO] CodeEngine:255 - oldGeneratedFile, D:\Sachin_code\Techoscripts\STM32F407\STMPrograms\010_PWM\Core\Src\stm32f4xx_it.c_save
2024-07-04 22:45:59,214 [INFO] CodeEngine:279 - Generated code: D:\Sachin_code\Techoscripts\STM32F407\STMPrograms\010_PWM\Core\Src\stm32f4xx_it.c
2024-07-04 22:45:59,219 [INFO] CodeEngine:255 - oldGeneratedFile, D:\Sachin_code\Techoscripts\STM32F407\STMPrograms\010_PWM\Core\Inc\stm32f4xx_it.h_save
2024-07-04 22:45:59,282 [INFO] CodeEngine:279 - Generated code: D:\Sachin_code\Techoscripts\STM32F407\STMPrograms\010_PWM\Core\Inc\stm32f4xx_it.h
2024-07-04 22:45:59,304 [INFO] CodeEngine:255 - oldGeneratedFile, D:\Sachin_code\Techoscripts\STM32F407\STMPrograms\010_PWM\Core\Src\stm32f4xx_hal_msp.c_save
2024-07-04 22:45:59,418 [INFO] CodeEngine:279 - Generated code: D:\Sachin_code\Techoscripts\STM32F407\STMPrograms\010_PWM\Core\Src\stm32f4xx_hal_msp.c
2024-07-04 22:45:59,421 [INFO] CodeEngine:255 - oldGeneratedFile, D:\Sachin_code\Techoscripts\STM32F407\STMPrograms\010_PWM\MXTmpFiles\system.tmp_save
2024-07-04 22:45:59,484 [INFO] CodeEngine:279 - Generated code: D:\Sachin_code\Techoscripts\STM32F407\STMPrograms\010_PWM\MXTmpFiles\system.tmp
2024-07-04 22:45:59,504 [INFO] CodeEngine:311 - oldGeneratedFile, D:\Sachin_code\Techoscripts\STM32F407\STMPrograms\010_PWM\Core\Inc\stm32f4xx_hal_conf.h_save
2024-07-04 22:45:59,606 [INFO] CodeEngine:335 - Generated code: D:\Sachin_code\Techoscripts\STM32F407\STMPrograms\010_PWM\Core\Inc\stm32f4xx_hal_conf.h
2024-07-04 22:45:59,629 [WARN] IPConfigManager:3513 - IP not found : TIM
2024-07-04 22:45:59,629 [WARN] CodeGenerator:3951 - IP not found : null
2024-07-04 22:45:59,645 [INFO] CodeEngine:255 - oldGeneratedFile, D:\Sachin_code\Techoscripts\STM32F407\STMPrograms\010_PWM\Core\Inc\main.h_save
2024-07-04 22:45:59,736 [INFO] CodeEngine:279 - Generated code: D:\Sachin_code\Techoscripts\STM32F407\STMPrograms\010_PWM\Core\Inc\main.h
2024-07-04 22:45:59,752 [INFO] CodeEngine:255 - oldGeneratedFile, D:\Sachin_code\Techoscripts\STM32F407\STMPrograms\010_PWM\Core\Src\main.c_save
2024-07-04 22:45:59,863 [INFO] CodeEngine:279 - Generated code: D:\Sachin_code\Techoscripts\STM32F407\STMPrograms\010_PWM\Core\Src\main.c
2024-07-04 22:46:00,319 [INFO] ProjectBuilder:3163 - Time for Copy HAL[1] : 229mS.
2024-07-04 22:46:00,325 [INFO] ProjectBuilder:4736 - Project Generator version: 4.3.0-B58
2024-07-04 22:46:00,488 [INFO] ConfigFileManager:1503 - The Die is : DIE423
2024-07-04 22:46:01,987 [INFO] ProjectBuilder:5002 - Time for Generating toolchain IDE Files: 1662mS.
2024-07-04 22:46:01,989 [INFO] ProjectBuilder:3034 - Time for Copy CMSIS : 0mS.
2024-07-04 22:46:01,991 [INFO] ProjectBuilder:3034 - Time for Copy CMSIS : 0mS.
