2024-06-20 19:55:54,388 [INFO] Activator:176 - 


2024-06-20 19:55:54,399 [INFO] Activator:177 - !SESSION log4j initialized
2024-06-20 19:56:01,713 [INFO] LogOutputStream:77 - [STDOUT_REDIRECT] 
2024-06-20 19:56:14,507 [INFO] ApplicationProperties:184 - Using Application install path: C:\ST\STM32CubeIDE_1.15.1\STM32CubeIDE\plugins\com.st.stm32cube.common.mx_6.11.1.202404110753
2024-06-20 19:56:14,602 [INFO] DbMcusXml:78 - Set database path to: C:\ST\STM32CubeIDE_1.15.1\STM32CubeIDE\plugins\com.st.stm32cube.common.mx_6.11.1.202404110753\\db\/mcu/
2024-06-20 19:56:14,604 [INFO] ApiDb:274 - Set plugin database path to: C:\ST\STM32CubeIDE_1.15.1\STM32CubeIDE\plugins\com.st.stm32cube.common.mx_6.11.1.202404110753\\db\/plugins/boardmanager/
2024-06-20 19:56:14,606 [WARN] ApiDb:259 - Overriding images path with different value:  => C:\ST\STM32CubeIDE_1.15.1\STM32CubeIDE\plugins\com.st.stm32cube.common.mx_6.11.1.202404110753\\db\/plugins/mcufinder/images/
2024-06-20 19:56:18,287 [INFO] ApiDb:250 - Set database path to: C:\Users\nikns\.stmcufinder\plugins\mcufinder//mcu/
2024-06-20 19:56:18,290 [INFO] DbMcusAds:125 - Set database path to: C:\Users\nikns\.stmcufinder\plugins\mcufinder//mcu/
2024-06-20 19:56:18,307 [INFO] CrossReferenceDbSqlite:203 - Set database path to: C:\Users\nikns\.stmcufinder\plugins\mcufinder//mcu/cs/
2024-06-20 19:56:18,567 [INFO] RulesReader:64 - Compatibility file has been processed (297 Rules)
2024-06-20 19:56:18,760 [INFO] DbMcusXml:78 - Set database path to: C:\ST\STM32CubeIDE_1.15.1\STM32CubeIDE\plugins\com.st.stm32cube.common.mx_6.11.1.202404110753\\db\/mcu/
2024-06-20 19:56:18,763 [INFO] ApiDb:274 - Set plugin database path to: C:\ST\STM32CubeIDE_1.15.1\STM32CubeIDE\plugins\com.st.stm32cube.common.mx_6.11.1.202404110753\\db\/plugins/boardmanager/
2024-06-20 19:56:18,764 [INFO] ApiDb:261 - Set plugin images path to: C:\ST\STM32CubeIDE_1.15.1\STM32CubeIDE\plugins\com.st.stm32cube.common.mx_6.11.1.202404110753\\db\/plugins/mcufinder/images/
2024-06-20 19:56:18,765 [WARN] DbFile:41 - Overriding database path with different value: C:\Users\nikns\.stmcufinder\plugins\mcufinder/ => C:\Users\nikns\.stmcufinder\plugins\mcufinder
2024-06-20 19:56:18,766 [INFO] ApiDb:250 - Set database path to: C:\Users\nikns\.stmcufinder\plugins\mcufinder//mcu/
2024-06-20 19:56:18,766 [WARN] DbFile:41 - Overriding database path with different value: C:\Users\nikns\.stmcufinder\plugins\mcufinder/ => C:\Users\nikns\.stmcufinder\plugins\mcufinder
2024-06-20 19:56:18,766 [INFO] DbMcusAds:125 - Set database path to: C:\Users\nikns\.stmcufinder\plugins\mcufinder//mcu/
2024-06-20 19:56:18,767 [WARN] DbFile:41 - Overriding database path with different value: C:\Users\nikns\.stmcufinder\plugins\mcufinder/ => C:\Users\nikns\.stmcufinder\plugins\mcufinder
2024-06-20 19:56:18,767 [WARN] DbFile:41 - Overriding database path with different value: C:\Users\nikns\.stmcufinder\plugins\mcufinder/ => C:\Users\nikns\.stmcufinder\plugins\mcufinder
2024-06-20 19:56:18,767 [INFO] CrossReferenceDbSqlite:203 - Set database path to: C:\Users\nikns\.stmcufinder\plugins\mcufinder//mcu/cs/
2024-06-20 19:56:18,964 [INFO] MainPanel:264 - HeapMemory: 268435456
2024-06-20 19:56:19,300 [INFO] DbMcusXml:78 - Set database path to: C:\ST\STM32CubeIDE_1.15.1\STM32CubeIDE\plugins\com.st.stm32cube.common.mx_6.11.1.202404110753\\db\/mcu/
2024-06-20 19:56:19,300 [INFO] ApiDb:274 - Set plugin database path to: C:\ST\STM32CubeIDE_1.15.1\STM32CubeIDE\plugins\com.st.stm32cube.common.mx_6.11.1.202404110753\\db\/plugins/boardmanager/
2024-06-20 19:56:19,301 [INFO] ApiDb:261 - Set plugin images path to: C:\ST\STM32CubeIDE_1.15.1\STM32CubeIDE\plugins\com.st.stm32cube.common.mx_6.11.1.202404110753\\db\/plugins/mcufinder/images/
2024-06-20 19:56:19,303 [WARN] DbFile:41 - Overriding database path with different value: C:\Users\nikns\.stmcufinder\plugins\mcufinder/ => C:\Users\nikns\.stmcufinder\plugins\mcufinder
2024-06-20 19:56:19,306 [INFO] ApiDb:250 - Set database path to: C:\Users\nikns\.stmcufinder\plugins\mcufinder//mcu/
2024-06-20 19:56:19,308 [WARN] DbFile:41 - Overriding database path with different value: C:\Users\nikns\.stmcufinder\plugins\mcufinder/ => C:\Users\nikns\.stmcufinder\plugins\mcufinder
2024-06-20 19:56:19,308 [INFO] DbMcusAds:125 - Set database path to: C:\Users\nikns\.stmcufinder\plugins\mcufinder//mcu/
2024-06-20 19:56:19,309 [WARN] DbFile:41 - Overriding database path with different value: C:\Users\nikns\.stmcufinder\plugins\mcufinder/ => C:\Users\nikns\.stmcufinder\plugins\mcufinder
2024-06-20 19:56:19,309 [WARN] DbFile:41 - Overriding database path with different value: C:\Users\nikns\.stmcufinder\plugins\mcufinder/ => C:\Users\nikns\.stmcufinder\plugins\mcufinder
2024-06-20 19:56:19,310 [INFO] CrossReferenceDbSqlite:203 - Set database path to: C:\Users\nikns\.stmcufinder\plugins\mcufinder//mcu/cs/
2024-06-20 19:56:19,390 [INFO] ApplicationProperties:184 - Using Application install path: C:\ST\STM32CubeIDE_1.15.1\STM32CubeIDE\plugins\com.st.stm32cube.common.mx_6.11.1.202404110753
2024-06-20 19:56:19,400 [INFO] PluginManage:196 - Search for loadable plugins [exclusion list=, ]
2024-06-20 19:56:19,405 [INFO] PluginManage:310 - Check plugin analytics
2024-06-20 19:56:24,756 [INFO] AnalyticsPlugin:253 - Accepted Software Licenses: STM32CubeMX.6.11.1
2024-06-20 19:56:24,757 [INFO] AnalyticsPlugin:255 - Accepted CMSIS Pack Licenses: 
2024-06-20 19:56:24,758 [INFO] AnalyticsPlugin:257 - Accepted Firmware Licenses: 
2024-06-20 19:56:24,765 [INFO] PluginManage:359 - Loaded plugin analytics (category:tool,tabindex:-1)
2024-06-20 19:56:24,767 [INFO] PluginManage:310 - Check plugin cadmodel
2024-06-20 19:56:24,816 [INFO] CADModel:105 - Init CAD model plugin
2024-06-20 19:56:24,817 [INFO] PluginManage:359 - Loaded plugin cadmodel (category:power,tabindex:5)
2024-06-20 19:56:24,818 [INFO] PluginManage:310 - Check plugin clock
2024-06-20 19:56:24,865 [INFO] PluginManage:359 - Loaded plugin clock (category:base,tabindex:2)
2024-06-20 19:56:24,866 [INFO] PluginManage:310 - Check plugin ddr
2024-06-20 19:56:24,871 [INFO] PluginManage:359 - Loaded plugin ddr (category:tool,tabindex:6)
2024-06-20 19:56:24,872 [INFO] PluginManage:310 - Check plugin filemanager
2024-06-20 19:56:25,226 [INFO] PluginManage:359 - Loaded plugin filemanager (category:base,tabindex:10)
2024-06-20 19:56:25,226 [INFO] PluginManage:310 - Check plugin ipmanager
2024-06-20 19:56:25,245 [INFO] PluginManage:359 - Loaded plugin ipmanager (category:base,tabindex:5)
2024-06-20 19:56:25,246 [INFO] PluginManage:310 - Check plugin lpbam
2024-06-20 19:56:25,287 [INFO] PluginManage:359 - Loaded plugin lpbam (category:base,tabindex:0)
2024-06-20 19:56:25,287 [INFO] PluginManage:310 - Check plugin memorymap
2024-06-20 19:56:25,386 [INFO] PluginManage:359 - Loaded plugin memorymap (category:base,tabindex:4)
2024-06-20 19:56:25,386 [INFO] PluginManage:310 - Check plugin pinoutandconfiguration
2024-06-20 19:56:25,442 [INFO] PluginManage:359 - Loaded plugin pinoutandconfiguration (category:base,tabindex:1)
2024-06-20 19:56:25,443 [INFO] PluginManage:310 - Check plugin pinoutconfig
2024-06-20 19:56:25,694 [WARN] SupportedApi:132 - Cannot load RTOS API schema: s4s-elt-must-match.1: The content of 'definitions' must match (annotation?, (simpleType | complexType)?, (unique | key | keyref)*)). A problem was found starting at: attribute.
2024-06-20 19:56:26,147 [INFO] PluginManage:359 - Loaded plugin pinoutconfig (category:base,tabindex:0)
2024-06-20 19:56:26,148 [INFO] PluginManage:310 - Check plugin power
2024-06-20 19:56:26,199 [INFO] PluginManage:359 - Loaded plugin power (category:power,tabindex:4)
2024-06-20 19:56:26,199 [INFO] PluginManage:310 - Check plugin projectmanager
2024-06-20 19:56:26,242 [INFO] PluginManage:359 - Loaded plugin projectmanager (category:projectmanager,tabindex:3)
2024-06-20 19:56:26,243 [INFO] PluginManage:310 - Check plugin thirdparty
2024-06-20 19:56:27,125 [INFO] PluginManage:359 - Loaded plugin thirdparty (category:base,tabindex:-1)
2024-06-20 19:56:27,125 [WARN] IntegrityCheckThread:84 - waiting for thirdparty lock release [integrity check]
2024-06-20 19:56:27,126 [INFO] PluginManage:310 - Check plugin tools
2024-06-20 19:56:27,126 [INFO] IntegrityCheckThread:86 - entering critical section [integrity check]
2024-06-20 19:56:27,129 [INFO] ThirdPartyUpdaterWithRetryManager:70 - Updater plugin not ready yet. [1/15]
2024-06-20 19:56:27,219 [INFO] PluginManage:359 - Loaded plugin tools (category:base,tabindex:7)
2024-06-20 19:56:27,219 [INFO] PluginManage:310 - Check plugin tutovideos
2024-06-20 19:56:27,664 [INFO] PluginManage:359 - Loaded plugin tutovideos (category:base,tabindex:-1)
2024-06-20 19:56:27,664 [INFO] PluginManage:310 - Check plugin updater
2024-06-20 19:56:27,696 [INFO] PluginManage:359 - Loaded plugin updater (category:base,tabindex:12)
2024-06-20 19:56:27,697 [INFO] PluginManage:310 - Check plugin userauth
2024-06-20 19:56:27,712 [INFO] UserAuth:114 - Init User Auth plugin
2024-06-20 19:56:27,713 [INFO] PluginManage:359 - Loaded plugin userauth (category:base,tabindex:14)
2024-06-20 19:56:27,715 [INFO] PluginManage:283 - PluginManage : Loaded plugins [17]
2024-06-20 19:56:28,229 [INFO] PinOutPanel:1561 - setPackage(No Configuration,No Configuration)
2024-06-20 19:56:28,409 [INFO] CADModel:165 - CPN selected for project level
2024-06-20 19:56:28,410 [INFO] CADModel:114 - Register for checkConnection events
2024-06-20 19:56:28,473 [INFO] IPUIPlugin:80 - create IPUIPlugin
2024-06-20 19:56:28,474 [INFO] PluginManager:220 - loadIPPluginJar : add adc
2024-06-20 19:56:28,589 [INFO] IPUIPlugin:80 - create IPUIPlugin
2024-06-20 19:56:28,589 [INFO] PluginManager:220 - loadIPPluginJar : add aes
2024-06-20 19:56:28,695 [INFO] IPUIPlugin:80 - create IPUIPlugin
2024-06-20 19:56:28,696 [INFO] PluginManager:220 - loadIPPluginJar : add can
2024-06-20 19:56:28,770 [INFO] IPUIPlugin:80 - create IPUIPlugin
2024-06-20 19:56:28,770 [INFO] PluginManager:220 - loadIPPluginJar : add comp
2024-06-20 19:56:28,886 [INFO] IPUIPlugin:80 - create IPUIPlugin
2024-06-20 19:56:28,888 [INFO] PluginManager:220 - loadIPPluginJar : add cryp
2024-06-20 19:56:28,991 [INFO] IPUIPlugin:80 - create IPUIPlugin
2024-06-20 19:56:28,991 [INFO] PluginManager:220 - loadIPPluginJar : add dfsdm
2024-06-20 19:56:29,028 [INFO] IPUIPlugin:80 - create IPUIPlugin
2024-06-20 19:56:29,029 [INFO] PluginManager:220 - loadIPPluginJar : add dma
2024-06-20 19:56:29,139 [INFO] IPUIPlugin:80 - create IPUIPlugin
2024-06-20 19:56:29,139 [INFO] PluginManager:220 - loadIPPluginJar : add dma3
2024-06-20 19:56:29,257 [INFO] IPUIPlugin:80 - create IPUIPlugin
2024-06-20 19:56:29,257 [INFO] PluginManager:220 - loadIPPluginJar : add extmemmanager
2024-06-20 19:56:29,315 [INFO] IPUIPlugin:80 - create IPUIPlugin
2024-06-20 19:56:29,315 [INFO] PluginManager:220 - loadIPPluginJar : add fatfs
2024-06-20 19:56:29,489 [INFO] IPUIPlugin:80 - create IPUIPlugin
2024-06-20 19:56:29,489 [INFO] PluginManager:220 - loadIPPluginJar : add fmc
2024-06-20 19:56:29,536 [INFO] IPUIPlugin:80 - create IPUIPlugin
2024-06-20 19:56:29,537 [INFO] PluginManager:220 - loadIPPluginJar : add freertos
2024-06-20 19:56:29,602 [INFO] IPUIPlugin:80 - create IPUIPlugin
2024-06-20 19:56:29,602 [INFO] PluginManager:220 - loadIPPluginJar : add genericplugin
2024-06-20 19:56:29,918 [INFO] IPUIPlugin:80 - create IPUIPlugin
2024-06-20 19:56:29,919 [INFO] PluginManager:220 - loadIPPluginJar : add gfxmmu
2024-06-20 19:56:30,130 [INFO] ThirdPartyUpdaterWithRetryManager:70 - Updater plugin not ready yet. [2/15]
2024-06-20 19:56:30,463 [INFO] IPUIPlugin:80 - create IPUIPlugin
2024-06-20 19:56:30,464 [INFO] PluginManager:220 - loadIPPluginJar : add gic
2024-06-20 19:56:30,495 [INFO] IPUIPlugin:80 - create IPUIPlugin
2024-06-20 19:56:30,496 [INFO] PluginManager:220 - loadIPPluginJar : add gpio
2024-06-20 19:56:30,759 [INFO] IPUIPlugin:80 - create IPUIPlugin
2024-06-20 19:56:30,760 [INFO] PluginManager:220 - loadIPPluginJar : add gtzc
2024-06-20 19:56:30,920 [INFO] IPUIPlugin:80 - create IPUIPlugin
2024-06-20 19:56:30,920 [INFO] PluginManager:220 - loadIPPluginJar : add hash
2024-06-20 19:56:31,130 [INFO] IPUIPlugin:80 - create IPUIPlugin
2024-06-20 19:56:31,130 [INFO] PluginManager:220 - loadIPPluginJar : add i2c
2024-06-20 19:56:31,246 [INFO] IPUIPlugin:80 - create IPUIPlugin
2024-06-20 19:56:31,247 [INFO] PluginManager:220 - loadIPPluginJar : add i2s
2024-06-20 19:56:31,386 [INFO] IPUIPlugin:80 - create IPUIPlugin
2024-06-20 19:56:31,387 [INFO] PluginManager:220 - loadIPPluginJar : add i3c
2024-06-20 19:56:31,676 [INFO] IPUIPlugin:80 - create IPUIPlugin
2024-06-20 19:56:31,676 [INFO] PluginManager:220 - loadIPPluginJar : add ipddr
2024-06-20 19:56:31,865 [INFO] IPUIPlugin:80 - create IPUIPlugin
2024-06-20 19:56:31,866 [INFO] PluginManager:220 - loadIPPluginJar : add linkedlist
2024-06-20 19:56:31,932 [INFO] IPUIPlugin:80 - create IPUIPlugin
2024-06-20 19:56:31,932 [INFO] PluginManager:220 - loadIPPluginJar : add lorawan
2024-06-20 19:56:31,986 [INFO] IPUIPlugin:80 - create IPUIPlugin
2024-06-20 19:56:31,986 [INFO] PluginManager:220 - loadIPPluginJar : add ltdc
2024-06-20 19:56:32,012 [INFO] IPUIPlugin:80 - create IPUIPlugin
2024-06-20 19:56:32,012 [INFO] PluginManager:220 - loadIPPluginJar : add mdma
2024-06-20 19:56:32,027 [INFO] IPUIPlugin:80 - create IPUIPlugin
2024-06-20 19:56:32,028 [INFO] PluginManager:220 - loadIPPluginJar : add nvic
2024-06-20 19:56:32,085 [INFO] IPUIPlugin:80 - create IPUIPlugin
2024-06-20 19:56:32,085 [INFO] PluginManager:220 - loadIPPluginJar : add opamp
2024-06-20 19:56:32,200 [INFO] IPUIPlugin:80 - create IPUIPlugin
2024-06-20 19:56:32,201 [INFO] PluginManager:220 - loadIPPluginJar : add openamp
2024-06-20 19:56:32,276 [INFO] IPUIPlugin:80 - create IPUIPlugin
2024-06-20 19:56:32,276 [INFO] PluginManager:220 - loadIPPluginJar : add pdm2pcm
2024-06-20 19:56:32,296 [INFO] IPUIPlugin:80 - create IPUIPlugin
2024-06-20 19:56:32,299 [INFO] PluginManager:220 - loadIPPluginJar : add plateformsettings
2024-06-20 19:56:32,358 [INFO] IPUIPlugin:80 - create IPUIPlugin
2024-06-20 19:56:32,359 [INFO] PluginManager:220 - loadIPPluginJar : add quadspi
2024-06-20 19:56:32,381 [INFO] IPUIPlugin:80 - create IPUIPlugin
2024-06-20 19:56:32,381 [INFO] PluginManager:220 - loadIPPluginJar : add resmgrutility
2024-06-20 19:56:32,451 [INFO] IPUIPlugin:80 - create IPUIPlugin
2024-06-20 19:56:32,451 [INFO] PluginManager:220 - loadIPPluginJar : add sai
2024-06-20 19:56:32,504 [INFO] IPUIPlugin:80 - create IPUIPlugin
2024-06-20 19:56:32,504 [INFO] PluginManager:220 - loadIPPluginJar : add spi
2024-06-20 19:56:32,598 [INFO] IPUIPlugin:80 - create IPUIPlugin
2024-06-20 19:56:32,598 [INFO] PluginManager:220 - loadIPPluginJar : add stm32_wpan
2024-06-20 19:56:32,625 [INFO] IPUIPlugin:80 - create IPUIPlugin
2024-06-20 19:56:32,625 [INFO] PluginManager:220 - loadIPPluginJar : add tim
2024-06-20 19:56:32,800 [INFO] IPUIPlugin:80 - create IPUIPlugin
2024-06-20 19:56:32,801 [INFO] PluginManager:220 - loadIPPluginJar : add touchsensing
2024-06-20 19:56:32,837 [INFO] IPUIPlugin:80 - create IPUIPlugin
2024-06-20 19:56:32,837 [INFO] PluginManager:220 - loadIPPluginJar : add tracer_emb
2024-06-20 19:56:32,879 [INFO] IPUIPlugin:80 - create IPUIPlugin
2024-06-20 19:56:32,880 [INFO] PluginManager:220 - loadIPPluginJar : add ts
2024-06-20 19:56:32,933 [INFO] IPUIPlugin:80 - create IPUIPlugin
2024-06-20 19:56:32,933 [INFO] PluginManager:220 - loadIPPluginJar : add tsc
2024-06-20 19:56:32,981 [INFO] IPUIPlugin:80 - create IPUIPlugin
2024-06-20 19:56:32,981 [INFO] PluginManager:220 - loadIPPluginJar : add ucpd
2024-06-20 19:56:33,058 [INFO] IPUIPlugin:80 - create IPUIPlugin
2024-06-20 19:56:33,059 [INFO] PluginManager:220 - loadIPPluginJar : add usart
2024-06-20 19:56:33,119 [INFO] IPUIPlugin:80 - create IPUIPlugin
2024-06-20 19:56:33,119 [INFO] PluginManager:220 - loadIPPluginJar : add usbx
2024-06-20 19:56:33,131 [INFO] ThirdPartyUpdaterWithRetryManager:70 - Updater plugin not ready yet. [3/15]
2024-06-20 19:56:33,297 [INFO] CADModel:165 - CPN selected for project level
2024-06-20 19:56:33,298 [INFO] CADModel:114 - Register for checkConnection events
2024-06-20 19:56:33,299 [FATAL] Updater:308 - Updater called before beeing initialized
2024-06-20 19:56:33,299 [ERROR] CADModel:125 - Updater not yet initialized, retry later 
2024-06-20 19:56:33,547 [INFO] CADModel:165 - CPN selected for project level
2024-06-20 19:56:33,547 [INFO] CADModel:114 - Register for checkConnection events
2024-06-20 19:56:33,547 [FATAL] Updater:308 - Updater called before beeing initialized
2024-06-20 19:56:33,547 [ERROR] CADModel:125 - Updater not yet initialized, retry later 
2024-06-20 19:56:33,553 [FATAL] Updater:308 - Updater called before beeing initialized
2024-06-20 19:56:33,797 [FATAL] Updater:308 - Updater called before beeing initialized
2024-06-20 19:56:33,814 [INFO] DbMcusAds:53 - JSON generation date=Thu May 16 14:52:00 IST 2024 (1715851320852)
2024-06-20 19:56:33,814 [FATAL] Updater:308 - Updater called before beeing initialized
2024-06-20 19:56:33,940 [WARN] DetailPanel:346 - Failed to get advertising image, set to default
2024-06-20 19:56:34,087 [FATAL] Updater:308 - Updater called before beeing initialized
2024-06-20 19:56:34,091 [FATAL] Updater:308 - Updater called before beeing initialized
2024-06-20 19:56:34,092 [FATAL] Updater:308 - Updater called before beeing initialized
2024-06-20 19:56:34,092 [WARN] DetailPanel:346 - Failed to get advertising image, set to default
2024-06-20 19:56:34,093 [FATAL] Updater:308 - Updater called before beeing initialized
2024-06-20 19:56:34,210 [ERROR] Updater:1120 - MainUpdater not yet initialized. External WinMGr cannot be set.
2024-06-20 19:56:34,225 [INFO] Updater:1056 - Updater Version found : 6.11.1
2024-06-20 19:56:34,261 [INFO] ApplicationProperties:184 - Using Application install path: C:\ST\STM32CubeIDE_1.15.1\STM32CubeIDE\plugins\com.st.stm32cube.common.mx_6.11.1.202404110753
2024-06-20 19:56:35,869 [ERROR] LogOutputStream:75 - [STDERR_REDIRECT] Jun 20, 2024 7:56:35 PM java.util.prefs.WindowsPreferences <init>
2024-06-20 19:56:35,875 [ERROR] LogOutputStream:75 - [STDERR_REDIRECT] WARNING: Could not open/create prefs root node Software\JavaSoft\Prefs at root 0xffffffff80000002. Windows RegCreateKeyEx(...) returned error code 5.
2024-06-20 19:56:35,876 [ERROR] LogOutputStream:75 - [STDERR_REDIRECT] 
2024-06-20 19:56:36,131 [INFO] ThirdPartyUpdaterWithRetryManager:70 - Updater plugin not ready yet. [4/15]
2024-06-20 19:56:36,569 [INFO] MainUpdater:2873 - connection check result : 10
2024-06-20 19:56:36,571 [INFO] MainUpdater:290 - Updater Check For Update Now.
2024-06-20 19:56:36,571 [INFO] MicroXplorer:498 - Change Database Version : DB.6.0.111
2024-06-20 19:56:36,611 [INFO] McuFinderGlobals:63 - Set McuFinder mode to 2 (CubeIDE integrated)
2024-06-20 19:56:36,612 [INFO] UserAuth:179 - activating auth plugin
2024-06-20 19:56:36,617 [INFO] UserAuth:415 - Internet connection configuration mode: 1
2024-06-20 19:56:36,652 [INFO] JxBrowserEngine:152 - Initiate JxBrowser Engine with user profile folder
2024-06-20 19:56:36,873 [INFO] CheckServerUpdateThread:120 - End of CheckServer Thread
2024-06-20 19:56:39,650 [WARN] PackLoader:240 - Cannot read IP mode file for STMicroelectronics.FP-SNS-MOTENVWB1.1.4.0
2024-06-20 19:56:39,704 [WARN] PackLoader:240 - Cannot read IP mode file for STMicroelectronics.X-CUBE-SMBUS.2.1.0
2024-06-20 19:56:39,745 [WARN] PackLoader:240 - Cannot read IP mode file for STMicroelectronics.X-CUBE-TOUCHGFX.4.23.2
2024-06-20 19:56:39,886 [WARN] PackLoader:240 - Cannot read IP mode file for STMicroelectronics.X-CUBE-AZRTOS-F7.1.1.0
2024-06-20 19:56:39,927 [WARN] PackLoader:240 - Cannot read IP mode file for STMicroelectronics.FP-SNS-FLIGHT1.5.0.2
2024-06-20 19:56:39,973 [WARN] PackLoader:240 - Cannot read IP mode file for STMicroelectronics.X-CUBE-DISPLAY.3.0.0
2024-06-20 19:56:40,066 [WARN] PackLoader:240 - Cannot read IP mode file for STMicroelectronics.X-CUBE-BLE1.7.0.0
2024-06-20 19:56:40,190 [WARN] PackLoader:240 - Cannot read IP mode file for emotas.I-CUBE-CANOPEN.1.3.0
2024-06-20 19:56:40,247 [WARN] PackLoader:240 - Cannot read IP mode file for STMicroelectronics.X-CUBE-BLEMGR.3.1.0
2024-06-20 19:56:40,292 [WARN] PackLoader:240 - Cannot read IP mode file for STMicroelectronics.FP-SNS-SMARTAG2.1.2.0
2024-06-20 19:56:40,337 [INFO] LogOutputStream:77 - [STDOUT_REDIRECT] 1 : Invalid condition id : UX_CORESTACK_Condition cause : null
2024-06-20 19:56:40,339 [INFO] LogOutputStream:77 - [STDOUT_REDIRECT] 1 : Invalid condition id : UX_CORESTACK_Condition cause : null
2024-06-20 19:56:40,342 [INFO] LogOutputStream:77 - [STDOUT_REDIRECT] 1 : Invalid condition id : UX_CORESTACK_Condition cause : null
2024-06-20 19:56:40,349 [INFO] LogOutputStream:77 - [STDOUT_REDIRECT] 1 : Invalid condition id : UX_CORESTACK_Condition cause : null
2024-06-20 19:56:40,355 [INFO] LogOutputStream:77 - [STDOUT_REDIRECT] 1 : Invalid condition id : UX_CORESTACK_Condition cause : null
2024-06-20 19:56:40,369 [WARN] PackLoader:240 - Cannot read IP mode file for STMicroelectronics.X-CUBE-AZRTOS-WL.2.0.0
2024-06-20 19:56:40,428 [WARN] PackLoader:240 - Cannot read IP mode file for STMicroelectronics.FP-SNS-MOTENV1.5.0.0
2024-06-20 19:56:40,477 [WARN] PackLoader:240 - Cannot read IP mode file for wolfSSL.I-CUBE-wolfMQTT.1.19.0
2024-06-20 19:56:40,530 [WARN] PackLoader:240 - Cannot read IP mode file for WES.I-CUBE-Cesium.1.3.0
2024-06-20 19:56:40,572 [WARN] PackLoader:240 - Cannot read IP mode file for STMicroelectronics.X-CUBE-BLE2.3.3.0
2024-06-20 19:56:40,613 [WARN] PackLoader:240 - Cannot read IP mode file for STMicroelectronics.X-CUBE-TCPP.4.1.0
2024-06-20 19:56:40,713 [WARN] PackLoader:240 - Cannot read IP mode file for STMicroelectronics.X-CUBE-AZRTOS-G0.1.1.0
2024-06-20 19:56:40,774 [WARN] PackLoader:240 - Cannot read IP mode file for STMicroelectronics.X-CUBE-SAFEA1.1.2.2
2024-06-20 19:56:40,815 [WARN] PackLoader:240 - Cannot read IP mode file for STMicroelectronics.X-CUBE-NFC4.3.0.0
2024-06-20 19:56:40,854 [WARN] PackLoader:240 - Cannot read IP mode file for wolfSSL.I-CUBE-wolfSSL.5.7.0
2024-06-20 19:56:40,889 [WARN] PackLoader:240 - Cannot read IP mode file for STMicroelectronics.FP-ATR-SIGFOX1.3.2.0
2024-06-20 19:56:40,937 [WARN] PackLoader:240 - Cannot read IP mode file for STMicroelectronics.X-CUBE-EEPRMA1.5.1.0
2024-06-20 19:56:41,006 [WARN] PackLoader:240 - Cannot read IP mode file for ITTIA_DB.I-CUBE-ITTIADB.8.9.0
2024-06-20 19:56:41,237 [WARN] PackLoader:240 - Cannot read IP mode file for SEGGER.I-CUBE-embOS.1.3.1
2024-06-20 19:56:41,546 [WARN] PackLoader:240 - Cannot read IP mode file for STMicroelectronics.X-CUBE-ALGOBUILD.1.4.0
2024-06-20 19:56:41,697 [WARN] PackLoader:240 - Cannot read IP mode file for STMicroelectronics.X-CUBE-GNSS1.6.0.0
2024-06-20 19:56:41,841 [WARN] PackLoader:240 - Cannot read IP mode file for STMicroelectronics.X-CUBE-AZRTOS-F4.1.1.0
2024-06-20 19:56:41,911 [WARN] PackLoader:240 - Cannot read IP mode file for STMicroelectronics.X-CUBE-FREERTOS.1.2.0
2024-06-20 19:56:42,003 [WARN] PackLoader:240 - Cannot read IP mode file for STMicroelectronics.X-CUBE-AZRTOS-L5.2.0.0
2024-06-20 19:56:42,047 [WARN] PackLoader:240 - Cannot read IP mode file for STMicroelectronics.X-CUBE-NFC6.3.1.0
2024-06-20 19:56:42,093 [WARN] PackLoader:240 - Cannot read IP mode file for STMicroelectronics.X-CUBE-AI.9.0.0
2024-06-20 19:56:42,127 [WARN] PackLoader:240 - Cannot read IP mode file for STMicroelectronics.X-CUBE-NFC7.1.0.1
2024-06-20 19:56:42,205 [WARN] ConditionMgr:438 - getConditionDescription Invalid condition id : LAN8742 Phy interface Condition cause : null
2024-06-20 19:56:42,207 [WARN] PackLoader:240 - Cannot read IP mode file for STMicroelectronics.X-CUBE-AZRTOS-L4.2.0.0
2024-06-20 19:56:42,210 [WARN] ConditionMgr:1039 - genDependencies : Invalid condition id : LAN8742 Phy interface Condition cause : null
2024-06-20 19:56:42,212 [WARN] ConditionMgr:1039 - genDependencies : Invalid condition id : LAN8742 Phy interface Condition cause : null
2024-06-20 19:56:42,213 [WARN] ConditionMgr:1039 - genDependencies : Invalid condition id : LAN8742 Phy interface Condition cause : null
2024-06-20 19:56:42,254 [WARN] PackLoader:240 - Cannot read IP mode file for STMicroelectronics.X-CUBE-SFXS2LP1.4.0.0
2024-06-20 19:56:42,307 [WARN] ConditionMgr:438 - getConditionDescription Invalid condition id : UX DEVICE CLASS RTOS Condition cause : null
2024-06-20 19:56:42,308 [WARN] ConditionMgr:438 - getConditionDescription Invalid condition id : UX DEVICE CLASS RTOS Condition cause : null
2024-06-20 19:56:42,313 [WARN] PackLoader:240 - Cannot read IP mode file for STMicroelectronics.X-CUBE-AZRTOS-WB.2.0.0
2024-06-20 19:56:42,314 [WARN] ConditionMgr:1039 - genDependencies : Invalid condition id : UX DEVICE CLASS RTOS Condition cause : null
2024-06-20 19:56:42,314 [WARN] ConditionMgr:1039 - genDependencies : Invalid condition id : UX DEVICE CLASS RTOS Condition cause : null
2024-06-20 19:56:42,315 [WARN] ConditionMgr:1039 - genDependencies : Invalid condition id : UX DEVICE CLASS RTOS Condition cause : null
2024-06-20 19:56:42,316 [WARN] ConditionMgr:1039 - genDependencies : Invalid condition id : UX DEVICE CLASS RTOS Condition cause : null
2024-06-20 19:56:42,317 [WARN] ConditionMgr:1039 - genDependencies : Invalid condition id : UX DEVICE CLASS RTOS Condition cause : null
2024-06-20 19:56:42,367 [WARN] PackLoader:240 - Cannot read IP mode file for STMicroelectronics.X-CUBE-SUBG2.5.0.0
2024-06-20 19:56:42,403 [WARN] PackLoader:240 - Cannot read IP mode file for Cesanta.I-CUBE-Mongoose.7.13.0
2024-06-20 19:56:42,452 [WARN] PackLoader:240 - Cannot read IP mode file for STMicroelectronics.X-CUBE-AZRTOS-G4.2.0.0
2024-06-20 19:56:42,486 [WARN] PackLoader:240 - Cannot read IP mode file for STMicroelectronics.X-CUBE-ISPU.2.0.0
2024-06-20 19:56:42,517 [WARN] PackLoader:240 - Cannot read IP mode file for STMicroelectronics.X-CUBE-ALS.1.0.2
2024-06-20 19:56:42,671 [WARN] PackLoader:240 - Cannot read IP mode file for STMicroelectronics.X-CUBE-MEMS1.10.0.0
2024-06-20 19:56:42,918 [WARN] PackLoader:240 - Cannot read IP mode file for portGmbH.I-Cube-SoM-uGOAL.1.1.0
2024-06-20 19:56:42,984 [WARN] PackLoader:240 - Cannot read IP mode file for STMicroelectronics.X-CUBE-AZRTOS-H7RS.1.0.0
2024-06-20 19:56:43,035 [WARN] PackLoader:240 - Cannot read IP mode file for STMicroelectronics.FP-ATR-ASTRA1.2.0.0
2024-06-20 19:56:43,079 [WARN] PackLoader:240 - Cannot read IP mode file for STMicroelectronics.X-CUBE-TOF1.3.4.1
2024-06-20 19:56:43,160 [WARN] PackLoader:240 - Cannot read IP mode file for STMicroelectronics.X-CUBE-AZRTOS-H7.3.2.0
2024-06-20 19:56:43,212 [WARN] PackLoader:240 - Cannot read IP mode file for Infineon.AIROC-Wi-Fi-Bluetooth-STM32.1.6.0
2024-06-20 19:56:43,221 [INFO] ThirdParty:978 - Integrity check success = true
2024-06-20 19:56:43,221 [INFO] IntegrityCheckThread:100 - exiting critical section [integrity check]
2024-06-20 19:56:43,221 [INFO] IntegrityCheckThread:103 - End integrity checks thread
2024-06-20 19:56:48,757 [INFO] WebApp:161 - Instantiating new browser for Auth
2024-06-20 19:56:49,926 [INFO] WebApp:779 - Register for checkConnection events
2024-06-20 19:56:49,927 [INFO] WebApp:414 - Apply proxy settings
2024-06-20 19:56:49,927 [INFO] WebApp:499 - Chromium requires no authentication
2024-06-20 19:56:49,950 [INFO] WebApp:442 - Direct internet connection detected
2024-06-20 19:56:50,577 [INFO] WebApp:192 - Starting web application
2024-06-20 19:56:50,578 [INFO] WebApp:544 - Web application path used C:\ST\STM32CubeIDE_1.15.1\STM32CubeIDE\plugins\com.st.stm32cube.common.mx_6.11.1.202404110753\db\plugins\mcufinder\reactClient1\index.html
2024-06-20 19:59:05,675 [INFO] McuFinderGlobals:63 - Set McuFinder mode to 2 (CubeIDE integrated)
2024-06-20 19:59:05,676 [INFO] UserAuth:179 - activating auth plugin
2024-06-20 19:59:05,682 [INFO] UserAuth:415 - Internet connection configuration mode: 1
2024-06-20 19:59:50,561 [INFO] WebApp:609 - userauth.ini created with success
