2024-07-01 20:43:20,881 [ERROR] ConfigurationRetriever:142 - IOException on connection: Read timed out
2024-07-01 20:43:23,196 [ERROR] AdobePublisher:162 - Exception while opening the connection: java.net.SocketTimeoutException: Read timed out
2024-07-01 20:43:29,833 [INFO] McuFinderGlobals:76 - Set McuFinderConnectedMode to true
2024-07-01 20:43:29,836 [INFO] ApiDb:448 - Save user favorites file C:\Users\nikns/.stm32cubeide/favorites.mcus.txt: 2 item(s)
2024-07-01 20:43:29,836 [INFO] ApiDb:452 - User favorites MCUs=[STM32F401CCU6, STM32F407VGT6]
2024-07-01 20:44:38,150 [INFO] UtilMem:75 - End SaveConfig() Used Memory: 571289144 Bytes (922746880)
2024-07-01 20:44:43,299 [INFO] UtilMem:75 - End SaveConfig() Used Memory: 591802640 Bytes (922746880)
2024-07-01 20:44:44,331 [INFO] UtilMem:75 - End SaveConfig() Used Memory: 652029496 Bytes (922746880)
2024-07-01 20:44:44,539 [INFO] BlockDiagram:2759 - set Specific Code input for plugin: NVIC
2024-07-01 20:44:44,539 [INFO] BlockDiagram:2759 - set Specific Code input for plugin: USART
2024-07-01 20:44:44,539 [INFO] BlockDiagram:2759 - set Specific Code input for plugin: SYS
2024-07-01 20:44:44,539 [INFO] BlockDiagram:2759 - set Specific Code input for plugin: GPIO
2024-07-01 20:44:44,539 [INFO] BlockDiagram:2759 - set Specific Code input for plugin: RCC
2024-07-01 20:44:44,541 [INFO] CodeGenerator:807 - code generatio: config db path: C:\ST\STM32CubeIDE_1.15.1\STM32CubeIDE\plugins\com.st.stm32cube.common.mx_6.11.1.202404110753\\db\
2024-07-01 20:44:44,737 [INFO] CodeEngine:255 - oldGeneratedFile, D:\Sachin_code\Techoscripts\STM32F407\STMPrograms\007_UART_TX\MXTmpFiles\license.tmp_save
2024-07-01 20:44:44,921 [INFO] CodeEngine:279 - Generated code: D:\Sachin_code\Techoscripts\STM32F407\STMPrograms\007_UART_TX\MXTmpFiles\license.tmp
2024-07-01 20:44:44,977 [INFO] CodeEngine:255 - oldGeneratedFile, D:\Sachin_code\Techoscripts\STM32F407\STMPrograms\007_UART_TX\MXTmpFiles\gpio.tmp_save
2024-07-01 20:44:45,076 [INFO] CodeEngine:279 - Generated code: D:\Sachin_code\Techoscripts\STM32F407\STMPrograms\007_UART_TX\MXTmpFiles\gpio.tmp
2024-07-01 20:44:45,154 [INFO] CodeEngine:255 - oldGeneratedFile, D:\Sachin_code\Techoscripts\STM32F407\STMPrograms\007_UART_TX\Core\Src\stm32f4xx_it.c_save
2024-07-01 20:44:45,234 [INFO] CodeEngine:279 - Generated code: D:\Sachin_code\Techoscripts\STM32F407\STMPrograms\007_UART_TX\Core\Src\stm32f4xx_it.c
2024-07-01 20:44:45,239 [INFO] CodeEngine:255 - oldGeneratedFile, D:\Sachin_code\Techoscripts\STM32F407\STMPrograms\007_UART_TX\Core\Inc\stm32f4xx_it.h_save
2024-07-01 20:44:45,292 [INFO] CodeEngine:279 - Generated code: D:\Sachin_code\Techoscripts\STM32F407\STMPrograms\007_UART_TX\Core\Inc\stm32f4xx_it.h
2024-07-01 20:44:45,311 [INFO] CodeEngine:255 - oldGeneratedFile, D:\Sachin_code\Techoscripts\STM32F407\STMPrograms\007_UART_TX\Core\Src\stm32f4xx_hal_msp.c_save
2024-07-01 20:44:45,521 [INFO] CodeEngine:279 - Generated code: D:\Sachin_code\Techoscripts\STM32F407\STMPrograms\007_UART_TX\Core\Src\stm32f4xx_hal_msp.c
2024-07-01 20:44:45,527 [INFO] CodeEngine:255 - oldGeneratedFile, D:\Sachin_code\Techoscripts\STM32F407\STMPrograms\007_UART_TX\MXTmpFiles\system.tmp_save
2024-07-01 20:44:45,639 [INFO] CodeEngine:279 - Generated code: D:\Sachin_code\Techoscripts\STM32F407\STMPrograms\007_UART_TX\MXTmpFiles\system.tmp
2024-07-01 20:44:45,671 [INFO] CodeEngine:311 - oldGeneratedFile, D:\Sachin_code\Techoscripts\STM32F407\STMPrograms\007_UART_TX\Core\Inc\stm32f4xx_hal_conf.h_save
2024-07-01 20:44:45,879 [INFO] CodeEngine:335 - Generated code: D:\Sachin_code\Techoscripts\STM32F407\STMPrograms\007_UART_TX\Core\Inc\stm32f4xx_hal_conf.h
2024-07-01 20:44:45,996 [INFO] CodeEngine:255 - oldGeneratedFile, D:\Sachin_code\Techoscripts\STM32F407\STMPrograms\007_UART_TX\Core\Inc\main.h_save
2024-07-01 20:44:46,202 [INFO] CodeEngine:279 - Generated code: D:\Sachin_code\Techoscripts\STM32F407\STMPrograms\007_UART_TX\Core\Inc\main.h
2024-07-01 20:44:46,225 [INFO] CodeEngine:255 - oldGeneratedFile, D:\Sachin_code\Techoscripts\STM32F407\STMPrograms\007_UART_TX\Core\Src\main.c_save
2024-07-01 20:44:46,462 [INFO] CodeEngine:279 - Generated code: D:\Sachin_code\Techoscripts\STM32F407\STMPrograms\007_UART_TX\Core\Src\main.c
2024-07-01 20:44:46,929 [INFO] ProjectBuilder:3163 - Time for Copy HAL[1] : 159mS.
2024-07-01 20:44:46,931 [INFO] ProjectBuilder:4736 - Project Generator version: 4.3.0-B58
2024-07-01 20:44:46,999 [INFO] ConfigFileManager:1503 - The Die is : DIE423
2024-07-01 20:44:47,715 [INFO] ProjectBuilder:5002 - Time for Generating toolchain IDE Files: 784mS.
2024-07-01 20:44:47,716 [INFO] ProjectBuilder:3034 - Time for Copy CMSIS : 0mS.
2024-07-01 20:44:47,718 [INFO] ProjectBuilder:3034 - Time for Copy CMSIS : 0mS.
2024-07-01 20:58:38,420 [INFO] NvicIntPanel:101 - NVIC parent = com.st.microxplorer.plugins.ip.nvic.MultiNvicIntPanel[,0,0,0x0,invalid,layout=javax.swing.BoxLayout,alignmentX=0.0,alignmentY=0.0,border=,flags=9,maximumSize=,minimumSize=,preferredSize=]
2024-07-01 20:58:38,539 [ERROR] LogOutputStream:75 - [STDERR_REDIRECT] Exception in thread "AWT-EventQueue-0" java.awt.IllegalComponentStateException: component must be showing on the screen to determine its location
2024-07-01 20:58:38,540 [ERROR] LogOutputStream:75 - [STDERR_REDIRECT] 	at java.desktop/java.awt.Component.getLocationOnScreen_NoTreeLock(Component.java:2113)
2024-07-01 20:58:38,542 [ERROR] LogOutputStream:75 - [STDERR_REDIRECT] 	at java.desktop/java.awt.Component.getLocationOnScreen(Component.java:2087)
2024-07-01 20:58:38,543 [ERROR] LogOutputStream:75 - [STDERR_REDIRECT] 	at java.desktop/javax.swing.JPopupMenu.show(JPopupMenu.java:960)
2024-07-01 20:58:38,544 [ERROR] LogOutputStream:75 - [STDERR_REDIRECT] 	at java.desktop/javax.swing.plaf.basic.BasicComboPopup.show(BasicComboPopup.java:235)
2024-07-01 20:58:38,546 [ERROR] LogOutputStream:75 - [STDERR_REDIRECT] 	at java.desktop/javax.swing.plaf.basic.BasicComboPopup.togglePopup(BasicComboPopup.java:1257)
2024-07-01 20:58:38,547 [ERROR] LogOutputStream:75 - [STDERR_REDIRECT] 	at java.desktop/javax.swing.plaf.basic.BasicComboPopup$Handler.mousePressed(BasicComboPopup.java:936)
2024-07-01 20:58:38,549 [ERROR] LogOutputStream:75 - [STDERR_REDIRECT] 	at java.desktop/java.awt.Component.processMouseEvent(Component.java:6623)
2024-07-01 20:58:38,550 [ERROR] LogOutputStream:75 - [STDERR_REDIRECT] 	at java.desktop/javax.swing.JComponent.processMouseEvent(JComponent.java:3389)
2024-07-01 20:58:38,551 [ERROR] LogOutputStream:75 - [STDERR_REDIRECT] 	at java.desktop/java.awt.Component.processEvent(Component.java:6391)
2024-07-01 20:58:38,552 [ERROR] LogOutputStream:75 - [STDERR_REDIRECT] 	at java.desktop/java.awt.Container.processEvent(Container.java:2266)
2024-07-01 20:58:38,554 [ERROR] LogOutputStream:75 - [STDERR_REDIRECT] 	at java.desktop/java.awt.Component.dispatchEventImpl(Component.java:5001)
2024-07-01 20:58:38,555 [ERROR] LogOutputStream:75 - [STDERR_REDIRECT] 	at java.desktop/java.awt.Container.dispatchEventImpl(Container.java:2324)
2024-07-01 20:58:38,556 [ERROR] LogOutputStream:75 - [STDERR_REDIRECT] 	at java.desktop/java.awt.Component.dispatchEvent(Component.java:4833)
2024-07-01 20:58:38,558 [ERROR] LogOutputStream:75 - [STDERR_REDIRECT] 	at java.desktop/javax.swing.plaf.basic.BasicTableUI$Handler.repostEvent(BasicTableUI.java:987)
2024-07-01 20:58:38,560 [ERROR] LogOutputStream:75 - [STDERR_REDIRECT] 	at java.desktop/javax.swing.plaf.basic.BasicTableUI$Handler.adjustSelection(BasicTableUI.java:1149)
2024-07-01 20:58:38,561 [ERROR] LogOutputStream:75 - [STDERR_REDIRECT] 	at java.desktop/javax.swing.plaf.basic.BasicTableUI$Handler.mousePressed(BasicTableUI.java:1077)
2024-07-01 20:58:38,563 [ERROR] LogOutputStream:75 - [STDERR_REDIRECT] 	at java.desktop/java.awt.AWTEventMulticaster.mousePressed(AWTEventMulticaster.java:288)
2024-07-01 20:58:38,564 [ERROR] LogOutputStream:75 - [STDERR_REDIRECT] 	at java.desktop/java.awt.AWTEventMulticaster.mousePressed(AWTEventMulticaster.java:287)
2024-07-01 20:58:38,566 [ERROR] LogOutputStream:75 - [STDERR_REDIRECT] 	at java.desktop/java.awt.AWTEventMulticaster.mousePressed(AWTEventMulticaster.java:287)
2024-07-01 20:58:38,567 [ERROR] LogOutputStream:75 - [STDERR_REDIRECT] 	at java.desktop/java.awt.AWTEventMulticaster.mousePressed(AWTEventMulticaster.java:287)
2024-07-01 20:58:38,568 [ERROR] LogOutputStream:75 - [STDERR_REDIRECT] 	at java.desktop/java.awt.Component.processMouseEvent(Component.java:6623)
2024-07-01 20:58:38,570 [ERROR] LogOutputStream:75 - [STDERR_REDIRECT] 	at java.desktop/javax.swing.JComponent.processMouseEvent(JComponent.java:3389)
2024-07-01 20:58:38,571 [ERROR] LogOutputStream:75 - [STDERR_REDIRECT] 	at java.desktop/java.awt.Component.processEvent(Component.java:6391)
2024-07-01 20:58:38,572 [ERROR] LogOutputStream:75 - [STDERR_REDIRECT] 	at java.desktop/java.awt.Container.processEvent(Container.java:2266)
2024-07-01 20:58:38,573 [ERROR] LogOutputStream:75 - [STDERR_REDIRECT] 	at java.desktop/java.awt.Component.dispatchEventImpl(Component.java:5001)
2024-07-01 20:58:38,574 [ERROR] LogOutputStream:75 - [STDERR_REDIRECT] 	at java.desktop/java.awt.Container.dispatchEventImpl(Container.java:2324)
2024-07-01 20:58:38,575 [ERROR] LogOutputStream:75 - [STDERR_REDIRECT] 	at java.desktop/java.awt.Component.dispatchEvent(Component.java:4833)
2024-07-01 20:58:38,577 [ERROR] LogOutputStream:75 - [STDERR_REDIRECT] 	at java.desktop/java.awt.LightweightDispatcher.retargetMouseEvent(Container.java:4948)
2024-07-01 20:58:38,578 [ERROR] LogOutputStream:75 - [STDERR_REDIRECT] 	at java.desktop/java.awt.LightweightDispatcher.processMouseEvent(Container.java:4572)
2024-07-01 20:58:38,580 [ERROR] LogOutputStream:75 - [STDERR_REDIRECT] 	at java.desktop/java.awt.LightweightDispatcher.dispatchEvent(Container.java:4516)
2024-07-01 20:58:38,581 [ERROR] LogOutputStream:75 - [STDERR_REDIRECT] 	at java.desktop/java.awt.Container.dispatchEventImpl(Container.java:2310)
2024-07-01 20:58:38,582 [ERROR] LogOutputStream:75 - [STDERR_REDIRECT] 	at java.desktop/java.awt.Component.dispatchEvent(Component.java:4833)
2024-07-01 20:58:38,583 [ERROR] LogOutputStream:75 - [STDERR_REDIRECT] 	at java.desktop/java.awt.EventQueue.dispatchEventImpl(EventQueue.java:775)
2024-07-01 20:58:38,584 [ERROR] LogOutputStream:75 - [STDERR_REDIRECT] 	at java.desktop/java.awt.EventQueue$4.run(EventQueue.java:720)
2024-07-01 20:58:38,586 [ERROR] LogOutputStream:75 - [STDERR_REDIRECT] 	at java.desktop/java.awt.EventQueue$4.run(EventQueue.java:714)
2024-07-01 20:58:38,588 [ERROR] LogOutputStream:75 - [STDERR_REDIRECT] 	at java.base/java.security.AccessController.doPrivileged(AccessController.java:399)
2024-07-01 20:58:38,589 [ERROR] LogOutputStream:75 - [STDERR_REDIRECT] 	at java.base/java.security.ProtectionDomain$JavaSecurityAccessImpl.doIntersectionPrivilege(ProtectionDomain.java:86)
2024-07-01 20:58:38,591 [ERROR] LogOutputStream:75 - [STDERR_REDIRECT] 	at java.base/java.security.ProtectionDomain$JavaSecurityAccessImpl.doIntersectionPrivilege(ProtectionDomain.java:97)
2024-07-01 20:58:38,592 [ERROR] LogOutputStream:75 - [STDERR_REDIRECT] 	at java.desktop/java.awt.EventQueue$5.run(EventQueue.java:747)
2024-07-01 20:58:38,593 [ERROR] LogOutputStream:75 - [STDERR_REDIRECT] 	at java.desktop/java.awt.EventQueue$5.run(EventQueue.java:745)
2024-07-01 20:58:38,595 [ERROR] LogOutputStream:75 - [STDERR_REDIRECT] 	at java.base/java.security.AccessController.doPrivileged(AccessController.java:399)
2024-07-01 20:58:38,597 [ERROR] LogOutputStream:75 - [STDERR_REDIRECT] 	at java.base/java.security.ProtectionDomain$JavaSecurityAccessImpl.doIntersectionPrivilege(ProtectionDomain.java:86)
2024-07-01 20:58:38,598 [ERROR] LogOutputStream:75 - [STDERR_REDIRECT] 	at java.desktop/java.awt.EventQueue.dispatchEvent(EventQueue.java:744)
2024-07-01 20:58:38,599 [ERROR] LogOutputStream:75 - [STDERR_REDIRECT] 	at java.desktop/java.awt.EventDispatchThread.pumpOneEventForFilters(EventDispatchThread.java:203)
2024-07-01 20:58:38,601 [ERROR] LogOutputStream:75 - [STDERR_REDIRECT] 	at java.desktop/java.awt.EventDispatchThread.pumpEventsForFilter(EventDispatchThread.java:124)
2024-07-01 20:58:38,602 [ERROR] LogOutputStream:75 - [STDERR_REDIRECT] 	at java.desktop/java.awt.EventDispatchThread.pumpEventsForHierarchy(EventDispatchThread.java:113)
2024-07-01 20:58:38,603 [ERROR] LogOutputStream:75 - [STDERR_REDIRECT] 	at java.desktop/java.awt.EventDispatchThread.pumpEvents(EventDispatchThread.java:109)
2024-07-01 20:58:38,604 [ERROR] LogOutputStream:75 - [STDERR_REDIRECT] 	at java.desktop/java.awt.EventDispatchThread.pumpEvents(EventDispatchThread.java:101)
2024-07-01 20:58:38,606 [ERROR] LogOutputStream:75 - [STDERR_REDIRECT] 	at java.desktop/java.awt.EventDispatchThread.run(EventDispatchThread.java:90)
2024-07-01 20:58:43,131 [INFO] NvicIntPanel:101 - NVIC parent = com.st.microxplorer.plugins.ip.nvic.MultiNvicIntPanel[,0,0,0x0,invalid,layout=javax.swing.BoxLayout,alignmentX=0.0,alignmentY=0.0,border=,flags=9,maximumSize=,minimumSize=,preferredSize=]
2024-07-01 20:59:05,146 [INFO] UtilMem:75 - End SaveConfig() Used Memory: 639825800 Bytes (922746880)
2024-07-01 20:59:08,308 [INFO] UtilMem:75 - End SaveConfig() Used Memory: 657129352 Bytes (922746880)
2024-07-01 20:59:08,741 [INFO] UtilMem:75 - End SaveConfig() Used Memory: 706934664 Bytes (922746880)
2024-07-01 20:59:08,878 [INFO] BlockDiagram:2759 - set Specific Code input for plugin: NVIC
2024-07-01 20:59:08,878 [INFO] BlockDiagram:2759 - set Specific Code input for plugin: USART
2024-07-01 20:59:08,878 [INFO] BlockDiagram:2759 - set Specific Code input for plugin: SYS
2024-07-01 20:59:08,878 [INFO] BlockDiagram:2759 - set Specific Code input for plugin: GPIO
2024-07-01 20:59:08,878 [INFO] BlockDiagram:2759 - set Specific Code input for plugin: RCC
2024-07-01 20:59:08,879 [INFO] CodeGenerator:807 - code generatio: config db path: C:\ST\STM32CubeIDE_1.15.1\STM32CubeIDE\plugins\com.st.stm32cube.common.mx_6.11.1.202404110753\\db\
2024-07-01 20:59:08,984 [INFO] CodeEngine:255 - oldGeneratedFile, D:\Sachin_code\Techoscripts\STM32F407\STMPrograms\007_UART_TX\MXTmpFiles\license.tmp_save
2024-07-01 20:59:09,124 [INFO] CodeEngine:279 - Generated code: D:\Sachin_code\Techoscripts\STM32F407\STMPrograms\007_UART_TX\MXTmpFiles\license.tmp
2024-07-01 20:59:09,145 [INFO] CodeEngine:255 - oldGeneratedFile, D:\Sachin_code\Techoscripts\STM32F407\STMPrograms\007_UART_TX\MXTmpFiles\gpio.tmp_save
2024-07-01 20:59:09,294 [INFO] CodeEngine:279 - Generated code: D:\Sachin_code\Techoscripts\STM32F407\STMPrograms\007_UART_TX\MXTmpFiles\gpio.tmp
2024-07-01 20:59:09,369 [INFO] CodeEngine:255 - oldGeneratedFile, D:\Sachin_code\Techoscripts\STM32F407\STMPrograms\007_UART_TX\Core\Src\stm32f4xx_it.c_save
2024-07-01 20:59:09,523 [INFO] CodeEngine:279 - Generated code: D:\Sachin_code\Techoscripts\STM32F407\STMPrograms\007_UART_TX\Core\Src\stm32f4xx_it.c
2024-07-01 20:59:09,535 [INFO] CodeEngine:255 - oldGeneratedFile, D:\Sachin_code\Techoscripts\STM32F407\STMPrograms\007_UART_TX\Core\Inc\stm32f4xx_it.h_save
2024-07-01 20:59:09,601 [INFO] CodeEngine:279 - Generated code: D:\Sachin_code\Techoscripts\STM32F407\STMPrograms\007_UART_TX\Core\Inc\stm32f4xx_it.h
2024-07-01 20:59:09,619 [INFO] CodeEngine:255 - oldGeneratedFile, D:\Sachin_code\Techoscripts\STM32F407\STMPrograms\007_UART_TX\Core\Src\stm32f4xx_hal_msp.c_save
2024-07-01 20:59:09,728 [INFO] CodeEngine:279 - Generated code: D:\Sachin_code\Techoscripts\STM32F407\STMPrograms\007_UART_TX\Core\Src\stm32f4xx_hal_msp.c
2024-07-01 20:59:09,731 [INFO] CodeEngine:255 - oldGeneratedFile, D:\Sachin_code\Techoscripts\STM32F407\STMPrograms\007_UART_TX\MXTmpFiles\system.tmp_save
2024-07-01 20:59:09,793 [INFO] CodeEngine:279 - Generated code: D:\Sachin_code\Techoscripts\STM32F407\STMPrograms\007_UART_TX\MXTmpFiles\system.tmp
2024-07-01 20:59:09,818 [INFO] CodeEngine:311 - oldGeneratedFile, D:\Sachin_code\Techoscripts\STM32F407\STMPrograms\007_UART_TX\Core\Inc\stm32f4xx_hal_conf.h_save
2024-07-01 20:59:09,919 [INFO] CodeEngine:335 - Generated code: D:\Sachin_code\Techoscripts\STM32F407\STMPrograms\007_UART_TX\Core\Inc\stm32f4xx_hal_conf.h
2024-07-01 20:59:09,970 [INFO] CodeEngine:255 - oldGeneratedFile, D:\Sachin_code\Techoscripts\STM32F407\STMPrograms\007_UART_TX\Core\Inc\main.h_save
2024-07-01 20:59:10,049 [INFO] CodeEngine:279 - Generated code: D:\Sachin_code\Techoscripts\STM32F407\STMPrograms\007_UART_TX\Core\Inc\main.h
2024-07-01 20:59:10,062 [INFO] CodeEngine:255 - oldGeneratedFile, D:\Sachin_code\Techoscripts\STM32F407\STMPrograms\007_UART_TX\Core\Src\main.c_save
2024-07-01 20:59:10,185 [INFO] CodeEngine:279 - Generated code: D:\Sachin_code\Techoscripts\STM32F407\STMPrograms\007_UART_TX\Core\Src\main.c
2024-07-01 20:59:10,518 [INFO] ProjectBuilder:3163 - Time for Copy HAL[1] : 154mS.
2024-07-01 20:59:10,521 [INFO] ProjectBuilder:4736 - Project Generator version: 4.3.0-B58
2024-07-01 20:59:10,592 [INFO] ConfigFileManager:1503 - The Die is : DIE423
2024-07-01 20:59:11,365 [INFO] ProjectBuilder:5002 - Time for Generating toolchain IDE Files: 843mS.
2024-07-01 20:59:11,365 [INFO] ProjectBuilder:3034 - Time for Copy CMSIS : 0mS.
2024-07-01 20:59:11,368 [INFO] ProjectBuilder:3034 - Time for Copy CMSIS : 0mS.
2024-07-01 20:59:15,489 [ERROR] ConfigurationRetriever:142 - IOException on connection: Read timed out
2024-07-01 21:00:33,137 [INFO] NvicIntPanel:101 - NVIC parent = com.st.microxplorer.plugins.ip.nvic.MultiNvicIntPanel[,0,0,0x0,invalid,layout=javax.swing.BoxLayout,alignmentX=0.0,alignmentY=0.0,border=,flags=9,maximumSize=,minimumSize=,preferredSize=]
2024-07-01 21:00:37,585 [INFO] UtilMem:75 - End SaveConfig() Used Memory: 592763352 Bytes (922746880)
2024-07-01 21:00:39,738 [INFO] UtilMem:75 - End SaveConfig() Used Memory: 610579984 Bytes (922746880)
2024-07-01 21:00:40,174 [INFO] UtilMem:75 - End SaveConfig() Used Memory: 638110096 Bytes (922746880)
2024-07-01 21:00:40,297 [INFO] BlockDiagram:2759 - set Specific Code input for plugin: NVIC
2024-07-01 21:00:40,297 [INFO] BlockDiagram:2759 - set Specific Code input for plugin: USART
2024-07-01 21:00:40,297 [INFO] BlockDiagram:2759 - set Specific Code input for plugin: SYS
2024-07-01 21:00:40,297 [INFO] BlockDiagram:2759 - set Specific Code input for plugin: GPIO
2024-07-01 21:00:40,297 [INFO] BlockDiagram:2759 - set Specific Code input for plugin: RCC
2024-07-01 21:00:40,298 [INFO] CodeGenerator:807 - code generatio: config db path: C:\ST\STM32CubeIDE_1.15.1\STM32CubeIDE\plugins\com.st.stm32cube.common.mx_6.11.1.202404110753\\db\
2024-07-01 21:00:40,388 [INFO] CodeEngine:255 - oldGeneratedFile, D:\Sachin_code\Techoscripts\STM32F407\STMPrograms\007_UART_TX\MXTmpFiles\license.tmp_save
2024-07-01 21:00:40,530 [INFO] CodeEngine:279 - Generated code: D:\Sachin_code\Techoscripts\STM32F407\STMPrograms\007_UART_TX\MXTmpFiles\license.tmp
2024-07-01 21:00:40,550 [INFO] CodeEngine:255 - oldGeneratedFile, D:\Sachin_code\Techoscripts\STM32F407\STMPrograms\007_UART_TX\MXTmpFiles\gpio.tmp_save
2024-07-01 21:00:40,644 [INFO] CodeEngine:279 - Generated code: D:\Sachin_code\Techoscripts\STM32F407\STMPrograms\007_UART_TX\MXTmpFiles\gpio.tmp
2024-07-01 21:00:40,710 [INFO] CodeEngine:255 - oldGeneratedFile, D:\Sachin_code\Techoscripts\STM32F407\STMPrograms\007_UART_TX\Core\Src\stm32f4xx_it.c_save
2024-07-01 21:00:40,789 [INFO] CodeEngine:279 - Generated code: D:\Sachin_code\Techoscripts\STM32F407\STMPrograms\007_UART_TX\Core\Src\stm32f4xx_it.c
2024-07-01 21:00:40,802 [INFO] CodeEngine:255 - oldGeneratedFile, D:\Sachin_code\Techoscripts\STM32F407\STMPrograms\007_UART_TX\Core\Inc\stm32f4xx_it.h_save
2024-07-01 21:00:40,871 [INFO] CodeEngine:279 - Generated code: D:\Sachin_code\Techoscripts\STM32F407\STMPrograms\007_UART_TX\Core\Inc\stm32f4xx_it.h
2024-07-01 21:00:40,898 [INFO] CodeEngine:255 - oldGeneratedFile, D:\Sachin_code\Techoscripts\STM32F407\STMPrograms\007_UART_TX\Core\Src\stm32f4xx_hal_msp.c_save
2024-07-01 21:00:40,998 [INFO] CodeEngine:279 - Generated code: D:\Sachin_code\Techoscripts\STM32F407\STMPrograms\007_UART_TX\Core\Src\stm32f4xx_hal_msp.c
2024-07-01 21:00:41,001 [INFO] CodeEngine:255 - oldGeneratedFile, D:\Sachin_code\Techoscripts\STM32F407\STMPrograms\007_UART_TX\MXTmpFiles\system.tmp_save
2024-07-01 21:00:41,054 [INFO] CodeEngine:279 - Generated code: D:\Sachin_code\Techoscripts\STM32F407\STMPrograms\007_UART_TX\MXTmpFiles\system.tmp
2024-07-01 21:00:41,071 [INFO] CodeEngine:311 - oldGeneratedFile, D:\Sachin_code\Techoscripts\STM32F407\STMPrograms\007_UART_TX\Core\Inc\stm32f4xx_hal_conf.h_save
2024-07-01 21:00:41,183 [INFO] CodeEngine:335 - Generated code: D:\Sachin_code\Techoscripts\STM32F407\STMPrograms\007_UART_TX\Core\Inc\stm32f4xx_hal_conf.h
2024-07-01 21:00:41,236 [INFO] CodeEngine:255 - oldGeneratedFile, D:\Sachin_code\Techoscripts\STM32F407\STMPrograms\007_UART_TX\Core\Inc\main.h_save
2024-07-01 21:00:41,317 [INFO] CodeEngine:279 - Generated code: D:\Sachin_code\Techoscripts\STM32F407\STMPrograms\007_UART_TX\Core\Inc\main.h
2024-07-01 21:00:41,331 [INFO] CodeEngine:255 - oldGeneratedFile, D:\Sachin_code\Techoscripts\STM32F407\STMPrograms\007_UART_TX\Core\Src\main.c_save
2024-07-01 21:00:41,435 [INFO] CodeEngine:279 - Generated code: D:\Sachin_code\Techoscripts\STM32F407\STMPrograms\007_UART_TX\Core\Src\main.c
2024-07-01 21:00:41,871 [INFO] ProjectBuilder:3163 - Time for Copy HAL[1] : 190mS.
2024-07-01 21:00:41,874 [INFO] ProjectBuilder:4736 - Project Generator version: 4.3.0-B58
2024-07-01 21:00:41,954 [INFO] ConfigFileManager:1503 - The Die is : DIE423
2024-07-01 21:00:42,719 [INFO] ProjectBuilder:5002 - Time for Generating toolchain IDE Files: 844mS.
2024-07-01 21:00:42,720 [INFO] ProjectBuilder:3034 - Time for Copy CMSIS : 1mS.
2024-07-01 21:00:42,727 [INFO] ProjectBuilder:3034 - Time for Copy CMSIS : 0mS.
2024-07-01 21:00:52,867 [ERROR] ConfigurationRetriever:142 - IOException on connection: Read timed out
2024-07-01 21:09:19,365 [ERROR] ConfigurationRetriever:142 - IOException on connection: Connect timed out
2024-07-01 23:33:14,004 [INFO] Activator:176 - 


2024-07-01 23:33:14,007 [INFO] Activator:177 - !SESSION log4j initialized
2024-07-01 23:33:17,938 [INFO] ApplicationProperties:184 - Using Application install path: C:\ST\STM32CubeIDE_1.15.1\STM32CubeIDE\plugins\com.st.stm32cube.common.mx_6.11.1.202404110753
2024-07-01 23:33:17,952 [INFO] DbMcusXml:78 - Set database path to: C:\ST\STM32CubeIDE_1.15.1\STM32CubeIDE\plugins\com.st.stm32cube.common.mx_6.11.1.202404110753\\db\/mcu/
2024-07-01 23:33:17,952 [INFO] ApiDb:274 - Set plugin database path to: C:\ST\STM32CubeIDE_1.15.1\STM32CubeIDE\plugins\com.st.stm32cube.common.mx_6.11.1.202404110753\\db\/plugins/boardmanager/
2024-07-01 23:33:17,959 [WARN] ApiDb:259 - Overriding images path with different value:  => C:\ST\STM32CubeIDE_1.15.1\STM32CubeIDE\plugins\com.st.stm32cube.common.mx_6.11.1.202404110753\\db\/plugins/mcufinder/images/
2024-07-01 23:33:17,971 [INFO] ApiDb:250 - Set database path to: C:\Users\nikns\.stmcufinder\plugins\mcufinder//mcu/
2024-07-01 23:33:17,976 [INFO] DbMcusAds:125 - Set database path to: C:\Users\nikns\.stmcufinder\plugins\mcufinder//mcu/
2024-07-01 23:33:18,310 [INFO] CrossReferenceDbSqlite:203 - Set database path to: C:\Users\nikns\.stmcufinder\plugins\mcufinder//mcu/cs/
2024-07-01 23:33:18,494 [INFO] RulesReader:64 - Compatibility file has been processed (297 Rules)
2024-07-01 23:33:18,722 [INFO] DbMcusXml:78 - Set database path to: C:\ST\STM32CubeIDE_1.15.1\STM32CubeIDE\plugins\com.st.stm32cube.common.mx_6.11.1.202404110753\\db\/mcu/
2024-07-01 23:33:18,723 [INFO] ApiDb:274 - Set plugin database path to: C:\ST\STM32CubeIDE_1.15.1\STM32CubeIDE\plugins\com.st.stm32cube.common.mx_6.11.1.202404110753\\db\/plugins/boardmanager/
2024-07-01 23:33:18,723 [INFO] ApiDb:261 - Set plugin images path to: C:\ST\STM32CubeIDE_1.15.1\STM32CubeIDE\plugins\com.st.stm32cube.common.mx_6.11.1.202404110753\\db\/plugins/mcufinder/images/
2024-07-01 23:33:18,724 [WARN] DbFile:41 - Overriding database path with different value: C:\Users\nikns\.stmcufinder\plugins\mcufinder/ => C:\Users\nikns\.stmcufinder\plugins\mcufinder
2024-07-01 23:33:18,724 [INFO] ApiDb:250 - Set database path to: C:\Users\nikns\.stmcufinder\plugins\mcufinder//mcu/
2024-07-01 23:33:18,724 [WARN] DbFile:41 - Overriding database path with different value: C:\Users\nikns\.stmcufinder\plugins\mcufinder/ => C:\Users\nikns\.stmcufinder\plugins\mcufinder
2024-07-01 23:33:18,724 [INFO] DbMcusAds:125 - Set database path to: C:\Users\nikns\.stmcufinder\plugins\mcufinder//mcu/
2024-07-01 23:33:18,724 [WARN] DbFile:41 - Overriding database path with different value: C:\Users\nikns\.stmcufinder\plugins\mcufinder/ => C:\Users\nikns\.stmcufinder\plugins\mcufinder
2024-07-01 23:33:18,724 [WARN] DbFile:41 - Overriding database path with different value: C:\Users\nikns\.stmcufinder\plugins\mcufinder/ => C:\Users\nikns\.stmcufinder\plugins\mcufinder
2024-07-01 23:33:18,724 [INFO] CrossReferenceDbSqlite:203 - Set database path to: C:\Users\nikns\.stmcufinder\plugins\mcufinder//mcu/cs/
2024-07-01 23:33:18,893 [INFO] MainPanel:264 - HeapMemory: 268435456
2024-07-01 23:33:19,019 [INFO] DbMcusXml:78 - Set database path to: C:\ST\STM32CubeIDE_1.15.1\STM32CubeIDE\plugins\com.st.stm32cube.common.mx_6.11.1.202404110753\\db\/mcu/
2024-07-01 23:33:19,019 [INFO] ApiDb:274 - Set plugin database path to: C:\ST\STM32CubeIDE_1.15.1\STM32CubeIDE\plugins\com.st.stm32cube.common.mx_6.11.1.202404110753\\db\/plugins/boardmanager/
2024-07-01 23:33:19,019 [INFO] ApiDb:261 - Set plugin images path to: C:\ST\STM32CubeIDE_1.15.1\STM32CubeIDE\plugins\com.st.stm32cube.common.mx_6.11.1.202404110753\\db\/plugins/mcufinder/images/
2024-07-01 23:33:19,020 [WARN] DbFile:41 - Overriding database path with different value: C:\Users\nikns\.stmcufinder\plugins\mcufinder/ => C:\Users\nikns\.stmcufinder\plugins\mcufinder
2024-07-01 23:33:19,020 [INFO] ApiDb:250 - Set database path to: C:\Users\nikns\.stmcufinder\plugins\mcufinder//mcu/
2024-07-01 23:33:19,020 [WARN] DbFile:41 - Overriding database path with different value: C:\Users\nikns\.stmcufinder\plugins\mcufinder/ => C:\Users\nikns\.stmcufinder\plugins\mcufinder
2024-07-01 23:33:19,020 [INFO] DbMcusAds:125 - Set database path to: C:\Users\nikns\.stmcufinder\plugins\mcufinder//mcu/
2024-07-01 23:33:19,020 [WARN] DbFile:41 - Overriding database path with different value: C:\Users\nikns\.stmcufinder\plugins\mcufinder/ => C:\Users\nikns\.stmcufinder\plugins\mcufinder
2024-07-01 23:33:19,020 [WARN] DbFile:41 - Overriding database path with different value: C:\Users\nikns\.stmcufinder\plugins\mcufinder/ => C:\Users\nikns\.stmcufinder\plugins\mcufinder
2024-07-01 23:33:19,020 [INFO] CrossReferenceDbSqlite:203 - Set database path to: C:\Users\nikns\.stmcufinder\plugins\mcufinder//mcu/cs/
2024-07-01 23:33:19,040 [INFO] ApplicationProperties:184 - Using Application install path: C:\ST\STM32CubeIDE_1.15.1\STM32CubeIDE\plugins\com.st.stm32cube.common.mx_6.11.1.202404110753
2024-07-01 23:33:19,043 [INFO] PluginManage:196 - Search for loadable plugins [exclusion list=, ]
2024-07-01 23:33:19,045 [INFO] PluginManage:310 - Check plugin analytics
2024-07-01 23:33:24,202 [INFO] AnalyticsPlugin:253 - Accepted Software Licenses: STM32CubeMX.6.11.1
2024-07-01 23:33:24,203 [INFO] AnalyticsPlugin:255 - Accepted CMSIS Pack Licenses: 
2024-07-01 23:33:24,204 [INFO] AnalyticsPlugin:257 - Accepted Firmware Licenses: FW.F4.1.28.0
2024-07-01 23:33:24,212 [INFO] PluginManage:359 - Loaded plugin analytics (category:tool,tabindex:-1)
2024-07-01 23:33:24,212 [INFO] PluginManage:310 - Check plugin cadmodel
2024-07-01 23:33:24,866 [INFO] CADModel:105 - Init CAD model plugin
2024-07-01 23:33:24,867 [INFO] PluginManage:359 - Loaded plugin cadmodel (category:power,tabindex:5)
2024-07-01 23:33:24,868 [INFO] PluginManage:310 - Check plugin clock
2024-07-01 23:33:24,974 [INFO] PluginManage:359 - Loaded plugin clock (category:base,tabindex:2)
2024-07-01 23:33:24,974 [INFO] PluginManage:310 - Check plugin ddr
2024-07-01 23:33:24,983 [INFO] PluginManage:359 - Loaded plugin ddr (category:tool,tabindex:6)
2024-07-01 23:33:24,984 [INFO] PluginManage:310 - Check plugin filemanager
2024-07-01 23:33:25,683 [INFO] PluginManage:359 - Loaded plugin filemanager (category:base,tabindex:10)
2024-07-01 23:33:25,684 [INFO] PluginManage:310 - Check plugin ipmanager
2024-07-01 23:33:25,718 [INFO] PluginManage:359 - Loaded plugin ipmanager (category:base,tabindex:5)
2024-07-01 23:33:25,719 [INFO] PluginManage:310 - Check plugin lpbam
2024-07-01 23:33:25,785 [INFO] PluginManage:359 - Loaded plugin lpbam (category:base,tabindex:0)
2024-07-01 23:33:25,785 [INFO] PluginManage:310 - Check plugin memorymap
2024-07-01 23:33:25,868 [INFO] PluginManage:359 - Loaded plugin memorymap (category:base,tabindex:4)
2024-07-01 23:33:25,869 [INFO] PluginManage:310 - Check plugin pinoutandconfiguration
2024-07-01 23:33:25,929 [INFO] PluginManage:359 - Loaded plugin pinoutandconfiguration (category:base,tabindex:1)
2024-07-01 23:33:25,930 [INFO] PluginManage:310 - Check plugin pinoutconfig
2024-07-01 23:33:26,288 [WARN] SupportedApi:132 - Cannot load RTOS API schema: s4s-elt-must-match.1: The content of 'definitions' must match (annotation?, (simpleType | complexType)?, (unique | key | keyref)*)). A problem was found starting at: attribute.
2024-07-01 23:33:26,828 [INFO] PluginManage:359 - Loaded plugin pinoutconfig (category:base,tabindex:0)
2024-07-01 23:33:26,828 [INFO] PluginManage:310 - Check plugin power
2024-07-01 23:33:26,915 [INFO] PluginManage:359 - Loaded plugin power (category:power,tabindex:4)
2024-07-01 23:33:26,916 [INFO] PluginManage:310 - Check plugin projectmanager
2024-07-01 23:33:26,993 [INFO] PluginManage:359 - Loaded plugin projectmanager (category:projectmanager,tabindex:3)
2024-07-01 23:33:26,994 [INFO] PluginManage:310 - Check plugin thirdparty
2024-07-01 23:33:28,516 [INFO] PluginManage:359 - Loaded plugin thirdparty (category:base,tabindex:-1)
2024-07-01 23:33:28,516 [INFO] PluginManage:310 - Check plugin tools
2024-07-01 23:33:28,521 [WARN] IntegrityCheckThread:84 - waiting for thirdparty lock release [integrity check]
2024-07-01 23:33:28,522 [INFO] IntegrityCheckThread:86 - entering critical section [integrity check]
2024-07-01 23:33:28,523 [INFO] ThirdPartyUpdaterWithRetryManager:70 - Updater plugin not ready yet. [1/15]
2024-07-01 23:33:28,685 [INFO] PluginManage:359 - Loaded plugin tools (category:base,tabindex:7)
2024-07-01 23:33:28,685 [INFO] PluginManage:310 - Check plugin tutovideos
2024-07-01 23:33:29,530 [INFO] PluginManage:359 - Loaded plugin tutovideos (category:base,tabindex:-1)
2024-07-01 23:33:29,530 [INFO] PluginManage:310 - Check plugin updater
2024-07-01 23:33:29,564 [INFO] PluginManage:359 - Loaded plugin updater (category:base,tabindex:12)
2024-07-01 23:33:29,564 [INFO] PluginManage:310 - Check plugin userauth
2024-07-01 23:33:29,586 [INFO] UserAuth:114 - Init User Auth plugin
2024-07-01 23:33:29,586 [INFO] PluginManage:359 - Loaded plugin userauth (category:base,tabindex:14)
2024-07-01 23:33:29,587 [INFO] PluginManage:283 - PluginManage : Loaded plugins [17]
2024-07-01 23:33:30,467 [INFO] PinOutPanel:1561 - setPackage(No Configuration,No Configuration)
2024-07-01 23:33:30,686 [INFO] CADModel:165 - CPN selected for project level
2024-07-01 23:33:30,686 [INFO] CADModel:114 - Register for checkConnection events
2024-07-01 23:33:30,763 [INFO] IPUIPlugin:80 - create IPUIPlugin
2024-07-01 23:33:30,763 [INFO] PluginManager:220 - loadIPPluginJar : add adc
2024-07-01 23:33:30,885 [INFO] IPUIPlugin:80 - create IPUIPlugin
2024-07-01 23:33:30,885 [INFO] PluginManager:220 - loadIPPluginJar : add aes
2024-07-01 23:33:30,993 [INFO] IPUIPlugin:80 - create IPUIPlugin
2024-07-01 23:33:30,994 [INFO] PluginManager:220 - loadIPPluginJar : add can
2024-07-01 23:33:31,045 [INFO] IPUIPlugin:80 - create IPUIPlugin
2024-07-01 23:33:31,045 [INFO] PluginManager:220 - loadIPPluginJar : add comp
2024-07-01 23:33:31,134 [INFO] IPUIPlugin:80 - create IPUIPlugin
2024-07-01 23:33:31,134 [INFO] PluginManager:220 - loadIPPluginJar : add cryp
2024-07-01 23:33:31,214 [INFO] IPUIPlugin:80 - create IPUIPlugin
2024-07-01 23:33:31,214 [INFO] PluginManager:220 - loadIPPluginJar : add dfsdm
2024-07-01 23:33:31,246 [INFO] IPUIPlugin:80 - create IPUIPlugin
2024-07-01 23:33:31,246 [INFO] PluginManager:220 - loadIPPluginJar : add dma
2024-07-01 23:33:31,349 [INFO] IPUIPlugin:80 - create IPUIPlugin
2024-07-01 23:33:31,349 [INFO] PluginManager:220 - loadIPPluginJar : add dma3
2024-07-01 23:33:31,531 [INFO] IPUIPlugin:80 - create IPUIPlugin
2024-07-01 23:33:31,531 [INFO] PluginManager:220 - loadIPPluginJar : add extmemmanager
2024-07-01 23:33:31,536 [INFO] ThirdPartyUpdaterWithRetryManager:70 - Updater plugin not ready yet. [2/15]
2024-07-01 23:33:31,591 [INFO] IPUIPlugin:80 - create IPUIPlugin
2024-07-01 23:33:31,592 [INFO] PluginManager:220 - loadIPPluginJar : add fatfs
2024-07-01 23:33:31,718 [INFO] IPUIPlugin:80 - create IPUIPlugin
2024-07-01 23:33:31,719 [INFO] PluginManager:220 - loadIPPluginJar : add fmc
2024-07-01 23:33:31,759 [INFO] IPUIPlugin:80 - create IPUIPlugin
2024-07-01 23:33:31,760 [INFO] PluginManager:220 - loadIPPluginJar : add freertos
2024-07-01 23:33:31,829 [INFO] IPUIPlugin:80 - create IPUIPlugin
2024-07-01 23:33:31,829 [INFO] PluginManager:220 - loadIPPluginJar : add genericplugin
2024-07-01 23:33:32,061 [INFO] IPUIPlugin:80 - create IPUIPlugin
2024-07-01 23:33:32,061 [INFO] PluginManager:220 - loadIPPluginJar : add gfxmmu
2024-07-01 23:33:32,434 [INFO] IPUIPlugin:80 - create IPUIPlugin
2024-07-01 23:33:32,435 [INFO] PluginManager:220 - loadIPPluginJar : add gic
2024-07-01 23:33:32,466 [INFO] IPUIPlugin:80 - create IPUIPlugin
2024-07-01 23:33:32,466 [INFO] PluginManager:220 - loadIPPluginJar : add gpio
2024-07-01 23:33:32,696 [INFO] IPUIPlugin:80 - create IPUIPlugin
2024-07-01 23:33:32,696 [INFO] PluginManager:220 - loadIPPluginJar : add gtzc
2024-07-01 23:33:32,777 [INFO] IPUIPlugin:80 - create IPUIPlugin
2024-07-01 23:33:32,777 [INFO] PluginManager:220 - loadIPPluginJar : add hash
2024-07-01 23:33:32,913 [INFO] IPUIPlugin:80 - create IPUIPlugin
2024-07-01 23:33:32,913 [INFO] PluginManager:220 - loadIPPluginJar : add i2c
2024-07-01 23:33:33,041 [INFO] IPUIPlugin:80 - create IPUIPlugin
2024-07-01 23:33:33,042 [INFO] PluginManager:220 - loadIPPluginJar : add i2s
2024-07-01 23:33:33,159 [INFO] IPUIPlugin:80 - create IPUIPlugin
2024-07-01 23:33:33,159 [INFO] PluginManager:220 - loadIPPluginJar : add i3c
2024-07-01 23:33:33,493 [INFO] IPUIPlugin:80 - create IPUIPlugin
2024-07-01 23:33:33,494 [INFO] PluginManager:220 - loadIPPluginJar : add ipddr
2024-07-01 23:33:33,889 [INFO] IPUIPlugin:80 - create IPUIPlugin
2024-07-01 23:33:33,889 [INFO] PluginManager:220 - loadIPPluginJar : add linkedlist
2024-07-01 23:33:33,970 [INFO] IPUIPlugin:80 - create IPUIPlugin
2024-07-01 23:33:33,970 [INFO] PluginManager:220 - loadIPPluginJar : add lorawan
2024-07-01 23:33:34,077 [INFO] IPUIPlugin:80 - create IPUIPlugin
2024-07-01 23:33:34,078 [INFO] PluginManager:220 - loadIPPluginJar : add ltdc
2024-07-01 23:33:34,127 [INFO] IPUIPlugin:80 - create IPUIPlugin
2024-07-01 23:33:34,127 [INFO] PluginManager:220 - loadIPPluginJar : add mdma
2024-07-01 23:33:34,154 [INFO] IPUIPlugin:80 - create IPUIPlugin
2024-07-01 23:33:34,170 [INFO] PluginManager:220 - loadIPPluginJar : add nvic
2024-07-01 23:33:34,289 [INFO] IPUIPlugin:80 - create IPUIPlugin
2024-07-01 23:33:34,289 [INFO] PluginManager:220 - loadIPPluginJar : add opamp
2024-07-01 23:33:34,462 [INFO] IPUIPlugin:80 - create IPUIPlugin
2024-07-01 23:33:34,462 [INFO] PluginManager:220 - loadIPPluginJar : add openamp
2024-07-01 23:33:34,537 [INFO] ThirdPartyUpdaterWithRetryManager:70 - Updater plugin not ready yet. [3/15]
2024-07-01 23:33:34,539 [INFO] IPUIPlugin:80 - create IPUIPlugin
2024-07-01 23:33:34,539 [INFO] PluginManager:220 - loadIPPluginJar : add pdm2pcm
2024-07-01 23:33:34,577 [INFO] IPUIPlugin:80 - create IPUIPlugin
2024-07-01 23:33:34,588 [INFO] PluginManager:220 - loadIPPluginJar : add plateformsettings
2024-07-01 23:33:34,637 [INFO] IPUIPlugin:80 - create IPUIPlugin
2024-07-01 23:33:34,637 [INFO] PluginManager:220 - loadIPPluginJar : add quadspi
2024-07-01 23:33:34,655 [INFO] IPUIPlugin:80 - create IPUIPlugin
2024-07-01 23:33:34,655 [INFO] PluginManager:220 - loadIPPluginJar : add resmgrutility
2024-07-01 23:33:34,806 [INFO] IPUIPlugin:80 - create IPUIPlugin
2024-07-01 23:33:34,806 [INFO] PluginManager:220 - loadIPPluginJar : add sai
2024-07-01 23:33:34,888 [INFO] IPUIPlugin:80 - create IPUIPlugin
2024-07-01 23:33:34,888 [INFO] PluginManager:220 - loadIPPluginJar : add spi
2024-07-01 23:33:35,005 [INFO] IPUIPlugin:80 - create IPUIPlugin
2024-07-01 23:33:35,005 [INFO] PluginManager:220 - loadIPPluginJar : add stm32_wpan
2024-07-01 23:33:35,038 [INFO] IPUIPlugin:80 - create IPUIPlugin
2024-07-01 23:33:35,038 [INFO] PluginManager:220 - loadIPPluginJar : add tim
2024-07-01 23:33:35,104 [INFO] IPUIPlugin:80 - create IPUIPlugin
2024-07-01 23:33:35,104 [INFO] PluginManager:220 - loadIPPluginJar : add touchsensing
2024-07-01 23:33:35,136 [INFO] IPUIPlugin:80 - create IPUIPlugin
2024-07-01 23:33:35,136 [INFO] PluginManager:220 - loadIPPluginJar : add tracer_emb
2024-07-01 23:33:35,153 [INFO] IPUIPlugin:80 - create IPUIPlugin
2024-07-01 23:33:35,153 [INFO] PluginManager:220 - loadIPPluginJar : add ts
2024-07-01 23:33:35,182 [INFO] IPUIPlugin:80 - create IPUIPlugin
2024-07-01 23:33:35,182 [INFO] PluginManager:220 - loadIPPluginJar : add tsc
2024-07-01 23:33:35,207 [INFO] IPUIPlugin:80 - create IPUIPlugin
2024-07-01 23:33:35,207 [INFO] PluginManager:220 - loadIPPluginJar : add ucpd
2024-07-01 23:33:35,282 [INFO] IPUIPlugin:80 - create IPUIPlugin
2024-07-01 23:33:35,282 [INFO] PluginManager:220 - loadIPPluginJar : add usart
2024-07-01 23:33:35,343 [INFO] IPUIPlugin:80 - create IPUIPlugin
2024-07-01 23:33:35,343 [INFO] PluginManager:220 - loadIPPluginJar : add usbx
2024-07-01 23:33:35,586 [INFO] CADModel:165 - CPN selected for project level
2024-07-01 23:33:35,586 [INFO] CADModel:114 - Register for checkConnection events
2024-07-01 23:33:35,586 [FATAL] Updater:308 - Updater called before beeing initialized
2024-07-01 23:33:35,587 [ERROR] CADModel:125 - Updater not yet initialized, retry later 
2024-07-01 23:33:35,963 [INFO] CADModel:165 - CPN selected for project level
2024-07-01 23:33:35,963 [INFO] CADModel:114 - Register for checkConnection events
2024-07-01 23:33:35,963 [FATAL] Updater:308 - Updater called before beeing initialized
2024-07-01 23:33:35,964 [ERROR] CADModel:125 - Updater not yet initialized, retry later 
2024-07-01 23:33:35,978 [FATAL] Updater:308 - Updater called before beeing initialized
2024-07-01 23:33:36,564 [FATAL] Updater:308 - Updater called before beeing initialized
2024-07-01 23:33:36,588 [INFO] DbMcusAds:53 - JSON generation date=Thu May 16 14:52:00 IST 2024 (1715851320852)
2024-07-01 23:33:36,588 [FATAL] Updater:308 - Updater called before beeing initialized
2024-07-01 23:33:36,801 [WARN] DetailPanel:346 - Failed to get advertising image, set to default
2024-07-01 23:33:37,055 [FATAL] Updater:308 - Updater called before beeing initialized
2024-07-01 23:33:37,058 [FATAL] Updater:308 - Updater called before beeing initialized
2024-07-01 23:33:37,058 [FATAL] Updater:308 - Updater called before beeing initialized
2024-07-01 23:33:37,058 [WARN] DetailPanel:346 - Failed to get advertising image, set to default
2024-07-01 23:33:37,059 [FATAL] Updater:308 - Updater called before beeing initialized
2024-07-01 23:33:37,224 [ERROR] Updater:1120 - MainUpdater not yet initialized. External WinMGr cannot be set.
2024-07-01 23:33:37,256 [INFO] Updater:1056 - Updater Version found : 6.11.1
2024-07-01 23:33:37,304 [INFO] ApplicationProperties:184 - Using Application install path: C:\ST\STM32CubeIDE_1.15.1\STM32CubeIDE\plugins\com.st.stm32cube.common.mx_6.11.1.202404110753
2024-07-01 23:33:37,548 [INFO] ThirdPartyUpdaterWithRetryManager:70 - Updater plugin not ready yet. [4/15]
2024-07-01 23:33:39,003 [ERROR] LogOutputStream:75 - [STDERR_REDIRECT] Jul 01, 2024 11:33:38 PM java.util.prefs.WindowsPreferences <init>
2024-07-01 23:33:39,012 [ERROR] LogOutputStream:75 - [STDERR_REDIRECT] WARNING: Could not open/create prefs root node Software\JavaSoft\Prefs at root 0xffffffff80000002. Windows RegCreateKeyEx(...) returned error code 5.
2024-07-01 23:33:39,013 [ERROR] LogOutputStream:75 - [STDERR_REDIRECT] 
2024-07-01 23:33:40,146 [INFO] MainUpdater:2873 - connection check result : 10
2024-07-01 23:33:40,147 [INFO] MainUpdater:3567 - Updater definition file requires update
2024-07-01 23:33:40,151 [INFO] MainUpdater:290 - Updater Check For Update Now.
2024-07-01 23:33:40,151 [INFO] MicroXplorer:498 - Change Database Version : DB.6.0.111
2024-07-01 23:33:40,432 [INFO] ServerAccessManage:473 - Download File updaters.zip
2024-07-01 23:33:40,550 [WARN] MainUpdater:1194 - Updater busy. Cannot search thirdparties
2024-07-01 23:33:40,550 [INFO] ThirdPartyUpdaterWithRetryManager:96 - Updater plugin is busy. [1/15]
2024-07-01 23:33:40,820 [INFO] FileExtend:240 - Unzip File : updaters.zip
2024-07-01 23:33:40,821 [INFO] FileExtend:255 - Standard Zip Deflate
2024-07-01 23:33:42,407 [INFO] ServerAccessManage:473 - Download File PacksControlFlags.xml
2024-07-01 23:33:43,362 [INFO] ServerAccessManage:473 - Download File cubemx.pidx
2024-07-01 23:33:43,552 [WARN] MainUpdater:1194 - Updater busy. Cannot search thirdparties
2024-07-01 23:33:43,552 [INFO] ThirdPartyUpdaterWithRetryManager:96 - Updater plugin is busy. [2/15]
2024-07-01 23:33:43,702 [INFO] LoadServerUpdatesThread:375 - End of LoadServerUpdate Thread
2024-07-01 23:33:44,024 [INFO] CheckServerUpdateThread:120 - End of CheckServer Thread
2024-07-01 23:33:44,238 [INFO] MainUpdater:2873 - connection check result : 10
2024-07-01 23:33:44,240 [INFO] MainUpdater:2873 - connection check result : 10
2024-07-01 23:33:44,908 [INFO] MicroXplorer:468 - Change Database Path : 
2024-07-01 23:33:44,909 [INFO] MicroXplorer:498 - Change Database Version : DB.6.0.111
2024-07-01 23:33:44,932 [WARN] ThirdParty:871 - waiting for thirdparty lock release [close project]
2024-07-01 23:33:46,992 [WARN] PackLoader:240 - Cannot read IP mode file for STMicroelectronics.FP-SNS-MOTENVWB1.1.4.0
2024-07-01 23:33:47,029 [WARN] PackLoader:240 - Cannot read IP mode file for STMicroelectronics.X-CUBE-SMBUS.2.1.0
2024-07-01 23:33:47,054 [WARN] PackLoader:240 - Cannot read IP mode file for STMicroelectronics.X-CUBE-TOUCHGFX.4.23.2
2024-07-01 23:33:47,147 [WARN] PackLoader:240 - Cannot read IP mode file for STMicroelectronics.X-CUBE-AZRTOS-F7.1.1.0
2024-07-01 23:33:47,195 [WARN] PackLoader:240 - Cannot read IP mode file for STMicroelectronics.FP-SNS-FLIGHT1.5.0.2
2024-07-01 23:33:47,237 [WARN] PackLoader:240 - Cannot read IP mode file for STMicroelectronics.X-CUBE-DISPLAY.3.0.0
2024-07-01 23:33:47,287 [WARN] PackLoader:240 - Cannot read IP mode file for STMicroelectronics.X-CUBE-BLE1.7.0.0
2024-07-01 23:33:47,319 [WARN] PackLoader:240 - Cannot read IP mode file for emotas.I-CUBE-CANOPEN.1.3.0
2024-07-01 23:33:47,364 [WARN] PackLoader:240 - Cannot read IP mode file for STMicroelectronics.X-CUBE-BLEMGR.3.1.0
2024-07-01 23:33:47,401 [WARN] PackLoader:240 - Cannot read IP mode file for STMicroelectronics.FP-SNS-SMARTAG2.1.2.0
2024-07-01 23:33:47,444 [INFO] LogOutputStream:77 - [STDOUT_REDIRECT] 1 : Invalid condition id : UX_CORESTACK_Condition cause : null
2024-07-01 23:33:47,446 [INFO] LogOutputStream:77 - [STDOUT_REDIRECT] 1 : Invalid condition id : UX_CORESTACK_Condition cause : null
2024-07-01 23:33:47,449 [INFO] LogOutputStream:77 - [STDOUT_REDIRECT] 1 : Invalid condition id : UX_CORESTACK_Condition cause : null
2024-07-01 23:33:47,452 [INFO] LogOutputStream:77 - [STDOUT_REDIRECT] 1 : Invalid condition id : UX_CORESTACK_Condition cause : null
2024-07-01 23:33:47,457 [INFO] LogOutputStream:77 - [STDOUT_REDIRECT] 1 : Invalid condition id : UX_CORESTACK_Condition cause : null
2024-07-01 23:33:47,471 [WARN] PackLoader:240 - Cannot read IP mode file for STMicroelectronics.X-CUBE-AZRTOS-WL.2.0.0
2024-07-01 23:33:47,502 [WARN] PackLoader:240 - Cannot read IP mode file for STMicroelectronics.FP-SNS-MOTENV1.5.0.0
2024-07-01 23:33:47,533 [WARN] PackLoader:240 - Cannot read IP mode file for wolfSSL.I-CUBE-wolfMQTT.1.19.0
2024-07-01 23:33:47,567 [WARN] PackLoader:240 - Cannot read IP mode file for WES.I-CUBE-Cesium.1.3.0
2024-07-01 23:33:47,597 [WARN] PackLoader:240 - Cannot read IP mode file for STMicroelectronics.X-CUBE-BLE2.3.3.0
2024-07-01 23:33:47,626 [WARN] PackLoader:240 - Cannot read IP mode file for STMicroelectronics.X-CUBE-TCPP.4.1.0
2024-07-01 23:33:47,694 [WARN] PackLoader:240 - Cannot read IP mode file for STMicroelectronics.X-CUBE-AZRTOS-G0.1.1.0
2024-07-01 23:33:47,729 [WARN] PackLoader:240 - Cannot read IP mode file for STMicroelectronics.X-CUBE-SAFEA1.1.2.2
2024-07-01 23:33:47,760 [WARN] PackLoader:240 - Cannot read IP mode file for STMicroelectronics.X-CUBE-NFC4.3.0.0
2024-07-01 23:33:47,784 [WARN] PackLoader:240 - Cannot read IP mode file for wolfSSL.I-CUBE-wolfSSL.5.7.0
2024-07-01 23:33:47,805 [WARN] PackLoader:240 - Cannot read IP mode file for STMicroelectronics.FP-ATR-SIGFOX1.3.2.0
2024-07-01 23:33:47,831 [WARN] PackLoader:240 - Cannot read IP mode file for STMicroelectronics.X-CUBE-EEPRMA1.5.1.0
2024-07-01 23:33:47,865 [WARN] PackLoader:240 - Cannot read IP mode file for ITTIA_DB.I-CUBE-ITTIADB.8.9.0
2024-07-01 23:33:47,969 [WARN] PackLoader:240 - Cannot read IP mode file for SEGGER.I-CUBE-embOS.1.3.1
2024-07-01 23:33:48,090 [WARN] PackLoader:240 - Cannot read IP mode file for STMicroelectronics.X-CUBE-ALGOBUILD.1.4.0
2024-07-01 23:33:48,132 [WARN] PackLoader:240 - Cannot read IP mode file for STMicroelectronics.X-CUBE-GNSS1.6.0.0
2024-07-01 23:33:48,229 [WARN] PackLoader:240 - Cannot read IP mode file for STMicroelectronics.X-CUBE-AZRTOS-F4.1.1.0
2024-07-01 23:33:48,378 [WARN] PackLoader:240 - Cannot read IP mode file for STMicroelectronics.X-CUBE-FREERTOS.1.2.0
2024-07-01 23:33:48,489 [WARN] PackLoader:240 - Cannot read IP mode file for STMicroelectronics.X-CUBE-AZRTOS-L5.2.0.0
2024-07-01 23:33:48,528 [WARN] PackLoader:240 - Cannot read IP mode file for STMicroelectronics.X-CUBE-NFC6.3.1.0
2024-07-01 23:33:48,558 [WARN] PackLoader:240 - Cannot read IP mode file for STMicroelectronics.X-CUBE-AI.9.0.0
2024-07-01 23:33:48,585 [WARN] PackLoader:240 - Cannot read IP mode file for STMicroelectronics.X-CUBE-NFC7.1.0.1
2024-07-01 23:33:48,667 [WARN] ConditionMgr:438 - getConditionDescription Invalid condition id : LAN8742 Phy interface Condition cause : null
2024-07-01 23:33:48,672 [WARN] PackLoader:240 - Cannot read IP mode file for STMicroelectronics.X-CUBE-AZRTOS-L4.2.0.0
2024-07-01 23:33:48,677 [WARN] ConditionMgr:1039 - genDependencies : Invalid condition id : LAN8742 Phy interface Condition cause : null
2024-07-01 23:33:48,678 [WARN] ConditionMgr:1039 - genDependencies : Invalid condition id : LAN8742 Phy interface Condition cause : null
2024-07-01 23:33:48,680 [WARN] ConditionMgr:1039 - genDependencies : Invalid condition id : LAN8742 Phy interface Condition cause : null
2024-07-01 23:33:48,711 [WARN] PackLoader:240 - Cannot read IP mode file for STMicroelectronics.X-CUBE-SFXS2LP1.4.0.0
2024-07-01 23:33:48,768 [WARN] ConditionMgr:438 - getConditionDescription Invalid condition id : UX DEVICE CLASS RTOS Condition cause : null
2024-07-01 23:33:48,768 [WARN] ConditionMgr:438 - getConditionDescription Invalid condition id : UX DEVICE CLASS RTOS Condition cause : null
2024-07-01 23:33:48,768 [WARN] PackLoader:240 - Cannot read IP mode file for STMicroelectronics.X-CUBE-AZRTOS-WB.2.0.0
2024-07-01 23:33:48,768 [WARN] ConditionMgr:1039 - genDependencies : Invalid condition id : UX DEVICE CLASS RTOS Condition cause : null
2024-07-01 23:33:48,775 [WARN] ConditionMgr:1039 - genDependencies : Invalid condition id : UX DEVICE CLASS RTOS Condition cause : null
2024-07-01 23:33:48,775 [WARN] ConditionMgr:1039 - genDependencies : Invalid condition id : UX DEVICE CLASS RTOS Condition cause : null
2024-07-01 23:33:48,776 [WARN] ConditionMgr:1039 - genDependencies : Invalid condition id : UX DEVICE CLASS RTOS Condition cause : null
2024-07-01 23:33:48,776 [WARN] ConditionMgr:1039 - genDependencies : Invalid condition id : UX DEVICE CLASS RTOS Condition cause : null
2024-07-01 23:33:48,816 [WARN] PackLoader:240 - Cannot read IP mode file for STMicroelectronics.X-CUBE-SUBG2.5.0.0
2024-07-01 23:33:48,858 [WARN] PackLoader:240 - Cannot read IP mode file for Cesanta.I-CUBE-Mongoose.7.13.0
2024-07-01 23:33:48,912 [WARN] PackLoader:240 - Cannot read IP mode file for STMicroelectronics.X-CUBE-AZRTOS-G4.2.0.0
2024-07-01 23:33:48,937 [WARN] PackLoader:240 - Cannot read IP mode file for STMicroelectronics.X-CUBE-ISPU.2.0.0
2024-07-01 23:33:48,959 [WARN] PackLoader:240 - Cannot read IP mode file for STMicroelectronics.X-CUBE-ALS.1.0.2
2024-07-01 23:33:49,038 [WARN] PackLoader:240 - Cannot read IP mode file for STMicroelectronics.X-CUBE-MEMS1.10.0.0
2024-07-01 23:33:49,274 [WARN] PackLoader:240 - Cannot read IP mode file for STMicroelectronics.X-CUBE-TOUCHGFX.4.24.0
2024-07-01 23:33:49,300 [WARN] PackLoader:240 - Cannot read IP mode file for portGmbH.I-Cube-SoM-uGOAL.1.1.0
2024-07-01 23:33:49,374 [WARN] PackLoader:240 - Cannot read IP mode file for STMicroelectronics.X-CUBE-AZRTOS-H7RS.1.0.0
2024-07-01 23:33:49,399 [WARN] PackLoader:240 - Cannot read IP mode file for STMicroelectronics.FP-ATR-ASTRA1.2.0.0
2024-07-01 23:33:49,444 [WARN] PackLoader:240 - Cannot read IP mode file for STMicroelectronics.X-CUBE-TOF1.3.4.1
2024-07-01 23:33:49,519 [WARN] PackLoader:240 - Cannot read IP mode file for STMicroelectronics.X-CUBE-AZRTOS-H7.3.2.0
2024-07-01 23:33:49,576 [WARN] PackLoader:240 - Cannot read IP mode file for Infineon.AIROC-Wi-Fi-Bluetooth-STM32.1.6.0
2024-07-01 23:33:49,585 [INFO] ThirdParty:978 - Integrity check success = true
2024-07-01 23:33:49,586 [INFO] IntegrityCheckThread:100 - exiting critical section [integrity check]
2024-07-01 23:33:49,586 [INFO] IntegrityCheckThread:103 - End integrity checks thread
2024-07-01 23:33:49,586 [INFO] ThirdParty:873 - entering critical section [close project]
2024-07-01 23:33:49,588 [INFO] ThirdParty:883 - exiting critical section [close project]
2024-07-01 23:33:49,592 [INFO] PinOutPanel:1561 - setPackage(No Configuration,No Configuration)
2024-07-01 23:33:49,604 [INFO] UtilMem:75 - Begin LoadConfig() Used Memory: 173087352 Bytes (438304768)
2024-07-01 23:33:49,605 [INFO] MicroXplorer:468 - Change Database Path : 
2024-07-01 23:33:49,605 [INFO] MicroXplorer:498 - Change Database Version : DB.6.0.111
2024-07-01 23:33:49,606 [INFO] OpenFileManager:312 - Change cursor
2024-07-01 23:33:49,689 [INFO] Mcu:2021 - Initializing MCU STM32F401C(B-C)Ux STM32F401CCUx STM32F401CCU6
2024-07-01 23:33:51,551 [INFO] Context:663 - Trying to add GPIOservice into a context  which must be forbidden
2024-07-01 23:33:52,137 [INFO] RtosManager:555 - Registered RTOS mode: class=CMSIS, group=RTOS, mode=CMSIS_V1, owner=FREERTOS
2024-07-01 23:33:52,137 [INFO] RtosManager:555 - Registered RTOS mode: class=CMSIS, group=RTOS2, mode=CMSIS_V2, owner=FREERTOS
2024-07-01 23:33:52,137 [INFO] RtosManager:555 - Registered RTOS mode: class=RTOS, group=Core, mode=CMSIS_V1, owner=FREERTOS
2024-07-01 23:33:52,137 [INFO] RtosManager:555 - Registered RTOS mode: class=RTOS, group=Core, mode=CMSIS_V2, owner=FREERTOS
2024-07-01 23:33:52,139 [WARN] ModelIntegratedComponent:184 - Missing modes for component STMicroelectronics:FreeRTOS:0.0.1:STMicroelectronics:RTOS:FreeRTOS:Core:::10.2.0:
2024-07-01 23:33:52,153 [WARN] ModelIntegratedComponent:182 - Modes not found for component STMicroelectronics:USB_HOST:1.0.0:STMicroelectronics:USB::USB Host:Audio HS::1.0:USB_HOST_1_0_RESTRICTED_HS
2024-07-01 23:33:52,154 [WARN] ModelIntegratedComponent:188 - Modes not found for component STMicroelectronics:USB_HOST:1.0.0:STMicroelectronics:USB::USB Host:Audio HS::1.0:USB_HOST_1_0_RESTRICTED_HS
2024-07-01 23:33:52,154 [WARN] ModelIntegratedComponent:182 - Modes not found for component STMicroelectronics:USB_HOST:1.0.0:STMicroelectronics:USB::USB Host:CDC HS::1.0:USB_HOST_1_0_RESTRICTED_HS
2024-07-01 23:33:52,154 [WARN] ModelIntegratedComponent:188 - Modes not found for component STMicroelectronics:USB_HOST:1.0.0:STMicroelectronics:USB::USB Host:CDC HS::1.0:USB_HOST_1_0_RESTRICTED_HS
2024-07-01 23:33:52,154 [WARN] ModelIntegratedComponent:182 - Modes not found for component STMicroelectronics:USB_HOST:1.0.0:STMicroelectronics:USB::USB Host:MSC HS::1.0:USB_HOST_1_0_RESTRICTED_HS
2024-07-01 23:33:52,154 [WARN] ModelIntegratedComponent:188 - Modes not found for component STMicroelectronics:USB_HOST:1.0.0:STMicroelectronics:USB::USB Host:MSC HS::1.0:USB_HOST_1_0_RESTRICTED_HS
2024-07-01 23:33:52,154 [WARN] ModelIntegratedComponent:182 - Modes not found for component STMicroelectronics:USB_HOST:1.0.0:STMicroelectronics:USB::USB Host:HID HS::1.0:USB_HOST_1_0_RESTRICTED_HS
2024-07-01 23:33:52,154 [WARN] ModelIntegratedComponent:188 - Modes not found for component STMicroelectronics:USB_HOST:1.0.0:STMicroelectronics:USB::USB Host:HID HS::1.0:USB_HOST_1_0_RESTRICTED_HS
2024-07-01 23:33:52,154 [WARN] ModelIntegratedComponent:182 - Modes not found for component STMicroelectronics:USB_HOST:1.0.0:STMicroelectronics:USB::USB Host:MTP HS::1.0:USB_HOST_1_0_RESTRICTED_HS
2024-07-01 23:33:52,154 [WARN] ModelIntegratedComponent:188 - Modes not found for component STMicroelectronics:USB_HOST:1.0.0:STMicroelectronics:USB::USB Host:MTP HS::1.0:USB_HOST_1_0_RESTRICTED_HS
2024-07-01 23:33:52,167 [WARN] ModelIntegratedComponent:63 - No mode defined for component null
2024-07-01 23:33:52,168 [WARN] ModelIntegratedComponent:63 - No mode defined for component null
2024-07-01 23:33:52,168 [WARN] ModelIntegratedComponent:63 - No mode defined for component null
2024-07-01 23:33:52,168 [WARN] ModelIntegratedComponent:63 - No mode defined for component null
2024-07-01 23:33:52,168 [WARN] ModelIntegratedComponent:63 - No mode defined for component null
2024-07-01 23:33:52,168 [WARN] ModelIntegratedComponent:63 - No mode defined for component null
2024-07-01 23:33:52,168 [WARN] ModelIntegratedComponent:63 - No mode defined for component null
2024-07-01 23:33:52,168 [WARN] ModelIntegratedComponent:63 - No mode defined for component null
2024-07-01 23:33:52,168 [WARN] ModelIntegratedComponent:63 - No mode defined for component null
2024-07-01 23:33:52,168 [WARN] ModelIntegratedComponent:63 - No mode defined for component null
2024-07-01 23:33:52,168 [WARN] ModelIntegratedComponent:63 - No mode defined for component null
2024-07-01 23:33:52,168 [WARN] ModelIntegratedComponent:63 - No mode defined for component null
2024-07-01 23:33:52,168 [WARN] ModelIntegratedComponent:63 - No mode defined for component null
2024-07-01 23:33:52,168 [WARN] ModelIntegratedComponent:63 - No mode defined for component null
2024-07-01 23:33:52,168 [WARN] ModelIntegratedComponent:63 - No mode defined for component null
2024-07-01 23:33:52,168 [WARN] ModelIntegratedComponent:63 - No mode defined for component null
2024-07-01 23:33:52,168 [WARN] ModelIntegratedComponent:63 - No mode defined for component null
2024-07-01 23:33:52,168 [WARN] ModelIntegratedComponent:63 - No mode defined for component null
2024-07-01 23:33:52,168 [WARN] ModelIntegratedComponent:63 - No mode defined for component null
2024-07-01 23:33:52,168 [WARN] ModelIntegratedComponent:63 - No mode defined for component null
2024-07-01 23:33:52,168 [WARN] ModelIntegratedComponent:63 - No mode defined for component null
2024-07-01 23:33:52,168 [WARN] ModelIntegratedComponent:63 - No mode defined for component null
2024-07-01 23:33:52,168 [WARN] ModelIntegratedComponent:63 - No mode defined for component null
2024-07-01 23:33:52,168 [WARN] ModelIntegratedComponent:63 - No mode defined for component null
2024-07-01 23:33:52,168 [WARN] ModelIntegratedComponent:63 - No mode defined for component null
2024-07-01 23:33:52,168 [WARN] ModelIntegratedComponent:63 - No mode defined for component null
2024-07-01 23:33:52,168 [WARN] ModelIntegratedComponent:63 - No mode defined for component null
2024-07-01 23:33:52,168 [WARN] ModelIntegratedComponent:63 - No mode defined for component null
2024-07-01 23:33:52,168 [WARN] ModelIntegratedComponent:63 - No mode defined for component null
2024-07-01 23:33:52,168 [WARN] ModelIntegratedComponent:63 - No mode defined for component null
2024-07-01 23:33:52,168 [WARN] ModelIntegratedComponent:63 - No mode defined for component null
2024-07-01 23:33:52,168 [WARN] ModelIntegratedComponent:63 - No mode defined for component null
2024-07-01 23:33:52,168 [WARN] ModelIntegratedComponent:63 - No mode defined for component null
2024-07-01 23:33:52,168 [WARN] ModelIntegratedComponent:63 - No mode defined for component null
2024-07-01 23:33:52,348 [WARN] ModelIntegratedComponent:182 - Modes not found for component STMicroelectronics:USB_DEVICE:1.0.0:STMicroelectronics:USB::USB Device:Audio HS::1.0:USB_DEVICE_1_0_RESTRICTED_HS
2024-07-01 23:33:52,348 [WARN] ModelIntegratedComponent:188 - Modes not found for component STMicroelectronics:USB_DEVICE:1.0.0:STMicroelectronics:USB::USB Device:Audio HS::1.0:USB_DEVICE_1_0_RESTRICTED_HS
2024-07-01 23:33:52,348 [WARN] ModelIntegratedComponent:182 - Modes not found for component STMicroelectronics:USB_DEVICE:1.0.0:STMicroelectronics:USB::USB Device:CDC HS::1.0:USB_DEVICE_1_0_RESTRICTED_HS
2024-07-01 23:33:52,348 [WARN] ModelIntegratedComponent:188 - Modes not found for component STMicroelectronics:USB_DEVICE:1.0.0:STMicroelectronics:USB::USB Device:CDC HS::1.0:USB_DEVICE_1_0_RESTRICTED_HS
2024-07-01 23:33:52,348 [WARN] ModelIntegratedComponent:182 - Modes not found for component STMicroelectronics:USB_DEVICE:1.0.0:STMicroelectronics:USB::USB Device:DFU HS::1.0:USB_DEVICE_1_0_RESTRICTED_HS
2024-07-01 23:33:52,349 [WARN] ModelIntegratedComponent:188 - Modes not found for component STMicroelectronics:USB_DEVICE:1.0.0:STMicroelectronics:USB::USB Device:DFU HS::1.0:USB_DEVICE_1_0_RESTRICTED_HS
2024-07-01 23:33:52,349 [WARN] ModelIntegratedComponent:182 - Modes not found for component STMicroelectronics:USB_DEVICE:1.0.0:STMicroelectronics:USB::USB Device:HID HS::1.0:USB_DEVICE_1_0_RESTRICTED_HS
2024-07-01 23:33:52,349 [WARN] ModelIntegratedComponent:188 - Modes not found for component STMicroelectronics:USB_DEVICE:1.0.0:STMicroelectronics:USB::USB Device:HID HS::1.0:USB_DEVICE_1_0_RESTRICTED_HS
2024-07-01 23:33:52,349 [WARN] ModelIntegratedComponent:182 - Modes not found for component STMicroelectronics:USB_DEVICE:1.0.0:STMicroelectronics:USB::USB Device:Custom HID HS::1.0:USB_DEVICE_1_0_RESTRICTED_HS
2024-07-01 23:33:52,349 [WARN] ModelIntegratedComponent:188 - Modes not found for component STMicroelectronics:USB_DEVICE:1.0.0:STMicroelectronics:USB::USB Device:Custom HID HS::1.0:USB_DEVICE_1_0_RESTRICTED_HS
2024-07-01 23:33:52,349 [WARN] ModelIntegratedComponent:182 - Modes not found for component STMicroelectronics:USB_DEVICE:1.0.0:STMicroelectronics:USB::USB Device:MSC HS::1.0:USB_DEVICE_1_0_RESTRICTED_HS
2024-07-01 23:33:52,349 [WARN] ModelIntegratedComponent:188 - Modes not found for component STMicroelectronics:USB_DEVICE:1.0.0:STMicroelectronics:USB::USB Device:MSC HS::1.0:USB_DEVICE_1_0_RESTRICTED_HS
2024-07-01 23:33:52,383 [INFO] ThirdPartyModel:298 - Start build external matchings
2024-07-01 23:33:53,051 [INFO] ThirdPartyModel:316 - End build external matchings
2024-07-01 23:33:53,915 [INFO] ApiDb:581 - Connected to CubeFinder SQLite database (C:\Users\nikns\.stmcufinder\plugins\mcufinder\mcu\cube-finder-db.db)
2024-07-01 23:33:54,156 [INFO] ApiDb:668 - CubeFinder database Data Model version=2.1
2024-07-01 23:33:54,156 [INFO] ApiDb:669 - CubeFinder database Configuration version=3.0.39
2024-07-01 23:33:54,156 [INFO] ApiDb:670 - CubeFinder database generation date=2024-06-05 (1717578087)
2024-07-01 23:33:54,156 [INFO] ApiDb:671 - CubeFinder database FW Pack versions=[FP-ATR-ASTRA1_V2.0.0, FP-SNS-FLIGHT1_V5.0.1, FP-SNS-FLIGHT1_V5.0.2, FP-SNS-MOTENV1_V4.3.1, FP-SNS-MOTENV1_V4.3.2, FP-SNS-MOTENV1_V5.0.0, FP-SNS-MOTENVWB1_V1.4.0, FP-SNS-SMARTAG2_V1.2.0, STM32Cube_FW_C0_V1.1.0, STM32Cube_FW_F4_V1.28.0, STM32Cube_FW_F7_V1.17.2, STM32Cube_FW_G0_V1.6.2, STM32Cube_FW_G4_V1.5.2, STM32Cube_FW_H5_V0.5.1, STM32Cube_FW_H5_V1.1.1, STM32Cube_FW_H5_V1.2.0, STM32Cube_FW_H5_V1.2.0RC4, STM32Cube_FW_H7RS_V1.0.0, STM32Cube_FW_H7RS_V1.0.0RC4, STM32Cube_FW_H7_V1.11.2, STM32Cube_FW_L0_V1.12.2, STM32Cube_FW_L5_V1.5.1, STM32Cube_FW_U0_V1.0.0, STM32Cube_FW_U0_V1.0.0RC1, STM32Cube_FW_U5_V1.3.0RC4, STM32Cube_FW_U5_V1.5.0, STM32Cube_FW_U5_V1.5.0RC1, STM32Cube_FW_WBA_V1.0.0RC1, STM32Cube_FW_WBA_V1.2.0, STM32Cube_FW_WBA_V1.2.0RC2, STM32Cube_FW_WBA_V1.3.0RC1, STM32Cube_FW_WBA_V1.3.1, STM32Cube_FW_WB_V1.15.0RC1, STM32Cube_FW_WB_V1.16.0, STM32Cube_FW_WB_V1.16.0RC2, STM32Cube_FW_WB_V1.18.0, STM32Cube_FW_WB_V1.19.0, STM32Cube_FW_WL_V1.3.0, X-CUBE-ALGOBUILD_V1.4.0, X-CUBE-ALS_V1.0.1, X-CUBE-ALS_V1.0.2, X-CUBE-AZRTOS-F4_V1.1.0, X-CUBE-AZRTOS-F7_V1.1.0, X-CUBE-AZRTOS-G0_V1.1.0, X-CUBE-AZRTOS-G4_V2.0.0, X-CUBE-AZRTOS-H7RS_V1.0.0, X-CUBE-AZRTOS-H7_V3.2.0, X-CUBE-AZRTOS-L4_V1.0.0, X-CUBE-AZRTOS-L4_V2.0.0, X-CUBE-AZRTOS-L5_V1.1.0, X-CUBE-AZRTOS-WB_V2.0.0, X-CUBE-AZRTOS-WL_V2.0.0, X-CUBE-BLE1_V7.0.0, X-CUBE-BLE2_V3.3.0, X-CUBE-BLEMGR_V3.1.0, X-CUBE-EEPRMA1_V4.1.0, X-CUBE-EEPRMA1_V5.1.0, X-CUBE-FREERTOS_V1.2.0, X-CUBE-GNSS1_V6.0.0, X-CUBE-MEMS1_V10.0.0, X-CUBE-MEMS1_V9.1.0, X-CUBE-MEMS1_V9.4.0, X-CUBE-MEMS1_V9.6.0, X-CUBE-NFC4_V3.0.0, X-CUBE-NFC7_V1.0.1, X-CUBE-SFXS2LP1_V4.0.0, X-CUBE-SUBG2_V5.0.0, X-CUBE-TOF1_V3.4.1]
2024-07-01 23:33:54,460 [INFO] DbBoardsSqlite:226 - include board P-NUCLEO-WB55-NUCLEO as a kit item of type 'Nucleo-64'
2024-07-01 23:33:54,460 [INFO] DbBoardsSqlite:226 - include board P-NUCLEO-WB55-USBDONGLE as a kit item of type 'Nucleo USB Dongle'
2024-07-01 23:33:54,460 [INFO] DbBoardsSqlite:226 - include board STEVAL-IDP005V1 as a kit item of type 'Evaluation Board'
2024-07-01 23:33:54,460 [INFO] DbBoardsSqlite:226 - include board STEVAL-IDP005V2 as a kit item of type 'Evaluation Board'
2024-07-01 23:33:55,409 [INFO] ApiDb:240 - Found 483 in-development CPN: [B-G473E-ZEST1S, B-WB1M-WPAN1, B-WL5M-SUBG1, NUCLEO-C031C6, NUCLEO-H503RB, NUCLEO-H533RE, NUCLEO-H563ZI, NUCLEO-H7S3L8, NUCLEO-U031R8, NUCLEO-U083RC, NUCLEO-U545RE-Q, NUCLEO-U5A5ZJ-Q, NUCLEO-WBA52CG, NUCLEO-WBA55CG, STEVAL-PROTEUS1, STEVAL-SMARTAG2, STEVAL-STWINBX1, STM320518-EVAL, STM32C0116-DK, STM32C011D6Y3TR, STM32C011D6Y6TR, STM32C011F4P3, STM32C011F4P6, STM32C011F4U3, STM32C011F4U6TR, STM32C011F6P3, STM32C011F6P6, STM32C011F6U3, STM32C011F6U6TR, STM32C011J4M3, STM32C011J4M6, STM32C011J6M3, STM32C011J6M6, STM32C0316-DK, STM32C031C4T3, STM32C031C4T6, STM32C031C4U3, STM32C031C4U6, STM32C031C6T3, STM32C031C6T6, STM32C031C6U3, STM32C031C6U6, STM32C031F4P3, STM32C031F4P6, STM32C031F6P3, STM32C031F6P6, STM32C031G4U3, STM32C031G4U6, STM32C031G6U3, STM32C031G6U6, STM32C031K4T3, STM32C031K4T6, STM32C031K4U3, STM32C031K4U6, STM32C031K6T3, STM32C031K6T6, STM32C031K6U3, STM32C031K6U6, STM32G071K8TXN, STM32G071K8UXN, STM32G081GBU6N, STM32G081KBT6N, STM32G081KBUXN, STM32G0B1CCT6N, STM32G0B1KCT6, STM32G0B1NEY6TR, STM32G0B1RCT6N, STM32G0C1CCT6, STM32G0C1CCT6N, STM32G0C1CCU6N, STM32G0C1CET6N, STM32G0C1CEU6N, STM32G0C1KCT6, STM32G0C1NEY6TR, STM32G0C1RCI6N, STM32G0C1RCT6N, STM32G0C1REI6N, STM32G0C1RET6N, STM32G0C1VCI6, STM32G0C1VEI6, STM32G471CCT6, STM32G471CCU6, STM32G471CET3, STM32G471CET6, STM32G471CEU3, STM32G471CEU6, STM32G471MCT6, STM32G471MET3, STM32G471MET6, STM32G471MEY6TR, STM32G471QCT6, STM32G471QET3, STM32G471RCT6, STM32G471RET3, STM32G471RET6, STM32G471VCH6, STM32G471VCI6, STM32G471VCT6, STM32G471VEH3, STM32G471VEH6, STM32G471VEI3, STM32G471VEI6, STM32G471VET3, STM32G471VET6, STM32G474CCT6, STM32H503CBT6, STM32H503CBU6, STM32H503EBY6TR, STM32H503KBU6, STM32H503RBT6, STM32H523CCT6, STM32H523CCU6, STM32H523CET6, STM32H523CEU6, STM32H523HEY6TR, STM32H523RCT6, STM32H523RET6, STM32H523VCI6, STM32H523VCT6, STM32H523VEI6, STM32H523VET6, STM32H523ZCJ6, STM32H523ZCT6, STM32H523ZEJ6, STM32H523ZET6, STM32H533CET6, STM32H533CEU6, STM32H533HEY6TR, STM32H533RET6, STM32H533VEI6, STM32H533VET6, STM32H533ZEJ6, STM32H533ZET6, STM32H562AGI6, STM32H562AII6, STM32H562IGK6, STM32H562IGT6, STM32H562IIK6, STM32H562IIT6, STM32H562RGT6, STM32H562RGV6, STM32H562RIT6, STM32H562RIV6, STM32H562VGT6, STM32H562VIT6, STM32H562ZGT6, STM32H562ZIT6, STM32H563AGI6, STM32H563AII3Q, STM32H563AII6, STM32H563IGK6, STM32H563IGT6, STM32H563IIK3Q, STM32H563IIK6, STM32H563IIT3Q, STM32H563IIT6, STM32H563MIY3QTR, STM32H563RGT6, STM32H563RGV6, STM32H563RIT6, STM32H563RIV6, STM32H563VGT6, STM32H563VIT3Q, STM32H563VIT6, STM32H563ZGT6, STM32H563ZIT3Q, STM32H563ZIT6, STM32H573AII3Q, STM32H573AII6, STM32H573I-DK, STM32H573IIK3Q, STM32H573IIK6, STM32H573IIT3Q, STM32H573IIT6, STM32H573MIY3QTR, STM32H573RIT6, STM32H573RIV6, STM32H573VIT3Q, STM32H573VIT6, STM32H573ZIT3Q, STM32H573ZIT6, STM32H7R3A8I6, STM32H7R3I8K6, STM32H7R3I8T6, STM32H7R3L8H6, STM32H7R3L8H6H, STM32H7R3R8V6, STM32H7R3V8H6, STM32H7R3V8T6, STM32H7R3V8Y6, STM32H7R3Z8J6, STM32H7R3Z8T6, STM32H7R7A8I6, STM32H7R7I8K6, STM32H7R7I8T6, STM32H7R7L8H6, STM32H7R7L8H6H, STM32H7R7Z8J6, STM32H7S3A8I6, STM32H7S3I8K6, STM32H7S3I8T6, STM32H7S3L8H6, STM32H7S3L8H6H, STM32H7S3R8V6, STM32H7S3V8H6, STM32H7S3V8T6, STM32H7S3V8Y6, STM32H7S3Z8J6, STM32H7S3Z8T6, STM32H7S78-DK, STM32H7S7A8I6, STM32H7S7I8K6, STM32H7S7I8T6, STM32H7S7L8H6, STM32H7S7L8H6H, STM32H7S7Z8J6, STM32L4R5QGI6STR, STM32MP131AAE3, STM32MP131AAF3, STM32MP131AAG3, STM32MP131CAE3, STM32MP131CAF3, STM32MP131CAG3, STM32MP131DAE7, STM32MP131DAF7, STM32MP131DAG7, STM32MP131FAE7, STM32MP131FAF7, STM32MP131FAG7, STM32MP133AAE3, STM32MP133AAF3, STM32MP133AAG3, STM32MP133CAE3, STM32MP133CAF3, STM32MP133CAG3, STM32MP133DAE7, STM32MP133DAF7, STM32MP133DAG7, STM32MP133FAE7, STM32MP133FAF7, STM32MP133FAG7, STM32MP135AAE3, STM32MP135AAF3, STM32MP135AAG3, STM32MP135CAE3, STM32MP135CAF3, STM32MP135CAG3, STM32MP135DAE7, STM32MP135DAF7, STM32MP135DAG7, STM32MP135F-DK, STM32MP135FAE7, STM32MP135FAF7, STM32MP135FAF7T, STM32MP135FAF7U, STM32MP135FAG7, STM32U031C6T6, STM32U031C6U6, STM32U031C8T6, STM32U031C8U6, STM32U031F4P6, STM32U031F6P6, STM32U031F8P6, STM32U031G6Y6TR, STM32U031G8Y6TR, STM32U031K4U6, STM32U031K6U6, STM32U031K8U6, STM32U031R6I6, STM32U031R6T6, STM32U031R8I6, STM32U031R8T6, STM32U073C8T6, STM32U073C8U6, STM32U073CBT6, STM32U073CBU6, STM32U073CCT6, STM32U073CCU6, STM32U073H8Y6TR, STM32U073HBY6TR, STM32U073HCY6TR, STM32U073K8U6, STM32U073KBU6, STM32U073KCU6, STM32U073M8I6, STM32U073M8T6, STM32U073MBI6, STM32U073MBT6, STM32U073MCI6, STM32U073MCT6, STM32U073R8I6, STM32U073R8T6, STM32U073RBI6, STM32U073RBT6, STM32U073RCI6, STM32U073RCT6, STM32U083C-DK, STM32U083CCT6, STM32U083CCU6, STM32U083HCY6TR, STM32U083KCU6, STM32U083MCI6, STM32U083MCT6, STM32U083RCI6, STM32U083RCT6, STM32U535CBT6, STM32U535CBT6Q, STM32U535CBU6, STM32U535CBU6Q, STM32U535CCT6, STM32U535CCT6Q, STM32U535CCU6, STM32U535CCU6Q, STM32U535CET6, STM32U535CET6Q, STM32U535CEU6, STM32U535CEU6Q, STM32U535JEY6QTR, STM32U535NCY6QTR, STM32U535NEY6QTR, STM32U535RBI6, STM32U535RBI6Q, STM32U535RBT6, STM32U535RBT6Q, STM32U535RCI6, STM32U535RCI6Q, STM32U535RCT6, STM32U535RCT6Q, STM32U535REI6, STM32U535REI6Q, STM32U535RET6, STM32U535RET6Q, STM32U535VCI6, STM32U535VCI6Q, STM32U535VCT6, STM32U535VCT6Q, STM32U535VEI6, STM32U535VEI6Q, STM32U535VET6, STM32U535VET6Q, STM32U545CET6, STM32U545CET6Q, STM32U545CEU6, STM32U545CEU6Q, STM32U545JEY6QTR, STM32U545NEY6QTR, STM32U545REI6, STM32U545REI6Q, STM32U545RET6, STM32U545RET6Q, STM32U545VEI6, STM32U545VEI6Q, STM32U545VET6, STM32U545VET6Q, STM32U595AIH6, STM32U595AIH6Q, STM32U595AJH6, STM32U595AJH6Q, STM32U595QII6, STM32U595QII6Q, STM32U595QJI6, STM32U595QJI6Q, STM32U595RIT6, STM32U595RIT6Q, STM32U595RJT6, STM32U595RJT6Q, STM32U595VIT6, STM32U595VIT6Q, STM32U595VJT6, STM32U595VJT6Q, STM32U595ZIT6, STM32U595ZIT6Q, STM32U595ZIY6QTR, STM32U595ZJT6, STM32U595ZJT6Q, STM32U595ZJY6QTR, STM32U599BJY6QTR, STM32U599NIH6Q, STM32U599NJH6Q, STM32U599VIT6Q, STM32U599VJT6, STM32U599VJT6Q, STM32U599ZIT6Q, STM32U599ZIY6QTR, STM32U599ZJT6Q, STM32U599ZJY6QTR, STM32U5A5AJH6, STM32U5A5AJH6Q, STM32U5A5QII3Q , STM32U5A5QJI6, STM32U5A5QJI6Q, STM32U5A5RJT6, STM32U5A5RJT6Q, STM32U5A5VJT6, STM32U5A5VJT6Q, STM32U5A5ZJT6, STM32U5A5ZJT6Q, STM32U5A5ZJY6QTR, STM32U5A9BJY6QTR, STM32U5A9J-DK, STM32U5A9NJH6Q, STM32U5A9VJT6Q, STM32U5A9ZJT6Q, STM32U5A9ZJY6QTR, STM32U5F7VIT6, STM32U5F7VIT6Q, STM32U5F7VJT6, STM32U5F7VJT6Q, STM32U5F9BJY6QTR, STM32U5F9NJH6Q, STM32U5F9VIT6Q, STM32U5F9VJT6Q, STM32U5F9ZIJ6QTR, STM32U5F9ZIT6Q, STM32U5F9ZJJ6QTR, STM32U5F9ZJT6Q, STM32U5G7VJT6, STM32U5G7VJT6Q, STM32U5G9BJY6QTR, STM32U5G9J-DK1, STM32U5G9J-DK2, STM32U5G9NJH6Q, STM32U5G9VJT6Q, STM32U5G9ZJJ6QTR, STM32U5G9ZJT6Q, STM32WB1MMCH6, STM32WBA50KEU6, STM32WBA50KEU6TR, STM32WBA50KGU6, STM32WBA50KGU6TR, STM32WBA52CEU6, STM32WBA52CEU6TR, STM32WBA52CEU7, STM32WBA52CEU7TR, STM32WBA52CGU6, STM32WBA52CGU6TR, STM32WBA52CGU6U, STM32WBA52CGU7, STM32WBA52CGU7TR, STM32WBA52KEU6, STM32WBA52KEU6TR, STM32WBA52KGU6, STM32WBA52KGU6TR, STM32WBA54CEU6, STM32WBA54CEU6TR, STM32WBA54CEU7, STM32WBA54CEU7TR, STM32WBA54CGU6, STM32WBA54CGU6TR, STM32WBA54CGU7, STM32WBA54CGU7TR, STM32WBA54KEU6, STM32WBA54KEU6TR, STM32WBA54KEU7, STM32WBA54KEU7TR, STM32WBA54KGU6, STM32WBA54KGU6TR, STM32WBA54KGU7, STM32WBA54KGU7TR, STM32WBA55CEU6, STM32WBA55CEU6TR, STM32WBA55CEU7, STM32WBA55CEU7TR, STM32WBA55CGU6, STM32WBA55CGU6TR, STM32WBA55CGU6U, STM32WBA55CGU7, STM32WBA55CGU7TR, STM32WBA55G-DK1, STM32WBA55HEF6, STM32WBA55HEF7, STM32WBA55HGF6, STM32WBA55HGF7, STM32WBA55UEI6, STM32WBA55UEI6TR, STM32WBA55UEI7, STM32WBA55UEI7TR, STM32WBA55UGI6, STM32WBA55UGI6TR, STM32WBA55UGI7, STM32WBA55UGI7TR, STM32WL5MOCH6, STM32WL5MOCH6TR]
2024-07-01 23:33:55,771 [INFO] BoardInfo:889 - No configuration file found for board P-NUCLEO-WB55
2024-07-01 23:33:55,771 [INFO] DbBoards:161 - Kit is not supported: P-NUCLEO-WB55
2024-07-01 23:33:55,787 [INFO] BoardInfo:889 - No configuration file found for board STEVAL-BFA001V1B
2024-07-01 23:33:55,787 [INFO] DbBoards:161 - Kit is not supported: STEVAL-BFA001V1B
2024-07-01 23:33:55,787 [INFO] BoardInfo:889 - No configuration file found for board STEVAL-BFA001V2B
2024-07-01 23:33:55,787 [INFO] DbBoards:161 - Kit is not supported: STEVAL-BFA001V2B
2024-07-01 23:33:56,220 [INFO] DbBoards:168 - Found 199 boards, 196 are supported
2024-07-01 23:33:56,220 [INFO] DbBoards:169 - Found 199 boards, 8 of them is supported for  Bsp
2024-07-01 23:33:56,237 [INFO] ApiDb:668 - CubeFinder database Data Model version=2.1
2024-07-01 23:33:56,237 [INFO] ApiDb:669 - CubeFinder database Configuration version=3.0.39
2024-07-01 23:33:56,237 [INFO] ApiDb:670 - CubeFinder database generation date=2024-06-05 (1717578087)
2024-07-01 23:33:56,237 [INFO] ApiDb:671 - CubeFinder database FW Pack versions=[FP-ATR-ASTRA1_V2.0.0, FP-SNS-FLIGHT1_V5.0.1, FP-SNS-FLIGHT1_V5.0.2, FP-SNS-MOTENV1_V4.3.1, FP-SNS-MOTENV1_V4.3.2, FP-SNS-MOTENV1_V5.0.0, FP-SNS-MOTENVWB1_V1.4.0, FP-SNS-SMARTAG2_V1.2.0, STM32Cube_FW_C0_V1.1.0, STM32Cube_FW_F4_V1.28.0, STM32Cube_FW_F7_V1.17.2, STM32Cube_FW_G0_V1.6.2, STM32Cube_FW_G4_V1.5.2, STM32Cube_FW_H5_V0.5.1, STM32Cube_FW_H5_V1.1.1, STM32Cube_FW_H5_V1.2.0, STM32Cube_FW_H5_V1.2.0RC4, STM32Cube_FW_H7RS_V1.0.0, STM32Cube_FW_H7RS_V1.0.0RC4, STM32Cube_FW_H7_V1.11.2, STM32Cube_FW_L0_V1.12.2, STM32Cube_FW_L5_V1.5.1, STM32Cube_FW_U0_V1.0.0, STM32Cube_FW_U0_V1.0.0RC1, STM32Cube_FW_U5_V1.3.0RC4, STM32Cube_FW_U5_V1.5.0, STM32Cube_FW_U5_V1.5.0RC1, STM32Cube_FW_WBA_V1.0.0RC1, STM32Cube_FW_WBA_V1.2.0, STM32Cube_FW_WBA_V1.2.0RC2, STM32Cube_FW_WBA_V1.3.0RC1, STM32Cube_FW_WBA_V1.3.1, STM32Cube_FW_WB_V1.15.0RC1, STM32Cube_FW_WB_V1.16.0, STM32Cube_FW_WB_V1.16.0RC2, STM32Cube_FW_WB_V1.18.0, STM32Cube_FW_WB_V1.19.0, STM32Cube_FW_WL_V1.3.0, X-CUBE-ALGOBUILD_V1.4.0, X-CUBE-ALS_V1.0.1, X-CUBE-ALS_V1.0.2, X-CUBE-AZRTOS-F4_V1.1.0, X-CUBE-AZRTOS-F7_V1.1.0, X-CUBE-AZRTOS-G0_V1.1.0, X-CUBE-AZRTOS-G4_V2.0.0, X-CUBE-AZRTOS-H7RS_V1.0.0, X-CUBE-AZRTOS-H7_V3.2.0, X-CUBE-AZRTOS-L4_V1.0.0, X-CUBE-AZRTOS-L4_V2.0.0, X-CUBE-AZRTOS-L5_V1.1.0, X-CUBE-AZRTOS-WB_V2.0.0, X-CUBE-AZRTOS-WL_V2.0.0, X-CUBE-BLE1_V7.0.0, X-CUBE-BLE2_V3.3.0, X-CUBE-BLEMGR_V3.1.0, X-CUBE-EEPRMA1_V4.1.0, X-CUBE-EEPRMA1_V5.1.0, X-CUBE-FREERTOS_V1.2.0, X-CUBE-GNSS1_V6.0.0, X-CUBE-MEMS1_V10.0.0, X-CUBE-MEMS1_V9.1.0, X-CUBE-MEMS1_V9.4.0, X-CUBE-MEMS1_V9.6.0, X-CUBE-NFC4_V3.0.0, X-CUBE-NFC7_V1.0.1, X-CUBE-SFXS2LP1_V4.0.0, X-CUBE-SUBG2_V5.0.0, X-CUBE-TOF1_V3.4.1]
2024-07-01 23:34:01,245 [INFO] ApiDb:240 - Found 483 in-development CPN: [B-G473E-ZEST1S, B-WB1M-WPAN1, B-WL5M-SUBG1, NUCLEO-C031C6, NUCLEO-H503RB, NUCLEO-H533RE, NUCLEO-H563ZI, NUCLEO-H7S3L8, NUCLEO-U031R8, NUCLEO-U083RC, NUCLEO-U545RE-Q, NUCLEO-U5A5ZJ-Q, NUCLEO-WBA52CG, NUCLEO-WBA55CG, STEVAL-PROTEUS1, STEVAL-SMARTAG2, STEVAL-STWINBX1, STM320518-EVAL, STM32C0116-DK, STM32C011D6Y3TR, STM32C011D6Y6TR, STM32C011F4P3, STM32C011F4P6, STM32C011F4U3, STM32C011F4U6TR, STM32C011F6P3, STM32C011F6P6, STM32C011F6U3, STM32C011F6U6TR, STM32C011J4M3, STM32C011J4M6, STM32C011J6M3, STM32C011J6M6, STM32C0316-DK, STM32C031C4T3, STM32C031C4T6, STM32C031C4U3, STM32C031C4U6, STM32C031C6T3, STM32C031C6T6, STM32C031C6U3, STM32C031C6U6, STM32C031F4P3, STM32C031F4P6, STM32C031F6P3, STM32C031F6P6, STM32C031G4U3, STM32C031G4U6, STM32C031G6U3, STM32C031G6U6, STM32C031K4T3, STM32C031K4T6, STM32C031K4U3, STM32C031K4U6, STM32C031K6T3, STM32C031K6T6, STM32C031K6U3, STM32C031K6U6, STM32G071K8TXN, STM32G071K8UXN, STM32G081GBU6N, STM32G081KBT6N, STM32G081KBUXN, STM32G0B1CCT6N, STM32G0B1KCT6, STM32G0B1NEY6TR, STM32G0B1RCT6N, STM32G0C1CCT6, STM32G0C1CCT6N, STM32G0C1CCU6N, STM32G0C1CET6N, STM32G0C1CEU6N, STM32G0C1KCT6, STM32G0C1NEY6TR, STM32G0C1RCI6N, STM32G0C1RCT6N, STM32G0C1REI6N, STM32G0C1RET6N, STM32G0C1VCI6, STM32G0C1VEI6, STM32G471CCT6, STM32G471CCU6, STM32G471CET3, STM32G471CET6, STM32G471CEU3, STM32G471CEU6, STM32G471MCT6, STM32G471MET3, STM32G471MET6, STM32G471MEY6TR, STM32G471QCT6, STM32G471QET3, STM32G471RCT6, STM32G471RET3, STM32G471RET6, STM32G471VCH6, STM32G471VCI6, STM32G471VCT6, STM32G471VEH3, STM32G471VEH6, STM32G471VEI3, STM32G471VEI6, STM32G471VET3, STM32G471VET6, STM32G474CCT6, STM32H503CBT6, STM32H503CBU6, STM32H503EBY6TR, STM32H503KBU6, STM32H503RBT6, STM32H523CCT6, STM32H523CCU6, STM32H523CET6, STM32H523CEU6, STM32H523HEY6TR, STM32H523RCT6, STM32H523RET6, STM32H523VCI6, STM32H523VCT6, STM32H523VEI6, STM32H523VET6, STM32H523ZCJ6, STM32H523ZCT6, STM32H523ZEJ6, STM32H523ZET6, STM32H533CET6, STM32H533CEU6, STM32H533HEY6TR, STM32H533RET6, STM32H533VEI6, STM32H533VET6, STM32H533ZEJ6, STM32H533ZET6, STM32H562AGI6, STM32H562AII6, STM32H562IGK6, STM32H562IGT6, STM32H562IIK6, STM32H562IIT6, STM32H562RGT6, STM32H562RGV6, STM32H562RIT6, STM32H562RIV6, STM32H562VGT6, STM32H562VIT6, STM32H562ZGT6, STM32H562ZIT6, STM32H563AGI6, STM32H563AII3Q, STM32H563AII6, STM32H563IGK6, STM32H563IGT6, STM32H563IIK3Q, STM32H563IIK6, STM32H563IIT3Q, STM32H563IIT6, STM32H563MIY3QTR, STM32H563RGT6, STM32H563RGV6, STM32H563RIT6, STM32H563RIV6, STM32H563VGT6, STM32H563VIT3Q, STM32H563VIT6, STM32H563ZGT6, STM32H563ZIT3Q, STM32H563ZIT6, STM32H573AII3Q, STM32H573AII6, STM32H573I-DK, STM32H573IIK3Q, STM32H573IIK6, STM32H573IIT3Q, STM32H573IIT6, STM32H573MIY3QTR, STM32H573RIT6, STM32H573RIV6, STM32H573VIT3Q, STM32H573VIT6, STM32H573ZIT3Q, STM32H573ZIT6, STM32H7R3A8I6, STM32H7R3I8K6, STM32H7R3I8T6, STM32H7R3L8H6, STM32H7R3L8H6H, STM32H7R3R8V6, STM32H7R3V8H6, STM32H7R3V8T6, STM32H7R3V8Y6, STM32H7R3Z8J6, STM32H7R3Z8T6, STM32H7R7A8I6, STM32H7R7I8K6, STM32H7R7I8T6, STM32H7R7L8H6, STM32H7R7L8H6H, STM32H7R7Z8J6, STM32H7S3A8I6, STM32H7S3I8K6, STM32H7S3I8T6, STM32H7S3L8H6, STM32H7S3L8H6H, STM32H7S3R8V6, STM32H7S3V8H6, STM32H7S3V8T6, STM32H7S3V8Y6, STM32H7S3Z8J6, STM32H7S3Z8T6, STM32H7S78-DK, STM32H7S7A8I6, STM32H7S7I8K6, STM32H7S7I8T6, STM32H7S7L8H6, STM32H7S7L8H6H, STM32H7S7Z8J6, STM32L4R5QGI6STR, STM32MP131AAE3, STM32MP131AAF3, STM32MP131AAG3, STM32MP131CAE3, STM32MP131CAF3, STM32MP131CAG3, STM32MP131DAE7, STM32MP131DAF7, STM32MP131DAG7, STM32MP131FAE7, STM32MP131FAF7, STM32MP131FAG7, STM32MP133AAE3, STM32MP133AAF3, STM32MP133AAG3, STM32MP133CAE3, STM32MP133CAF3, STM32MP133CAG3, STM32MP133DAE7, STM32MP133DAF7, STM32MP133DAG7, STM32MP133FAE7, STM32MP133FAF7, STM32MP133FAG7, STM32MP135AAE3, STM32MP135AAF3, STM32MP135AAG3, STM32MP135CAE3, STM32MP135CAF3, STM32MP135CAG3, STM32MP135DAE7, STM32MP135DAF7, STM32MP135DAG7, STM32MP135F-DK, STM32MP135FAE7, STM32MP135FAF7, STM32MP135FAF7T, STM32MP135FAF7U, STM32MP135FAG7, STM32U031C6T6, STM32U031C6U6, STM32U031C8T6, STM32U031C8U6, STM32U031F4P6, STM32U031F6P6, STM32U031F8P6, STM32U031G6Y6TR, STM32U031G8Y6TR, STM32U031K4U6, STM32U031K6U6, STM32U031K8U6, STM32U031R6I6, STM32U031R6T6, STM32U031R8I6, STM32U031R8T6, STM32U073C8T6, STM32U073C8U6, STM32U073CBT6, STM32U073CBU6, STM32U073CCT6, STM32U073CCU6, STM32U073H8Y6TR, STM32U073HBY6TR, STM32U073HCY6TR, STM32U073K8U6, STM32U073KBU6, STM32U073KCU6, STM32U073M8I6, STM32U073M8T6, STM32U073MBI6, STM32U073MBT6, STM32U073MCI6, STM32U073MCT6, STM32U073R8I6, STM32U073R8T6, STM32U073RBI6, STM32U073RBT6, STM32U073RCI6, STM32U073RCT6, STM32U083C-DK, STM32U083CCT6, STM32U083CCU6, STM32U083HCY6TR, STM32U083KCU6, STM32U083MCI6, STM32U083MCT6, STM32U083RCI6, STM32U083RCT6, STM32U535CBT6, STM32U535CBT6Q, STM32U535CBU6, STM32U535CBU6Q, STM32U535CCT6, STM32U535CCT6Q, STM32U535CCU6, STM32U535CCU6Q, STM32U535CET6, STM32U535CET6Q, STM32U535CEU6, STM32U535CEU6Q, STM32U535JEY6QTR, STM32U535NCY6QTR, STM32U535NEY6QTR, STM32U535RBI6, STM32U535RBI6Q, STM32U535RBT6, STM32U535RBT6Q, STM32U535RCI6, STM32U535RCI6Q, STM32U535RCT6, STM32U535RCT6Q, STM32U535REI6, STM32U535REI6Q, STM32U535RET6, STM32U535RET6Q, STM32U535VCI6, STM32U535VCI6Q, STM32U535VCT6, STM32U535VCT6Q, STM32U535VEI6, STM32U535VEI6Q, STM32U535VET6, STM32U535VET6Q, STM32U545CET6, STM32U545CET6Q, STM32U545CEU6, STM32U545CEU6Q, STM32U545JEY6QTR, STM32U545NEY6QTR, STM32U545REI6, STM32U545REI6Q, STM32U545RET6, STM32U545RET6Q, STM32U545VEI6, STM32U545VEI6Q, STM32U545VET6, STM32U545VET6Q, STM32U595AIH6, STM32U595AIH6Q, STM32U595AJH6, STM32U595AJH6Q, STM32U595QII6, STM32U595QII6Q, STM32U595QJI6, STM32U595QJI6Q, STM32U595RIT6, STM32U595RIT6Q, STM32U595RJT6, STM32U595RJT6Q, STM32U595VIT6, STM32U595VIT6Q, STM32U595VJT6, STM32U595VJT6Q, STM32U595ZIT6, STM32U595ZIT6Q, STM32U595ZIY6QTR, STM32U595ZJT6, STM32U595ZJT6Q, STM32U595ZJY6QTR, STM32U599BJY6QTR, STM32U599NIH6Q, STM32U599NJH6Q, STM32U599VIT6Q, STM32U599VJT6, STM32U599VJT6Q, STM32U599ZIT6Q, STM32U599ZIY6QTR, STM32U599ZJT6Q, STM32U599ZJY6QTR, STM32U5A5AJH6, STM32U5A5AJH6Q, STM32U5A5QII3Q , STM32U5A5QJI6, STM32U5A5QJI6Q, STM32U5A5RJT6, STM32U5A5RJT6Q, STM32U5A5VJT6, STM32U5A5VJT6Q, STM32U5A5ZJT6, STM32U5A5ZJT6Q, STM32U5A5ZJY6QTR, STM32U5A9BJY6QTR, STM32U5A9J-DK, STM32U5A9NJH6Q, STM32U5A9VJT6Q, STM32U5A9ZJT6Q, STM32U5A9ZJY6QTR, STM32U5F7VIT6, STM32U5F7VIT6Q, STM32U5F7VJT6, STM32U5F7VJT6Q, STM32U5F9BJY6QTR, STM32U5F9NJH6Q, STM32U5F9VIT6Q, STM32U5F9VJT6Q, STM32U5F9ZIJ6QTR, STM32U5F9ZIT6Q, STM32U5F9ZJJ6QTR, STM32U5F9ZJT6Q, STM32U5G7VJT6, STM32U5G7VJT6Q, STM32U5G9BJY6QTR, STM32U5G9J-DK1, STM32U5G9J-DK2, STM32U5G9NJH6Q, STM32U5G9VJT6Q, STM32U5G9ZJJ6QTR, STM32U5G9ZJT6Q, STM32WB1MMCH6, STM32WBA50KEU6, STM32WBA50KEU6TR, STM32WBA50KGU6, STM32WBA50KGU6TR, STM32WBA52CEU6, STM32WBA52CEU6TR, STM32WBA52CEU7, STM32WBA52CEU7TR, STM32WBA52CGU6, STM32WBA52CGU6TR, STM32WBA52CGU6U, STM32WBA52CGU7, STM32WBA52CGU7TR, STM32WBA52KEU6, STM32WBA52KEU6TR, STM32WBA52KGU6, STM32WBA52KGU6TR, STM32WBA54CEU6, STM32WBA54CEU6TR, STM32WBA54CEU7, STM32WBA54CEU7TR, STM32WBA54CGU6, STM32WBA54CGU6TR, STM32WBA54CGU7, STM32WBA54CGU7TR, STM32WBA54KEU6, STM32WBA54KEU6TR, STM32WBA54KEU7, STM32WBA54KEU7TR, STM32WBA54KGU6, STM32WBA54KGU6TR, STM32WBA54KGU7, STM32WBA54KGU7TR, STM32WBA55CEU6, STM32WBA55CEU6TR, STM32WBA55CEU7, STM32WBA55CEU7TR, STM32WBA55CGU6, STM32WBA55CGU6TR, STM32WBA55CGU6U, STM32WBA55CGU7, STM32WBA55CGU7TR, STM32WBA55G-DK1, STM32WBA55HEF6, STM32WBA55HEF7, STM32WBA55HGF6, STM32WBA55HGF7, STM32WBA55UEI6, STM32WBA55UEI6TR, STM32WBA55UEI7, STM32WBA55UEI7TR, STM32WBA55UGI6, STM32WBA55UGI6TR, STM32WBA55UGI7, STM32WBA55UGI7TR, STM32WL5MOCH6, STM32WL5MOCH6TR]
2024-07-01 23:34:01,262 [INFO] DbMcus:218 - Found 4096 MCUs, 4096 are supported
2024-07-01 23:34:01,278 [INFO] ApiDb:423 - Load user favorites file C:\Users\nikns/.stm32cubeide/favorites.mcus.txt: 2 item(s)
2024-07-01 23:34:01,278 [INFO] ApiDb:427 - User favorites MCUs=[STM32F401CCU6, STM32F407VGT6]
2024-07-01 23:34:01,278 [INFO] DbMcus:224 - Set 2 / 2 favorites MCUs
2024-07-01 23:34:01,969 [INFO] ApiDb:423 - Load user favorites file C:\Users\nikns/.stm32cubeide/favorites.boards.txt: 1 item(s)
2024-07-01 23:34:01,969 [INFO] ApiDb:427 - User favorites Boards=[STM32F407G-DISC1]
2024-07-01 23:34:01,969 [INFO] DbBoards:198 - Set 1 / 1 favorites Boards
2024-07-01 23:34:02,027 [INFO] UtilMem:75 - End LoadConfig() Used Memory: 224068320 Bytes (438304768)
2024-07-01 23:34:02,328 [WARN] ThirdParty:833 - waiting for thirdparty lock release [change project]
2024-07-01 23:34:02,328 [INFO] ThirdParty:835 - entering critical section [change project]
2024-07-01 23:34:02,328 [INFO] ThirdParty:1030 - CMSIS Pack Vendor :STMicroelectronics USBPD 4.1
2024-07-01 23:34:02,328 [INFO] ThirdParty:1030 - CMSIS Pack Vendor :STMicroelectronics X-CUBE-GNSS1 6.0.0
2024-07-01 23:34:02,328 [INFO] ThirdParty:1030 - CMSIS Pack Vendor :STMicroelectronics USB_HOST 2.0.0
2024-07-01 23:34:02,328 [INFO] ThirdParty:1030 - CMSIS Pack Vendor :STMicroelectronics FP-SNS-MOTENVWB1 1.4.0
2024-07-01 23:34:02,328 [INFO] ThirdParty:1030 - CMSIS Pack Vendor :STMicroelectronics X-CUBE-AZRTOS-F4 1.1.0
2024-07-01 23:34:02,328 [INFO] ThirdParty:1030 - CMSIS Pack Vendor :STMicroelectronics LIBJPEG 8.0.0
2024-07-01 23:34:02,328 [INFO] ThirdParty:1030 - CMSIS Pack Vendor :STMicroelectronics X-CUBE-SMBUS 2.1.0
2024-07-01 23:34:02,328 [INFO] ThirdParty:1030 - CMSIS Pack Vendor :STMicroelectronics USB_DEVICE 3.0.0
2024-07-01 23:34:02,328 [INFO] ThirdParty:1030 - CMSIS Pack Vendor :STMicroelectronics X-CUBE-TCPP 4.1.0
2024-07-01 23:34:02,328 [INFO] ThirdParty:1030 - CMSIS Pack Vendor :STMicroelectronics X-CUBE-FREERTOS 1.2.0
2024-07-01 23:34:02,328 [INFO] ThirdParty:1030 - CMSIS Pack Vendor :STMicroelectronics X-CUBE-AZRTOS-WB 2.0.0
2024-07-01 23:34:02,328 [INFO] ThirdParty:1030 - CMSIS Pack Vendor :STMicroelectronics X-CUBE-TOUCHGFX 4.23.2
2024-07-01 23:34:02,328 [INFO] ThirdParty:1030 - CMSIS Pack Vendor :STMicroelectronics X-CUBE-AZRTOS-F7 1.1.0
2024-07-01 23:34:02,328 [INFO] ThirdParty:1030 - CMSIS Pack Vendor :STMicroelectronics X-CUBE-AZRTOS-L5 2.0.0
2024-07-01 23:34:02,328 [INFO] ThirdParty:1030 - CMSIS Pack Vendor :STMicroelectronics USB_DEVICE 2.0.0
2024-07-01 23:34:02,328 [INFO] ThirdParty:1030 - CMSIS Pack Vendor :STMicroelectronics X-CUBE-NFC6 3.1.0
2024-07-01 23:34:02,328 [INFO] ThirdParty:1030 - CMSIS Pack Vendor :STMicroelectronics FreeRTOS 0.0.1
2024-07-01 23:34:02,328 [INFO] ThirdParty:1030 - CMSIS Pack Vendor :STMicroelectronics X-CUBE-AZRTOS-G0 1.1.0
2024-07-01 23:34:02,328 [INFO] ThirdParty:1030 - CMSIS Pack Vendor :STMicroelectronics X-CUBE-SAFEA1 1.2.2
2024-07-01 23:34:02,328 [INFO] ThirdParty:1030 - CMSIS Pack Vendor :STMicroelectronics X-CUBE-NFC4 3.0.0
2024-07-01 23:34:02,328 [INFO] ThirdParty:1030 - CMSIS Pack Vendor :STMicroelectronics X-CUBE-SUBG2 5.0.0
2024-07-01 23:34:02,328 [INFO] ThirdParty:1030 - CMSIS Pack Vendor :STMicroelectronics STM32_WPAN 1.0.0
2024-07-01 23:34:02,328 [INFO] ThirdParty:1030 - CMSIS Pack Vendor :STMicroelectronics lwIP 2.0.3
2024-07-01 23:34:02,328 [INFO] ThirdParty:1030 - CMSIS Pack Vendor :STMicroelectronics FP-SNS-FLIGHT1 5.0.2
2024-07-01 23:34:02,328 [INFO] ThirdParty:1030 - CMSIS Pack Vendor :Cesanta I-CUBE-Mongoose 7.13.0
2024-07-01 23:34:02,328 [INFO] ThirdParty:1030 - CMSIS Pack Vendor :STMicroelectronics USB_HOST 1.0.0
2024-07-01 23:34:02,328 [INFO] ThirdParty:1030 - CMSIS Pack Vendor :STMicroelectronics X-CUBE-AI 9.0.0
2024-07-01 23:34:02,328 [INFO] ThirdParty:1030 - CMSIS Pack Vendor :STMicroelectronics X-CUBE-AZRTOS-G4 2.0.0
2024-07-01 23:34:02,328 [INFO] ThirdParty:1030 - CMSIS Pack Vendor :STMicroelectronics PDM2PCM 3.1.0
2024-07-01 23:34:02,328 [INFO] ThirdParty:1030 - CMSIS Pack Vendor :STMicroelectronics PDM2PCM 3.3.0
2024-07-01 23:34:02,328 [INFO] ThirdParty:1030 - CMSIS Pack Vendor :STMicroelectronics X-CUBE-DISPLAY 3.0.0
2024-07-01 23:34:02,328 [INFO] ThirdParty:1030 - CMSIS Pack Vendor :wolfSSL I-CUBE-wolfSSL 5.7.0
2024-07-01 23:34:02,328 [INFO] ThirdParty:1030 - CMSIS Pack Vendor :STMicroelectronics X-CUBE-BLE1 7.0.0
2024-07-01 23:34:02,328 [INFO] ThirdParty:1030 - CMSIS Pack Vendor :STMicroelectronics FP-ATR-SIGFOX1 3.2.0
2024-07-01 23:34:02,328 [INFO] ThirdParty:1030 - CMSIS Pack Vendor :STMicroelectronics X-CUBE-ISPU 2.0.0
2024-07-01 23:34:02,328 [INFO] ThirdParty:1030 - CMSIS Pack Vendor :STMicroelectronics X-CUBE-EEPRMA1 5.1.0
2024-07-01 23:34:02,328 [INFO] ThirdParty:1030 - CMSIS Pack Vendor :STMicroelectronics HAL Drivers 0.0.0
2024-07-01 23:34:02,328 [INFO] ThirdParty:1030 - CMSIS Pack Vendor :STMicroelectronics MBEDTLS 2.16.2
2024-07-01 23:34:02,328 [INFO] ThirdParty:1030 - CMSIS Pack Vendor :STMicroelectronics X-CUBE-ALS 1.0.2
2024-07-01 23:34:02,328 [INFO] ThirdParty:1030 - CMSIS Pack Vendor :emotas I-CUBE-CANOPEN 1.3.0
2024-07-01 23:34:02,328 [INFO] ThirdParty:1030 - CMSIS Pack Vendor :STMicroelectronics X-CUBE-MEMS1 10.0.0
2024-07-01 23:34:02,328 [INFO] ThirdParty:1030 - CMSIS Pack Vendor :STMicroelectronics X-CUBE-NFC7 1.0.1
2024-07-01 23:34:02,328 [INFO] ThirdParty:1030 - CMSIS Pack Vendor :STMicroelectronics MBEDTLS 2.14.1
2024-07-01 23:34:02,328 [INFO] ThirdParty:1030 - CMSIS Pack Vendor :STMicroelectronics X-CUBE-TOUCHGFX 4.24.0
2024-07-01 23:34:02,328 [INFO] ThirdParty:1030 - CMSIS Pack Vendor :ITTIA_DB I-CUBE-ITTIADB 8.9.0
2024-07-01 23:34:02,328 [INFO] ThirdParty:1030 - CMSIS Pack Vendor :portGmbH I-Cube-SoM-uGOAL 1.1.0
2024-07-01 23:34:02,328 [INFO] ThirdParty:1030 - CMSIS Pack Vendor :STMicroelectronics X-CUBE-BLEMGR 3.1.0
2024-07-01 23:34:02,328 [INFO] ThirdParty:1030 - CMSIS Pack Vendor :STMicroelectronics ThreadX 1.0.0
2024-07-01 23:34:02,328 [INFO] ThirdParty:1030 - CMSIS Pack Vendor :STMicroelectronics FP-SNS-SMARTAG2 1.2.0
2024-07-01 23:34:02,328 [INFO] ThirdParty:1030 - CMSIS Pack Vendor :STMicroelectronics X-CUBE-AZRTOS-WL 2.0.0
2024-07-01 23:34:02,336 [INFO] ThirdParty:1030 - CMSIS Pack Vendor :SEGGER I-CUBE-embOS 1.3.1
2024-07-01 23:34:02,336 [INFO] ThirdParty:1030 - CMSIS Pack Vendor :STMicroelectronics X-CUBE-ALGOBUILD 1.4.0
2024-07-01 23:34:02,336 [INFO] ThirdParty:1030 - CMSIS Pack Vendor :STMicroelectronics FP-SNS-MOTENV1 5.0.0
2024-07-01 23:34:02,336 [INFO] ThirdParty:1030 - CMSIS Pack Vendor :STMicroelectronics USB_DEVICE 1.0.0
2024-07-01 23:34:02,336 [INFO] ThirdParty:1030 - CMSIS Pack Vendor :STMicroelectronics X-CUBE-AZRTOS-H7RS 1.0.0
2024-07-01 23:34:02,336 [INFO] ThirdParty:1030 - CMSIS Pack Vendor :wolfSSL I-CUBE-wolfMQTT 1.19.0
2024-07-01 23:34:02,336 [INFO] ThirdParty:1030 - CMSIS Pack Vendor :STMicroelectronics X-CUBE-AZRTOS-L4 2.0.0
2024-07-01 23:34:02,336 [INFO] ThirdParty:1030 - CMSIS Pack Vendor :STMicroelectronics ThreadX 0.0.2
2024-07-01 23:34:02,336 [INFO] ThirdParty:1030 - CMSIS Pack Vendor :WES I-CUBE-Cesium 1.3.0
2024-07-01 23:34:02,336 [INFO] ThirdParty:1030 - CMSIS Pack Vendor :STMicroelectronics FP-ATR-ASTRA1 2.0.0
2024-07-01 23:34:02,336 [INFO] ThirdParty:1030 - CMSIS Pack Vendor :STMicroelectronics lwIP 2.1.2
2024-07-01 23:34:02,336 [INFO] ThirdParty:1030 - CMSIS Pack Vendor :STMicroelectronics X-CUBE-SFXS2LP1 4.0.0
2024-07-01 23:34:02,336 [INFO] ThirdParty:1030 - CMSIS Pack Vendor :STMicroelectronics X-CUBE-BLE2 3.3.0
2024-07-01 23:34:02,336 [INFO] ThirdParty:1030 - CMSIS Pack Vendor :STMicroelectronics X-CUBE-TOF1 3.4.1
2024-07-01 23:34:02,336 [INFO] ThirdParty:1030 - CMSIS Pack Vendor :STMicroelectronics X-CUBE-AZRTOS-H7 3.2.0
2024-07-01 23:34:02,336 [INFO] ThirdParty:1030 - CMSIS Pack Vendor :Infineon AIROC-Wi-Fi-Bluetooth-STM32 1.6.0
2024-07-01 23:34:02,336 [INFO] ThirdParty:1030 - CMSIS Pack Vendor :STMicroelectronics PDM2PCM 3.2.0
2024-07-01 23:34:02,337 [INFO] ThirdParty:841 - exiting critical section [change project]
2024-07-01 23:34:03,107 [INFO] PinOutPanel:1561 - setPackage(No Configuration,No Configuration)
2024-07-01 23:34:03,129 [INFO] PinOutPanel:1561 - setPackage(STM32F401CCUx,UFQFPN48)
2024-07-01 23:34:04,114 [INFO] UtilMem:75 - Before build in PCC Used Memory: 354569416 Bytes (438304768)
2024-07-01 23:34:06,327 [INFO] UtilMem:75 - After build in PCC Used Memory: 203916792 Bytes (438304768)
2024-07-01 23:34:06,450 [INFO] IPUIPlugin:80 - create IPUIPlugin
2024-07-01 23:34:06,451 [INFO] IPUIPlugin:80 - create IPUIPlugin
2024-07-01 23:34:06,452 [INFO] IPUIPlugin:80 - create IPUIPlugin
2024-07-01 23:34:06,453 [INFO] IPUIPlugin:80 - create IPUIPlugin
2024-07-01 23:34:06,453 [INFO] IPUIPlugin:80 - create IPUIPlugin
2024-07-01 23:34:06,455 [INFO] IPUIPlugin:80 - create IPUIPlugin
2024-07-01 23:34:06,458 [INFO] IPUIPlugin:80 - create IPUIPlugin
2024-07-01 23:34:06,459 [INFO] IPUIPlugin:80 - create IPUIPlugin
2024-07-01 23:34:06,460 [INFO] IPUIPlugin:80 - create IPUIPlugin
2024-07-01 23:34:06,460 [INFO] IPUIPlugin:80 - create IPUIPlugin
2024-07-01 23:34:06,461 [INFO] IPUIPlugin:80 - create IPUIPlugin
2024-07-01 23:34:06,462 [INFO] IPUIPlugin:80 - create IPUIPlugin
2024-07-01 23:34:06,464 [INFO] IPUIPlugin:80 - create IPUIPlugin
2024-07-01 23:34:06,466 [INFO] IPUIPlugin:80 - create IPUIPlugin
2024-07-01 23:34:06,466 [INFO] IPUIPlugin:80 - create IPUIPlugin
2024-07-01 23:34:06,467 [INFO] IPUIPlugin:80 - create IPUIPlugin
2024-07-01 23:34:06,468 [INFO] IPUIPlugin:80 - create IPUIPlugin
2024-07-01 23:34:06,468 [INFO] IPUIPlugin:80 - create IPUIPlugin
2024-07-01 23:34:06,472 [INFO] IPUIPlugin:80 - create IPUIPlugin
2024-07-01 23:34:06,473 [INFO] IPUIPlugin:80 - create IPUIPlugin
2024-07-01 23:34:06,474 [INFO] IPUIPlugin:80 - create IPUIPlugin
2024-07-01 23:34:06,477 [INFO] IPUIPlugin:80 - create IPUIPlugin
2024-07-01 23:34:06,477 [INFO] IPUIPlugin:80 - create IPUIPlugin
2024-07-01 23:34:06,478 [INFO] IPUIPlugin:80 - create IPUIPlugin
2024-07-01 23:34:06,479 [INFO] IPUIPlugin:80 - create IPUIPlugin
2024-07-01 23:34:06,479 [INFO] IPUIPlugin:80 - create IPUIPlugin
2024-07-01 23:34:06,480 [INFO] IPUIPlugin:80 - create IPUIPlugin
2024-07-01 23:34:06,480 [INFO] IPUIPlugin:80 - create IPUIPlugin
2024-07-01 23:34:06,480 [INFO] IPUIPlugin:80 - create IPUIPlugin
2024-07-01 23:34:06,488 [INFO] IPUIPlugin:80 - create IPUIPlugin
2024-07-01 23:34:06,491 [INFO] IPUIPlugin:80 - create IPUIPlugin
2024-07-01 23:34:06,492 [INFO] IPUIPlugin:80 - create IPUIPlugin
2024-07-01 23:34:06,499 [INFO] IPUIPlugin:80 - create IPUIPlugin
2024-07-01 23:34:06,504 [INFO] IPUIPlugin:80 - create IPUIPlugin
2024-07-01 23:34:06,506 [INFO] IPUIPlugin:80 - create IPUIPlugin
2024-07-01 23:34:06,507 [INFO] IPUIPlugin:80 - create IPUIPlugin
2024-07-01 23:34:06,509 [INFO] IPUIPlugin:80 - create IPUIPlugin
2024-07-01 23:34:06,787 [INFO] ApiDbMcu:508 - Load IP Config File for PDM2PCM
2024-07-01 23:34:07,559 [INFO] CADModel:165 - CPN selected for project levelSTM32F401CCU6
2024-07-01 23:34:07,560 [INFO] CADModel:114 - Register for checkConnection events
2024-07-01 23:34:07,622 [INFO] OpenFileManager:343 - Restore cursor
2024-07-01 23:34:12,891 [INFO] LogOutputStream:77 - [STDOUT_REDIRECT] 
2024-07-01 23:34:23,337 [INFO] McuFinderGlobals:63 - Set McuFinder mode to 2 (CubeIDE integrated)
2024-07-01 23:34:23,360 [INFO] UserAuth:415 - Internet connection configuration mode: 1
2024-07-01 23:34:23,410 [INFO] JxBrowserEngine:152 - Initiate JxBrowser Engine with user profile folder
2024-07-01 23:34:34,369 [INFO] WebApp:161 - Instantiating new browser for Auth
2024-07-01 23:34:35,705 [INFO] WebApp:779 - Register for checkConnection events
2024-07-01 23:34:35,705 [INFO] WebApp:414 - Apply proxy settings
2024-07-01 23:34:35,705 [INFO] WebApp:499 - Chromium requires no authentication
2024-07-01 23:34:35,727 [INFO] WebApp:442 - Direct internet connection detected
2024-07-01 23:34:36,279 [INFO] WebApp:192 - Starting web application
2024-07-01 23:34:36,279 [INFO] WebApp:544 - Web application path used C:\ST\STM32CubeIDE_1.15.1\STM32CubeIDE\plugins\com.st.stm32cube.common.mx_6.11.1.202404110753\db\plugins\mcufinder\reactClient1\index.html
2024-07-01 23:38:09,495 [INFO] UtilMem:75 - End SaveConfig() Used Memory: 684379560 Bytes (1073741824)
2024-07-01 23:38:11,722 [INFO] BlockDiagram:2759 - set Specific Code input for plugin: NVIC
2024-07-01 23:38:11,722 [INFO] BlockDiagram:2759 - set Specific Code input for plugin: USART
2024-07-01 23:38:11,723 [INFO] BlockDiagram:2759 - set Specific Code input for plugin: SYS
2024-07-01 23:38:11,724 [INFO] BlockDiagram:2759 - set Specific Code input for plugin: GPIO
2024-07-01 23:38:11,724 [INFO] BlockDiagram:2759 - set Specific Code input for plugin: RCC
2024-07-01 23:38:11,727 [INFO] CodeGenerator:807 - code generatio: config db path: C:\ST\STM32CubeIDE_1.15.1\STM32CubeIDE\plugins\com.st.stm32cube.common.mx_6.11.1.202404110753\\db\
2024-07-01 23:38:12,280 [INFO] CodeEngine:255 - oldGeneratedFile, D:\Sachin_code\Techoscripts\STM32F407\STMPrograms\007_UART_TX\MXTmpFiles\license.tmp_save
2024-07-01 23:38:13,207 [INFO] CodeEngine:279 - Generated code: D:\Sachin_code\Techoscripts\STM32F407\STMPrograms\007_UART_TX\MXTmpFiles\license.tmp
2024-07-01 23:38:13,400 [INFO] CodeEngine:255 - oldGeneratedFile, D:\Sachin_code\Techoscripts\STM32F407\STMPrograms\007_UART_TX\MXTmpFiles\gpio.tmp_save
2024-07-01 23:38:13,752 [INFO] CodeEngine:279 - Generated code: D:\Sachin_code\Techoscripts\STM32F407\STMPrograms\007_UART_TX\MXTmpFiles\gpio.tmp
2024-07-01 23:38:14,135 [INFO] CodeEngine:255 - oldGeneratedFile, D:\Sachin_code\Techoscripts\STM32F407\STMPrograms\007_UART_TX\Core\Src\stm32f4xx_it.c_save
2024-07-01 23:38:14,730 [INFO] CodeEngine:279 - Generated code: D:\Sachin_code\Techoscripts\STM32F407\STMPrograms\007_UART_TX\Core\Src\stm32f4xx_it.c
2024-07-01 23:38:14,781 [INFO] CodeEngine:255 - oldGeneratedFile, D:\Sachin_code\Techoscripts\STM32F407\STMPrograms\007_UART_TX\Core\Inc\stm32f4xx_it.h_save
2024-07-01 23:38:15,143 [INFO] CodeEngine:279 - Generated code: D:\Sachin_code\Techoscripts\STM32F407\STMPrograms\007_UART_TX\Core\Inc\stm32f4xx_it.h
2024-07-01 23:38:15,213 [INFO] CodeEngine:255 - oldGeneratedFile, D:\Sachin_code\Techoscripts\STM32F407\STMPrograms\007_UART_TX\Core\Src\stm32f4xx_hal_msp.c_save
2024-07-01 23:38:15,515 [INFO] CodeEngine:279 - Generated code: D:\Sachin_code\Techoscripts\STM32F407\STMPrograms\007_UART_TX\Core\Src\stm32f4xx_hal_msp.c
2024-07-01 23:38:15,533 [INFO] CodeEngine:255 - oldGeneratedFile, D:\Sachin_code\Techoscripts\STM32F407\STMPrograms\007_UART_TX\MXTmpFiles\system.tmp_save
2024-07-01 23:38:15,690 [INFO] CodeEngine:279 - Generated code: D:\Sachin_code\Techoscripts\STM32F407\STMPrograms\007_UART_TX\MXTmpFiles\system.tmp
2024-07-01 23:38:15,739 [INFO] CodeEngine:311 - oldGeneratedFile, D:\Sachin_code\Techoscripts\STM32F407\STMPrograms\007_UART_TX\Core\Inc\stm32f4xx_hal_conf.h_save
2024-07-01 23:38:16,036 [INFO] CodeEngine:335 - Generated code: D:\Sachin_code\Techoscripts\STM32F407\STMPrograms\007_UART_TX\Core\Inc\stm32f4xx_hal_conf.h
2024-07-01 23:38:16,196 [INFO] CodeEngine:255 - oldGeneratedFile, D:\Sachin_code\Techoscripts\STM32F407\STMPrograms\007_UART_TX\Core\Inc\main.h_save
2024-07-01 23:38:16,397 [INFO] CodeEngine:279 - Generated code: D:\Sachin_code\Techoscripts\STM32F407\STMPrograms\007_UART_TX\Core\Inc\main.h
2024-07-01 23:38:16,434 [INFO] CodeEngine:255 - oldGeneratedFile, D:\Sachin_code\Techoscripts\STM32F407\STMPrograms\007_UART_TX\Core\Src\main.c_save
2024-07-01 23:38:16,998 [INFO] CodeEngine:279 - Generated code: D:\Sachin_code\Techoscripts\STM32F407\STMPrograms\007_UART_TX\Core\Src\main.c
2024-07-01 23:38:18,342 [INFO] ProjectBuilder:3163 - Time for Copy HAL[1] : 412mS.
2024-07-01 23:38:18,350 [INFO] ProjectBuilder:4736 - Project Generator version: 4.3.0-B58
2024-07-01 23:38:18,618 [INFO] ConfigFileManager:1503 - The Die is : DIE423
2024-07-01 23:38:18,655 [INFO] ApiDbMcu:508 - Load IP Config File for FATFS
2024-07-01 23:38:18,753 [INFO] ApiDbMcu:508 - Load IP Config File for FREERTOS
2024-07-01 23:38:18,782 [INFO] ApiDbMcu:508 - Load IP Config File for LIBJPEG
2024-07-01 23:38:18,883 [INFO] ApiDbMcu:508 - Load IP Config File for MBEDTLS
2024-07-01 23:38:18,978 [INFO] ApiDbMcu:508 - Load IP Config File for USB_DEVICE
2024-07-01 23:38:19,011 [INFO] ApiDbMcu:508 - Load IP Config File for USB_HOST
2024-07-01 23:38:20,609 [INFO] LogOutputStream:77 - [STDOUT_REDIRECT] 
2024-07-01 23:38:24,694 [INFO] ProjectBuilder:5002 - Time for Generating toolchain IDE Files: 6345mS.
2024-07-01 23:38:24,696 [INFO] ProjectBuilder:3034 - Time for Copy CMSIS : 0mS.
2024-07-01 23:38:24,698 [INFO] ProjectBuilder:3034 - Time for Copy CMSIS : 0mS.
